--------------- Clean Started: 12/08/2014 13:12:11 Project: psoc_api_2, Configuration: ARM GCC 4.7.3 Debug ---------------
Deleting file ".\CortexM0\ARM_GCC_473\Debug\main.o"
Deleting file ".\CortexM0\ARM_GCC_473\Debug\humiSensor.o"
Deleting file ".\CortexM0\ARM_GCC_473\Debug\sensorPackage.o"
Deleting file ".\CortexM0\ARM_GCC_473\Debug\sprinkler.o"
Deleting file ".\CortexM0\ARM_GCC_473\Debug\tempSensor.o"
Deleting file ".\CortexM0\ARM_GCC_473\Debug\cyfitter_cfg.o"
Deleting file ".\CortexM0\ARM_GCC_473\Debug\cymetadata.o"
Deleting file ".\CortexM0\ARM_GCC_473\Debug\ADC_SAR_Seq_0.o"
Deleting file ".\CortexM0\ARM_GCC_473\Debug\ADC_SAR_Seq_0_PM.o"
Deleting file ".\CortexM0\ARM_GCC_473\Debug\ADC_SAR_Seq_0_INT.o"
Deleting file ".\CortexM0\ARM_GCC_473\Debug\ADC_SAR_Seq_0_intClock.o"
Deleting file ".\CortexM0\ARM_GCC_473\Debug\ADC_SAR_Seq_0_IRQ.o"
Deleting file ".\CortexM0\ARM_GCC_473\Debug\Cm0Start.o"
Deleting file ".\CortexM0\ARM_GCC_473\Debug\CyBootAsmGnu.o"
Deleting file ".\CortexM0\ARM_GCC_473\Debug\CyFlash.o"
Deleting file ".\CortexM0\ARM_GCC_473\Debug\CyLib.o"
Deleting file ".\CortexM0\ARM_GCC_473\Debug\cyPm.o"
Deleting file ".\CortexM0\ARM_GCC_473\Debug\cyutils.o"
Deleting file ".\CortexM0\ARM_GCC_473\Debug\P_FT1.o"
Deleting file ".\CortexM0\ARM_GCC_473\Debug\P_FT2.o"
Deleting file ".\CortexM0\ARM_GCC_473\Debug\P_VP.o"
Deleting file ".\CortexM0\ARM_GCC_473\Debug\psoc_api_2.hex"
Deleting file ".\CortexM0\ARM_GCC_473\Debug\psoc_api_2.elf"
Deleting file ".\CortexM0\ARM_GCC_473\Debug\psoc_api_2.map"
Deleting file ".\psoc_api_2.cycdx"
Deleting file ".\psoc_api_2.svd"
Deleting file ".\psoc_api_2.rpt"
Deleting file ".\psoc_api_2_timing.html"
Deleting file ".\CortexM0\ARM_GCC_473\Debug\.deps\C_FILE.P"
Deleting file ".\CortexM0\ARM_GCC_473\Debug\.deps\ARM_C_FILE.P"
Deleting file ".\CortexM0\ARM_GCC_473\Debug\.deps\GNU_ARM_ASM_FILE.P"
--------------- Clean Succeeded: 12/08/2014 13:12:12 ---------------
