--------------- Rebuild Started: 12/03/2014 11:58:56 Project: psoc_api_2, Configuration: ARM GCC 4.7.3 Debug ---------------
Deleting file ".\CortexM0\ARM_GCC_473\Debug\main.o"
Deleting file ".\CortexM0\ARM_GCC_473\Debug\humiSensor.o"
Deleting file ".\CortexM0\ARM_GCC_473\Debug\sensorPackage.o"
Deleting file ".\CortexM0\ARM_GCC_473\Debug\sprinkler.o"
Deleting file ".\CortexM0\ARM_GCC_473\Debug\tempSensor.o"
Deleting file ".\CortexM0\ARM_GCC_473\Debug\cyfitter_cfg.o"
Deleting file ".\CortexM0\ARM_GCC_473\Debug\cymetadata.o"
Deleting file ".\CortexM0\ARM_GCC_473\Debug\ADC_SAR_Seq_0.o"
Deleting file ".\CortexM0\ARM_GCC_473\Debug\ADC_SAR_Seq_0_PM.o"
Deleting file ".\CortexM0\ARM_GCC_473\Debug\ADC_SAR_Seq_0_INT.o"
Deleting file ".\CortexM0\ARM_GCC_473\Debug\ADC_SAR_Seq_0_intClock.o"
Deleting file ".\CortexM0\ARM_GCC_473\Debug\ADC_SAR_Seq_0_IRQ.o"
Deleting file ".\CortexM0\ARM_GCC_473\Debug\Cm0Start.o"
Deleting file ".\CortexM0\ARM_GCC_473\Debug\CyBootAsmGnu.o"
Deleting file ".\CortexM0\ARM_GCC_473\Debug\CyFlash.o"
Deleting file ".\CortexM0\ARM_GCC_473\Debug\CyLib.o"
Deleting file ".\CortexM0\ARM_GCC_473\Debug\cyPm.o"
Deleting file ".\CortexM0\ARM_GCC_473\Debug\cyutils.o"
Deleting file ".\CortexM0\ARM_GCC_473\Debug\P_FT1.o"
Deleting file ".\CortexM0\ARM_GCC_473\Debug\P_FT2.o"
Deleting file ".\CortexM0\ARM_GCC_473\Debug\P_VP.o"
Deleting file ".\CortexM0\ARM_GCC_473\Debug\psoc_api_2.hex"
Deleting file ".\CortexM0\ARM_GCC_473\Debug\psoc_api_2.elf"
Deleting file ".\CortexM0\ARM_GCC_473\Debug\psoc_api_2.map"
Deleting file ".\psoc_api_2.cycdx"
Deleting file ".\psoc_api_2.svd"
Deleting file ".\psoc_api_2.rpt"
Deleting file ".\psoc_api_2_timing.html"
Deleting file ".\CortexM0\ARM_GCC_473\Debug\.deps\C_FILE.P"
Deleting file ".\CortexM0\ARM_GCC_473\Debug\.deps\ARM_C_FILE.P"
Deleting file ".\CortexM0\ARM_GCC_473\Debug\.deps\GNU_ARM_ASM_FILE.P"
cydsfit.exe "-.appdatapath" "C:\Users\mickkirkegaardnielse\AppData\Local\Cypress Semiconductor\PSoC Creator\3.0" "-.fdsnotice" "-.fdswarpdepfile=warp_dependencies.txt" "-.fdselabdepfile=elab_dependencies.txt" "-.fdsbldfile=generated_files.txt" "-p" "C:\Users\mickkirkegaardnielse\Desktop\sensorPackage\psoc_api_2.cydsn\psoc_api_2.cyprj" "-d" "CY8C4245AXI-483" "-s" "C:\Users\mickkirkegaardnielse\Desktop\sensorPackage\psoc_api_2.cydsn\Generated_Source\PSoC4" "--" "-yv2" "-v3" "-ygs" "-q10" "-o2" "-.fftcfgtype=LE"
Elaborating Design...
HDL Generation ...
Synthesis ...
Place and Route ...
Tech mapping ...
Info: mpr.M0037: Unused pieces of the design have been optimized out. See the Tech mapping section of the report file for details. (App=cydsfit)
Analog Placement ...
Analog Routing ...
Analog Code Generation ...
Digital Placement ...
Digital Routing ...
Bitstream Generation ...
Static timing analysis ...
API Generation ...
Dependency Generation ...
Clean Temporary Files ...
arm-none-eabi-gcc.exe -I. -I./Generated_Source/PSoC4 -Wno-main -mcpu=cortex-m0 -mthumb -Wall -g -D DEBUG -Wa,-alh=.\CortexM0\ARM_GCC_473\Debug\main.lst -ffunction-sections -c .\main.c -o .\CortexM0\ARM_GCC_473\Debug\main.o
arm-none-eabi-gcc.exe -I. -I./Generated_Source/PSoC4 -Wno-main -mcpu=cortex-m0 -mthumb -Wall -g -D DEBUG -Wa,-alh=.\CortexM0\ARM_GCC_473\Debug\humiSensor.lst -ffunction-sections -c .\humiSensor.c -o .\CortexM0\ARM_GCC_473\Debug\humiSensor.o
.\humiSensor.c: In function 'humiSensor_getValue':
.\humiSensor.c:36:5: warning: implicit declaration of function 'SLC_Write' [-Wimplicit-function-declaration]
arm-none-eabi-gcc.exe -I. -I./Generated_Source/PSoC4 -Wno-main -mcpu=cortex-m0 -mthumb -Wall -g -D DEBUG -Wa,-alh=.\CortexM0\ARM_GCC_473\Debug\sensorPackage.lst -ffunction-sections -c .\sensorPackage.c -o .\CortexM0\ARM_GCC_473\Debug\sensorPackage.o
.\sensorPackage.c: In function 'sensorPackage_water':
.\sensorPackage.c:47:5: warning: implicit declaration of function 'water_pin_Write' [-Wimplicit-function-declaration]
arm-none-eabi-gcc.exe -I. -I./Generated_Source/PSoC4 -Wno-main -mcpu=cortex-m0 -mthumb -Wall -g -D DEBUG -Wa,-alh=.\CortexM0\ARM_GCC_473\Debug\sprinkler.lst -ffunction-sections -c .\sprinkler.c -o .\CortexM0\ARM_GCC_473\Debug\sprinkler.o
arm-none-eabi-gcc.exe -I. -I./Generated_Source/PSoC4 -Wno-main -mcpu=cortex-m0 -mthumb -Wall -g -D DEBUG -Wa,-alh=.\CortexM0\ARM_GCC_473\Debug\tempSensor.lst -ffunction-sections -c .\tempSensor.c -o .\CortexM0\ARM_GCC_473\Debug\tempSensor.o
.\tempSensor.c: In function 'tempSensor_getValue':
.\tempSensor.c:35:5: warning: implicit declaration of function 'SLC_Write' [-Wimplicit-function-declaration]
arm-none-eabi-gcc.exe -I. -I./Generated_Source/PSoC4 -Wno-main -mcpu=cortex-m0 -mthumb -Wall -g -D DEBUG -Wa,-alh=.\CortexM0\ARM_GCC_473\Debug\cyfitter_cfg.lst -ffunction-sections -c .\Generated_Source\PSoC4\cyfitter_cfg.c -o .\CortexM0\ARM_GCC_473\Debug\cyfitter_cfg.o
arm-none-eabi-gcc.exe -I. -I./Generated_Source/PSoC4 -Wno-main -mcpu=cortex-m0 -mthumb -Wall -g -D DEBUG -Wa,-alh=.\CortexM0\ARM_GCC_473\Debug\cymetadata.lst -ffunction-sections -c .\Generated_Source\PSoC4\cymetadata.c -o .\CortexM0\ARM_GCC_473\Debug\cymetadata.o
arm-none-eabi-gcc.exe -I. -I./Generated_Source/PSoC4 -Wno-main -mcpu=cortex-m0 -mthumb -Wall -g -D DEBUG -Wa,-alh=.\CortexM0\ARM_GCC_473\Debug\ADC_SAR_Seq_0.lst -ffunction-sections -c .\Generated_Source\PSoC4\ADC_SAR_Seq_0.c -o .\CortexM0\ARM_GCC_473\Debug\ADC_SAR_Seq_0.o
arm-none-eabi-gcc.exe -I. -I./Generated_Source/PSoC4 -Wno-main -mcpu=cortex-m0 -mthumb -Wall -g -D DEBUG -Wa,-alh=.\CortexM0\ARM_GCC_473\Debug\ADC_SAR_Seq_0_PM.lst -ffunction-sections -c .\Generated_Source\PSoC4\ADC_SAR_Seq_0_PM.c -o .\CortexM0\ARM_GCC_473\Debug\ADC_SAR_Seq_0_PM.o
arm-none-eabi-gcc.exe -I. -I./Generated_Source/PSoC4 -Wno-main -mcpu=cortex-m0 -mthumb -Wall -g -D DEBUG -Wa,-alh=.\CortexM0\ARM_GCC_473\Debug\ADC_SAR_Seq_0_INT.lst -ffunction-sections -c .\Generated_Source\PSoC4\ADC_SAR_Seq_0_INT.c -o .\CortexM0\ARM_GCC_473\Debug\ADC_SAR_Seq_0_INT.o
arm-none-eabi-gcc.exe -I. -I./Generated_Source/PSoC4 -Wno-main -mcpu=cortex-m0 -mthumb -Wall -g -D DEBUG -Wa,-alh=.\CortexM0\ARM_GCC_473\Debug\ADC_SAR_Seq_0_intClock.lst -ffunction-sections -c .\Generated_Source\PSoC4\ADC_SAR_Seq_0_intClock.c -o .\CortexM0\ARM_GCC_473\Debug\ADC_SAR_Seq_0_intClock.o
arm-none-eabi-gcc.exe -I. -I./Generated_Source/PSoC4 -Wno-main -mcpu=cortex-m0 -mthumb -Wall -g -D DEBUG -Wa,-alh=.\CortexM0\ARM_GCC_473\Debug\ADC_SAR_Seq_0_IRQ.lst -ffunction-sections -c .\Generated_Source\PSoC4\ADC_SAR_Seq_0_IRQ.c -o .\CortexM0\ARM_GCC_473\Debug\ADC_SAR_Seq_0_IRQ.o
arm-none-eabi-gcc.exe -I. -I./Generated_Source/PSoC4 -Wno-main -mcpu=cortex-m0 -mthumb -Wall -g -D DEBUG -Wa,-alh=.\CortexM0\ARM_GCC_473\Debug\Cm0Start.lst -ffunction-sections -c .\Generated_Source\PSoC4\Cm0Start.c -o .\CortexM0\ARM_GCC_473\Debug\Cm0Start.o
arm-none-eabi-as.exe -I. -I./Generated_Source/PSoC4 -mcpu=cortex-m0 -mthumb -g -alh=.\CortexM0\ARM_GCC_473\Debug/CyBootAsmGnu.lst -o .\CortexM0\ARM_GCC_473\Debug\CyBootAsmGnu.o .\Generated_Source\PSoC4\CyBootAsmGnu.s
arm-none-eabi-gcc.exe -I. -I./Generated_Source/PSoC4 -Wno-main -mcpu=cortex-m0 -mthumb -Wall -g -D DEBUG -Wa,-alh=.\CortexM0\ARM_GCC_473\Debug\CyFlash.lst -ffunction-sections -c .\Generated_Source\PSoC4\CyFlash.c -o .\CortexM0\ARM_GCC_473\Debug\CyFlash.o
arm-none-eabi-gcc.exe -I. -I./Generated_Source/PSoC4 -Wno-main -mcpu=cortex-m0 -mthumb -Wall -g -D DEBUG -Wa,-alh=.\CortexM0\ARM_GCC_473\Debug\CyLib.lst -ffunction-sections -c .\Generated_Source\PSoC4\CyLib.c -o .\CortexM0\ARM_GCC_473\Debug\CyLib.o
arm-none-eabi-gcc.exe -I. -I./Generated_Source/PSoC4 -Wno-main -mcpu=cortex-m0 -mthumb -Wall -g -D DEBUG -Wa,-alh=.\CortexM0\ARM_GCC_473\Debug\cyPm.lst -ffunction-sections -c .\Generated_Source\PSoC4\cyPm.c -o .\CortexM0\ARM_GCC_473\Debug\cyPm.o
arm-none-eabi-gcc.exe -I. -I./Generated_Source/PSoC4 -Wno-main -mcpu=cortex-m0 -mthumb -Wall -g -D DEBUG -Wa,-alh=.\CortexM0\ARM_GCC_473\Debug\cyutils.lst -ffunction-sections -c .\Generated_Source\PSoC4\cyutils.c -o .\CortexM0\ARM_GCC_473\Debug\cyutils.o
arm-none-eabi-gcc.exe -I. -I./Generated_Source/PSoC4 -Wno-main -mcpu=cortex-m0 -mthumb -Wall -g -D DEBUG -Wa,-alh=.\CortexM0\ARM_GCC_473\Debug\P_FT1.lst -ffunction-sections -c .\Generated_Source\PSoC4\P_FT1.c -o .\CortexM0\ARM_GCC_473\Debug\P_FT1.o
arm-none-eabi-gcc.exe -I. -I./Generated_Source/PSoC4 -Wno-main -mcpu=cortex-m0 -mthumb -Wall -g -D DEBUG -Wa,-alh=.\CortexM0\ARM_GCC_473\Debug\P_FT2.lst -ffunction-sections -c .\Generated_Source\PSoC4\P_FT2.c -o .\CortexM0\ARM_GCC_473\Debug\P_FT2.o
arm-none-eabi-gcc.exe -I. -I./Generated_Source/PSoC4 -Wno-main -mcpu=cortex-m0 -mthumb -Wall -g -D DEBUG -Wa,-alh=.\CortexM0\ARM_GCC_473\Debug\P_VP.lst -ffunction-sections -c .\Generated_Source\PSoC4\P_VP.c -o .\CortexM0\ARM_GCC_473\Debug\P_VP.o
arm-none-eabi-ar.exe -rs .\CortexM0\ARM_GCC_473\Debug\psoc_api_2.a .\CortexM0\ARM_GCC_473\Debug\cyfitter_cfg.o .\CortexM0\ARM_GCC_473\Debug\ADC_SAR_Seq_0.o .\CortexM0\ARM_GCC_473\Debug\ADC_SAR_Seq_0_PM.o .\CortexM0\ARM_GCC_473\Debug\ADC_SAR_Seq_0_INT.o .\CortexM0\ARM_GCC_473\Debug\ADC_SAR_Seq_0_intClock.o .\CortexM0\ARM_GCC_473\Debug\ADC_SAR_Seq_0_IRQ.o .\CortexM0\ARM_GCC_473\Debug\CyBootAsmGnu.o .\CortexM0\ARM_GCC_473\Debug\CyFlash.o .\CortexM0\ARM_GCC_473\Debug\CyLib.o .\CortexM0\ARM_GCC_473\Debug\cyPm.o .\CortexM0\ARM_GCC_473\Debug\cyutils.o .\CortexM0\ARM_GCC_473\Debug\P_FT1.o .\CortexM0\ARM_GCC_473\Debug\P_FT2.o .\CortexM0\ARM_GCC_473\Debug\P_VP.o
arm-none-eabi-ar.exe: creating .\CortexM0\ARM_GCC_473\Debug\psoc_api_2.a
arm-none-eabi-gcc.exe -mthumb -march=armv6-m -T .\Generated_Source\PSoC4\cm0gcc.ld -g -Wl,-Map,.\CortexM0\ARM_GCC_473\Debug\psoc_api_2.map -specs=nano.specs -Wl,--gc-sections -Wl,--start-group -o .\CortexM0\ARM_GCC_473\Debug\psoc_api_2.elf .\CortexM0\ARM_GCC_473\Debug\main.o .\CortexM0\ARM_GCC_473\Debug\humiSensor.o .\CortexM0\ARM_GCC_473\Debug\sensorPackage.o .\CortexM0\ARM_GCC_473\Debug\sprinkler.o .\CortexM0\ARM_GCC_473\Debug\tempSensor.o .\CortexM0\ARM_GCC_473\Debug\cymetadata.o .\CortexM0\ARM_GCC_473\Debug\Cm0Start.o .\CortexM0\ARM_GCC_473\Debug\psoc_api_2.a "C:\Program Files\Cypress\PSoC Creator\3.0\PSoC Creator\psoc\content\cycomponentlibrary\CyComponentLibrary.cylib\CortexM0\ARM_GCC_473\Debug\CyComponentLibrary.a" -Wl,--end-group
.\CortexM0\ARM_GCC_473\Debug\humiSensor.o: In function `humiSensor_getValue':
C:\Users\mickkirkegaardnielse\Desktop\sensorPackage\psoc_api_2.cydsn/.\humiSensor.c:36: undefined reference to `SLC_Write'
.\CortexM0\ARM_GCC_473\Debug\tempSensor.o: In function `tempSensor_getValue':
C:\Users\mickkirkegaardnielse\Desktop\sensorPackage\psoc_api_2.cydsn/.\tempSensor.c:35: undefined reference to `SLC_Write'
collect2.exe: error: ld returned 1 exit status
The command 'arm-none-eabi-gcc.exe' failed with exit code '1'.
--------------- Rebuild Failed: 12/03/2014 11:59:17 ---------------
