ARM GAS  C:\Users\JAKOB-~1\AppData\Local\Temp\ccrH0gX5.s 			page 1


   1              		.cpu cortex-m0
   2              		.fpu softvfp
   3              		.eabi_attribute 20, 1
   4              		.eabi_attribute 21, 1
   5              		.eabi_attribute 23, 3
   6              		.eabi_attribute 24, 1
   7              		.eabi_attribute 25, 1
   8              		.eabi_attribute 26, 1
   9              		.eabi_attribute 30, 6
  10              		.eabi_attribute 34, 0
  11              		.eabi_attribute 18, 4
  12              		.code	16
  13              		.file	"tempSensor.c"
  14              		.text
  15              	.Ltext0:
  16              		.cfi_sections	.debug_frame
  17              		.section	.text.tempSensor_init,"ax",%progbits
  18              		.align	2
  19              		.global	tempSensor_init
  20              		.code	16
  21              		.thumb_func
  22              		.type	tempSensor_init, %function
  23              	tempSensor_init:
  24              	.LFB33:
  25              		.file 1 "X:\\3.Semester\\PRJ3\\psoc_api_2\\psoc_api_2.cydsn\\tempSensor.c"
   1:X:\3.Semester\PRJ3\psoc_api_2\psoc_api_2.cydsn\tempSensor.c **** //tempSensor.c
   2:X:\3.Semester\PRJ3\psoc_api_2\psoc_api_2.cydsn\tempSensor.c **** //
   3:X:\3.Semester\PRJ3\psoc_api_2\psoc_api_2.cydsn\tempSensor.c **** //Author: Jakob Schmidt
   4:X:\3.Semester\PRJ3\psoc_api_2\psoc_api_2.cydsn\tempSensor.c **** //Version: 1.2
   5:X:\3.Semester\PRJ3\psoc_api_2\psoc_api_2.cydsn\tempSensor.c **** //Date: 14-11-14
   6:X:\3.Semester\PRJ3\psoc_api_2\psoc_api_2.cydsn\tempSensor.c **** 
   7:X:\3.Semester\PRJ3\psoc_api_2\psoc_api_2.cydsn\tempSensor.c **** #include "tempSensor.h"
   8:X:\3.Semester\PRJ3\psoc_api_2\psoc_api_2.cydsn\tempSensor.c **** #include "sensorPackage.h"
   9:X:\3.Semester\PRJ3\psoc_api_2\psoc_api_2.cydsn\tempSensor.c **** 
  10:X:\3.Semester\PRJ3\psoc_api_2\psoc_api_2.cydsn\tempSensor.c **** #define CHANNEL_1 0
  11:X:\3.Semester\PRJ3\psoc_api_2\psoc_api_2.cydsn\tempSensor.c **** 
  12:X:\3.Semester\PRJ3\psoc_api_2\psoc_api_2.cydsn\tempSensor.c **** void tempSensor_init()
  13:X:\3.Semester\PRJ3\psoc_api_2\psoc_api_2.cydsn\tempSensor.c **** {
  26              		.loc 1 13 0
  27              		.cfi_startproc
  28 0000 80B5     		push	{r7, lr}
  29              	.LCFI0:
  30              		.cfi_def_cfa_offset 8
  31              		.cfi_offset 7, -8
  32              		.cfi_offset 14, -4
  33 0002 00AF     		add	r7, sp, #0
  34              	.LCFI1:
  35              		.cfi_def_cfa_register 7
  14:X:\3.Semester\PRJ3\psoc_api_2\psoc_api_2.cydsn\tempSensor.c ****    //Do nothing
  15:X:\3.Semester\PRJ3\psoc_api_2\psoc_api_2.cydsn\tempSensor.c **** }
  36              		.loc 1 15 0
  37 0004 BD46     		mov	sp, r7
  38              		@ sp needed for prologue
  39 0006 80BD     		pop	{r7, pc}
  40              		.cfi_endproc
  41              	.LFE33:
  42              		.size	tempSensor_init, .-tempSensor_init
ARM GAS  C:\Users\JAKOB-~1\AppData\Local\Temp\ccrH0gX5.s 			page 2


  43              		.section	.text.tempSensor_exit,"ax",%progbits
  44              		.align	2
  45              		.global	tempSensor_exit
  46              		.code	16
  47              		.thumb_func
  48              		.type	tempSensor_exit, %function
  49              	tempSensor_exit:
  50              	.LFB34:
  16:X:\3.Semester\PRJ3\psoc_api_2\psoc_api_2.cydsn\tempSensor.c **** 
  17:X:\3.Semester\PRJ3\psoc_api_2\psoc_api_2.cydsn\tempSensor.c **** 
  18:X:\3.Semester\PRJ3\psoc_api_2\psoc_api_2.cydsn\tempSensor.c **** void tempSensor_exit()
  19:X:\3.Semester\PRJ3\psoc_api_2\psoc_api_2.cydsn\tempSensor.c **** {
  51              		.loc 1 19 0
  52              		.cfi_startproc
  53 0000 80B5     		push	{r7, lr}
  54              	.LCFI2:
  55              		.cfi_def_cfa_offset 8
  56              		.cfi_offset 7, -8
  57              		.cfi_offset 14, -4
  58 0002 00AF     		add	r7, sp, #0
  59              	.LCFI3:
  60              		.cfi_def_cfa_register 7
  20:X:\3.Semester\PRJ3\psoc_api_2\psoc_api_2.cydsn\tempSensor.c ****     //Do nothing
  21:X:\3.Semester\PRJ3\psoc_api_2\psoc_api_2.cydsn\tempSensor.c **** }
  61              		.loc 1 21 0
  62 0004 BD46     		mov	sp, r7
  63              		@ sp needed for prologue
  64 0006 80BD     		pop	{r7, pc}
  65              		.cfi_endproc
  66              	.LFE34:
  67              		.size	tempSensor_exit, .-tempSensor_exit
  68              		.global	__aeabi_f2d
  69              		.global	__aeabi_ddiv
  70              		.global	__aeabi_d2f
  71              		.global	__aeabi_dmul
  72              		.global	__aeabi_dsub
  73              		.section	.text.tempSensor_getValue,"ax",%progbits
  74              		.align	2
  75              		.global	tempSensor_getValue
  76              		.code	16
  77              		.thumb_func
  78              		.type	tempSensor_getValue, %function
  79              	tempSensor_getValue:
  80              	.LFB35:
  22:X:\3.Semester\PRJ3\psoc_api_2\psoc_api_2.cydsn\tempSensor.c **** 
  23:X:\3.Semester\PRJ3\psoc_api_2\psoc_api_2.cydsn\tempSensor.c **** 
  24:X:\3.Semester\PRJ3\psoc_api_2\psoc_api_2.cydsn\tempSensor.c **** //Public methods implementation
  25:X:\3.Semester\PRJ3\psoc_api_2\psoc_api_2.cydsn\tempSensor.c **** int tempSensor_getValue(float *val)
  26:X:\3.Semester\PRJ3\psoc_api_2\psoc_api_2.cydsn\tempSensor.c **** {
  81              		.loc 1 26 0
  82              		.cfi_startproc
  83 0000 90B5     		push	{r4, r7, lr}
  84              	.LCFI4:
  85              		.cfi_def_cfa_offset 12
  86              		.cfi_offset 4, -12
  87              		.cfi_offset 7, -8
  88              		.cfi_offset 14, -4
ARM GAS  C:\Users\JAKOB-~1\AppData\Local\Temp\ccrH0gX5.s 			page 3


  89 0002 87B0     		sub	sp, sp, #28
  90              	.LCFI5:
  91              		.cfi_def_cfa_offset 40
  92 0004 00AF     		add	r7, sp, #0
  93              	.LCFI6:
  94              		.cfi_def_cfa_register 7
  95 0006 7860     		str	r0, [r7, #4]
  27:X:\3.Semester\PRJ3\psoc_api_2\psoc_api_2.cydsn\tempSensor.c ****     //Varibles
  28:X:\3.Semester\PRJ3\psoc_api_2\psoc_api_2.cydsn\tempSensor.c ****     int16 ADCresult;
  29:X:\3.Semester\PRJ3\psoc_api_2\psoc_api_2.cydsn\tempSensor.c ****     //uint8 ADC_Channel = 0;
  30:X:\3.Semester\PRJ3\psoc_api_2\psoc_api_2.cydsn\tempSensor.c ****     uint8 select = 0;
  96              		.loc 1 30 0
  97 0008 3B1C     		mov	r3, r7
  98 000a 1733     		add	r3, r3, #23
  99 000c 0022     		mov	r2, #0
 100 000e 1A70     		strb	r2, [r3]
  31:X:\3.Semester\PRJ3\psoc_api_2\psoc_api_2.cydsn\tempSensor.c ****     float vin_result;
  32:X:\3.Semester\PRJ3\psoc_api_2\psoc_api_2.cydsn\tempSensor.c ****     float pwm_result;
  33:X:\3.Semester\PRJ3\psoc_api_2\psoc_api_2.cydsn\tempSensor.c ****     
  34:X:\3.Semester\PRJ3\psoc_api_2\psoc_api_2.cydsn\tempSensor.c ****     //Set SCL low for temp data out
  35:X:\3.Semester\PRJ3\psoc_api_2\psoc_api_2.cydsn\tempSensor.c ****     P_FT2_Write(select);
 101              		.loc 1 35 0
 102 0010 3B1C     		mov	r3, r7
 103 0012 1733     		add	r3, r3, #23
 104 0014 1B78     		ldrb	r3, [r3]
 105 0016 181C     		mov	r0, r3
 106 0018 FFF7FEFF 		bl	P_FT2_Write
  36:X:\3.Semester\PRJ3\psoc_api_2\psoc_api_2.cydsn\tempSensor.c ****     
  37:X:\3.Semester\PRJ3\psoc_api_2\psoc_api_2.cydsn\tempSensor.c ****     //Start conversion
  38:X:\3.Semester\PRJ3\psoc_api_2\psoc_api_2.cydsn\tempSensor.c ****     ADC_SAR_Seq_0_StartConvert();
 107              		.loc 1 38 0
 108 001c FFF7FEFF 		bl	ADC_SAR_Seq_0_StartConvert
  39:X:\3.Semester\PRJ3\psoc_api_2\psoc_api_2.cydsn\tempSensor.c ****     
  40:X:\3.Semester\PRJ3\psoc_api_2\psoc_api_2.cydsn\tempSensor.c ****     //Wait until conversion is done
  41:X:\3.Semester\PRJ3\psoc_api_2\psoc_api_2.cydsn\tempSensor.c ****     ADC_SAR_Seq_0_IsEndConversion(ADC_SAR_Seq_0_WAIT_FOR_RESULT);
 109              		.loc 1 41 0
 110 0020 0220     		mov	r0, #2
 111 0022 FFF7FEFF 		bl	ADC_SAR_Seq_0_IsEndConversion
  42:X:\3.Semester\PRJ3\psoc_api_2\psoc_api_2.cydsn\tempSensor.c ****     
  43:X:\3.Semester\PRJ3\psoc_api_2\psoc_api_2.cydsn\tempSensor.c ****     //Read value from ADC register
  44:X:\3.Semester\PRJ3\psoc_api_2\psoc_api_2.cydsn\tempSensor.c ****     ADCresult = ADC_SAR_Seq_0_GetResult16(CHANNEL_1);
 112              		.loc 1 44 0
 113 0026 3C1C     		mov	r4, r7
 114 0028 1434     		add	r4, r4, #20
 115 002a 0020     		mov	r0, #0
 116 002c FFF7FEFF 		bl	ADC_SAR_Seq_0_GetResult16
 117 0030 031C     		mov	r3, r0
 118 0032 2380     		strh	r3, [r4]
  45:X:\3.Semester\PRJ3\psoc_api_2\psoc_api_2.cydsn\tempSensor.c **** 
  46:X:\3.Semester\PRJ3\psoc_api_2\psoc_api_2.cydsn\tempSensor.c ****     //Convert to voltage
  47:X:\3.Semester\PRJ3\psoc_api_2\psoc_api_2.cydsn\tempSensor.c ****     vin_result = ADC_SAR_Seq_0_CountsTo_Volts(CHANNEL_1, ADCresult);
 119              		.loc 1 47 0
 120 0034 3B1C     		mov	r3, r7
 121 0036 1433     		add	r3, r3, #20
 122 0038 0022     		mov	r2, #0
 123 003a 9B5E     		ldrsh	r3, [r3, r2]
 124 003c 0020     		mov	r0, #0
ARM GAS  C:\Users\JAKOB-~1\AppData\Local\Temp\ccrH0gX5.s 			page 4


 125 003e 191C     		mov	r1, r3
 126 0040 FFF7FEFF 		bl	ADC_SAR_Seq_0_CountsTo_Volts
 127 0044 031C     		add	r3, r0, #0
 128 0046 3B61     		str	r3, [r7, #16]
  48:X:\3.Semester\PRJ3\psoc_api_2\psoc_api_2.cydsn\tempSensor.c **** 
  49:X:\3.Semester\PRJ3\psoc_api_2\psoc_api_2.cydsn\tempSensor.c ****     //Conver from voltage to PWM
  50:X:\3.Semester\PRJ3\psoc_api_2\psoc_api_2.cydsn\tempSensor.c ****     pwm_result = (vin_result/vin_max);
 129              		.loc 1 50 0
 130 0048 3869     		ldr	r0, [r7, #16]
 131 004a FFF7FEFF 		bl	__aeabi_f2d
 132 004e 031C     		mov	r3, r0
 133 0050 0C1C     		mov	r4, r1
 134 0052 181C     		mov	r0, r3
 135 0054 211C     		mov	r1, r4
 136 0056 174B     		ldr	r3, .L5+4
 137 0058 154A     		ldr	r2, .L5
 138 005a FFF7FEFF 		bl	__aeabi_ddiv
 139 005e 031C     		mov	r3, r0
 140 0060 0C1C     		mov	r4, r1
 141 0062 181C     		mov	r0, r3
 142 0064 211C     		mov	r1, r4
 143 0066 FFF7FEFF 		bl	__aeabi_d2f
 144 006a 031C     		add	r3, r0, #0
 145 006c FB60     		str	r3, [r7, #12]
  51:X:\3.Semester\PRJ3\psoc_api_2\psoc_api_2.cydsn\tempSensor.c ****     
  52:X:\3.Semester\PRJ3\psoc_api_2\psoc_api_2.cydsn\tempSensor.c ****     //Store trueData in val pointer
  53:X:\3.Semester\PRJ3\psoc_api_2\psoc_api_2.cydsn\tempSensor.c ****     *val = -46.85+175.72*(pwm_result);
 146              		.loc 1 53 0
 147 006e F868     		ldr	r0, [r7, #12]
 148 0070 FFF7FEFF 		bl	__aeabi_f2d
 149 0074 031C     		mov	r3, r0
 150 0076 0C1C     		mov	r4, r1
 151 0078 181C     		mov	r0, r3
 152 007a 211C     		mov	r1, r4
 153 007c 0E4A     		ldr	r2, .L5+8
 154 007e 0F4B     		ldr	r3, .L5+12
 155 0080 FFF7FEFF 		bl	__aeabi_dmul
 156 0084 031C     		mov	r3, r0
 157 0086 0C1C     		mov	r4, r1
 158 0088 181C     		mov	r0, r3
 159 008a 211C     		mov	r1, r4
 160 008c 0C4A     		ldr	r2, .L5+16
 161 008e 0D4B     		ldr	r3, .L5+20
 162 0090 FFF7FEFF 		bl	__aeabi_dsub
 163 0094 031C     		mov	r3, r0
 164 0096 0C1C     		mov	r4, r1
 165 0098 181C     		mov	r0, r3
 166 009a 211C     		mov	r1, r4
 167 009c FFF7FEFF 		bl	__aeabi_d2f
 168 00a0 021C     		add	r2, r0, #0
 169 00a2 7B68     		ldr	r3, [r7, #4]
 170 00a4 1A60     		str	r2, [r3]
  54:X:\3.Semester\PRJ3\psoc_api_2\psoc_api_2.cydsn\tempSensor.c ****     
  55:X:\3.Semester\PRJ3\psoc_api_2\psoc_api_2.cydsn\tempSensor.c ****     return 0;
 171              		.loc 1 55 0
 172 00a6 0023     		mov	r3, #0
  56:X:\3.Semester\PRJ3\psoc_api_2\psoc_api_2.cydsn\tempSensor.c **** }...
ARM GAS  C:\Users\JAKOB-~1\AppData\Local\Temp\ccrH0gX5.s 			page 5


 173              		.loc 1 56 0
 174 00a8 181C     		mov	r0, r3
 175 00aa BD46     		mov	sp, r7
 176 00ac 07B0     		add	sp, sp, #28
 177              		@ sp needed for prologue
 178 00ae 90BD     		pop	{r4, r7, pc}
 179              	.L6:
 180              		.align	3
 181              	.L5:
 182 00b0 66666666 		.word	1717986918
 183 00b4 66660A40 		.word	1074423398
 184 00b8 D7A3703D 		.word	1030792151
 185 00bc 0AF76540 		.word	1080424202
 186 00c0 CDCCCCCC 		.word	-858993459
 187 00c4 CC6C4740 		.word	1078422732
 188              		.cfi_endproc
 189              	.LFE35:
 190              		.size	tempSensor_getValue, .-tempSensor_getValue
 191              		.text
 192              	.Letext0:
 193              		.file 2 "./Generated_Source/PSoC4/cytypes.h"
 194              		.section	.debug_info,"",%progbits
 195              	.Ldebug_info0:
 196 0000 33010000 		.4byte	0x133
 197 0004 0200     		.2byte	0x2
 198 0006 00000000 		.4byte	.Ldebug_abbrev0
 199 000a 04       		.byte	0x4
 200 000b 01       		.uleb128 0x1
 201 000c BC000000 		.4byte	.LASF21
 202 0010 01       		.byte	0x1
 203 0011 21000000 		.4byte	.LASF22
 204 0015 6A000000 		.4byte	.LASF23
 205 0019 00000000 		.4byte	.Ldebug_ranges0+0
 206 001d 00000000 		.4byte	0
 207 0021 00000000 		.4byte	0
 208 0025 00000000 		.4byte	.Ldebug_line0
 209 0029 02       		.uleb128 0x2
 210 002a 01       		.byte	0x1
 211 002b 06       		.byte	0x6
 212 002c 87010000 		.4byte	.LASF0
 213 0030 02       		.uleb128 0x2
 214 0031 01       		.byte	0x1
 215 0032 08       		.byte	0x8
 216 0033 59010000 		.4byte	.LASF1
 217 0037 02       		.uleb128 0x2
 218 0038 02       		.byte	0x2
 219 0039 05       		.byte	0x5
 220 003a 9F010000 		.4byte	.LASF2
 221 003e 02       		.uleb128 0x2
 222 003f 02       		.byte	0x2
 223 0040 07       		.byte	0x7
 224 0041 0E000000 		.4byte	.LASF3
 225 0045 02       		.uleb128 0x2
 226 0046 04       		.byte	0x4
 227 0047 05       		.byte	0x5
 228 0048 6C010000 		.4byte	.LASF4
 229 004c 02       		.uleb128 0x2
ARM GAS  C:\Users\JAKOB-~1\AppData\Local\Temp\ccrH0gX5.s 			page 6


 230 004d 04       		.byte	0x4
 231 004e 07       		.byte	0x7
 232 004f 0B010000 		.4byte	.LASF5
 233 0053 02       		.uleb128 0x2
 234 0054 08       		.byte	0x8
 235 0055 05       		.byte	0x5
 236 0056 00000000 		.4byte	.LASF6
 237 005a 02       		.uleb128 0x2
 238 005b 08       		.byte	0x8
 239 005c 07       		.byte	0x7
 240 005d 2D010000 		.4byte	.LASF7
 241 0061 03       		.uleb128 0x3
 242 0062 04       		.byte	0x4
 243 0063 05       		.byte	0x5
 244 0064 696E7400 		.ascii	"int\000"
 245 0068 02       		.uleb128 0x2
 246 0069 04       		.byte	0x4
 247 006a 07       		.byte	0x7
 248 006b 5D000000 		.4byte	.LASF8
 249 006f 04       		.uleb128 0x4
 250 0070 05010000 		.4byte	.LASF9
 251 0074 02       		.byte	0x2
 252 0075 5B       		.byte	0x5b
 253 0076 30000000 		.4byte	0x30
 254 007a 04       		.uleb128 0x4
 255 007b 99010000 		.4byte	.LASF10
 256 007f 02       		.byte	0x2
 257 0080 5F       		.byte	0x5f
 258 0081 37000000 		.4byte	0x37
 259 0085 02       		.uleb128 0x2
 260 0086 04       		.byte	0x4
 261 0087 04       		.byte	0x4
 262 0088 93010000 		.4byte	.LASF11
 263 008c 02       		.uleb128 0x2
 264 008d 08       		.byte	0x8
 265 008e 04       		.byte	0x4
 266 008f 75010000 		.4byte	.LASF12
 267 0093 02       		.uleb128 0x2
 268 0094 01       		.byte	0x1
 269 0095 08       		.byte	0x8
 270 0096 67010000 		.4byte	.LASF13
 271 009a 02       		.uleb128 0x2
 272 009b 04       		.byte	0x4
 273 009c 07       		.byte	0x7
 274 009d D4010000 		.4byte	.LASF14
 275 00a1 05       		.uleb128 0x5
 276 00a2 01       		.byte	0x1
 277 00a3 C4010000 		.4byte	.LASF15
 278 00a7 01       		.byte	0x1
 279 00a8 0C       		.byte	0xc
 280 00a9 00000000 		.4byte	.LFB33
 281 00ad 08000000 		.4byte	.LFE33
 282 00b1 00000000 		.4byte	.LLST0
 283 00b5 01       		.byte	0x1
 284 00b6 05       		.uleb128 0x5
 285 00b7 01       		.byte	0x1
 286 00b8 1D010000 		.4byte	.LASF16
ARM GAS  C:\Users\JAKOB-~1\AppData\Local\Temp\ccrH0gX5.s 			page 7


 287 00bc 01       		.byte	0x1
 288 00bd 12       		.byte	0x12
 289 00be 00000000 		.4byte	.LFB34
 290 00c2 08000000 		.4byte	.LFE34
 291 00c6 2C000000 		.4byte	.LLST1
 292 00ca 01       		.byte	0x1
 293 00cb 06       		.uleb128 0x6
 294 00cc 01       		.byte	0x1
 295 00cd B0010000 		.4byte	.LASF24
 296 00d1 01       		.byte	0x1
 297 00d2 19       		.byte	0x19
 298 00d3 01       		.byte	0x1
 299 00d4 61000000 		.4byte	0x61
 300 00d8 00000000 		.4byte	.LFB35
 301 00dc C8000000 		.4byte	.LFE35
 302 00e0 58000000 		.4byte	.LLST2
 303 00e4 01       		.byte	0x1
 304 00e5 30010000 		.4byte	0x130
 305 00e9 07       		.uleb128 0x7
 306 00ea 76616C00 		.ascii	"val\000"
 307 00ee 01       		.byte	0x1
 308 00ef 19       		.byte	0x19
 309 00f0 30010000 		.4byte	0x130
 310 00f4 02       		.byte	0x2
 311 00f5 91       		.byte	0x91
 312 00f6 5C       		.sleb128 -36
 313 00f7 08       		.uleb128 0x8
 314 00f8 4F010000 		.4byte	.LASF17
 315 00fc 01       		.byte	0x1
 316 00fd 1C       		.byte	0x1c
 317 00fe 7A000000 		.4byte	0x7a
 318 0102 02       		.byte	0x2
 319 0103 91       		.byte	0x91
 320 0104 6C       		.sleb128 -20
 321 0105 08       		.uleb128 0x8
 322 0106 A9010000 		.4byte	.LASF18
 323 010a 01       		.byte	0x1
 324 010b 1E       		.byte	0x1e
 325 010c 6F000000 		.4byte	0x6f
 326 0110 02       		.byte	0x2
 327 0111 91       		.byte	0x91
 328 0112 6F       		.sleb128 -17
 329 0113 08       		.uleb128 0x8
 330 0114 44010000 		.4byte	.LASF19
 331 0118 01       		.byte	0x1
 332 0119 1F       		.byte	0x1f
 333 011a 85000000 		.4byte	0x85
 334 011e 02       		.byte	0x2
 335 011f 91       		.byte	0x91
 336 0120 68       		.sleb128 -24
 337 0121 08       		.uleb128 0x8
 338 0122 7C010000 		.4byte	.LASF20
 339 0126 01       		.byte	0x1
 340 0127 20       		.byte	0x20
 341 0128 85000000 		.4byte	0x85
 342 012c 02       		.byte	0x2
 343 012d 91       		.byte	0x91
ARM GAS  C:\Users\JAKOB-~1\AppData\Local\Temp\ccrH0gX5.s 			page 8


 344 012e 64       		.sleb128 -28
 345 012f 00       		.byte	0
 346 0130 09       		.uleb128 0x9
 347 0131 04       		.byte	0x4
 348 0132 85000000 		.4byte	0x85
 349 0136 00       		.byte	0
 350              		.section	.debug_abbrev,"",%progbits
 351              	.Ldebug_abbrev0:
 352 0000 01       		.uleb128 0x1
 353 0001 11       		.uleb128 0x11
 354 0002 01       		.byte	0x1
 355 0003 25       		.uleb128 0x25
 356 0004 0E       		.uleb128 0xe
 357 0005 13       		.uleb128 0x13
 358 0006 0B       		.uleb128 0xb
 359 0007 03       		.uleb128 0x3
 360 0008 0E       		.uleb128 0xe
 361 0009 1B       		.uleb128 0x1b
 362 000a 0E       		.uleb128 0xe
 363 000b 55       		.uleb128 0x55
 364 000c 06       		.uleb128 0x6
 365 000d 11       		.uleb128 0x11
 366 000e 01       		.uleb128 0x1
 367 000f 52       		.uleb128 0x52
 368 0010 01       		.uleb128 0x1
 369 0011 10       		.uleb128 0x10
 370 0012 06       		.uleb128 0x6
 371 0013 00       		.byte	0
 372 0014 00       		.byte	0
 373 0015 02       		.uleb128 0x2
 374 0016 24       		.uleb128 0x24
 375 0017 00       		.byte	0
 376 0018 0B       		.uleb128 0xb
 377 0019 0B       		.uleb128 0xb
 378 001a 3E       		.uleb128 0x3e
 379 001b 0B       		.uleb128 0xb
 380 001c 03       		.uleb128 0x3
 381 001d 0E       		.uleb128 0xe
 382 001e 00       		.byte	0
 383 001f 00       		.byte	0
 384 0020 03       		.uleb128 0x3
 385 0021 24       		.uleb128 0x24
 386 0022 00       		.byte	0
 387 0023 0B       		.uleb128 0xb
 388 0024 0B       		.uleb128 0xb
 389 0025 3E       		.uleb128 0x3e
 390 0026 0B       		.uleb128 0xb
 391 0027 03       		.uleb128 0x3
 392 0028 08       		.uleb128 0x8
 393 0029 00       		.byte	0
 394 002a 00       		.byte	0
 395 002b 04       		.uleb128 0x4
 396 002c 16       		.uleb128 0x16
 397 002d 00       		.byte	0
 398 002e 03       		.uleb128 0x3
 399 002f 0E       		.uleb128 0xe
 400 0030 3A       		.uleb128 0x3a
ARM GAS  C:\Users\JAKOB-~1\AppData\Local\Temp\ccrH0gX5.s 			page 9


 401 0031 0B       		.uleb128 0xb
 402 0032 3B       		.uleb128 0x3b
 403 0033 0B       		.uleb128 0xb
 404 0034 49       		.uleb128 0x49
 405 0035 13       		.uleb128 0x13
 406 0036 00       		.byte	0
 407 0037 00       		.byte	0
 408 0038 05       		.uleb128 0x5
 409 0039 2E       		.uleb128 0x2e
 410 003a 00       		.byte	0
 411 003b 3F       		.uleb128 0x3f
 412 003c 0C       		.uleb128 0xc
 413 003d 03       		.uleb128 0x3
 414 003e 0E       		.uleb128 0xe
 415 003f 3A       		.uleb128 0x3a
 416 0040 0B       		.uleb128 0xb
 417 0041 3B       		.uleb128 0x3b
 418 0042 0B       		.uleb128 0xb
 419 0043 11       		.uleb128 0x11
 420 0044 01       		.uleb128 0x1
 421 0045 12       		.uleb128 0x12
 422 0046 01       		.uleb128 0x1
 423 0047 40       		.uleb128 0x40
 424 0048 06       		.uleb128 0x6
 425 0049 9742     		.uleb128 0x2117
 426 004b 0C       		.uleb128 0xc
 427 004c 00       		.byte	0
 428 004d 00       		.byte	0
 429 004e 06       		.uleb128 0x6
 430 004f 2E       		.uleb128 0x2e
 431 0050 01       		.byte	0x1
 432 0051 3F       		.uleb128 0x3f
 433 0052 0C       		.uleb128 0xc
 434 0053 03       		.uleb128 0x3
 435 0054 0E       		.uleb128 0xe
 436 0055 3A       		.uleb128 0x3a
 437 0056 0B       		.uleb128 0xb
 438 0057 3B       		.uleb128 0x3b
 439 0058 0B       		.uleb128 0xb
 440 0059 27       		.uleb128 0x27
 441 005a 0C       		.uleb128 0xc
 442 005b 49       		.uleb128 0x49
 443 005c 13       		.uleb128 0x13
 444 005d 11       		.uleb128 0x11
 445 005e 01       		.uleb128 0x1
 446 005f 12       		.uleb128 0x12
 447 0060 01       		.uleb128 0x1
 448 0061 40       		.uleb128 0x40
 449 0062 06       		.uleb128 0x6
 450 0063 9642     		.uleb128 0x2116
 451 0065 0C       		.uleb128 0xc
 452 0066 01       		.uleb128 0x1
 453 0067 13       		.uleb128 0x13
 454 0068 00       		.byte	0
 455 0069 00       		.byte	0
 456 006a 07       		.uleb128 0x7
 457 006b 05       		.uleb128 0x5
ARM GAS  C:\Users\JAKOB-~1\AppData\Local\Temp\ccrH0gX5.s 			page 10


 458 006c 00       		.byte	0
 459 006d 03       		.uleb128 0x3
 460 006e 08       		.uleb128 0x8
 461 006f 3A       		.uleb128 0x3a
 462 0070 0B       		.uleb128 0xb
 463 0071 3B       		.uleb128 0x3b
 464 0072 0B       		.uleb128 0xb
 465 0073 49       		.uleb128 0x49
 466 0074 13       		.uleb128 0x13
 467 0075 02       		.uleb128 0x2
 468 0076 0A       		.uleb128 0xa
 469 0077 00       		.byte	0
 470 0078 00       		.byte	0
 471 0079 08       		.uleb128 0x8
 472 007a 34       		.uleb128 0x34
 473 007b 00       		.byte	0
 474 007c 03       		.uleb128 0x3
 475 007d 0E       		.uleb128 0xe
 476 007e 3A       		.uleb128 0x3a
 477 007f 0B       		.uleb128 0xb
 478 0080 3B       		.uleb128 0x3b
 479 0081 0B       		.uleb128 0xb
 480 0082 49       		.uleb128 0x49
 481 0083 13       		.uleb128 0x13
 482 0084 02       		.uleb128 0x2
 483 0085 0A       		.uleb128 0xa
 484 0086 00       		.byte	0
 485 0087 00       		.byte	0
 486 0088 09       		.uleb128 0x9
 487 0089 0F       		.uleb128 0xf
 488 008a 00       		.byte	0
 489 008b 0B       		.uleb128 0xb
 490 008c 0B       		.uleb128 0xb
 491 008d 49       		.uleb128 0x49
 492 008e 13       		.uleb128 0x13
 493 008f 00       		.byte	0
 494 0090 00       		.byte	0
 495 0091 00       		.byte	0
 496              		.section	.debug_loc,"",%progbits
 497              	.Ldebug_loc0:
 498              	.LLST0:
 499 0000 00000000 		.4byte	.LFB33
 500 0004 02000000 		.4byte	.LCFI0
 501 0008 0200     		.2byte	0x2
 502 000a 7D       		.byte	0x7d
 503 000b 00       		.sleb128 0
 504 000c 02000000 		.4byte	.LCFI0
 505 0010 04000000 		.4byte	.LCFI1
 506 0014 0200     		.2byte	0x2
 507 0016 7D       		.byte	0x7d
 508 0017 08       		.sleb128 8
 509 0018 04000000 		.4byte	.LCFI1
 510 001c 08000000 		.4byte	.LFE33
 511 0020 0200     		.2byte	0x2
 512 0022 77       		.byte	0x77
 513 0023 08       		.sleb128 8
 514 0024 00000000 		.4byte	0
ARM GAS  C:\Users\JAKOB-~1\AppData\Local\Temp\ccrH0gX5.s 			page 11


 515 0028 00000000 		.4byte	0
 516              	.LLST1:
 517 002c 00000000 		.4byte	.LFB34
 518 0030 02000000 		.4byte	.LCFI2
 519 0034 0200     		.2byte	0x2
 520 0036 7D       		.byte	0x7d
 521 0037 00       		.sleb128 0
 522 0038 02000000 		.4byte	.LCFI2
 523 003c 04000000 		.4byte	.LCFI3
 524 0040 0200     		.2byte	0x2
 525 0042 7D       		.byte	0x7d
 526 0043 08       		.sleb128 8
 527 0044 04000000 		.4byte	.LCFI3
 528 0048 08000000 		.4byte	.LFE34
 529 004c 0200     		.2byte	0x2
 530 004e 77       		.byte	0x77
 531 004f 08       		.sleb128 8
 532 0050 00000000 		.4byte	0
 533 0054 00000000 		.4byte	0
 534              	.LLST2:
 535 0058 00000000 		.4byte	.LFB35
 536 005c 02000000 		.4byte	.LCFI4
 537 0060 0200     		.2byte	0x2
 538 0062 7D       		.byte	0x7d
 539 0063 00       		.sleb128 0
 540 0064 02000000 		.4byte	.LCFI4
 541 0068 04000000 		.4byte	.LCFI5
 542 006c 0200     		.2byte	0x2
 543 006e 7D       		.byte	0x7d
 544 006f 0C       		.sleb128 12
 545 0070 04000000 		.4byte	.LCFI5
 546 0074 06000000 		.4byte	.LCFI6
 547 0078 0200     		.2byte	0x2
 548 007a 7D       		.byte	0x7d
 549 007b 28       		.sleb128 40
 550 007c 06000000 		.4byte	.LCFI6
 551 0080 C8000000 		.4byte	.LFE35
 552 0084 0200     		.2byte	0x2
 553 0086 77       		.byte	0x77
 554 0087 28       		.sleb128 40
 555 0088 00000000 		.4byte	0
 556 008c 00000000 		.4byte	0
 557              		.section	.debug_aranges,"",%progbits
 558 0000 2C000000 		.4byte	0x2c
 559 0004 0200     		.2byte	0x2
 560 0006 00000000 		.4byte	.Ldebug_info0
 561 000a 04       		.byte	0x4
 562 000b 00       		.byte	0
 563 000c 0000     		.2byte	0
 564 000e 0000     		.2byte	0
 565 0010 00000000 		.4byte	.LFB33
 566 0014 08000000 		.4byte	.LFE33-.LFB33
 567 0018 00000000 		.4byte	.LFB34
 568 001c 08000000 		.4byte	.LFE34-.LFB34
 569 0020 00000000 		.4byte	.LFB35
 570 0024 C8000000 		.4byte	.LFE35-.LFB35
 571 0028 00000000 		.4byte	0
ARM GAS  C:\Users\JAKOB-~1\AppData\Local\Temp\ccrH0gX5.s 			page 12


 572 002c 00000000 		.4byte	0
 573              		.section	.debug_ranges,"",%progbits
 574              	.Ldebug_ranges0:
 575 0000 00000000 		.4byte	.LFB33
 576 0004 08000000 		.4byte	.LFE33
 577 0008 00000000 		.4byte	.LFB34
 578 000c 08000000 		.4byte	.LFE34
 579 0010 00000000 		.4byte	.LFB35
 580 0014 C8000000 		.4byte	.LFE35
 581 0018 00000000 		.4byte	0
 582 001c 00000000 		.4byte	0
 583              		.section	.debug_line,"",%progbits
 584              	.Ldebug_line0:
 585 0000 B9000000 		.section	.debug_str,"MS",%progbits,1
 585      02007800 
 585      00000201 
 585      FB0E0D00 
 585      01010101 
 586              	.LASF6:
 587 0000 6C6F6E67 		.ascii	"long long int\000"
 587      206C6F6E 
 587      6720696E 
 587      7400
 588              	.LASF3:
 589 000e 73686F72 		.ascii	"short unsigned int\000"
 589      7420756E 
 589      7369676E 
 589      65642069 
 589      6E7400
 590              	.LASF22:
 591 0021 583A5C33 		.ascii	"X:\\3.Semester\\PRJ3\\psoc_api_2\\psoc_api_2.cydsn\\"
 591      2E53656D 
 591      65737465 
 591      725C5052 
 591      4A335C70 
 592 0050 74656D70 		.ascii	"tempSensor.c\000"
 592      53656E73 
 592      6F722E63 
 592      00
 593              	.LASF8:
 594 005d 756E7369 		.ascii	"unsigned int\000"
 594      676E6564 
 594      20696E74 
 594      00
 595              	.LASF23:
 596 006a 5C5C7073 		.ascii	"\\\\psf\\Home\\Documents\\E3PRJ3\\Implementering\\S"
 596      665C486F 
 596      6D655C44 
 596      6F63756D 
 596      656E7473 
 597 0096 575C5053 		.ascii	"W\\PSoC\\sensorPackage\\psoc_api_2.cydsn\000"
 597      6F435C73 
 597      656E736F 
 597      72506163 
 597      6B616765 
 598              	.LASF21:
 599 00bc 474E5520 		.ascii	"GNU C 4.7.3 20130312 (release) [ARM/embedded-4_7-br"
ARM GAS  C:\Users\JAKOB-~1\AppData\Local\Temp\ccrH0gX5.s 			page 13


 599      4320342E 
 599      372E3320 
 599      32303133 
 599      30333132 
 600 00ef 616E6368 		.ascii	"anch revision 196615]\000"
 600      20726576 
 600      6973696F 
 600      6E203139 
 600      36363135 
 601              	.LASF9:
 602 0105 75696E74 		.ascii	"uint8\000"
 602      3800
 603              	.LASF5:
 604 010b 6C6F6E67 		.ascii	"long unsigned int\000"
 604      20756E73 
 604      69676E65 
 604      6420696E 
 604      7400
 605              	.LASF16:
 606 011d 74656D70 		.ascii	"tempSensor_exit\000"
 606      53656E73 
 606      6F725F65 
 606      78697400 
 607              	.LASF7:
 608 012d 6C6F6E67 		.ascii	"long long unsigned int\000"
 608      206C6F6E 
 608      6720756E 
 608      7369676E 
 608      65642069 
 609              	.LASF19:
 610 0144 76696E5F 		.ascii	"vin_result\000"
 610      72657375 
 610      6C7400
 611              	.LASF17:
 612 014f 41444372 		.ascii	"ADCresult\000"
 612      6573756C 
 612      7400
 613              	.LASF1:
 614 0159 756E7369 		.ascii	"unsigned char\000"
 614      676E6564 
 614      20636861 
 614      7200
 615              	.LASF13:
 616 0167 63686172 		.ascii	"char\000"
 616      00
 617              	.LASF4:
 618 016c 6C6F6E67 		.ascii	"long int\000"
 618      20696E74 
 618      00
 619              	.LASF12:
 620 0175 646F7562 		.ascii	"double\000"
 620      6C6500
 621              	.LASF20:
 622 017c 70776D5F 		.ascii	"pwm_result\000"
 622      72657375 
 622      6C7400
 623              	.LASF0:
ARM GAS  C:\Users\JAKOB-~1\AppData\Local\Temp\ccrH0gX5.s 			page 14


 624 0187 7369676E 		.ascii	"signed char\000"
 624      65642063 
 624      68617200 
 625              	.LASF11:
 626 0193 666C6F61 		.ascii	"float\000"
 626      7400
 627              	.LASF10:
 628 0199 696E7431 		.ascii	"int16\000"
 628      3600
 629              	.LASF2:
 630 019f 73686F72 		.ascii	"short int\000"
 630      7420696E 
 630      7400
 631              	.LASF18:
 632 01a9 73656C65 		.ascii	"select\000"
 632      637400
 633              	.LASF24:
 634 01b0 74656D70 		.ascii	"tempSensor_getValue\000"
 634      53656E73 
 634      6F725F67 
 634      65745661 
 634      6C756500 
 635              	.LASF15:
 636 01c4 74656D70 		.ascii	"tempSensor_init\000"
 636      53656E73 
 636      6F725F69 
 636      6E697400 
 637              	.LASF14:
 638 01d4 73697A65 		.ascii	"sizetype\000"
 638      74797065 
 638      00
 639              		.ident	"GCC: (GNU Tools for ARM Embedded Processors) 4.7.3 20130312 (release) [ARM/embedded-4_7-br
