ARM GAS  C:\Users\BJRN~1\AppData\Local\Temp\ccPcMdTS.s 			page 1


   1              		.cpu cortex-m0
   2              		.fpu softvfp
   3              		.eabi_attribute 20, 1
   4              		.eabi_attribute 21, 1
   5              		.eabi_attribute 23, 3
   6              		.eabi_attribute 24, 1
   7              		.eabi_attribute 25, 1
   8              		.eabi_attribute 26, 1
   9              		.eabi_attribute 30, 6
  10              		.eabi_attribute 34, 0
  11              		.eabi_attribute 18, 4
  12              		.code	16
  13              		.file	"config.c"
  14              		.text
  15              	.Ltext0:
  16              		.cfi_sections	.debug_frame
  17              		.bss
  18              		.align	2
  19              	parametersPtr_:
  20 0000 00000000 		.space	4
  21              		.align	2
  22              	bufferPtr_:
  23 0004 00000000 		.space	4
  24              		.section	.text.config_init,"ax",%progbits
  25              		.align	2
  26              		.global	config_init
  27              		.code	16
  28              		.thumb_func
  29              		.type	config_init, %function
  30              	config_init:
  31              	.LFB0:
  32              		.file 1 ".\\config.c"
   1:.\config.c    **** /*
   2:.\config.c    **** * File: config.c
   3:.\config.c    **** * Description: Implementation for EasyWater8000 controller class config
   4:.\config.c    **** * Project: PRJ3
   5:.\config.c    **** * 
   6:.\config.c    **** * Author: Bjørn Sørensen
   7:.\config.c    **** */
   8:.\config.c    **** 
   9:.\config.c    **** #include "config.h"
  10:.\config.c    **** 
  11:.\config.c    **** // Private data
  12:.\config.c    **** static parameters * parametersPtr_;
  13:.\config.c    **** static buffer * bufferPtr_;
  14:.\config.c    **** 
  15:.\config.c    **** // Public methods
  16:.\config.c    **** void config_init(parameters * parPtr, buffer * bufPtr)
  17:.\config.c    **** {
  33              		.loc 1 17 0
  34              		.cfi_startproc
  35 0000 80B5     		push	{r7, lr}
  36              	.LCFI0:
  37              		.cfi_def_cfa_offset 8
  38              		.cfi_offset 7, -8
  39              		.cfi_offset 14, -4
  40 0002 82B0     		sub	sp, sp, #8
ARM GAS  C:\Users\BJRN~1\AppData\Local\Temp\ccPcMdTS.s 			page 2


  41              	.LCFI1:
  42              		.cfi_def_cfa_offset 16
  43 0004 00AF     		add	r7, sp, #0
  44              	.LCFI2:
  45              		.cfi_def_cfa_register 7
  46 0006 7860     		str	r0, [r7, #4]
  47 0008 3960     		str	r1, [r7]
  18:.\config.c    ****     parametersPtr_ = parPtr;
  48              		.loc 1 18 0
  49 000a 044B     		ldr	r3, .L2
  50 000c 7A68     		ldr	r2, [r7, #4]
  51 000e 1A60     		str	r2, [r3]
  19:.\config.c    ****     bufferPtr_ = bufPtr;
  52              		.loc 1 19 0
  53 0010 034B     		ldr	r3, .L2+4
  54 0012 3A68     		ldr	r2, [r7]
  55 0014 1A60     		str	r2, [r3]
  20:.\config.c    **** }
  56              		.loc 1 20 0
  57 0016 BD46     		mov	sp, r7
  58 0018 02B0     		add	sp, sp, #8
  59              		@ sp needed for prologue
  60 001a 80BD     		pop	{r7, pc}
  61              	.L3:
  62              		.align	2
  63              	.L2:
  64 001c 00000000 		.word	parametersPtr_
  65 0020 04000000 		.word	bufferPtr_
  66              		.cfi_endproc
  67              	.LFE0:
  68              		.size	config_init, .-config_init
  69              		.section	.text.config_config,"ax",%progbits
  70              		.align	2
  71              		.global	config_config
  72              		.code	16
  73              		.thumb_func
  74              		.type	config_config, %function
  75              	config_config:
  76              	.LFB1:
  21:.\config.c    **** 
  22:.\config.c    **** int config_config(const float * temp, const float * humi)
  23:.\config.c    **** {
  77              		.loc 1 23 0
  78              		.cfi_startproc
  79 0000 80B5     		push	{r7, lr}
  80              	.LCFI3:
  81              		.cfi_def_cfa_offset 8
  82              		.cfi_offset 7, -8
  83              		.cfi_offset 14, -4
  84 0002 82B0     		sub	sp, sp, #8
  85              	.LCFI4:
  86              		.cfi_def_cfa_offset 16
  87 0004 00AF     		add	r7, sp, #0
  88              	.LCFI5:
  89              		.cfi_def_cfa_register 7
  90 0006 7860     		str	r0, [r7, #4]
  91 0008 3960     		str	r1, [r7]
ARM GAS  C:\Users\BJRN~1\AppData\Local\Temp\ccPcMdTS.s 			page 3


  24:.\config.c    ****     parameters_setTemp(parametersPtr_, *temp);
  92              		.loc 1 24 0
  93 000a 0A4B     		ldr	r3, .L6
  94 000c 1A68     		ldr	r2, [r3]
  95 000e 7B68     		ldr	r3, [r7, #4]
  96 0010 1B68     		ldr	r3, [r3]
  97 0012 101C     		mov	r0, r2
  98 0014 191C     		add	r1, r3, #0
  99 0016 FFF7FEFF 		bl	parameters_setTemp
  25:.\config.c    ****     parameters_setHumi(parametersPtr_, *humi);
 100              		.loc 1 25 0
 101 001a 064B     		ldr	r3, .L6
 102 001c 1A68     		ldr	r2, [r3]
 103 001e 3B68     		ldr	r3, [r7]
 104 0020 1B68     		ldr	r3, [r3]
 105 0022 101C     		mov	r0, r2
 106 0024 191C     		add	r1, r3, #0
 107 0026 FFF7FEFF 		bl	parameters_setHumi
  26:.\config.c    ****     
  27:.\config.c    ****     return 0;
 108              		.loc 1 27 0
 109 002a 0023     		mov	r3, #0
  28:.\config.c    **** }...
 110              		.loc 1 28 0
 111 002c 181C     		mov	r0, r3
 112 002e BD46     		mov	sp, r7
 113 0030 02B0     		add	sp, sp, #8
 114              		@ sp needed for prologue
 115 0032 80BD     		pop	{r7, pc}
 116              	.L7:
 117              		.align	2
 118              	.L6:
 119 0034 00000000 		.word	parametersPtr_
 120              		.cfi_endproc
 121              	.LFE1:
 122              		.size	config_config, .-config_config
 123              		.text
 124              	.Letext0:
 125              		.file 2 ".\\parameters.h"
 126              		.file 3 ".\\buffer.h"
 127              		.section	.debug_info,"",%progbits
 128              	.Ldebug_info0:
 129 0000 8F010000 		.4byte	0x18f
 130 0004 0200     		.2byte	0x2
 131 0006 00000000 		.4byte	.Ldebug_abbrev0
 132 000a 04       		.byte	0x4
 133 000b 01       		.uleb128 0x1
 134 000c 35000000 		.4byte	.LASF21
 135 0010 01       		.byte	0x1
 136 0011 3B010000 		.4byte	.LASF22
 137 0015 D9000000 		.4byte	.LASF23
 138 0019 00000000 		.4byte	.Ldebug_ranges0+0
 139 001d 00000000 		.4byte	0
 140 0021 00000000 		.4byte	0
 141 0025 00000000 		.4byte	.Ldebug_line0
 142 0029 02       		.uleb128 0x2
 143 002a B7000000 		.4byte	.LASF5
ARM GAS  C:\Users\BJRN~1\AppData\Local\Temp\ccPcMdTS.s 			page 4


 144 002e 0C       		.byte	0xc
 145 002f 02       		.byte	0x2
 146 0030 0E       		.byte	0xe
 147 0031 60000000 		.4byte	0x60
 148 0035 03       		.uleb128 0x3
 149 0036 17010000 		.4byte	.LASF0
 150 003a 02       		.byte	0x2
 151 003b 10       		.byte	0x10
 152 003c 60000000 		.4byte	0x60
 153 0040 02       		.byte	0x2
 154 0041 23       		.byte	0x23
 155 0042 00       		.uleb128 0
 156 0043 03       		.uleb128 0x3
 157 0044 23000000 		.4byte	.LASF1
 158 0048 02       		.byte	0x2
 159 0049 11       		.byte	0x11
 160 004a 60000000 		.4byte	0x60
 161 004e 02       		.byte	0x2
 162 004f 23       		.byte	0x23
 163 0050 04       		.uleb128 0x4
 164 0051 03       		.uleb128 0x3
 165 0052 2D000000 		.4byte	.LASF2
 166 0056 02       		.byte	0x2
 167 0057 12       		.byte	0x12
 168 0058 67000000 		.4byte	0x67
 169 005c 02       		.byte	0x2
 170 005d 23       		.byte	0x23
 171 005e 08       		.uleb128 0x8
 172 005f 00       		.byte	0
 173 0060 04       		.uleb128 0x4
 174 0061 04       		.byte	0x4
 175 0062 04       		.byte	0x4
 176 0063 11010000 		.4byte	.LASF3
 177 0067 04       		.uleb128 0x4
 178 0068 01       		.byte	0x1
 179 0069 08       		.byte	0x8
 180 006a A4000000 		.4byte	.LASF4
 181 006e 05       		.uleb128 0x5
 182 006f EE000000 		.4byte	.LASF13
 183 0073 02       		.byte	0x2
 184 0074 13       		.byte	0x13
 185 0075 29000000 		.4byte	0x29
 186 0079 02       		.uleb128 0x2
 187 007a F9000000 		.4byte	.LASF6
 188 007e 3C       		.byte	0x3c
 189 007f 03       		.byte	0x3
 190 0080 0F       		.byte	0xf
 191 0081 B0000000 		.4byte	0xb0
 192 0085 03       		.uleb128 0x3
 193 0086 C7000000 		.4byte	.LASF7
 194 008a 03       		.byte	0x3
 195 008b 11       		.byte	0x11
 196 008c B0000000 		.4byte	0xb0
 197 0090 02       		.byte	0x2
 198 0091 23       		.byte	0x23
 199 0092 00       		.uleb128 0
 200 0093 03       		.uleb128 0x3
ARM GAS  C:\Users\BJRN~1\AppData\Local\Temp\ccPcMdTS.s 			page 5


 201 0094 CF000000 		.4byte	.LASF8
 202 0098 03       		.byte	0x3
 203 0099 12       		.byte	0x12
 204 009a CE000000 		.4byte	0xce
 205 009e 02       		.byte	0x2
 206 009f 23       		.byte	0x23
 207 00a0 34       		.uleb128 0x34
 208 00a1 03       		.uleb128 0x3
 209 00a2 1B000000 		.4byte	.LASF9
 210 00a6 03       		.byte	0x3
 211 00a7 13       		.byte	0x13
 212 00a8 CE000000 		.4byte	0xce
 213 00ac 02       		.byte	0x2
 214 00ad 23       		.byte	0x23
 215 00ae 38       		.uleb128 0x38
 216 00af 00       		.byte	0
 217 00b0 06       		.uleb128 0x6
 218 00b1 C7000000 		.4byte	0xc7
 219 00b5 C0000000 		.4byte	0xc0
 220 00b9 07       		.uleb128 0x7
 221 00ba C0000000 		.4byte	0xc0
 222 00be 32       		.byte	0x32
 223 00bf 00       		.byte	0
 224 00c0 04       		.uleb128 0x4
 225 00c1 04       		.byte	0x4
 226 00c2 07       		.byte	0x7
 227 00c3 32010000 		.4byte	.LASF10
 228 00c7 04       		.uleb128 0x4
 229 00c8 01       		.byte	0x1
 230 00c9 08       		.byte	0x8
 231 00ca B2000000 		.4byte	.LASF11
 232 00ce 04       		.uleb128 0x4
 233 00cf 04       		.byte	0x4
 234 00d0 07       		.byte	0x7
 235 00d1 00000000 		.4byte	.LASF12
 236 00d5 05       		.uleb128 0x5
 237 00d6 24010000 		.4byte	.LASF14
 238 00da 03       		.byte	0x3
 239 00db 14       		.byte	0x14
 240 00dc 79000000 		.4byte	0x79
 241 00e0 08       		.uleb128 0x8
 242 00e1 01       		.byte	0x1
 243 00e2 05010000 		.4byte	.LASF24
 244 00e6 01       		.byte	0x1
 245 00e7 10       		.byte	0x10
 246 00e8 01       		.byte	0x1
 247 00e9 00000000 		.4byte	.LFB0
 248 00ed 24000000 		.4byte	.LFE0
 249 00f1 00000000 		.4byte	.LLST0
 250 00f5 01       		.byte	0x1
 251 00f6 17010000 		.4byte	0x117
 252 00fa 09       		.uleb128 0x9
 253 00fb 2B010000 		.4byte	.LASF15
 254 00ff 01       		.byte	0x1
 255 0100 10       		.byte	0x10
 256 0101 17010000 		.4byte	0x117
 257 0105 02       		.byte	0x2
ARM GAS  C:\Users\BJRN~1\AppData\Local\Temp\ccPcMdTS.s 			page 6


 258 0106 91       		.byte	0x91
 259 0107 74       		.sleb128 -12
 260 0108 09       		.uleb128 0x9
 261 0109 8E000000 		.4byte	.LASF16
 262 010d 01       		.byte	0x1
 263 010e 10       		.byte	0x10
 264 010f 1D010000 		.4byte	0x11d
 265 0113 02       		.byte	0x2
 266 0114 91       		.byte	0x91
 267 0115 70       		.sleb128 -16
 268 0116 00       		.byte	0
 269 0117 0A       		.uleb128 0xa
 270 0118 04       		.byte	0x4
 271 0119 6E000000 		.4byte	0x6e
 272 011d 0A       		.uleb128 0xa
 273 011e 04       		.byte	0x4
 274 011f D5000000 		.4byte	0xd5
 275 0123 0B       		.uleb128 0xb
 276 0124 01       		.byte	0x1
 277 0125 0D000000 		.4byte	.LASF25
 278 0129 01       		.byte	0x1
 279 012a 16       		.byte	0x16
 280 012b 01       		.byte	0x1
 281 012c 5E010000 		.4byte	0x15e
 282 0130 00000000 		.4byte	.LFB1
 283 0134 38000000 		.4byte	.LFE1
 284 0138 38000000 		.4byte	.LLST1
 285 013c 01       		.byte	0x1
 286 013d 5E010000 		.4byte	0x15e
 287 0141 09       		.uleb128 0x9
 288 0142 D4000000 		.4byte	.LASF17
 289 0146 01       		.byte	0x1
 290 0147 16       		.byte	0x16
 291 0148 65010000 		.4byte	0x165
 292 014c 02       		.byte	0x2
 293 014d 91       		.byte	0x91
 294 014e 74       		.sleb128 -12
 295 014f 09       		.uleb128 0x9
 296 0150 7E000000 		.4byte	.LASF18
 297 0154 01       		.byte	0x1
 298 0155 16       		.byte	0x16
 299 0156 65010000 		.4byte	0x165
 300 015a 02       		.byte	0x2
 301 015b 91       		.byte	0x91
 302 015c 70       		.sleb128 -16
 303 015d 00       		.byte	0
 304 015e 0C       		.uleb128 0xc
 305 015f 04       		.byte	0x4
 306 0160 05       		.byte	0x5
 307 0161 696E7400 		.ascii	"int\000"
 308 0165 0A       		.uleb128 0xa
 309 0166 04       		.byte	0x4
 310 0167 6B010000 		.4byte	0x16b
 311 016b 0D       		.uleb128 0xd
 312 016c 60000000 		.4byte	0x60
 313 0170 0E       		.uleb128 0xe
 314 0171 95000000 		.4byte	.LASF19
ARM GAS  C:\Users\BJRN~1\AppData\Local\Temp\ccPcMdTS.s 			page 7


 315 0175 01       		.byte	0x1
 316 0176 0C       		.byte	0xc
 317 0177 17010000 		.4byte	0x117
 318 017b 05       		.byte	0x5
 319 017c 03       		.byte	0x3
 320 017d 00000000 		.4byte	parametersPtr_
 321 0181 0E       		.uleb128 0xe
 322 0182 83000000 		.4byte	.LASF20
 323 0186 01       		.byte	0x1
 324 0187 0D       		.byte	0xd
 325 0188 1D010000 		.4byte	0x11d
 326 018c 05       		.byte	0x5
 327 018d 03       		.byte	0x3
 328 018e 04000000 		.4byte	bufferPtr_
 329 0192 00       		.byte	0
 330              		.section	.debug_abbrev,"",%progbits
 331              	.Ldebug_abbrev0:
 332 0000 01       		.uleb128 0x1
 333 0001 11       		.uleb128 0x11
 334 0002 01       		.byte	0x1
 335 0003 25       		.uleb128 0x25
 336 0004 0E       		.uleb128 0xe
 337 0005 13       		.uleb128 0x13
 338 0006 0B       		.uleb128 0xb
 339 0007 03       		.uleb128 0x3
 340 0008 0E       		.uleb128 0xe
 341 0009 1B       		.uleb128 0x1b
 342 000a 0E       		.uleb128 0xe
 343 000b 55       		.uleb128 0x55
 344 000c 06       		.uleb128 0x6
 345 000d 11       		.uleb128 0x11
 346 000e 01       		.uleb128 0x1
 347 000f 52       		.uleb128 0x52
 348 0010 01       		.uleb128 0x1
 349 0011 10       		.uleb128 0x10
 350 0012 06       		.uleb128 0x6
 351 0013 00       		.byte	0
 352 0014 00       		.byte	0
 353 0015 02       		.uleb128 0x2
 354 0016 13       		.uleb128 0x13
 355 0017 01       		.byte	0x1
 356 0018 03       		.uleb128 0x3
 357 0019 0E       		.uleb128 0xe
 358 001a 0B       		.uleb128 0xb
 359 001b 0B       		.uleb128 0xb
 360 001c 3A       		.uleb128 0x3a
 361 001d 0B       		.uleb128 0xb
 362 001e 3B       		.uleb128 0x3b
 363 001f 0B       		.uleb128 0xb
 364 0020 01       		.uleb128 0x1
 365 0021 13       		.uleb128 0x13
 366 0022 00       		.byte	0
 367 0023 00       		.byte	0
 368 0024 03       		.uleb128 0x3
 369 0025 0D       		.uleb128 0xd
 370 0026 00       		.byte	0
 371 0027 03       		.uleb128 0x3
ARM GAS  C:\Users\BJRN~1\AppData\Local\Temp\ccPcMdTS.s 			page 8


 372 0028 0E       		.uleb128 0xe
 373 0029 3A       		.uleb128 0x3a
 374 002a 0B       		.uleb128 0xb
 375 002b 3B       		.uleb128 0x3b
 376 002c 0B       		.uleb128 0xb
 377 002d 49       		.uleb128 0x49
 378 002e 13       		.uleb128 0x13
 379 002f 38       		.uleb128 0x38
 380 0030 0A       		.uleb128 0xa
 381 0031 00       		.byte	0
 382 0032 00       		.byte	0
 383 0033 04       		.uleb128 0x4
 384 0034 24       		.uleb128 0x24
 385 0035 00       		.byte	0
 386 0036 0B       		.uleb128 0xb
 387 0037 0B       		.uleb128 0xb
 388 0038 3E       		.uleb128 0x3e
 389 0039 0B       		.uleb128 0xb
 390 003a 03       		.uleb128 0x3
 391 003b 0E       		.uleb128 0xe
 392 003c 00       		.byte	0
 393 003d 00       		.byte	0
 394 003e 05       		.uleb128 0x5
 395 003f 16       		.uleb128 0x16
 396 0040 00       		.byte	0
 397 0041 03       		.uleb128 0x3
 398 0042 0E       		.uleb128 0xe
 399 0043 3A       		.uleb128 0x3a
 400 0044 0B       		.uleb128 0xb
 401 0045 3B       		.uleb128 0x3b
 402 0046 0B       		.uleb128 0xb
 403 0047 49       		.uleb128 0x49
 404 0048 13       		.uleb128 0x13
 405 0049 00       		.byte	0
 406 004a 00       		.byte	0
 407 004b 06       		.uleb128 0x6
 408 004c 01       		.uleb128 0x1
 409 004d 01       		.byte	0x1
 410 004e 49       		.uleb128 0x49
 411 004f 13       		.uleb128 0x13
 412 0050 01       		.uleb128 0x1
 413 0051 13       		.uleb128 0x13
 414 0052 00       		.byte	0
 415 0053 00       		.byte	0
 416 0054 07       		.uleb128 0x7
 417 0055 21       		.uleb128 0x21
 418 0056 00       		.byte	0
 419 0057 49       		.uleb128 0x49
 420 0058 13       		.uleb128 0x13
 421 0059 2F       		.uleb128 0x2f
 422 005a 0B       		.uleb128 0xb
 423 005b 00       		.byte	0
 424 005c 00       		.byte	0
 425 005d 08       		.uleb128 0x8
 426 005e 2E       		.uleb128 0x2e
 427 005f 01       		.byte	0x1
 428 0060 3F       		.uleb128 0x3f
ARM GAS  C:\Users\BJRN~1\AppData\Local\Temp\ccPcMdTS.s 			page 9


 429 0061 0C       		.uleb128 0xc
 430 0062 03       		.uleb128 0x3
 431 0063 0E       		.uleb128 0xe
 432 0064 3A       		.uleb128 0x3a
 433 0065 0B       		.uleb128 0xb
 434 0066 3B       		.uleb128 0x3b
 435 0067 0B       		.uleb128 0xb
 436 0068 27       		.uleb128 0x27
 437 0069 0C       		.uleb128 0xc
 438 006a 11       		.uleb128 0x11
 439 006b 01       		.uleb128 0x1
 440 006c 12       		.uleb128 0x12
 441 006d 01       		.uleb128 0x1
 442 006e 40       		.uleb128 0x40
 443 006f 06       		.uleb128 0x6
 444 0070 9742     		.uleb128 0x2117
 445 0072 0C       		.uleb128 0xc
 446 0073 01       		.uleb128 0x1
 447 0074 13       		.uleb128 0x13
 448 0075 00       		.byte	0
 449 0076 00       		.byte	0
 450 0077 09       		.uleb128 0x9
 451 0078 05       		.uleb128 0x5
 452 0079 00       		.byte	0
 453 007a 03       		.uleb128 0x3
 454 007b 0E       		.uleb128 0xe
 455 007c 3A       		.uleb128 0x3a
 456 007d 0B       		.uleb128 0xb
 457 007e 3B       		.uleb128 0x3b
 458 007f 0B       		.uleb128 0xb
 459 0080 49       		.uleb128 0x49
 460 0081 13       		.uleb128 0x13
 461 0082 02       		.uleb128 0x2
 462 0083 0A       		.uleb128 0xa
 463 0084 00       		.byte	0
 464 0085 00       		.byte	0
 465 0086 0A       		.uleb128 0xa
 466 0087 0F       		.uleb128 0xf
 467 0088 00       		.byte	0
 468 0089 0B       		.uleb128 0xb
 469 008a 0B       		.uleb128 0xb
 470 008b 49       		.uleb128 0x49
 471 008c 13       		.uleb128 0x13
 472 008d 00       		.byte	0
 473 008e 00       		.byte	0
 474 008f 0B       		.uleb128 0xb
 475 0090 2E       		.uleb128 0x2e
 476 0091 01       		.byte	0x1
 477 0092 3F       		.uleb128 0x3f
 478 0093 0C       		.uleb128 0xc
 479 0094 03       		.uleb128 0x3
 480 0095 0E       		.uleb128 0xe
 481 0096 3A       		.uleb128 0x3a
 482 0097 0B       		.uleb128 0xb
 483 0098 3B       		.uleb128 0x3b
 484 0099 0B       		.uleb128 0xb
 485 009a 27       		.uleb128 0x27
ARM GAS  C:\Users\BJRN~1\AppData\Local\Temp\ccPcMdTS.s 			page 10


 486 009b 0C       		.uleb128 0xc
 487 009c 49       		.uleb128 0x49
 488 009d 13       		.uleb128 0x13
 489 009e 11       		.uleb128 0x11
 490 009f 01       		.uleb128 0x1
 491 00a0 12       		.uleb128 0x12
 492 00a1 01       		.uleb128 0x1
 493 00a2 40       		.uleb128 0x40
 494 00a3 06       		.uleb128 0x6
 495 00a4 9642     		.uleb128 0x2116
 496 00a6 0C       		.uleb128 0xc
 497 00a7 01       		.uleb128 0x1
 498 00a8 13       		.uleb128 0x13
 499 00a9 00       		.byte	0
 500 00aa 00       		.byte	0
 501 00ab 0C       		.uleb128 0xc
 502 00ac 24       		.uleb128 0x24
 503 00ad 00       		.byte	0
 504 00ae 0B       		.uleb128 0xb
 505 00af 0B       		.uleb128 0xb
 506 00b0 3E       		.uleb128 0x3e
 507 00b1 0B       		.uleb128 0xb
 508 00b2 03       		.uleb128 0x3
 509 00b3 08       		.uleb128 0x8
 510 00b4 00       		.byte	0
 511 00b5 00       		.byte	0
 512 00b6 0D       		.uleb128 0xd
 513 00b7 26       		.uleb128 0x26
 514 00b8 00       		.byte	0
 515 00b9 49       		.uleb128 0x49
 516 00ba 13       		.uleb128 0x13
 517 00bb 00       		.byte	0
 518 00bc 00       		.byte	0
 519 00bd 0E       		.uleb128 0xe
 520 00be 34       		.uleb128 0x34
 521 00bf 00       		.byte	0
 522 00c0 03       		.uleb128 0x3
 523 00c1 0E       		.uleb128 0xe
 524 00c2 3A       		.uleb128 0x3a
 525 00c3 0B       		.uleb128 0xb
 526 00c4 3B       		.uleb128 0x3b
 527 00c5 0B       		.uleb128 0xb
 528 00c6 49       		.uleb128 0x49
 529 00c7 13       		.uleb128 0x13
 530 00c8 02       		.uleb128 0x2
 531 00c9 0A       		.uleb128 0xa
 532 00ca 00       		.byte	0
 533 00cb 00       		.byte	0
 534 00cc 00       		.byte	0
 535              		.section	.debug_loc,"",%progbits
 536              	.Ldebug_loc0:
 537              	.LLST0:
 538 0000 00000000 		.4byte	.LFB0
 539 0004 02000000 		.4byte	.LCFI0
 540 0008 0200     		.2byte	0x2
 541 000a 7D       		.byte	0x7d
 542 000b 00       		.sleb128 0
ARM GAS  C:\Users\BJRN~1\AppData\Local\Temp\ccPcMdTS.s 			page 11


 543 000c 02000000 		.4byte	.LCFI0
 544 0010 04000000 		.4byte	.LCFI1
 545 0014 0200     		.2byte	0x2
 546 0016 7D       		.byte	0x7d
 547 0017 08       		.sleb128 8
 548 0018 04000000 		.4byte	.LCFI1
 549 001c 06000000 		.4byte	.LCFI2
 550 0020 0200     		.2byte	0x2
 551 0022 7D       		.byte	0x7d
 552 0023 10       		.sleb128 16
 553 0024 06000000 		.4byte	.LCFI2
 554 0028 24000000 		.4byte	.LFE0
 555 002c 0200     		.2byte	0x2
 556 002e 77       		.byte	0x77
 557 002f 10       		.sleb128 16
 558 0030 00000000 		.4byte	0
 559 0034 00000000 		.4byte	0
 560              	.LLST1:
 561 0038 00000000 		.4byte	.LFB1
 562 003c 02000000 		.4byte	.LCFI3
 563 0040 0200     		.2byte	0x2
 564 0042 7D       		.byte	0x7d
 565 0043 00       		.sleb128 0
 566 0044 02000000 		.4byte	.LCFI3
 567 0048 04000000 		.4byte	.LCFI4
 568 004c 0200     		.2byte	0x2
 569 004e 7D       		.byte	0x7d
 570 004f 08       		.sleb128 8
 571 0050 04000000 		.4byte	.LCFI4
 572 0054 06000000 		.4byte	.LCFI5
 573 0058 0200     		.2byte	0x2
 574 005a 7D       		.byte	0x7d
 575 005b 10       		.sleb128 16
 576 005c 06000000 		.4byte	.LCFI5
 577 0060 38000000 		.4byte	.LFE1
 578 0064 0200     		.2byte	0x2
 579 0066 77       		.byte	0x77
 580 0067 10       		.sleb128 16
 581 0068 00000000 		.4byte	0
 582 006c 00000000 		.4byte	0
 583              		.section	.debug_aranges,"",%progbits
 584 0000 24000000 		.4byte	0x24
 585 0004 0200     		.2byte	0x2
 586 0006 00000000 		.4byte	.Ldebug_info0
 587 000a 04       		.byte	0x4
 588 000b 00       		.byte	0
 589 000c 0000     		.2byte	0
 590 000e 0000     		.2byte	0
 591 0010 00000000 		.4byte	.LFB0
 592 0014 24000000 		.4byte	.LFE0-.LFB0
 593 0018 00000000 		.4byte	.LFB1
 594 001c 38000000 		.4byte	.LFE1-.LFB1
 595 0020 00000000 		.4byte	0
 596 0024 00000000 		.4byte	0
 597              		.section	.debug_ranges,"",%progbits
 598              	.Ldebug_ranges0:
 599 0000 00000000 		.4byte	.LFB0
ARM GAS  C:\Users\BJRN~1\AppData\Local\Temp\ccPcMdTS.s 			page 12


 600 0004 24000000 		.4byte	.LFE0
 601 0008 00000000 		.4byte	.LFB1
 602 000c 38000000 		.4byte	.LFE1
 603 0010 00000000 		.4byte	0
 604 0014 00000000 		.4byte	0
 605              		.section	.debug_line,"",%progbits
 606              	.Ldebug_line0:
 607 0000 6C000000 		.section	.debug_str,"MS",%progbits,1
 607      02004100 
 607      00000201 
 607      FB0E0D00 
 607      01010101 
 608              	.LASF12:
 609 0000 756E7369 		.ascii	"unsigned int\000"
 609      676E6564 
 609      20696E74 
 609      00
 610              	.LASF25:
 611 000d 636F6E66 		.ascii	"config_config\000"
 611      69675F63 
 611      6F6E6669 
 611      6700
 612              	.LASF9:
 613 001b 63757273 		.ascii	"cursor_\000"
 613      6F725F00 
 614              	.LASF1:
 615 0023 68756D69 		.ascii	"humidity_\000"
 615      64697479 
 615      5F00
 616              	.LASF2:
 617 002d 61637469 		.ascii	"active_\000"
 617      76655F00 
 618              	.LASF21:
 619 0035 474E5520 		.ascii	"GNU C 4.7.3 20130312 (release) [ARM/embedded-4_7-br"
 619      4320342E 
 619      372E3320 
 619      32303133 
 619      30333132 
 620 0068 616E6368 		.ascii	"anch revision 196615]\000"
 620      20726576 
 620      6973696F 
 620      6E203139 
 620      36363135 
 621              	.LASF18:
 622 007e 68756D69 		.ascii	"humi\000"
 622      00
 623              	.LASF20:
 624 0083 62756666 		.ascii	"bufferPtr_\000"
 624      65725074 
 624      725F00
 625              	.LASF16:
 626 008e 62756650 		.ascii	"bufPtr\000"
 626      747200
 627              	.LASF19:
 628 0095 70617261 		.ascii	"parametersPtr_\000"
 628      6D657465 
 628      72735074 
ARM GAS  C:\Users\BJRN~1\AppData\Local\Temp\ccPcMdTS.s 			page 13


 628      725F00
 629              	.LASF4:
 630 00a4 756E7369 		.ascii	"unsigned char\000"
 630      676E6564 
 630      20636861 
 630      7200
 631              	.LASF11:
 632 00b2 63686172 		.ascii	"char\000"
 632      00
 633              	.LASF5:
 634 00b7 70617261 		.ascii	"parameters_type\000"
 634      6D657465 
 634      72735F74 
 634      79706500 
 635              	.LASF7:
 636 00c7 62756666 		.ascii	"buffer_\000"
 636      65725F00 
 637              	.LASF8:
 638 00cf 6C656E5F 		.ascii	"len_\000"
 638      00
 639              	.LASF17:
 640 00d4 74656D70 		.ascii	"temp\000"
 640      00
 641              	.LASF23:
 642 00d9 433A5C45 		.ascii	"C:\\Enhed\\Enhed.cydsn\000"
 642      6E686564 
 642      5C456E68 
 642      65642E63 
 642      7964736E 
 643              	.LASF13:
 644 00ee 70617261 		.ascii	"parameters\000"
 644      6D657465 
 644      727300
 645              	.LASF6:
 646 00f9 62756666 		.ascii	"buffer_type\000"
 646      65725F74 
 646      79706500 
 647              	.LASF24:
 648 0105 636F6E66 		.ascii	"config_init\000"
 648      69675F69 
 648      6E697400 
 649              	.LASF3:
 650 0111 666C6F61 		.ascii	"float\000"
 650      7400
 651              	.LASF0:
 652 0117 74656D70 		.ascii	"temperature_\000"
 652      65726174 
 652      7572655F 
 652      00
 653              	.LASF14:
 654 0124 62756666 		.ascii	"buffer\000"
 654      657200
 655              	.LASF15:
 656 012b 70617250 		.ascii	"parPtr\000"
 656      747200
 657              	.LASF10:
 658 0132 73697A65 		.ascii	"sizetype\000"
ARM GAS  C:\Users\BJRN~1\AppData\Local\Temp\ccPcMdTS.s 			page 14


 658      74797065 
 658      00
 659              	.LASF22:
 660 013b 2E5C636F 		.ascii	".\\config.c\000"
 660      6E666967 
 660      2E6300
 661              		.ident	"GCC: (GNU Tools for ARM Embedded Processors) 4.7.3 20130312 (release) [ARM/embedded-4_7-br
