ARM GAS  C:\Users\BJRN~1\AppData\Local\Temp\cceoMyar.s 			page 1


   1              		.cpu cortex-m0
   2              		.fpu softvfp
   3              		.eabi_attribute 20, 1
   4              		.eabi_attribute 21, 1
   5              		.eabi_attribute 23, 3
   6              		.eabi_attribute 24, 1
   7              		.eabi_attribute 25, 1
   8              		.eabi_attribute 26, 1
   9              		.eabi_attribute 30, 6
  10              		.eabi_attribute 34, 0
  11              		.eabi_attribute 18, 4
  12              		.code	16
  13              		.file	"Enhed.c"
  14              		.text
  15              	.Ltext0:
  16              		.cfi_sections	.debug_frame
  17              		.section	.text.main,"ax",%progbits
  18              		.align	2
  19              		.global	main
  20              		.code	16
  21              		.thumb_func
  22              		.type	main, %function
  23              	main:
  24              	.LFB33:
  25              		.file 1 ".\\Enhed.c"
   1:.\Enhed.c     **** /*
   2:.\Enhed.c     **** * File: test_controllers.c
   3:.\Enhed.c     **** * Description: Test program for controller classes
   4:.\Enhed.c     **** * Project: PRJ3
   5:.\Enhed.c     **** * 
   6:.\Enhed.c     **** * Author: Bjørn Sørensen
   7:.\Enhed.c     **** */
   8:.\Enhed.c     **** 
   9:.\Enhed.c     **** 
  10:.\Enhed.c     **** #include <project.h>
  11:.\Enhed.c     **** // Controllers
  12:.\Enhed.c     **** #include "loadData.h"
  13:.\Enhed.c     **** #include "onOff.h"
  14:.\Enhed.c     **** #include "config.h"
  15:.\Enhed.c     **** #include "addRemove.h"
  16:.\Enhed.c     **** 
  17:.\Enhed.c     **** // Domain
  18:.\Enhed.c     **** #include "buffer.h"
  19:.\Enhed.c     **** #include "parameters.h"
  20:.\Enhed.c     **** 
  21:.\Enhed.c     **** // Boundary
  22:.\Enhed.c     **** #include "sensorPackage.h"
  23:.\Enhed.c     **** #include "spi_handler.h"
  24:.\Enhed.c     **** 
  25:.\Enhed.c     **** int main()
  26:.\Enhed.c     **** {
  26              		.loc 1 26 0
  27              		.cfi_startproc
  28 0000 80B5     		push	{r7, lr}
  29              	.LCFI0:
  30              		.cfi_def_cfa_offset 8
  31              		.cfi_offset 7, -8
ARM GAS  C:\Users\BJRN~1\AppData\Local\Temp\cceoMyar.s 			page 2


  32              		.cfi_offset 14, -4
  33 0002 92B0     		sub	sp, sp, #72
  34              	.LCFI1:
  35              		.cfi_def_cfa_offset 80
  36 0004 00AF     		add	r7, sp, #0
  37              	.LCFI2:
  38              		.cfi_def_cfa_register 7
  27:.\Enhed.c     ****     // Enable global interrupts (Used for SPI, PIR and timers)  
  28:.\Enhed.c     ****     CyGlobalIntEnable;
  39              		.loc 1 28 0
  40              	@ 28 ".\Enhed.c" 1
  41 0006 62B6     		CPSIE   i
  42              	@ 0 "" 2
  29:.\Enhed.c     ****     
  30:.\Enhed.c     ****     // Create objects
  31:.\Enhed.c     ****     buffer bufferObj;
  32:.\Enhed.c     ****     buffer_init(&bufferObj);
  43              		.loc 1 32 0
  44              		.code	16
  45 0008 3B1C     		mov	r3, r7
  46 000a 0C33     		add	r3, r3, #12
  47 000c 181C     		mov	r0, r3
  48 000e FFF7FEFF 		bl	buffer_init
  33:.\Enhed.c     ****     
  34:.\Enhed.c     ****     parameters paramObj;
  35:.\Enhed.c     ****     parameters_init(&paramObj);
  49              		.loc 1 35 0
  50 0012 3B1C     		mov	r3, r7
  51 0014 181C     		mov	r0, r3
  52 0016 FFF7FEFF 		bl	parameters_init
  36:.\Enhed.c     ****     
  37:.\Enhed.c     ****     // Init controllers
  38:.\Enhed.c     ****     addRemove_init();
  53              		.loc 1 38 0
  54 001a FFF7FEFF 		bl	addRemove_init
  39:.\Enhed.c     ****     config_init(&paramObj, &bufferObj);
  55              		.loc 1 39 0
  56 001e 3A1C     		mov	r2, r7
  57 0020 3B1C     		mov	r3, r7
  58 0022 0C33     		add	r3, r3, #12
  59 0024 101C     		mov	r0, r2
  60 0026 191C     		mov	r1, r3
  61 0028 FFF7FEFF 		bl	config_init
  40:.\Enhed.c     ****     loadData_init(&paramObj, &bufferObj);
  62              		.loc 1 40 0
  63 002c 3A1C     		mov	r2, r7
  64 002e 3B1C     		mov	r3, r7
  65 0030 0C33     		add	r3, r3, #12
  66 0032 101C     		mov	r0, r2
  67 0034 191C     		mov	r1, r3
  68 0036 FFF7FEFF 		bl	loadData_init
  41:.\Enhed.c     ****     onOff_init(&paramObj, &bufferObj);
  69              		.loc 1 41 0
  70 003a 3A1C     		mov	r2, r7
  71 003c 3B1C     		mov	r3, r7
  72 003e 0C33     		add	r3, r3, #12
  73 0040 101C     		mov	r0, r2
ARM GAS  C:\Users\BJRN~1\AppData\Local\Temp\cceoMyar.s 			page 3


  74 0042 191C     		mov	r1, r3
  75 0044 FFF7FEFF 		bl	onOff_init
  42:.\Enhed.c     ****     
  43:.\Enhed.c     ****     // Init boundary
  44:.\Enhed.c     ****     sensorPackage_init();
  76              		.loc 1 44 0
  77 0048 FFF7FEFF 		bl	sensorPackage_init
  78              	.L2:
  45:.\Enhed.c     ****     
  46:.\Enhed.c     ****     // Stay here and wait for timer og SPI interrupts
  47:.\Enhed.c     ****     while(1);
  79              		.loc 1 47 0 discriminator 1
  80 004c FEE7     		b	.L2
  81              		.cfi_endproc
  82              	.LFE33:
  83              		.size	main, .-main
  84 004e C046     		.text
  85              	.Letext0:
  86              		.file 2 ".\\buffer.h"
  87              		.file 3 ".\\parameters.h"
  88              		.section	.debug_info,"",%progbits
  89              	.Ldebug_info0:
  90 0000 54010000 		.4byte	0x154
  91 0004 0200     		.2byte	0x2
  92 0006 00000000 		.4byte	.Ldebug_abbrev0
  93 000a 04       		.byte	0x4
  94 000b 01       		.uleb128 0x1
  95 000c 84000000 		.4byte	.LASF25
  96 0010 01       		.byte	0x1
  97 0011 3C000000 		.4byte	.LASF26
  98 0015 58000000 		.4byte	.LASF27
  99 0019 00000000 		.4byte	.Ldebug_ranges0+0
 100 001d 00000000 		.4byte	0
 101 0021 00000000 		.4byte	0
 102 0025 00000000 		.4byte	.Ldebug_line0
 103 0029 02       		.uleb128 0x2
 104 002a 01       		.byte	0x1
 105 002b 06       		.byte	0x6
 106 002c 48010000 		.4byte	.LASF0
 107 0030 02       		.uleb128 0x2
 108 0031 01       		.byte	0x1
 109 0032 08       		.byte	0x8
 110 0033 D6000000 		.4byte	.LASF1
 111 0037 02       		.uleb128 0x2
 112 0038 02       		.byte	0x2
 113 0039 05       		.byte	0x5
 114 003a 5A010000 		.4byte	.LASF2
 115 003e 02       		.uleb128 0x2
 116 003f 02       		.byte	0x2
 117 0040 07       		.byte	0x7
 118 0041 35010000 		.4byte	.LASF3
 119 0045 02       		.uleb128 0x2
 120 0046 04       		.byte	0x4
 121 0047 05       		.byte	0x5
 122 0048 01010000 		.4byte	.LASF4
 123 004c 02       		.uleb128 0x2
 124 004d 04       		.byte	0x4
ARM GAS  C:\Users\BJRN~1\AppData\Local\Temp\cceoMyar.s 			page 4


 125 004e 07       		.byte	0x7
 126 004f 46000000 		.4byte	.LASF5
 127 0053 02       		.uleb128 0x2
 128 0054 08       		.byte	0x8
 129 0055 05       		.byte	0x5
 130 0056 00000000 		.4byte	.LASF6
 131 005a 02       		.uleb128 0x2
 132 005b 08       		.byte	0x8
 133 005c 07       		.byte	0x7
 134 005d 6D000000 		.4byte	.LASF7
 135 0061 03       		.uleb128 0x3
 136 0062 04       		.byte	0x4
 137 0063 05       		.byte	0x5
 138 0064 696E7400 		.ascii	"int\000"
 139 0068 02       		.uleb128 0x2
 140 0069 04       		.byte	0x4
 141 006a 07       		.byte	0x7
 142 006b 0E000000 		.4byte	.LASF8
 143 006f 02       		.uleb128 0x2
 144 0070 04       		.byte	0x4
 145 0071 04       		.byte	0x4
 146 0072 54010000 		.4byte	.LASF9
 147 0076 02       		.uleb128 0x2
 148 0077 08       		.byte	0x8
 149 0078 04       		.byte	0x4
 150 0079 0F010000 		.4byte	.LASF10
 151 007d 02       		.uleb128 0x2
 152 007e 01       		.byte	0x1
 153 007f 08       		.byte	0x8
 154 0080 E4000000 		.4byte	.LASF11
 155 0084 02       		.uleb128 0x2
 156 0085 04       		.byte	0x4
 157 0086 07       		.byte	0x7
 158 0087 78010000 		.4byte	.LASF12
 159 008b 04       		.uleb128 0x4
 160 008c 29010000 		.4byte	.LASF16
 161 0090 3C       		.byte	0x3c
 162 0091 02       		.byte	0x2
 163 0092 0F       		.byte	0xf
 164 0093 C2000000 		.4byte	0xc2
 165 0097 05       		.uleb128 0x5
 166 0098 F9000000 		.4byte	.LASF13
 167 009c 02       		.byte	0x2
 168 009d 11       		.byte	0x11
 169 009e C2000000 		.4byte	0xc2
 170 00a2 02       		.byte	0x2
 171 00a3 23       		.byte	0x23
 172 00a4 00       		.uleb128 0
 173 00a5 05       		.uleb128 0x5
 174 00a6 0A010000 		.4byte	.LASF14
 175 00aa 02       		.byte	0x2
 176 00ab 12       		.byte	0x12
 177 00ac 68000000 		.4byte	0x68
 178 00b0 02       		.byte	0x2
 179 00b1 23       		.byte	0x23
 180 00b2 34       		.uleb128 0x34
 181 00b3 05       		.uleb128 0x5
ARM GAS  C:\Users\BJRN~1\AppData\Local\Temp\cceoMyar.s 			page 5


 182 00b4 16010000 		.4byte	.LASF15
 183 00b8 02       		.byte	0x2
 184 00b9 13       		.byte	0x13
 185 00ba 68000000 		.4byte	0x68
 186 00be 02       		.byte	0x2
 187 00bf 23       		.byte	0x23
 188 00c0 38       		.uleb128 0x38
 189 00c1 00       		.byte	0
 190 00c2 06       		.uleb128 0x6
 191 00c3 7D000000 		.4byte	0x7d
 192 00c7 D2000000 		.4byte	0xd2
 193 00cb 07       		.uleb128 0x7
 194 00cc 84000000 		.4byte	0x84
 195 00d0 32       		.byte	0x32
 196 00d1 00       		.byte	0
 197 00d2 08       		.uleb128 0x8
 198 00d3 71010000 		.4byte	.LASF21
 199 00d7 02       		.byte	0x2
 200 00d8 14       		.byte	0x14
 201 00d9 8B000000 		.4byte	0x8b
 202 00dd 04       		.uleb128 0x4
 203 00de E9000000 		.4byte	.LASF17
 204 00e2 0C       		.byte	0xc
 205 00e3 03       		.byte	0x3
 206 00e4 0E       		.byte	0xe
 207 00e5 14010000 		.4byte	0x114
 208 00e9 05       		.uleb128 0x5
 209 00ea 64010000 		.4byte	.LASF18
 210 00ee 03       		.byte	0x3
 211 00ef 10       		.byte	0x10
 212 00f0 6F000000 		.4byte	0x6f
 213 00f4 02       		.byte	0x2
 214 00f5 23       		.byte	0x23
 215 00f6 00       		.uleb128 0
 216 00f7 05       		.uleb128 0x5
 217 00f8 25000000 		.4byte	.LASF19
 218 00fc 03       		.byte	0x3
 219 00fd 11       		.byte	0x11
 220 00fe 6F000000 		.4byte	0x6f
 221 0102 02       		.byte	0x2
 222 0103 23       		.byte	0x23
 223 0104 04       		.uleb128 0x4
 224 0105 05       		.uleb128 0x5
 225 0106 34000000 		.4byte	.LASF20
 226 010a 03       		.byte	0x3
 227 010b 12       		.byte	0x12
 228 010c 30000000 		.4byte	0x30
 229 0110 02       		.byte	0x2
 230 0111 23       		.byte	0x23
 231 0112 08       		.uleb128 0x8
 232 0113 00       		.byte	0
 233 0114 08       		.uleb128 0x8
 234 0115 1E010000 		.4byte	.LASF22
 235 0119 03       		.byte	0x3
 236 011a 13       		.byte	0x13
 237 011b DD000000 		.4byte	0xdd
 238 011f 09       		.uleb128 0x9
ARM GAS  C:\Users\BJRN~1\AppData\Local\Temp\cceoMyar.s 			page 6


 239 0120 01       		.byte	0x1
 240 0121 2F000000 		.4byte	.LASF28
 241 0125 01       		.byte	0x1
 242 0126 19       		.byte	0x19
 243 0127 61000000 		.4byte	0x61
 244 012b 00000000 		.4byte	.LFB33
 245 012f 4E000000 		.4byte	.LFE33
 246 0133 00000000 		.4byte	.LLST0
 247 0137 01       		.byte	0x1
 248 0138 0A       		.uleb128 0xa
 249 0139 1B000000 		.4byte	.LASF23
 250 013d 01       		.byte	0x1
 251 013e 1F       		.byte	0x1f
 252 013f D2000000 		.4byte	0xd2
 253 0143 03       		.byte	0x3
 254 0144 91       		.byte	0x91
 255 0145 BC7F     		.sleb128 -68
 256 0147 0A       		.uleb128 0xa
 257 0148 CD000000 		.4byte	.LASF24
 258 014c 01       		.byte	0x1
 259 014d 22       		.byte	0x22
 260 014e 14010000 		.4byte	0x114
 261 0152 03       		.byte	0x3
 262 0153 91       		.byte	0x91
 263 0154 B07F     		.sleb128 -80
 264 0156 00       		.byte	0
 265 0157 00       		.byte	0
 266              		.section	.debug_abbrev,"",%progbits
 267              	.Ldebug_abbrev0:
 268 0000 01       		.uleb128 0x1
 269 0001 11       		.uleb128 0x11
 270 0002 01       		.byte	0x1
 271 0003 25       		.uleb128 0x25
 272 0004 0E       		.uleb128 0xe
 273 0005 13       		.uleb128 0x13
 274 0006 0B       		.uleb128 0xb
 275 0007 03       		.uleb128 0x3
 276 0008 0E       		.uleb128 0xe
 277 0009 1B       		.uleb128 0x1b
 278 000a 0E       		.uleb128 0xe
 279 000b 55       		.uleb128 0x55
 280 000c 06       		.uleb128 0x6
 281 000d 11       		.uleb128 0x11
 282 000e 01       		.uleb128 0x1
 283 000f 52       		.uleb128 0x52
 284 0010 01       		.uleb128 0x1
 285 0011 10       		.uleb128 0x10
 286 0012 06       		.uleb128 0x6
 287 0013 00       		.byte	0
 288 0014 00       		.byte	0
 289 0015 02       		.uleb128 0x2
 290 0016 24       		.uleb128 0x24
 291 0017 00       		.byte	0
 292 0018 0B       		.uleb128 0xb
 293 0019 0B       		.uleb128 0xb
 294 001a 3E       		.uleb128 0x3e
 295 001b 0B       		.uleb128 0xb
ARM GAS  C:\Users\BJRN~1\AppData\Local\Temp\cceoMyar.s 			page 7


 296 001c 03       		.uleb128 0x3
 297 001d 0E       		.uleb128 0xe
 298 001e 00       		.byte	0
 299 001f 00       		.byte	0
 300 0020 03       		.uleb128 0x3
 301 0021 24       		.uleb128 0x24
 302 0022 00       		.byte	0
 303 0023 0B       		.uleb128 0xb
 304 0024 0B       		.uleb128 0xb
 305 0025 3E       		.uleb128 0x3e
 306 0026 0B       		.uleb128 0xb
 307 0027 03       		.uleb128 0x3
 308 0028 08       		.uleb128 0x8
 309 0029 00       		.byte	0
 310 002a 00       		.byte	0
 311 002b 04       		.uleb128 0x4
 312 002c 13       		.uleb128 0x13
 313 002d 01       		.byte	0x1
 314 002e 03       		.uleb128 0x3
 315 002f 0E       		.uleb128 0xe
 316 0030 0B       		.uleb128 0xb
 317 0031 0B       		.uleb128 0xb
 318 0032 3A       		.uleb128 0x3a
 319 0033 0B       		.uleb128 0xb
 320 0034 3B       		.uleb128 0x3b
 321 0035 0B       		.uleb128 0xb
 322 0036 01       		.uleb128 0x1
 323 0037 13       		.uleb128 0x13
 324 0038 00       		.byte	0
 325 0039 00       		.byte	0
 326 003a 05       		.uleb128 0x5
 327 003b 0D       		.uleb128 0xd
 328 003c 00       		.byte	0
 329 003d 03       		.uleb128 0x3
 330 003e 0E       		.uleb128 0xe
 331 003f 3A       		.uleb128 0x3a
 332 0040 0B       		.uleb128 0xb
 333 0041 3B       		.uleb128 0x3b
 334 0042 0B       		.uleb128 0xb
 335 0043 49       		.uleb128 0x49
 336 0044 13       		.uleb128 0x13
 337 0045 38       		.uleb128 0x38
 338 0046 0A       		.uleb128 0xa
 339 0047 00       		.byte	0
 340 0048 00       		.byte	0
 341 0049 06       		.uleb128 0x6
 342 004a 01       		.uleb128 0x1
 343 004b 01       		.byte	0x1
 344 004c 49       		.uleb128 0x49
 345 004d 13       		.uleb128 0x13
 346 004e 01       		.uleb128 0x1
 347 004f 13       		.uleb128 0x13
 348 0050 00       		.byte	0
 349 0051 00       		.byte	0
 350 0052 07       		.uleb128 0x7
 351 0053 21       		.uleb128 0x21
 352 0054 00       		.byte	0
ARM GAS  C:\Users\BJRN~1\AppData\Local\Temp\cceoMyar.s 			page 8


 353 0055 49       		.uleb128 0x49
 354 0056 13       		.uleb128 0x13
 355 0057 2F       		.uleb128 0x2f
 356 0058 0B       		.uleb128 0xb
 357 0059 00       		.byte	0
 358 005a 00       		.byte	0
 359 005b 08       		.uleb128 0x8
 360 005c 16       		.uleb128 0x16
 361 005d 00       		.byte	0
 362 005e 03       		.uleb128 0x3
 363 005f 0E       		.uleb128 0xe
 364 0060 3A       		.uleb128 0x3a
 365 0061 0B       		.uleb128 0xb
 366 0062 3B       		.uleb128 0x3b
 367 0063 0B       		.uleb128 0xb
 368 0064 49       		.uleb128 0x49
 369 0065 13       		.uleb128 0x13
 370 0066 00       		.byte	0
 371 0067 00       		.byte	0
 372 0068 09       		.uleb128 0x9
 373 0069 2E       		.uleb128 0x2e
 374 006a 01       		.byte	0x1
 375 006b 3F       		.uleb128 0x3f
 376 006c 0C       		.uleb128 0xc
 377 006d 03       		.uleb128 0x3
 378 006e 0E       		.uleb128 0xe
 379 006f 3A       		.uleb128 0x3a
 380 0070 0B       		.uleb128 0xb
 381 0071 3B       		.uleb128 0x3b
 382 0072 0B       		.uleb128 0xb
 383 0073 49       		.uleb128 0x49
 384 0074 13       		.uleb128 0x13
 385 0075 11       		.uleb128 0x11
 386 0076 01       		.uleb128 0x1
 387 0077 12       		.uleb128 0x12
 388 0078 01       		.uleb128 0x1
 389 0079 40       		.uleb128 0x40
 390 007a 06       		.uleb128 0x6
 391 007b 9642     		.uleb128 0x2116
 392 007d 0C       		.uleb128 0xc
 393 007e 00       		.byte	0
 394 007f 00       		.byte	0
 395 0080 0A       		.uleb128 0xa
 396 0081 34       		.uleb128 0x34
 397 0082 00       		.byte	0
 398 0083 03       		.uleb128 0x3
 399 0084 0E       		.uleb128 0xe
 400 0085 3A       		.uleb128 0x3a
 401 0086 0B       		.uleb128 0xb
 402 0087 3B       		.uleb128 0x3b
 403 0088 0B       		.uleb128 0xb
 404 0089 49       		.uleb128 0x49
 405 008a 13       		.uleb128 0x13
 406 008b 02       		.uleb128 0x2
 407 008c 0A       		.uleb128 0xa
 408 008d 00       		.byte	0
 409 008e 00       		.byte	0
ARM GAS  C:\Users\BJRN~1\AppData\Local\Temp\cceoMyar.s 			page 9


 410 008f 00       		.byte	0
 411              		.section	.debug_loc,"",%progbits
 412              	.Ldebug_loc0:
 413              	.LLST0:
 414 0000 00000000 		.4byte	.LFB33
 415 0004 02000000 		.4byte	.LCFI0
 416 0008 0200     		.2byte	0x2
 417 000a 7D       		.byte	0x7d
 418 000b 00       		.sleb128 0
 419 000c 02000000 		.4byte	.LCFI0
 420 0010 04000000 		.4byte	.LCFI1
 421 0014 0200     		.2byte	0x2
 422 0016 7D       		.byte	0x7d
 423 0017 08       		.sleb128 8
 424 0018 04000000 		.4byte	.LCFI1
 425 001c 06000000 		.4byte	.LCFI2
 426 0020 0300     		.2byte	0x3
 427 0022 7D       		.byte	0x7d
 428 0023 D000     		.sleb128 80
 429 0025 06000000 		.4byte	.LCFI2
 430 0029 4E000000 		.4byte	.LFE33
 431 002d 0300     		.2byte	0x3
 432 002f 77       		.byte	0x77
 433 0030 D000     		.sleb128 80
 434 0032 00000000 		.4byte	0
 435 0036 00000000 		.4byte	0
 436              		.section	.debug_aranges,"",%progbits
 437 0000 1C000000 		.4byte	0x1c
 438 0004 0200     		.2byte	0x2
 439 0006 00000000 		.4byte	.Ldebug_info0
 440 000a 04       		.byte	0x4
 441 000b 00       		.byte	0
 442 000c 0000     		.2byte	0
 443 000e 0000     		.2byte	0
 444 0010 00000000 		.4byte	.LFB33
 445 0014 4E000000 		.4byte	.LFE33-.LFB33
 446 0018 00000000 		.4byte	0
 447 001c 00000000 		.4byte	0
 448              		.section	.debug_ranges,"",%progbits
 449              	.Ldebug_ranges0:
 450 0000 00000000 		.4byte	.LFB33
 451 0004 4E000000 		.4byte	.LFE33
 452 0008 00000000 		.4byte	0
 453 000c 00000000 		.4byte	0
 454              		.section	.debug_line,"",%progbits
 455              	.Ldebug_line0:
 456 0000 62000000 		.section	.debug_str,"MS",%progbits,1
 456      02004000 
 456      00000201 
 456      FB0E0D00 
 456      01010101 
 457              	.LASF6:
 458 0000 6C6F6E67 		.ascii	"long long int\000"
 458      206C6F6E 
 458      6720696E 
 458      7400
 459              	.LASF8:
ARM GAS  C:\Users\BJRN~1\AppData\Local\Temp\cceoMyar.s 			page 10


 460 000e 756E7369 		.ascii	"unsigned int\000"
 460      676E6564 
 460      20696E74 
 460      00
 461              	.LASF23:
 462 001b 62756666 		.ascii	"bufferObj\000"
 462      65724F62 
 462      6A00
 463              	.LASF19:
 464 0025 68756D69 		.ascii	"humidity_\000"
 464      64697479 
 464      5F00
 465              	.LASF28:
 466 002f 6D61696E 		.ascii	"main\000"
 466      00
 467              	.LASF20:
 468 0034 61637469 		.ascii	"active_\000"
 468      76655F00 
 469              	.LASF26:
 470 003c 2E5C456E 		.ascii	".\\Enhed.c\000"
 470      6865642E 
 470      6300
 471              	.LASF5:
 472 0046 6C6F6E67 		.ascii	"long unsigned int\000"
 472      20756E73 
 472      69676E65 
 472      6420696E 
 472      7400
 473              	.LASF27:
 474 0058 433A5C45 		.ascii	"C:\\Enhed\\Enhed.cydsn\000"
 474      6E686564 
 474      5C456E68 
 474      65642E63 
 474      7964736E 
 475              	.LASF7:
 476 006d 6C6F6E67 		.ascii	"long long unsigned int\000"
 476      206C6F6E 
 476      6720756E 
 476      7369676E 
 476      65642069 
 477              	.LASF25:
 478 0084 474E5520 		.ascii	"GNU C 4.7.3 20130312 (release) [ARM/embedded-4_7-br"
 478      4320342E 
 478      372E3320 
 478      32303133 
 478      30333132 
 479 00b7 616E6368 		.ascii	"anch revision 196615]\000"
 479      20726576 
 479      6973696F 
 479      6E203139 
 479      36363135 
 480              	.LASF24:
 481 00cd 70617261 		.ascii	"paramObj\000"
 481      6D4F626A 
 481      00
 482              	.LASF1:
 483 00d6 756E7369 		.ascii	"unsigned char\000"
ARM GAS  C:\Users\BJRN~1\AppData\Local\Temp\cceoMyar.s 			page 11


 483      676E6564 
 483      20636861 
 483      7200
 484              	.LASF11:
 485 00e4 63686172 		.ascii	"char\000"
 485      00
 486              	.LASF17:
 487 00e9 70617261 		.ascii	"parameters_type\000"
 487      6D657465 
 487      72735F74 
 487      79706500 
 488              	.LASF13:
 489 00f9 62756666 		.ascii	"buffer_\000"
 489      65725F00 
 490              	.LASF4:
 491 0101 6C6F6E67 		.ascii	"long int\000"
 491      20696E74 
 491      00
 492              	.LASF14:
 493 010a 6C656E5F 		.ascii	"len_\000"
 493      00
 494              	.LASF10:
 495 010f 646F7562 		.ascii	"double\000"
 495      6C6500
 496              	.LASF15:
 497 0116 63757273 		.ascii	"cursor_\000"
 497      6F725F00 
 498              	.LASF22:
 499 011e 70617261 		.ascii	"parameters\000"
 499      6D657465 
 499      727300
 500              	.LASF16:
 501 0129 62756666 		.ascii	"buffer_type\000"
 501      65725F74 
 501      79706500 
 502              	.LASF3:
 503 0135 73686F72 		.ascii	"short unsigned int\000"
 503      7420756E 
 503      7369676E 
 503      65642069 
 503      6E7400
 504              	.LASF0:
 505 0148 7369676E 		.ascii	"signed char\000"
 505      65642063 
 505      68617200 
 506              	.LASF9:
 507 0154 666C6F61 		.ascii	"float\000"
 507      7400
 508              	.LASF2:
 509 015a 73686F72 		.ascii	"short int\000"
 509      7420696E 
 509      7400
 510              	.LASF18:
 511 0164 74656D70 		.ascii	"temperature_\000"
 511      65726174 
 511      7572655F 
 511      00
ARM GAS  C:\Users\BJRN~1\AppData\Local\Temp\cceoMyar.s 			page 12


 512              	.LASF21:
 513 0171 62756666 		.ascii	"buffer\000"
 513      657200
 514              	.LASF12:
 515 0178 73697A65 		.ascii	"sizetype\000"
 515      74797065 
 515      00
 516              		.ident	"GCC: (GNU Tools for ARM Embedded Processors) 4.7.3 20130312 (release) [ARM/embedded-4_7-br
