ARM GAS  C:\Users\BJRN~1\AppData\Local\Temp\ccb5tK5Q.s 			page 1


   1              		.cpu cortex-m0
   2              		.fpu softvfp
   3              		.eabi_attribute 20, 1
   4              		.eabi_attribute 21, 1
   5              		.eabi_attribute 23, 3
   6              		.eabi_attribute 24, 1
   7              		.eabi_attribute 25, 1
   8              		.eabi_attribute 26, 1
   9              		.eabi_attribute 30, 6
  10              		.eabi_attribute 34, 0
  11              		.eabi_attribute 18, 4
  12              		.code	16
  13              		.file	"loadData.c"
  14              		.text
  15              	.Ltext0:
  16              		.cfi_sections	.debug_frame
  17              		.bss
  18              		.align	2
  19              	parametersPtr_:
  20 0000 00000000 		.space	4
  21              		.align	2
  22              	bufferPtr_:
  23 0004 00000000 		.space	4
  24              	movement_:
  25 0008 00       		.space	1
  26              	dataIndex_:
  27 0009 00       		.space	1
  28 000a 0000     		.align	2
  29              	logDataTimeoutCounter_:
  30 000c 00000000 		.space	4
  31              		.align	2
  32              	waterTimeoutCounter_:
  33 0010 00000000 		.space	4
  34              		.global	__aeabi_ui2d
  35              		.global	__aeabi_dcmpge
  36              		.section	.text.logDataISR,"ax",%progbits
  37              		.align	2
  38              		.global	logDataISR
  39              		.code	16
  40              		.thumb_func
  41              		.type	logDataISR, %function
  42              	logDataISR:
  43              	.LFB33:
  44              		.file 1 ".\\loadData.c"
   1:.\loadData.c  **** /*
   2:.\loadData.c  **** * File: loadData.c 
   3:.\loadData.c  **** * Description: Implementation of controller class loadData
   4:.\loadData.c  **** * Project: PRJ3
   5:.\loadData.c  **** * 
   6:.\loadData.c  **** * Author: Bjørn Sørensen
   7:.\loadData.c  **** */
   8:.\loadData.c  **** 
   9:.\loadData.c  **** #include "loadData.h"
  10:.\loadData.c  **** #include <stdio.h>
  11:.\loadData.c  **** 
  12:.\loadData.c  **** // Private data
  13:.\loadData.c  **** static parameters * parametersPtr_;
ARM GAS  C:\Users\BJRN~1\AppData\Local\Temp\ccb5tK5Q.s 			page 2


  14:.\loadData.c  **** static buffer * bufferPtr_;
  15:.\loadData.c  **** static unsigned char movement_;
  16:.\loadData.c  **** static unsigned char dataIndex_;
  17:.\loadData.c  **** // sensorPackage is implicit known, as it contains only methods
  18:.\loadData.c  **** static unsigned int logDataTimeoutCounter_;
  19:.\loadData.c  **** static unsigned int waterTimeoutCounter_;
  20:.\loadData.c  **** 
  21:.\loadData.c  **** 
  22:.\loadData.c  **** // Public methods
  23:.\loadData.c  **** CY_ISR(logDataISR)
  24:.\loadData.c  **** {
  45              		.loc 1 24 0
  46              		.cfi_startproc
  47 0000 98B5     		push	{r3, r4, r7, lr}
  48              	.LCFI0:
  49              		.cfi_def_cfa_offset 16
  50              		.cfi_offset 3, -16
  51              		.cfi_offset 4, -12
  52              		.cfi_offset 7, -8
  53              		.cfi_offset 14, -4
  54 0002 00AF     		add	r7, sp, #0
  55              	.LCFI1:
  56              		.cfi_def_cfa_register 7
  25:.\loadData.c  ****     if(logDataTimeoutCounter_ >= LOGDATATIMEOUT*1000/10.923)   // Timer max: 10.923 ms. 
  57              		.loc 1 25 0
  58 0004 104B     		ldr	r3, .L7+8
  59 0006 1B68     		ldr	r3, [r3]
  60 0008 181C     		mov	r0, r3
  61 000a FFF7FEFF 		bl	__aeabi_ui2d
  62 000e 031C     		mov	r3, r0
  63 0010 0C1C     		mov	r4, r1
  64 0012 181C     		mov	r0, r3
  65 0014 211C     		mov	r1, r4
  66 0016 0B4B     		ldr	r3, .L7+4
  67 0018 094A     		ldr	r2, .L7
  68 001a FFF7FEFF 		bl	__aeabi_dcmpge
  69 001e 031C     		mov	r3, r0
  70 0020 002B     		cmp	r3, #0
  71 0022 05D0     		beq	.L6
  72              	.L5:
  26:.\loadData.c  ****     {
  27:.\loadData.c  ****         loadData_logDataTimeout();
  73              		.loc 1 27 0
  74 0024 FFF7FEFF 		bl	loadData_logDataTimeout
  28:.\loadData.c  ****         logDataTimeoutCounter_ = 0;
  75              		.loc 1 28 0
  76 0028 074B     		ldr	r3, .L7+8
  77 002a 0022     		mov	r2, #0
  78 002c 1A60     		str	r2, [r3]
  79 002e 04E0     		b	.L1
  80              	.L6:
  29:.\loadData.c  ****     }
  30:.\loadData.c  ****     else
  31:.\loadData.c  ****         logDataTimeoutCounter_++;
  81              		.loc 1 31 0
  82 0030 054B     		ldr	r3, .L7+8
  83 0032 1B68     		ldr	r3, [r3]
ARM GAS  C:\Users\BJRN~1\AppData\Local\Temp\ccb5tK5Q.s 			page 3


  84 0034 5A1C     		add	r2, r3, #1
  85 0036 044B     		ldr	r3, .L7+8
  86 0038 1A60     		str	r2, [r3]
  87              	.L1:
  32:.\loadData.c  **** }
  88              		.loc 1 32 0
  89 003a BD46     		mov	sp, r7
  90              		@ sp needed for prologue
  91 003c 98BD     		pop	{r3, r4, r7, pc}
  92              	.L8:
  93 003e C046     		.align	3
  94              	.L7:
  95 0040 C98C9B39 		.word	966495433
  96 0044 32E38640 		.word	1082581810
  97 0048 0C000000 		.word	logDataTimeoutCounter_
  98              		.cfi_endproc
  99              	.LFE33:
 100              		.size	logDataISR, .-logDataISR
 101 004c C046C046 		.section	.text.waterISR,"ax",%progbits
 102              		.align	2
 103              		.global	waterISR
 104              		.code	16
 105              		.thumb_func
 106              		.type	waterISR, %function
 107              	waterISR:
 108              	.LFB34:
  33:.\loadData.c  **** 
  34:.\loadData.c  **** CY_ISR(waterISR)
  35:.\loadData.c  **** {
 109              		.loc 1 35 0
 110              		.cfi_startproc
 111 0000 98B5     		push	{r3, r4, r7, lr}
 112              	.LCFI2:
 113              		.cfi_def_cfa_offset 16
 114              		.cfi_offset 3, -16
 115              		.cfi_offset 4, -12
 116              		.cfi_offset 7, -8
 117              		.cfi_offset 14, -4
 118 0002 00AF     		add	r7, sp, #0
 119              	.LCFI3:
 120              		.cfi_def_cfa_register 7
  36:.\loadData.c  ****     if(waterTimeoutCounter_ >= WATERTIMEOUT*1000/10.923)   // Timer max: 10.923 ms. 
 121              		.loc 1 36 0
 122 0004 104B     		ldr	r3, .L15+8
 123 0006 1B68     		ldr	r3, [r3]
 124 0008 181C     		mov	r0, r3
 125 000a FFF7FEFF 		bl	__aeabi_ui2d
 126 000e 031C     		mov	r3, r0
 127 0010 0C1C     		mov	r4, r1
 128 0012 181C     		mov	r0, r3
 129 0014 211C     		mov	r1, r4
 130 0016 0B4B     		ldr	r3, .L15+4
 131 0018 094A     		ldr	r2, .L15
 132 001a FFF7FEFF 		bl	__aeabi_dcmpge
 133 001e 031C     		mov	r3, r0
 134 0020 002B     		cmp	r3, #0
 135 0022 05D0     		beq	.L14
ARM GAS  C:\Users\BJRN~1\AppData\Local\Temp\ccb5tK5Q.s 			page 4


 136              	.L13:
  37:.\loadData.c  ****     {
  38:.\loadData.c  ****         loadData_waterTimeout();
 137              		.loc 1 38 0
 138 0024 FFF7FEFF 		bl	loadData_waterTimeout
  39:.\loadData.c  ****         waterTimeoutCounter_ = 0;
 139              		.loc 1 39 0
 140 0028 074B     		ldr	r3, .L15+8
 141 002a 0022     		mov	r2, #0
 142 002c 1A60     		str	r2, [r3]
 143 002e 04E0     		b	.L9
 144              	.L14:
  40:.\loadData.c  ****     }
  41:.\loadData.c  ****     else
  42:.\loadData.c  ****         waterTimeoutCounter_++;
 145              		.loc 1 42 0
 146 0030 054B     		ldr	r3, .L15+8
 147 0032 1B68     		ldr	r3, [r3]
 148 0034 5A1C     		add	r2, r3, #1
 149 0036 044B     		ldr	r3, .L15+8
 150 0038 1A60     		str	r2, [r3]
 151              	.L9:
  43:.\loadData.c  **** }
 152              		.loc 1 43 0
 153 003a BD46     		mov	sp, r7
 154              		@ sp needed for prologue
 155 003c 98BD     		pop	{r3, r4, r7, pc}
 156              	.L16:
 157 003e C046     		.align	3
 158              	.L15:
 159 0040 FB6F02C8 		.word	-939364357
 160 0044 FE9B8C40 		.word	1082956798
 161 0048 10000000 		.word	waterTimeoutCounter_
 162              		.cfi_endproc
 163              	.LFE34:
 164              		.size	waterISR, .-waterISR
 165 004c C046C046 		.section	.text.loadData_init,"ax",%progbits
 166              		.align	2
 167              		.global	loadData_init
 168              		.code	16
 169              		.thumb_func
 170              		.type	loadData_init, %function
 171              	loadData_init:
 172              	.LFB35:
  44:.\loadData.c  **** 
  45:.\loadData.c  **** 
  46:.\loadData.c  **** extern void loadData_init(parameters *par, buffer *buf) 
  47:.\loadData.c  **** {
 173              		.loc 1 47 0
 174              		.cfi_startproc
 175 0000 80B5     		push	{r7, lr}
 176              	.LCFI4:
 177              		.cfi_def_cfa_offset 8
 178              		.cfi_offset 7, -8
 179              		.cfi_offset 14, -4
 180 0002 82B0     		sub	sp, sp, #8
 181              	.LCFI5:
ARM GAS  C:\Users\BJRN~1\AppData\Local\Temp\ccb5tK5Q.s 			page 5


 182              		.cfi_def_cfa_offset 16
 183 0004 00AF     		add	r7, sp, #0
 184              	.LCFI6:
 185              		.cfi_def_cfa_register 7
 186 0006 7860     		str	r0, [r7, #4]
 187 0008 3960     		str	r1, [r7]
  48:.\loadData.c  ****     // Set pointers accordingly
  49:.\loadData.c  ****     parametersPtr_ = par;
 188              		.loc 1 49 0
 189 000a 134B     		ldr	r3, .L18
 190 000c 7A68     		ldr	r2, [r7, #4]
 191 000e 1A60     		str	r2, [r3]
  50:.\loadData.c  ****     bufferPtr_ = buf;
 192              		.loc 1 50 0
 193 0010 124B     		ldr	r3, .L18+4
 194 0012 3A68     		ldr	r2, [r7]
 195 0014 1A60     		str	r2, [r3]
  51:.\loadData.c  ****     // sensorPackage is implicit known, as it contains only methods
  52:.\loadData.c  ****     dataIndex_ = 0;
 196              		.loc 1 52 0
 197 0016 124B     		ldr	r3, .L18+8
 198 0018 0022     		mov	r2, #0
 199 001a 1A70     		strb	r2, [r3]
  53:.\loadData.c  ****     
  54:.\loadData.c  ****     // Start logData timer
  55:.\loadData.c  ****     logDataTimeoutCounter_ = 0;
 200              		.loc 1 55 0
 201 001c 114B     		ldr	r3, .L18+12
 202 001e 0022     		mov	r2, #0
 203 0020 1A60     		str	r2, [r3]
  56:.\loadData.c  ****     logDataTimer_Start();
 204              		.loc 1 56 0
 205 0022 FFF7FEFF 		bl	logDataTimer_Start
  57:.\loadData.c  ****     logDataInterrupt_StartEx(logDataISR);
 206              		.loc 1 57 0
 207 0026 104B     		ldr	r3, .L18+16
 208 0028 181C     		mov	r0, r3
 209 002a FFF7FEFF 		bl	logDataInterrupt_StartEx
  58:.\loadData.c  ****     
  59:.\loadData.c  ****     // Initialize water timer
  60:.\loadData.c  ****     waterTimeoutCounter_ = 0;
 210              		.loc 1 60 0
 211 002e 0F4B     		ldr	r3, .L18+20
 212 0030 0022     		mov	r2, #0
 213 0032 1A60     		str	r2, [r3]
  61:.\loadData.c  ****     waterInterrupt_StartEx(waterISR);
 214              		.loc 1 61 0
 215 0034 0E4B     		ldr	r3, .L18+24
 216 0036 181C     		mov	r0, r3
 217 0038 FFF7FEFF 		bl	waterInterrupt_StartEx
  62:.\loadData.c  ****     
  63:.\loadData.c  ****     // Set LED green
  64:.\loadData.c  ****     RED_LED_Write(1);
 218              		.loc 1 64 0
 219 003c 0120     		mov	r0, #1
 220 003e FFF7FEFF 		bl	RED_LED_Write
  65:.\loadData.c  ****     GREEN_LED_Write(0);
ARM GAS  C:\Users\BJRN~1\AppData\Local\Temp\ccb5tK5Q.s 			page 6


 221              		.loc 1 65 0
 222 0042 0020     		mov	r0, #0
 223 0044 FFF7FEFF 		bl	GREEN_LED_Write
  66:.\loadData.c  ****     BLUE_LED_Write(1);
 224              		.loc 1 66 0
 225 0048 0120     		mov	r0, #1
 226 004a FFF7FEFF 		bl	BLUE_LED_Write
  67:.\loadData.c  ****     // Get first sensor reading
  68:.\loadData.c  ****     loadData_logDataTimeout();
 227              		.loc 1 68 0
 228 004e FFF7FEFF 		bl	loadData_logDataTimeout
  69:.\loadData.c  ****     
  70:.\loadData.c  ****     
  71:.\loadData.c  **** }
 229              		.loc 1 71 0
 230 0052 BD46     		mov	sp, r7
 231 0054 02B0     		add	sp, sp, #8
 232              		@ sp needed for prologue
 233 0056 80BD     		pop	{r7, pc}
 234              	.L19:
 235              		.align	2
 236              	.L18:
 237 0058 00000000 		.word	parametersPtr_
 238 005c 04000000 		.word	bufferPtr_
 239 0060 09000000 		.word	dataIndex_
 240 0064 0C000000 		.word	logDataTimeoutCounter_
 241 0068 00000000 		.word	logDataISR
 242 006c 10000000 		.word	waterTimeoutCounter_
 243 0070 00000000 		.word	waterISR
 244              		.cfi_endproc
 245              	.LFE35:
 246              		.size	loadData_init, .-loadData_init
 247              		.section	.text.loadData_getBuffer,"ax",%progbits
 248              		.align	2
 249              		.global	loadData_getBuffer
 250              		.code	16
 251              		.thumb_func
 252              		.type	loadData_getBuffer, %function
 253              	loadData_getBuffer:
 254              	.LFB36:
  72:.\loadData.c  **** 
  73:.\loadData.c  **** int loadData_getBuffer( char ** buf, unsigned int * len)
  74:.\loadData.c  **** {
 255              		.loc 1 74 0
 256              		.cfi_startproc
 257 0000 80B5     		push	{r7, lr}
 258              	.LCFI7:
 259              		.cfi_def_cfa_offset 8
 260              		.cfi_offset 7, -8
 261              		.cfi_offset 14, -4
 262 0002 82B0     		sub	sp, sp, #8
 263              	.LCFI8:
 264              		.cfi_def_cfa_offset 16
 265 0004 00AF     		add	r7, sp, #0
 266              	.LCFI9:
 267              		.cfi_def_cfa_register 7
 268 0006 7860     		str	r0, [r7, #4]
ARM GAS  C:\Users\BJRN~1\AppData\Local\Temp\ccb5tK5Q.s 			page 7


 269 0008 3960     		str	r1, [r7]
  75:.\loadData.c  ****     buffer_getData(bufferPtr_, buf, len);
 270              		.loc 1 75 0
 271 000a 074B     		ldr	r3, .L22
 272 000c 1968     		ldr	r1, [r3]
 273 000e 7A68     		ldr	r2, [r7, #4]
 274 0010 3B68     		ldr	r3, [r7]
 275 0012 081C     		mov	r0, r1
 276 0014 111C     		mov	r1, r2
 277 0016 1A1C     		mov	r2, r3
 278 0018 FFF7FEFF 		bl	buffer_getData
  76:.\loadData.c  ****     return 0;
 279              		.loc 1 76 0
 280 001c 0023     		mov	r3, #0
  77:.\loadData.c  **** }
 281              		.loc 1 77 0
 282 001e 181C     		mov	r0, r3
 283 0020 BD46     		mov	sp, r7
 284 0022 02B0     		add	sp, sp, #8
 285              		@ sp needed for prologue
 286 0024 80BD     		pop	{r7, pc}
 287              	.L23:
 288 0026 C046     		.align	2
 289              	.L22:
 290 0028 04000000 		.word	bufferPtr_
 291              		.cfi_endproc
 292              	.LFE36:
 293              		.size	loadData_getBuffer, .-loadData_getBuffer
 294              		.section	.text.loadData_movementDetect,"ax",%progbits
 295              		.align	2
 296              		.global	loadData_movementDetect
 297              		.code	16
 298              		.thumb_func
 299              		.type	loadData_movementDetect, %function
 300              	loadData_movementDetect:
 301              	.LFB37:
  78:.\loadData.c  **** 
  79:.\loadData.c  **** int loadData_movementDetect()
  80:.\loadData.c  **** {
 302              		.loc 1 80 0
 303              		.cfi_startproc
 304 0000 80B5     		push	{r7, lr}
 305              	.LCFI10:
 306              		.cfi_def_cfa_offset 8
 307              		.cfi_offset 7, -8
 308              		.cfi_offset 14, -4
 309 0002 82B0     		sub	sp, sp, #8
 310              	.LCFI11:
 311              		.cfi_def_cfa_offset 16
 312 0004 00AF     		add	r7, sp, #0
 313              	.LCFI12:
 314              		.cfi_def_cfa_register 7
  81:.\loadData.c  ****     unsigned char val;
  82:.\loadData.c  ****     parameters_getActive(parametersPtr_, &val);
 315              		.loc 1 82 0
 316 0006 124B     		ldr	r3, .L27
 317 0008 1A68     		ldr	r2, [r3]
ARM GAS  C:\Users\BJRN~1\AppData\Local\Temp\ccb5tK5Q.s 			page 8


 318 000a FB1D     		add	r3, r7, #7
 319 000c 101C     		mov	r0, r2
 320 000e 191C     		mov	r1, r3
 321 0010 FFF7FEFF 		bl	parameters_getActive
  83:.\loadData.c  ****     if(val == 1)
 322              		.loc 1 83 0
 323 0014 FB1D     		add	r3, r7, #7
 324 0016 1B78     		ldrb	r3, [r3]
 325 0018 012B     		cmp	r3, #1
 326 001a 13D1     		bne	.L25
  84:.\loadData.c  ****      {
  85:.\loadData.c  ****         // Clear active flag in parameters
  86:.\loadData.c  ****         parameters_setActive(parametersPtr_, 0);
 327              		.loc 1 86 0
 328 001c 0C4B     		ldr	r3, .L27
 329 001e 1B68     		ldr	r3, [r3]
 330 0020 181C     		mov	r0, r3
 331 0022 0021     		mov	r1, #0
 332 0024 FFF7FEFF 		bl	parameters_setActive
  87:.\loadData.c  ****         GREEN_LED_Write(1);
 333              		.loc 1 87 0
 334 0028 0120     		mov	r0, #1
 335 002a FFF7FEFF 		bl	GREEN_LED_Write
  88:.\loadData.c  ****         RED_LED_Write(0);
 336              		.loc 1 88 0
 337 002e 0020     		mov	r0, #0
 338 0030 FFF7FEFF 		bl	RED_LED_Write
  89:.\loadData.c  ****         BLUE_LED_Write(1);
 339              		.loc 1 89 0
 340 0034 0120     		mov	r0, #1
 341 0036 FFF7FEFF 		bl	BLUE_LED_Write
  90:.\loadData.c  ****         
  91:.\loadData.c  ****         
  92:.\loadData.c  ****         // Start 30 minute timer
  93:.\loadData.c  ****         waterTimer_Start();
 342              		.loc 1 93 0
 343 003a FFF7FEFF 		bl	waterTimer_Start
  94:.\loadData.c  ****         
  95:.\loadData.c  ****         // Set movement flag
  96:.\loadData.c  ****         movement_ = 1;
 344              		.loc 1 96 0
 345 003e 054B     		ldr	r3, .L27+4
 346 0040 0122     		mov	r2, #1
 347 0042 1A70     		strb	r2, [r3]
 348              	.L25:
  97:.\loadData.c  ****     }
  98:.\loadData.c  ****     
  99:.\loadData.c  ****     return 0;
 349              		.loc 1 99 0
 350 0044 0023     		mov	r3, #0
 100:.\loadData.c  **** }
 351              		.loc 1 100 0
 352 0046 181C     		mov	r0, r3
 353 0048 BD46     		mov	sp, r7
 354 004a 02B0     		add	sp, sp, #8
 355              		@ sp needed for prologue
 356 004c 80BD     		pop	{r7, pc}
ARM GAS  C:\Users\BJRN~1\AppData\Local\Temp\ccb5tK5Q.s 			page 9


 357              	.L28:
 358 004e C046     		.align	2
 359              	.L27:
 360 0050 00000000 		.word	parametersPtr_
 361 0054 08000000 		.word	movement_
 362              		.cfi_endproc
 363              	.LFE37:
 364              		.size	loadData_movementDetect, .-loadData_movementDetect
 365              		.global	__aeabi_f2d
 366              		.section	.rodata
 367              		.align	2
 368              	.LC13:
 369 0000 2530352E 		.ascii	"%05.1f\000"
 369      316600
 370 0007 00       		.align	2
 371              	.LC16:
 372 0008 45303232 		.ascii	"E022\000"
 372      00
 373 000d 000000   		.align	2
 374              	.LC18:
 375 0010 2530332E 		.ascii	"%03.0f\000"
 375      306600
 376 0017 00       		.align	2
 377              	.LC20:
 378 0018 45303233 		.ascii	"E023\000"
 378      00
 379              		.global	__aeabi_fcmpgt
 380              		.global	__aeabi_fcmplt
 381 001d 000000   		.section	.text.loadData_logDataTimeout,"ax",%progbits
 382              		.align	2
 383              		.global	loadData_logDataTimeout
 384              		.code	16
 385              		.thumb_func
 386              		.type	loadData_logDataTimeout, %function
 387              	loadData_logDataTimeout:
 388              	.LFB38:
 101:.\loadData.c  **** 
 102:.\loadData.c  **** int loadData_logDataTimeout()
 103:.\loadData.c  **** {
 389              		.loc 1 103 0
 390              		.cfi_startproc
 391 0000 90B5     		push	{r4, r7, lr}
 392              	.LCFI13:
 393              		.cfi_def_cfa_offset 12
 394              		.cfi_offset 4, -12
 395              		.cfi_offset 7, -8
 396              		.cfi_offset 14, -4
 397 0002 8DB0     		sub	sp, sp, #52
 398              	.LCFI14:
 399              		.cfi_def_cfa_offset 64
 400 0004 02AF     		add	r7, sp, #8
 401              	.LCFI15:
 402              		.cfi_def_cfa 7, 56
 104:.\loadData.c  ****     // Get LED color and change. Set back at the end.
 105:.\loadData.c  ****     uint8 blue, red, green;
 106:.\loadData.c  ****     blue = BLUE_LED_Read();
 403              		.loc 1 106 0
ARM GAS  C:\Users\BJRN~1\AppData\Local\Temp\ccb5tK5Q.s 			page 10


 404 0006 3C1C     		mov	r4, r7
 405 0008 2634     		add	r4, r4, #38
 406 000a FFF7FEFF 		bl	BLUE_LED_Read
 407 000e 031C     		mov	r3, r0
 408 0010 2370     		strb	r3, [r4]
 107:.\loadData.c  ****     red = RED_LED_Read();
 409              		.loc 1 107 0
 410 0012 3C1C     		mov	r4, r7
 411 0014 2534     		add	r4, r4, #37
 412 0016 FFF7FEFF 		bl	RED_LED_Read
 413 001a 031C     		mov	r3, r0
 414 001c 2370     		strb	r3, [r4]
 108:.\loadData.c  ****     green = GREEN_LED_Read();
 415              		.loc 1 108 0
 416 001e 3C1C     		mov	r4, r7
 417 0020 2434     		add	r4, r4, #36
 418 0022 FFF7FEFF 		bl	GREEN_LED_Read
 419 0026 031C     		mov	r3, r0
 420 0028 2370     		strb	r3, [r4]
 109:.\loadData.c  ****     RED_LED_Write(0);
 421              		.loc 1 109 0
 422 002a 0020     		mov	r0, #0
 423 002c FFF7FEFF 		bl	RED_LED_Write
 110:.\loadData.c  ****     GREEN_LED_Write(1);
 424              		.loc 1 110 0
 425 0030 0120     		mov	r0, #1
 426 0032 FFF7FEFF 		bl	GREEN_LED_Write
 111:.\loadData.c  ****     BLUE_LED_Write(0);
 427              		.loc 1 111 0
 428 0036 0020     		mov	r0, #0
 429 0038 FFF7FEFF 		bl	BLUE_LED_Write
 112:.\loadData.c  ****     
 113:.\loadData.c  ****     int ret;    // Error flag
 114:.\loadData.c  ****     
 115:.\loadData.c  ****     // Collect data limits from parameters
 116:.\loadData.c  ****     unsigned char active;
 117:.\loadData.c  ****     float tempLimit, humiLimit;
 118:.\loadData.c  ****     parameters_getActive(parametersPtr_, &active);
 430              		.loc 1 118 0
 431 003c 5A4B     		ldr	r3, .L39
 432 003e 1A68     		ldr	r2, [r3]
 433 0040 3B1C     		mov	r3, r7
 434 0042 1F33     		add	r3, r3, #31
 435 0044 101C     		mov	r0, r2
 436 0046 191C     		mov	r1, r3
 437 0048 FFF7FEFF 		bl	parameters_getActive
 119:.\loadData.c  ****     parameters_getTemp(parametersPtr_, &tempLimit);
 438              		.loc 1 119 0
 439 004c 564B     		ldr	r3, .L39
 440 004e 1A68     		ldr	r2, [r3]
 441 0050 3B1C     		mov	r3, r7
 442 0052 1833     		add	r3, r3, #24
 443 0054 101C     		mov	r0, r2
 444 0056 191C     		mov	r1, r3
 445 0058 FFF7FEFF 		bl	parameters_getTemp
 120:.\loadData.c  ****     parameters_getHumi(parametersPtr_, &humiLimit);
 446              		.loc 1 120 0
ARM GAS  C:\Users\BJRN~1\AppData\Local\Temp\ccb5tK5Q.s 			page 11


 447 005c 524B     		ldr	r3, .L39
 448 005e 1A68     		ldr	r2, [r3]
 449 0060 3B1C     		mov	r3, r7
 450 0062 1433     		add	r3, r3, #20
 451 0064 101C     		mov	r0, r2
 452 0066 191C     		mov	r1, r3
 453 0068 FFF7FEFF 		bl	parameters_getHumi
 121:.\loadData.c  ****     
 122:.\loadData.c  ****     
 123:.\loadData.c  ****     // Collect data from sensorpackage
 124:.\loadData.c  ****     float temp, humi;
 125:.\loadData.c  ****     sensorPackage_getData(&temp, &humi);
 454              		.loc 1 125 0
 455 006c 3A1C     		mov	r2, r7
 456 006e 1032     		add	r2, r2, #16
 457 0070 3B1C     		mov	r3, r7
 458 0072 0C33     		add	r3, r3, #12
 459 0074 101C     		mov	r0, r2
 460 0076 191C     		mov	r1, r3
 461 0078 FFF7FEFF 		bl	sensorPackage_getData
 126:.\loadData.c  ****     
 127:.\loadData.c  ****     // Create water flag and initialize
 128:.\loadData.c  ****     unsigned char water;
 129:.\loadData.c  ****     water = '0';
 462              		.loc 1 129 0
 463 007c 3B1C     		mov	r3, r7
 464 007e 2733     		add	r3, r3, #39
 465 0080 3022     		mov	r2, #48
 466 0082 1A70     		strb	r2, [r3]
 130:.\loadData.c  ****     
 131:.\loadData.c  ****     // Save data as string i buffer, with movement set accordingly
 132:.\loadData.c  ****     char data[11];
 133:.\loadData.c  ****     data[0] = 'D';
 467              		.loc 1 133 0
 468 0084 3B1C     		mov	r3, r7
 469 0086 4422     		mov	r2, #68
 470 0088 1A70     		strb	r2, [r3]
 134:.\loadData.c  **** 
 135:.\loadData.c  ****     ret = snprintf(data + 1, 6, "%05.1f", temp);   // Convert temp float to 4 character, 1 decimal 
 471              		.loc 1 135 0
 472 008a 3B69     		ldr	r3, [r7, #16]
 473 008c 181C     		add	r0, r3, #0
 474 008e FFF7FEFF 		bl	__aeabi_f2d
 475 0092 031C     		mov	r3, r0
 476 0094 0C1C     		mov	r4, r1
 477 0096 3A1C     		mov	r2, r7
 478 0098 511C     		add	r1, r2, #1
 479 009a 444A     		ldr	r2, .L39+4
 480 009c 0093     		str	r3, [sp]
 481 009e 0194     		str	r4, [sp, #4]
 482 00a0 081C     		mov	r0, r1
 483 00a2 0621     		mov	r1, #6
 484 00a4 FFF7FEFF 		bl	snprintf
 485 00a8 031C     		mov	r3, r0
 486 00aa 3B62     		str	r3, [r7, #32]
 136:.\loadData.c  ****     if(ret != 5) // In case of failure, write error to buffer
 487              		.loc 1 136 0
ARM GAS  C:\Users\BJRN~1\AppData\Local\Temp\ccb5tK5Q.s 			page 12


 488 00ac 3B6A     		ldr	r3, [r7, #32]
 489 00ae 052B     		cmp	r3, #5
 490 00b0 0AD0     		beq	.L30
 137:.\loadData.c  ****     {
 138:.\loadData.c  ****         buffer_saveData(bufferPtr_, "E022", 4);
 491              		.loc 1 138 0
 492 00b2 3F4B     		ldr	r3, .L39+8
 493 00b4 1A68     		ldr	r2, [r3]
 494 00b6 3F4B     		ldr	r3, .L39+12
 495 00b8 101C     		mov	r0, r2
 496 00ba 191C     		mov	r1, r3
 497 00bc 0422     		mov	r2, #4
 498 00be FFF7FEFF 		bl	buffer_saveData
 139:.\loadData.c  ****         return -22;
 499              		.loc 1 139 0
 500 00c2 1623     		mov	r3, #22
 501 00c4 5B42     		neg	r3, r3
 502 00c6 6AE0     		b	.L38
 503              	.L30:
 140:.\loadData.c  ****     }
 141:.\loadData.c  ****     
 142:.\loadData.c  ****     ret = snprintf(data + 6, 4, "%03.0f", humi);  // Convert humi float to 3 character, 0 left-padd
 504              		.loc 1 142 0
 505 00c8 FB68     		ldr	r3, [r7, #12]
 506 00ca 181C     		add	r0, r3, #0
 507 00cc FFF7FEFF 		bl	__aeabi_f2d
 508 00d0 031C     		mov	r3, r0
 509 00d2 0C1C     		mov	r4, r1
 510 00d4 3A1C     		mov	r2, r7
 511 00d6 911D     		add	r1, r2, #6
 512 00d8 374A     		ldr	r2, .L39+16
 513 00da 0093     		str	r3, [sp]
 514 00dc 0194     		str	r4, [sp, #4]
 515 00de 081C     		mov	r0, r1
 516 00e0 0421     		mov	r1, #4
 517 00e2 FFF7FEFF 		bl	snprintf
 518 00e6 031C     		mov	r3, r0
 519 00e8 3B62     		str	r3, [r7, #32]
 143:.\loadData.c  ****     if(ret != 3) // In case of failure, write error to buffer
 520              		.loc 1 143 0
 521 00ea 3B6A     		ldr	r3, [r7, #32]
 522 00ec 032B     		cmp	r3, #3
 523 00ee 0AD0     		beq	.L32
 144:.\loadData.c  ****     {
 145:.\loadData.c  ****         buffer_saveData(bufferPtr_, "E023", 4);
 524              		.loc 1 145 0
 525 00f0 2F4B     		ldr	r3, .L39+8
 526 00f2 1A68     		ldr	r2, [r3]
 527 00f4 314B     		ldr	r3, .L39+20
 528 00f6 101C     		mov	r0, r2
 529 00f8 191C     		mov	r1, r3
 530 00fa 0422     		mov	r2, #4
 531 00fc FFF7FEFF 		bl	buffer_saveData
 146:.\loadData.c  ****         return -23;
 532              		.loc 1 146 0
 533 0100 1723     		mov	r3, #23
 534 0102 5B42     		neg	r3, r3
ARM GAS  C:\Users\BJRN~1\AppData\Local\Temp\ccb5tK5Q.s 			page 13


 535 0104 4BE0     		b	.L38
 536              	.L32:
 147:.\loadData.c  ****     }
 148:.\loadData.c  ****     
 149:.\loadData.c  ****     // If sensor values are out of parameter limits and system is active, activate water
 150:.\loadData.c  ****     if(active == 1 && (temp > tempLimit || humi < humiLimit))
 537              		.loc 1 150 0
 538 0106 3B1C     		mov	r3, r7
 539 0108 1F33     		add	r3, r3, #31
 540 010a 1B78     		ldrb	r3, [r3]
 541 010c 012B     		cmp	r3, #1
 542 010e 18D1     		bne	.L33
 543              		.loc 1 150 0 is_stmt 0 discriminator 1
 544 0110 3A69     		ldr	r2, [r7, #16]
 545 0112 BB69     		ldr	r3, [r7, #24]
 546 0114 101C     		add	r0, r2, #0
 547 0116 191C     		add	r1, r3, #0
 548 0118 FFF7FEFF 		bl	__aeabi_fcmpgt
 549 011c 031C     		mov	r3, r0
 550 011e 002B     		cmp	r3, #0
 551 0120 08D1     		bne	.L34
 552 0122 FA68     		ldr	r2, [r7, #12]
 553 0124 7B69     		ldr	r3, [r7, #20]
 554 0126 101C     		add	r0, r2, #0
 555 0128 191C     		add	r1, r3, #0
 556 012a FFF7FEFF 		bl	__aeabi_fcmplt
 557 012e 031C     		mov	r3, r0
 558 0130 002B     		cmp	r3, #0
 559 0132 06D0     		beq	.L33
 560              	.L34:
 151:.\loadData.c  ****     {
 152:.\loadData.c  ****         sensorPackage_water(1);
 561              		.loc 1 152 0 is_stmt 1
 562 0134 0120     		mov	r0, #1
 563 0136 FFF7FEFF 		bl	sensorPackage_water
 153:.\loadData.c  ****         // Start water timer
 154:.\loadData.c  ****         
 155:.\loadData.c  ****         water = '1';
 564              		.loc 1 155 0
 565 013a 3B1C     		mov	r3, r7
 566 013c 2733     		add	r3, r3, #39
 567 013e 3122     		mov	r2, #49
 568 0140 1A70     		strb	r2, [r3]
 569              	.L33:
 156:.\loadData.c  ****     }
 157:.\loadData.c  ****     
 158:.\loadData.c  ****     data[9] = water;
 570              		.loc 1 158 0
 571 0142 3B1C     		mov	r3, r7
 572 0144 3A1C     		mov	r2, r7
 573 0146 2732     		add	r2, r2, #39
 574 0148 1278     		ldrb	r2, [r2]
 575 014a 5A72     		strb	r2, [r3, #9]
 159:.\loadData.c  ****     if(movement_ == 0)
 576              		.loc 1 159 0
 577 014c 1C4B     		ldr	r3, .L39+24
 578 014e 1B78     		ldrb	r3, [r3]
ARM GAS  C:\Users\BJRN~1\AppData\Local\Temp\ccb5tK5Q.s 			page 14


 579 0150 002B     		cmp	r3, #0
 580 0152 03D1     		bne	.L36
 160:.\loadData.c  ****         data[10] = '0';
 581              		.loc 1 160 0
 582 0154 3B1C     		mov	r3, r7
 583 0156 3022     		mov	r2, #48
 584 0158 9A72     		strb	r2, [r3, #10]
 585 015a 02E0     		b	.L37
 586              	.L36:
 161:.\loadData.c  ****     else
 162:.\loadData.c  ****         data[10] = '1';
 587              		.loc 1 162 0
 588 015c 3B1C     		mov	r3, r7
 589 015e 3122     		mov	r2, #49
 590 0160 9A72     		strb	r2, [r3, #10]
 591              	.L37:
 163:.\loadData.c  ****      
 164:.\loadData.c  ****     // Save data in buffer object for later use
 165:.\loadData.c  ****     buffer_saveData(bufferPtr_, data, 11);
 592              		.loc 1 165 0
 593 0162 134B     		ldr	r3, .L39+8
 594 0164 1A68     		ldr	r2, [r3]
 595 0166 3B1C     		mov	r3, r7
 596 0168 101C     		mov	r0, r2
 597 016a 191C     		mov	r1, r3
 598 016c 0B22     		mov	r2, #11
 599 016e FFF7FEFF 		bl	buffer_saveData
 166:.\loadData.c  ****         
 167:.\loadData.c  ****     // Clear movement flag
 168:.\loadData.c  ****     movement_ = 0;
 600              		.loc 1 168 0
 601 0172 134B     		ldr	r3, .L39+24
 602 0174 0022     		mov	r2, #0
 603 0176 1A70     		strb	r2, [r3]
 169:.\loadData.c  **** 
 170:.\loadData.c  ****     RED_LED_Write(red);
 604              		.loc 1 170 0
 605 0178 3B1C     		mov	r3, r7
 606 017a 2533     		add	r3, r3, #37
 607 017c 1B78     		ldrb	r3, [r3]
 608 017e 181C     		mov	r0, r3
 609 0180 FFF7FEFF 		bl	RED_LED_Write
 171:.\loadData.c  ****     GREEN_LED_Write(green);
 610              		.loc 1 171 0
 611 0184 3B1C     		mov	r3, r7
 612 0186 2433     		add	r3, r3, #36
 613 0188 1B78     		ldrb	r3, [r3]
 614 018a 181C     		mov	r0, r3
 615 018c FFF7FEFF 		bl	GREEN_LED_Write
 172:.\loadData.c  ****     BLUE_LED_Write(blue);
 616              		.loc 1 172 0
 617 0190 3B1C     		mov	r3, r7
 618 0192 2633     		add	r3, r3, #38
 619 0194 1B78     		ldrb	r3, [r3]
 620 0196 181C     		mov	r0, r3
 621 0198 FFF7FEFF 		bl	BLUE_LED_Write
 173:.\loadData.c  ****     
ARM GAS  C:\Users\BJRN~1\AppData\Local\Temp\ccb5tK5Q.s 			page 15


 174:.\loadData.c  ****     return 0;
 622              		.loc 1 174 0
 623 019c 0023     		mov	r3, #0
 624              	.L38:
 175:.\loadData.c  **** }
 625              		.loc 1 175 0
 626 019e 181C     		mov	r0, r3
 627 01a0 BD46     		mov	sp, r7
 628 01a2 0BB0     		add	sp, sp, #44
 629              		@ sp needed for prologue
 630 01a4 90BD     		pop	{r4, r7, pc}
 631              	.L40:
 632 01a6 C046     		.align	2
 633              	.L39:
 634 01a8 00000000 		.word	parametersPtr_
 635 01ac 00000000 		.word	.LC13
 636 01b0 04000000 		.word	bufferPtr_
 637 01b4 08000000 		.word	.LC16
 638 01b8 10000000 		.word	.LC18
 639 01bc 18000000 		.word	.LC20
 640 01c0 08000000 		.word	movement_
 641              		.cfi_endproc
 642              	.LFE38:
 643              		.size	loadData_logDataTimeout, .-loadData_logDataTimeout
 644              		.section	.text.loadData_waterTimeout,"ax",%progbits
 645              		.align	2
 646              		.global	loadData_waterTimeout
 647              		.code	16
 648              		.thumb_func
 649              		.type	loadData_waterTimeout, %function
 650              	loadData_waterTimeout:
 651              	.LFB39:
 176:.\loadData.c  **** int  loadData_waterTimeout()
 177:.\loadData.c  **** {
 652              		.loc 1 177 0
 653              		.cfi_startproc
 654 0000 80B5     		push	{r7, lr}
 655              	.LCFI16:
 656              		.cfi_def_cfa_offset 8
 657              		.cfi_offset 7, -8
 658              		.cfi_offset 14, -4
 659 0002 00AF     		add	r7, sp, #0
 660              	.LCFI17:
 661              		.cfi_def_cfa_register 7
 178:.\loadData.c  ****     // Set active_ flag in parameters
 179:.\loadData.c  ****     parameters_setActive(parametersPtr_, 1);
 662              		.loc 1 179 0
 663 0004 0A4B     		ldr	r3, .L43
 664 0006 1B68     		ldr	r3, [r3]
 665 0008 181C     		mov	r0, r3
 666 000a 0121     		mov	r1, #1
 667 000c FFF7FEFF 		bl	parameters_setActive
 180:.\loadData.c  ****     
 181:.\loadData.c  ****     RED_LED_Write(1);
 668              		.loc 1 181 0
 669 0010 0120     		mov	r0, #1
 670 0012 FFF7FEFF 		bl	RED_LED_Write
ARM GAS  C:\Users\BJRN~1\AppData\Local\Temp\ccb5tK5Q.s 			page 16


 182:.\loadData.c  ****     GREEN_LED_Write(0);
 671              		.loc 1 182 0
 672 0016 0020     		mov	r0, #0
 673 0018 FFF7FEFF 		bl	GREEN_LED_Write
 183:.\loadData.c  ****     BLUE_LED_Write(1);
 674              		.loc 1 183 0
 675 001c 0120     		mov	r0, #1
 676 001e FFF7FEFF 		bl	BLUE_LED_Write
 184:.\loadData.c  ****     
 185:.\loadData.c  ****     waterTimer_Stop();
 677              		.loc 1 185 0
 678 0022 FFF7FEFF 		bl	waterTimer_Stop
 186:.\loadData.c  ****     
 187:.\loadData.c  ****     return 0;
 679              		.loc 1 187 0
 680 0026 0023     		mov	r3, #0
 188:.\loadData.c  **** }
 681              		.loc 1 188 0
 682 0028 181C     		mov	r0, r3
 683 002a BD46     		mov	sp, r7
 684              		@ sp needed for prologue
 685 002c 80BD     		pop	{r7, pc}
 686              	.L44:
 687 002e C046     		.align	2
 688              	.L43:
 689 0030 00000000 		.word	parametersPtr_
 690              		.cfi_endproc
 691              	.LFE39:
 692              		.size	loadData_waterTimeout, .-loadData_waterTimeout
 693              		.text
 694              	.Letext0:
 695              		.file 2 ".\\buffer.h"
 696              		.file 3 ".\\parameters.h"
 697              		.file 4 "./Generated_Source/PSoC4/cytypes.h"
 698              		.section	.debug_info,"",%progbits
 699              	.Ldebug_info0:
 700 0000 72030000 		.4byte	0x372
 701 0004 0200     		.2byte	0x2
 702 0006 00000000 		.4byte	.Ldebug_abbrev0
 703 000a 04       		.byte	0x4
 704 000b 01       		.uleb128 0x1
 705 000c 1D020000 		.4byte	.LASF46
 706 0010 01       		.byte	0x1
 707 0011 4B010000 		.4byte	.LASF47
 708 0015 E0010000 		.4byte	.LASF48
 709 0019 00000000 		.4byte	.Ldebug_ranges0+0
 710 001d 00000000 		.4byte	0
 711 0021 00000000 		.4byte	0
 712 0025 00000000 		.4byte	.Ldebug_line0
 713 0029 02       		.uleb128 0x2
 714 002a BF000000 		.4byte	.LASF9
 715 002e 44       		.byte	0x44
 716 002f 02       		.byte	0x2
 717 0030 0F       		.byte	0xf
 718 0031 7C000000 		.4byte	0x7c
 719 0035 03       		.uleb128 0x3
 720 0036 5A000000 		.4byte	.LASF0
ARM GAS  C:\Users\BJRN~1\AppData\Local\Temp\ccb5tK5Q.s 			page 17


 721 003a 02       		.byte	0x2
 722 003b 11       		.byte	0x11
 723 003c 7C000000 		.4byte	0x7c
 724 0040 02       		.byte	0x2
 725 0041 23       		.byte	0x23
 726 0042 00       		.uleb128 0
 727 0043 03       		.uleb128 0x3
 728 0044 4E000000 		.4byte	.LASF1
 729 0048 02       		.byte	0x2
 730 0049 12       		.byte	0x12
 731 004a 9A000000 		.4byte	0x9a
 732 004e 02       		.byte	0x2
 733 004f 23       		.byte	0x23
 734 0050 34       		.uleb128 0x34
 735 0051 03       		.uleb128 0x3
 736 0052 15010000 		.4byte	.LASF2
 737 0056 02       		.byte	0x2
 738 0057 13       		.byte	0x13
 739 0058 9A000000 		.4byte	0x9a
 740 005c 02       		.byte	0x2
 741 005d 23       		.byte	0x23
 742 005e 38       		.uleb128 0x38
 743 005f 03       		.uleb128 0x3
 744 0060 29000000 		.4byte	.LASF3
 745 0064 02       		.byte	0x2
 746 0065 14       		.byte	0x14
 747 0066 9A000000 		.4byte	0x9a
 748 006a 02       		.byte	0x2
 749 006b 23       		.byte	0x23
 750 006c 3C       		.uleb128 0x3c
 751 006d 03       		.uleb128 0x3
 752 006e A1010000 		.4byte	.LASF4
 753 0072 02       		.byte	0x2
 754 0073 15       		.byte	0x15
 755 0074 A1000000 		.4byte	0xa1
 756 0078 02       		.byte	0x2
 757 0079 23       		.byte	0x23
 758 007a 40       		.uleb128 0x40
 759 007b 00       		.byte	0
 760 007c 04       		.uleb128 0x4
 761 007d 93000000 		.4byte	0x93
 762 0081 8C000000 		.4byte	0x8c
 763 0085 05       		.uleb128 0x5
 764 0086 8C000000 		.4byte	0x8c
 765 008a 32       		.byte	0x32
 766 008b 00       		.byte	0
 767 008c 06       		.uleb128 0x6
 768 008d 04       		.byte	0x4
 769 008e 07       		.byte	0x7
 770 008f C4010000 		.4byte	.LASF5
 771 0093 06       		.uleb128 0x6
 772 0094 01       		.byte	0x1
 773 0095 08       		.byte	0x8
 774 0096 DB010000 		.4byte	.LASF6
 775 009a 06       		.uleb128 0x6
 776 009b 04       		.byte	0x4
 777 009c 07       		.byte	0x7
ARM GAS  C:\Users\BJRN~1\AppData\Local\Temp\ccb5tK5Q.s 			page 18


 778 009d 75010000 		.4byte	.LASF7
 779 00a1 06       		.uleb128 0x6
 780 00a2 01       		.byte	0x1
 781 00a3 08       		.byte	0x8
 782 00a4 A6000000 		.4byte	.LASF8
 783 00a8 07       		.uleb128 0x7
 784 00a9 10020000 		.4byte	.LASF15
 785 00ad 02       		.byte	0x2
 786 00ae 16       		.byte	0x16
 787 00af 29000000 		.4byte	0x29
 788 00b3 02       		.uleb128 0x2
 789 00b4 3E000000 		.4byte	.LASF10
 790 00b8 0C       		.byte	0xc
 791 00b9 03       		.byte	0x3
 792 00ba 0E       		.byte	0xe
 793 00bb EA000000 		.4byte	0xea
 794 00bf 03       		.uleb128 0x3
 795 00c0 15000000 		.4byte	.LASF11
 796 00c4 03       		.byte	0x3
 797 00c5 10       		.byte	0x10
 798 00c6 EA000000 		.4byte	0xea
 799 00ca 02       		.byte	0x2
 800 00cb 23       		.byte	0x23
 801 00cc 00       		.uleb128 0
 802 00cd 03       		.uleb128 0x3
 803 00ce 67000000 		.4byte	.LASF12
 804 00d2 03       		.byte	0x3
 805 00d3 11       		.byte	0x11
 806 00d4 EA000000 		.4byte	0xea
 807 00d8 02       		.byte	0x2
 808 00d9 23       		.byte	0x23
 809 00da 04       		.uleb128 0x4
 810 00db 03       		.uleb128 0x3
 811 00dc 82010000 		.4byte	.LASF13
 812 00e0 03       		.byte	0x3
 813 00e1 12       		.byte	0x12
 814 00e2 A1000000 		.4byte	0xa1
 815 00e6 02       		.byte	0x2
 816 00e7 23       		.byte	0x23
 817 00e8 08       		.uleb128 0x8
 818 00e9 00       		.byte	0
 819 00ea 06       		.uleb128 0x6
 820 00eb 04       		.byte	0x4
 821 00ec 04       		.byte	0x4
 822 00ed 84000000 		.4byte	.LASF14
 823 00f1 07       		.uleb128 0x7
 824 00f2 CB000000 		.4byte	.LASF16
 825 00f6 03       		.byte	0x3
 826 00f7 13       		.byte	0x13
 827 00f8 B3000000 		.4byte	0xb3
 828 00fc 06       		.uleb128 0x6
 829 00fd 01       		.byte	0x1
 830 00fe 06       		.byte	0x6
 831 00ff AE010000 		.4byte	.LASF17
 832 0103 06       		.uleb128 0x6
 833 0104 02       		.byte	0x2
 834 0105 05       		.byte	0x5
ARM GAS  C:\Users\BJRN~1\AppData\Local\Temp\ccb5tK5Q.s 			page 19


 835 0106 06020000 		.4byte	.LASF18
 836 010a 06       		.uleb128 0x6
 837 010b 02       		.byte	0x2
 838 010c 07       		.byte	0x7
 839 010d ED000000 		.4byte	.LASF19
 840 0111 06       		.uleb128 0x6
 841 0112 04       		.byte	0x4
 842 0113 05       		.byte	0x5
 843 0114 6F020000 		.4byte	.LASF20
 844 0118 06       		.uleb128 0x6
 845 0119 04       		.byte	0x4
 846 011a 07       		.byte	0x7
 847 011b D6000000 		.4byte	.LASF21
 848 011f 06       		.uleb128 0x6
 849 0120 08       		.byte	0x8
 850 0121 05       		.byte	0x5
 851 0122 CD010000 		.4byte	.LASF22
 852 0126 06       		.uleb128 0x6
 853 0127 08       		.byte	0x8
 854 0128 07       		.byte	0x7
 855 0129 8A010000 		.4byte	.LASF23
 856 012d 08       		.uleb128 0x8
 857 012e 04       		.byte	0x4
 858 012f 05       		.byte	0x5
 859 0130 696E7400 		.ascii	"int\000"
 860 0134 07       		.uleb128 0x7
 861 0135 17020000 		.4byte	.LASF24
 862 0139 04       		.byte	0x4
 863 013a 5B       		.byte	0x5b
 864 013b A1000000 		.4byte	0xa1
 865 013f 06       		.uleb128 0x6
 866 0140 08       		.byte	0x8
 867 0141 04       		.byte	0x4
 868 0142 53000000 		.4byte	.LASF25
 869 0146 09       		.uleb128 0x9
 870 0147 04       		.byte	0x4
 871 0148 93000000 		.4byte	0x93
 872 014c 0A       		.uleb128 0xa
 873 014d 01       		.byte	0x1
 874 014e B4000000 		.4byte	.LASF26
 875 0152 01       		.byte	0x1
 876 0153 17       		.byte	0x17
 877 0154 01       		.byte	0x1
 878 0155 00000000 		.4byte	.LFB33
 879 0159 4C000000 		.4byte	.LFE33
 880 015d 00000000 		.4byte	.LLST0
 881 0161 01       		.byte	0x1
 882 0162 0A       		.uleb128 0xa
 883 0163 01       		.byte	0x1
 884 0164 66020000 		.4byte	.LASF27
 885 0168 01       		.byte	0x1
 886 0169 22       		.byte	0x22
 887 016a 01       		.byte	0x1
 888 016b 00000000 		.4byte	.LFB34
 889 016f 4C000000 		.4byte	.LFE34
 890 0173 2C000000 		.4byte	.LLST1
 891 0177 01       		.byte	0x1
ARM GAS  C:\Users\BJRN~1\AppData\Local\Temp\ccb5tK5Q.s 			page 20


 892 0178 0B       		.uleb128 0xb
 893 0179 01       		.byte	0x1
 894 017a 58010000 		.4byte	.LASF28
 895 017e 01       		.byte	0x1
 896 017f 2E       		.byte	0x2e
 897 0180 01       		.byte	0x1
 898 0181 00000000 		.4byte	.LFB35
 899 0185 74000000 		.4byte	.LFE35
 900 0189 58000000 		.4byte	.LLST2
 901 018d 01       		.byte	0x1
 902 018e AF010000 		.4byte	0x1af
 903 0192 0C       		.uleb128 0xc
 904 0193 70617200 		.ascii	"par\000"
 905 0197 01       		.byte	0x1
 906 0198 2E       		.byte	0x2e
 907 0199 AF010000 		.4byte	0x1af
 908 019d 02       		.byte	0x2
 909 019e 91       		.byte	0x91
 910 019f 74       		.sleb128 -12
 911 01a0 0C       		.uleb128 0xc
 912 01a1 62756600 		.ascii	"buf\000"
 913 01a5 01       		.byte	0x1
 914 01a6 2E       		.byte	0x2e
 915 01a7 B5010000 		.4byte	0x1b5
 916 01ab 02       		.byte	0x2
 917 01ac 91       		.byte	0x91
 918 01ad 70       		.sleb128 -16
 919 01ae 00       		.byte	0
 920 01af 09       		.uleb128 0x9
 921 01b0 04       		.byte	0x4
 922 01b1 F1000000 		.4byte	0xf1
 923 01b5 09       		.uleb128 0x9
 924 01b6 04       		.byte	0x4
 925 01b7 A8000000 		.4byte	0xa8
 926 01bb 0D       		.uleb128 0xd
 927 01bc 01       		.byte	0x1
 928 01bd 71000000 		.4byte	.LASF49
 929 01c1 01       		.byte	0x1
 930 01c2 49       		.byte	0x49
 931 01c3 01       		.byte	0x1
 932 01c4 2D010000 		.4byte	0x12d
 933 01c8 00000000 		.4byte	.LFB36
 934 01cc 2C000000 		.4byte	.LFE36
 935 01d0 90000000 		.4byte	.LLST3
 936 01d4 01       		.byte	0x1
 937 01d5 F6010000 		.4byte	0x1f6
 938 01d9 0C       		.uleb128 0xc
 939 01da 62756600 		.ascii	"buf\000"
 940 01de 01       		.byte	0x1
 941 01df 49       		.byte	0x49
 942 01e0 F6010000 		.4byte	0x1f6
 943 01e4 02       		.byte	0x2
 944 01e5 91       		.byte	0x91
 945 01e6 74       		.sleb128 -12
 946 01e7 0C       		.uleb128 0xc
 947 01e8 6C656E00 		.ascii	"len\000"
 948 01ec 01       		.byte	0x1
ARM GAS  C:\Users\BJRN~1\AppData\Local\Temp\ccb5tK5Q.s 			page 21


 949 01ed 49       		.byte	0x49
 950 01ee FC010000 		.4byte	0x1fc
 951 01f2 02       		.byte	0x2
 952 01f3 91       		.byte	0x91
 953 01f4 70       		.sleb128 -16
 954 01f5 00       		.byte	0
 955 01f6 09       		.uleb128 0x9
 956 01f7 04       		.byte	0x4
 957 01f8 46010000 		.4byte	0x146
 958 01fc 09       		.uleb128 0x9
 959 01fd 04       		.byte	0x4
 960 01fe 9A000000 		.4byte	0x9a
 961 0202 0E       		.uleb128 0xe
 962 0203 01       		.byte	0x1
 963 0204 33010000 		.4byte	.LASF29
 964 0208 01       		.byte	0x1
 965 0209 4F       		.byte	0x4f
 966 020a 2D010000 		.4byte	0x12d
 967 020e 00000000 		.4byte	.LFB37
 968 0212 58000000 		.4byte	.LFE37
 969 0216 C8000000 		.4byte	.LLST4
 970 021a 01       		.byte	0x1
 971 021b 2E020000 		.4byte	0x22e
 972 021f 0F       		.uleb128 0xf
 973 0220 76616C00 		.ascii	"val\000"
 974 0224 01       		.byte	0x1
 975 0225 51       		.byte	0x51
 976 0226 A1000000 		.4byte	0xa1
 977 022a 02       		.byte	0x2
 978 022b 91       		.byte	0x91
 979 022c 77       		.sleb128 -9
 980 022d 00       		.byte	0
 981 022e 0E       		.uleb128 0xe
 982 022f 01       		.byte	0x1
 983 0230 78020000 		.4byte	.LASF30
 984 0234 01       		.byte	0x1
 985 0235 66       		.byte	0x66
 986 0236 2D010000 		.4byte	0x12d
 987 023a 00000000 		.4byte	.LFB38
 988 023e C4010000 		.4byte	.LFE38
 989 0242 00010000 		.4byte	.LLST5
 990 0246 01       		.byte	0x1
 991 0247 E6020000 		.4byte	0x2e6
 992 024b 10       		.uleb128 0x10
 993 024c 62000000 		.4byte	.LASF31
 994 0250 01       		.byte	0x1
 995 0251 69       		.byte	0x69
 996 0252 34010000 		.4byte	0x134
 997 0256 02       		.byte	0x2
 998 0257 91       		.byte	0x91
 999 0258 6E       		.sleb128 -18
 1000 0259 0F       		.uleb128 0xf
 1001 025a 72656400 		.ascii	"red\000"
 1002 025e 01       		.byte	0x1
 1003 025f 69       		.byte	0x69
 1004 0260 34010000 		.4byte	0x134
 1005 0264 02       		.byte	0x2
ARM GAS  C:\Users\BJRN~1\AppData\Local\Temp\ccb5tK5Q.s 			page 22


 1006 0265 91       		.byte	0x91
 1007 0266 6D       		.sleb128 -19
 1008 0267 10       		.uleb128 0x10
 1009 0268 00010000 		.4byte	.LASF32
 1010 026c 01       		.byte	0x1
 1011 026d 69       		.byte	0x69
 1012 026e 34010000 		.4byte	0x134
 1013 0272 02       		.byte	0x2
 1014 0273 91       		.byte	0x91
 1015 0274 6C       		.sleb128 -20
 1016 0275 0F       		.uleb128 0xf
 1017 0276 72657400 		.ascii	"ret\000"
 1018 027a 01       		.byte	0x1
 1019 027b 71       		.byte	0x71
 1020 027c 2D010000 		.4byte	0x12d
 1021 0280 02       		.byte	0x2
 1022 0281 91       		.byte	0x91
 1023 0282 68       		.sleb128 -24
 1024 0283 10       		.uleb128 0x10
 1025 0284 22000000 		.4byte	.LASF33
 1026 0288 01       		.byte	0x1
 1027 0289 74       		.byte	0x74
 1028 028a A1000000 		.4byte	0xa1
 1029 028e 02       		.byte	0x2
 1030 028f 91       		.byte	0x91
 1031 0290 67       		.sleb128 -25
 1032 0291 10       		.uleb128 0x10
 1033 0292 34000000 		.4byte	.LASF34
 1034 0296 01       		.byte	0x1
 1035 0297 75       		.byte	0x75
 1036 0298 EA000000 		.4byte	0xea
 1037 029c 02       		.byte	0x2
 1038 029d 91       		.byte	0x91
 1039 029e 60       		.sleb128 -32
 1040 029f 10       		.uleb128 0x10
 1041 02a0 BA010000 		.4byte	.LASF35
 1042 02a4 01       		.byte	0x1
 1043 02a5 75       		.byte	0x75
 1044 02a6 EA000000 		.4byte	0xea
 1045 02aa 02       		.byte	0x2
 1046 02ab 91       		.byte	0x91
 1047 02ac 5C       		.sleb128 -36
 1048 02ad 10       		.uleb128 0x10
 1049 02ae E8000000 		.4byte	.LASF36
 1050 02b2 01       		.byte	0x1
 1051 02b3 7C       		.byte	0x7c
 1052 02b4 EA000000 		.4byte	0xea
 1053 02b8 02       		.byte	0x2
 1054 02b9 91       		.byte	0x91
 1055 02ba 58       		.sleb128 -40
 1056 02bb 10       		.uleb128 0x10
 1057 02bc 10010000 		.4byte	.LASF37
 1058 02c0 01       		.byte	0x1
 1059 02c1 7C       		.byte	0x7c
 1060 02c2 EA000000 		.4byte	0xea
 1061 02c6 02       		.byte	0x2
 1062 02c7 91       		.byte	0x91
ARM GAS  C:\Users\BJRN~1\AppData\Local\Temp\ccb5tK5Q.s 			page 23


 1063 02c8 54       		.sleb128 -44
 1064 02c9 10       		.uleb128 0x10
 1065 02ca F5010000 		.4byte	.LASF38
 1066 02ce 01       		.byte	0x1
 1067 02cf 80       		.byte	0x80
 1068 02d0 A1000000 		.4byte	0xa1
 1069 02d4 02       		.byte	0x2
 1070 02d5 91       		.byte	0x91
 1071 02d6 6F       		.sleb128 -17
 1072 02d7 10       		.uleb128 0x10
 1073 02d8 8A000000 		.4byte	.LASF39
 1074 02dc 01       		.byte	0x1
 1075 02dd 84       		.byte	0x84
 1076 02de E6020000 		.4byte	0x2e6
 1077 02e2 02       		.byte	0x2
 1078 02e3 91       		.byte	0x91
 1079 02e4 48       		.sleb128 -56
 1080 02e5 00       		.byte	0
 1081 02e6 04       		.uleb128 0x4
 1082 02e7 93000000 		.4byte	0x93
 1083 02eb F6020000 		.4byte	0x2f6
 1084 02ef 05       		.uleb128 0x5
 1085 02f0 8C000000 		.4byte	0x8c
 1086 02f4 0A       		.byte	0xa
 1087 02f5 00       		.byte	0
 1088 02f6 11       		.uleb128 0x11
 1089 02f7 01       		.byte	0x1
 1090 02f8 1D010000 		.4byte	.LASF40
 1091 02fc 01       		.byte	0x1
 1092 02fd B0       		.byte	0xb0
 1093 02fe 2D010000 		.4byte	0x12d
 1094 0302 00000000 		.4byte	.LFB39
 1095 0306 34000000 		.4byte	.LFE39
 1096 030a 39010000 		.4byte	.LLST6
 1097 030e 01       		.byte	0x1
 1098 030f 10       		.uleb128 0x10
 1099 0310 66010000 		.4byte	.LASF41
 1100 0314 01       		.byte	0x1
 1101 0315 0D       		.byte	0xd
 1102 0316 AF010000 		.4byte	0x1af
 1103 031a 05       		.byte	0x5
 1104 031b 03       		.byte	0x3
 1105 031c 00000000 		.4byte	parametersPtr_
 1106 0320 10       		.uleb128 0x10
 1107 0321 FB010000 		.4byte	.LASF42
 1108 0325 01       		.byte	0x1
 1109 0326 0E       		.byte	0xe
 1110 0327 B5010000 		.4byte	0x1b5
 1111 032b 05       		.byte	0x5
 1112 032c 03       		.byte	0x3
 1113 032d 04000000 		.4byte	bufferPtr_
 1114 0331 10       		.uleb128 0x10
 1115 0332 06010000 		.4byte	.LASF43
 1116 0336 01       		.byte	0x1
 1117 0337 0F       		.byte	0xf
 1118 0338 A1000000 		.4byte	0xa1
 1119 033c 05       		.byte	0x5
ARM GAS  C:\Users\BJRN~1\AppData\Local\Temp\ccb5tK5Q.s 			page 24


 1120 033d 03       		.byte	0x3
 1121 033e 08000000 		.4byte	movement_
 1122 0342 10       		.uleb128 0x10
 1123 0343 29000000 		.4byte	.LASF3
 1124 0347 01       		.byte	0x1
 1125 0348 10       		.byte	0x10
 1126 0349 A1000000 		.4byte	0xa1
 1127 034d 05       		.byte	0x5
 1128 034e 03       		.byte	0x3
 1129 034f 09000000 		.4byte	dataIndex_
 1130 0353 10       		.uleb128 0x10
 1131 0354 8F000000 		.4byte	.LASF44
 1132 0358 01       		.byte	0x1
 1133 0359 12       		.byte	0x12
 1134 035a 9A000000 		.4byte	0x9a
 1135 035e 05       		.byte	0x5
 1136 035f 03       		.byte	0x3
 1137 0360 0C000000 		.4byte	logDataTimeoutCounter_
 1138 0364 10       		.uleb128 0x10
 1139 0365 00000000 		.4byte	.LASF45
 1140 0369 01       		.byte	0x1
 1141 036a 13       		.byte	0x13
 1142 036b 9A000000 		.4byte	0x9a
 1143 036f 05       		.byte	0x5
 1144 0370 03       		.byte	0x3
 1145 0371 10000000 		.4byte	waterTimeoutCounter_
 1146 0375 00       		.byte	0
 1147              		.section	.debug_abbrev,"",%progbits
 1148              	.Ldebug_abbrev0:
 1149 0000 01       		.uleb128 0x1
 1150 0001 11       		.uleb128 0x11
 1151 0002 01       		.byte	0x1
 1152 0003 25       		.uleb128 0x25
 1153 0004 0E       		.uleb128 0xe
 1154 0005 13       		.uleb128 0x13
 1155 0006 0B       		.uleb128 0xb
 1156 0007 03       		.uleb128 0x3
 1157 0008 0E       		.uleb128 0xe
 1158 0009 1B       		.uleb128 0x1b
 1159 000a 0E       		.uleb128 0xe
 1160 000b 55       		.uleb128 0x55
 1161 000c 06       		.uleb128 0x6
 1162 000d 11       		.uleb128 0x11
 1163 000e 01       		.uleb128 0x1
 1164 000f 52       		.uleb128 0x52
 1165 0010 01       		.uleb128 0x1
 1166 0011 10       		.uleb128 0x10
 1167 0012 06       		.uleb128 0x6
 1168 0013 00       		.byte	0
 1169 0014 00       		.byte	0
 1170 0015 02       		.uleb128 0x2
 1171 0016 13       		.uleb128 0x13
 1172 0017 01       		.byte	0x1
 1173 0018 03       		.uleb128 0x3
 1174 0019 0E       		.uleb128 0xe
 1175 001a 0B       		.uleb128 0xb
 1176 001b 0B       		.uleb128 0xb
ARM GAS  C:\Users\BJRN~1\AppData\Local\Temp\ccb5tK5Q.s 			page 25


 1177 001c 3A       		.uleb128 0x3a
 1178 001d 0B       		.uleb128 0xb
 1179 001e 3B       		.uleb128 0x3b
 1180 001f 0B       		.uleb128 0xb
 1181 0020 01       		.uleb128 0x1
 1182 0021 13       		.uleb128 0x13
 1183 0022 00       		.byte	0
 1184 0023 00       		.byte	0
 1185 0024 03       		.uleb128 0x3
 1186 0025 0D       		.uleb128 0xd
 1187 0026 00       		.byte	0
 1188 0027 03       		.uleb128 0x3
 1189 0028 0E       		.uleb128 0xe
 1190 0029 3A       		.uleb128 0x3a
 1191 002a 0B       		.uleb128 0xb
 1192 002b 3B       		.uleb128 0x3b
 1193 002c 0B       		.uleb128 0xb
 1194 002d 49       		.uleb128 0x49
 1195 002e 13       		.uleb128 0x13
 1196 002f 38       		.uleb128 0x38
 1197 0030 0A       		.uleb128 0xa
 1198 0031 00       		.byte	0
 1199 0032 00       		.byte	0
 1200 0033 04       		.uleb128 0x4
 1201 0034 01       		.uleb128 0x1
 1202 0035 01       		.byte	0x1
 1203 0036 49       		.uleb128 0x49
 1204 0037 13       		.uleb128 0x13
 1205 0038 01       		.uleb128 0x1
 1206 0039 13       		.uleb128 0x13
 1207 003a 00       		.byte	0
 1208 003b 00       		.byte	0
 1209 003c 05       		.uleb128 0x5
 1210 003d 21       		.uleb128 0x21
 1211 003e 00       		.byte	0
 1212 003f 49       		.uleb128 0x49
 1213 0040 13       		.uleb128 0x13
 1214 0041 2F       		.uleb128 0x2f
 1215 0042 0B       		.uleb128 0xb
 1216 0043 00       		.byte	0
 1217 0044 00       		.byte	0
 1218 0045 06       		.uleb128 0x6
 1219 0046 24       		.uleb128 0x24
 1220 0047 00       		.byte	0
 1221 0048 0B       		.uleb128 0xb
 1222 0049 0B       		.uleb128 0xb
 1223 004a 3E       		.uleb128 0x3e
 1224 004b 0B       		.uleb128 0xb
 1225 004c 03       		.uleb128 0x3
 1226 004d 0E       		.uleb128 0xe
 1227 004e 00       		.byte	0
 1228 004f 00       		.byte	0
 1229 0050 07       		.uleb128 0x7
 1230 0051 16       		.uleb128 0x16
 1231 0052 00       		.byte	0
 1232 0053 03       		.uleb128 0x3
 1233 0054 0E       		.uleb128 0xe
ARM GAS  C:\Users\BJRN~1\AppData\Local\Temp\ccb5tK5Q.s 			page 26


 1234 0055 3A       		.uleb128 0x3a
 1235 0056 0B       		.uleb128 0xb
 1236 0057 3B       		.uleb128 0x3b
 1237 0058 0B       		.uleb128 0xb
 1238 0059 49       		.uleb128 0x49
 1239 005a 13       		.uleb128 0x13
 1240 005b 00       		.byte	0
 1241 005c 00       		.byte	0
 1242 005d 08       		.uleb128 0x8
 1243 005e 24       		.uleb128 0x24
 1244 005f 00       		.byte	0
 1245 0060 0B       		.uleb128 0xb
 1246 0061 0B       		.uleb128 0xb
 1247 0062 3E       		.uleb128 0x3e
 1248 0063 0B       		.uleb128 0xb
 1249 0064 03       		.uleb128 0x3
 1250 0065 08       		.uleb128 0x8
 1251 0066 00       		.byte	0
 1252 0067 00       		.byte	0
 1253 0068 09       		.uleb128 0x9
 1254 0069 0F       		.uleb128 0xf
 1255 006a 00       		.byte	0
 1256 006b 0B       		.uleb128 0xb
 1257 006c 0B       		.uleb128 0xb
 1258 006d 49       		.uleb128 0x49
 1259 006e 13       		.uleb128 0x13
 1260 006f 00       		.byte	0
 1261 0070 00       		.byte	0
 1262 0071 0A       		.uleb128 0xa
 1263 0072 2E       		.uleb128 0x2e
 1264 0073 00       		.byte	0
 1265 0074 3F       		.uleb128 0x3f
 1266 0075 0C       		.uleb128 0xc
 1267 0076 03       		.uleb128 0x3
 1268 0077 0E       		.uleb128 0xe
 1269 0078 3A       		.uleb128 0x3a
 1270 0079 0B       		.uleb128 0xb
 1271 007a 3B       		.uleb128 0x3b
 1272 007b 0B       		.uleb128 0xb
 1273 007c 27       		.uleb128 0x27
 1274 007d 0C       		.uleb128 0xc
 1275 007e 11       		.uleb128 0x11
 1276 007f 01       		.uleb128 0x1
 1277 0080 12       		.uleb128 0x12
 1278 0081 01       		.uleb128 0x1
 1279 0082 40       		.uleb128 0x40
 1280 0083 06       		.uleb128 0x6
 1281 0084 9642     		.uleb128 0x2116
 1282 0086 0C       		.uleb128 0xc
 1283 0087 00       		.byte	0
 1284 0088 00       		.byte	0
 1285 0089 0B       		.uleb128 0xb
 1286 008a 2E       		.uleb128 0x2e
 1287 008b 01       		.byte	0x1
 1288 008c 3F       		.uleb128 0x3f
 1289 008d 0C       		.uleb128 0xc
 1290 008e 03       		.uleb128 0x3
ARM GAS  C:\Users\BJRN~1\AppData\Local\Temp\ccb5tK5Q.s 			page 27


 1291 008f 0E       		.uleb128 0xe
 1292 0090 3A       		.uleb128 0x3a
 1293 0091 0B       		.uleb128 0xb
 1294 0092 3B       		.uleb128 0x3b
 1295 0093 0B       		.uleb128 0xb
 1296 0094 27       		.uleb128 0x27
 1297 0095 0C       		.uleb128 0xc
 1298 0096 11       		.uleb128 0x11
 1299 0097 01       		.uleb128 0x1
 1300 0098 12       		.uleb128 0x12
 1301 0099 01       		.uleb128 0x1
 1302 009a 40       		.uleb128 0x40
 1303 009b 06       		.uleb128 0x6
 1304 009c 9642     		.uleb128 0x2116
 1305 009e 0C       		.uleb128 0xc
 1306 009f 01       		.uleb128 0x1
 1307 00a0 13       		.uleb128 0x13
 1308 00a1 00       		.byte	0
 1309 00a2 00       		.byte	0
 1310 00a3 0C       		.uleb128 0xc
 1311 00a4 05       		.uleb128 0x5
 1312 00a5 00       		.byte	0
 1313 00a6 03       		.uleb128 0x3
 1314 00a7 08       		.uleb128 0x8
 1315 00a8 3A       		.uleb128 0x3a
 1316 00a9 0B       		.uleb128 0xb
 1317 00aa 3B       		.uleb128 0x3b
 1318 00ab 0B       		.uleb128 0xb
 1319 00ac 49       		.uleb128 0x49
 1320 00ad 13       		.uleb128 0x13
 1321 00ae 02       		.uleb128 0x2
 1322 00af 0A       		.uleb128 0xa
 1323 00b0 00       		.byte	0
 1324 00b1 00       		.byte	0
 1325 00b2 0D       		.uleb128 0xd
 1326 00b3 2E       		.uleb128 0x2e
 1327 00b4 01       		.byte	0x1
 1328 00b5 3F       		.uleb128 0x3f
 1329 00b6 0C       		.uleb128 0xc
 1330 00b7 03       		.uleb128 0x3
 1331 00b8 0E       		.uleb128 0xe
 1332 00b9 3A       		.uleb128 0x3a
 1333 00ba 0B       		.uleb128 0xb
 1334 00bb 3B       		.uleb128 0x3b
 1335 00bc 0B       		.uleb128 0xb
 1336 00bd 27       		.uleb128 0x27
 1337 00be 0C       		.uleb128 0xc
 1338 00bf 49       		.uleb128 0x49
 1339 00c0 13       		.uleb128 0x13
 1340 00c1 11       		.uleb128 0x11
 1341 00c2 01       		.uleb128 0x1
 1342 00c3 12       		.uleb128 0x12
 1343 00c4 01       		.uleb128 0x1
 1344 00c5 40       		.uleb128 0x40
 1345 00c6 06       		.uleb128 0x6
 1346 00c7 9642     		.uleb128 0x2116
 1347 00c9 0C       		.uleb128 0xc
ARM GAS  C:\Users\BJRN~1\AppData\Local\Temp\ccb5tK5Q.s 			page 28


 1348 00ca 01       		.uleb128 0x1
 1349 00cb 13       		.uleb128 0x13
 1350 00cc 00       		.byte	0
 1351 00cd 00       		.byte	0
 1352 00ce 0E       		.uleb128 0xe
 1353 00cf 2E       		.uleb128 0x2e
 1354 00d0 01       		.byte	0x1
 1355 00d1 3F       		.uleb128 0x3f
 1356 00d2 0C       		.uleb128 0xc
 1357 00d3 03       		.uleb128 0x3
 1358 00d4 0E       		.uleb128 0xe
 1359 00d5 3A       		.uleb128 0x3a
 1360 00d6 0B       		.uleb128 0xb
 1361 00d7 3B       		.uleb128 0x3b
 1362 00d8 0B       		.uleb128 0xb
 1363 00d9 49       		.uleb128 0x49
 1364 00da 13       		.uleb128 0x13
 1365 00db 11       		.uleb128 0x11
 1366 00dc 01       		.uleb128 0x1
 1367 00dd 12       		.uleb128 0x12
 1368 00de 01       		.uleb128 0x1
 1369 00df 40       		.uleb128 0x40
 1370 00e0 06       		.uleb128 0x6
 1371 00e1 9642     		.uleb128 0x2116
 1372 00e3 0C       		.uleb128 0xc
 1373 00e4 01       		.uleb128 0x1
 1374 00e5 13       		.uleb128 0x13
 1375 00e6 00       		.byte	0
 1376 00e7 00       		.byte	0
 1377 00e8 0F       		.uleb128 0xf
 1378 00e9 34       		.uleb128 0x34
 1379 00ea 00       		.byte	0
 1380 00eb 03       		.uleb128 0x3
 1381 00ec 08       		.uleb128 0x8
 1382 00ed 3A       		.uleb128 0x3a
 1383 00ee 0B       		.uleb128 0xb
 1384 00ef 3B       		.uleb128 0x3b
 1385 00f0 0B       		.uleb128 0xb
 1386 00f1 49       		.uleb128 0x49
 1387 00f2 13       		.uleb128 0x13
 1388 00f3 02       		.uleb128 0x2
 1389 00f4 0A       		.uleb128 0xa
 1390 00f5 00       		.byte	0
 1391 00f6 00       		.byte	0
 1392 00f7 10       		.uleb128 0x10
 1393 00f8 34       		.uleb128 0x34
 1394 00f9 00       		.byte	0
 1395 00fa 03       		.uleb128 0x3
 1396 00fb 0E       		.uleb128 0xe
 1397 00fc 3A       		.uleb128 0x3a
 1398 00fd 0B       		.uleb128 0xb
 1399 00fe 3B       		.uleb128 0x3b
 1400 00ff 0B       		.uleb128 0xb
 1401 0100 49       		.uleb128 0x49
 1402 0101 13       		.uleb128 0x13
 1403 0102 02       		.uleb128 0x2
 1404 0103 0A       		.uleb128 0xa
ARM GAS  C:\Users\BJRN~1\AppData\Local\Temp\ccb5tK5Q.s 			page 29


 1405 0104 00       		.byte	0
 1406 0105 00       		.byte	0
 1407 0106 11       		.uleb128 0x11
 1408 0107 2E       		.uleb128 0x2e
 1409 0108 00       		.byte	0
 1410 0109 3F       		.uleb128 0x3f
 1411 010a 0C       		.uleb128 0xc
 1412 010b 03       		.uleb128 0x3
 1413 010c 0E       		.uleb128 0xe
 1414 010d 3A       		.uleb128 0x3a
 1415 010e 0B       		.uleb128 0xb
 1416 010f 3B       		.uleb128 0x3b
 1417 0110 0B       		.uleb128 0xb
 1418 0111 49       		.uleb128 0x49
 1419 0112 13       		.uleb128 0x13
 1420 0113 11       		.uleb128 0x11
 1421 0114 01       		.uleb128 0x1
 1422 0115 12       		.uleb128 0x12
 1423 0116 01       		.uleb128 0x1
 1424 0117 40       		.uleb128 0x40
 1425 0118 06       		.uleb128 0x6
 1426 0119 9642     		.uleb128 0x2116
 1427 011b 0C       		.uleb128 0xc
 1428 011c 00       		.byte	0
 1429 011d 00       		.byte	0
 1430 011e 00       		.byte	0
 1431              		.section	.debug_loc,"",%progbits
 1432              	.Ldebug_loc0:
 1433              	.LLST0:
 1434 0000 00000000 		.4byte	.LFB33
 1435 0004 02000000 		.4byte	.LCFI0
 1436 0008 0200     		.2byte	0x2
 1437 000a 7D       		.byte	0x7d
 1438 000b 00       		.sleb128 0
 1439 000c 02000000 		.4byte	.LCFI0
 1440 0010 04000000 		.4byte	.LCFI1
 1441 0014 0200     		.2byte	0x2
 1442 0016 7D       		.byte	0x7d
 1443 0017 10       		.sleb128 16
 1444 0018 04000000 		.4byte	.LCFI1
 1445 001c 4C000000 		.4byte	.LFE33
 1446 0020 0200     		.2byte	0x2
 1447 0022 77       		.byte	0x77
 1448 0023 10       		.sleb128 16
 1449 0024 00000000 		.4byte	0
 1450 0028 00000000 		.4byte	0
 1451              	.LLST1:
 1452 002c 00000000 		.4byte	.LFB34
 1453 0030 02000000 		.4byte	.LCFI2
 1454 0034 0200     		.2byte	0x2
 1455 0036 7D       		.byte	0x7d
 1456 0037 00       		.sleb128 0
 1457 0038 02000000 		.4byte	.LCFI2
 1458 003c 04000000 		.4byte	.LCFI3
 1459 0040 0200     		.2byte	0x2
 1460 0042 7D       		.byte	0x7d
 1461 0043 10       		.sleb128 16
ARM GAS  C:\Users\BJRN~1\AppData\Local\Temp\ccb5tK5Q.s 			page 30


 1462 0044 04000000 		.4byte	.LCFI3
 1463 0048 4C000000 		.4byte	.LFE34
 1464 004c 0200     		.2byte	0x2
 1465 004e 77       		.byte	0x77
 1466 004f 10       		.sleb128 16
 1467 0050 00000000 		.4byte	0
 1468 0054 00000000 		.4byte	0
 1469              	.LLST2:
 1470 0058 00000000 		.4byte	.LFB35
 1471 005c 02000000 		.4byte	.LCFI4
 1472 0060 0200     		.2byte	0x2
 1473 0062 7D       		.byte	0x7d
 1474 0063 00       		.sleb128 0
 1475 0064 02000000 		.4byte	.LCFI4
 1476 0068 04000000 		.4byte	.LCFI5
 1477 006c 0200     		.2byte	0x2
 1478 006e 7D       		.byte	0x7d
 1479 006f 08       		.sleb128 8
 1480 0070 04000000 		.4byte	.LCFI5
 1481 0074 06000000 		.4byte	.LCFI6
 1482 0078 0200     		.2byte	0x2
 1483 007a 7D       		.byte	0x7d
 1484 007b 10       		.sleb128 16
 1485 007c 06000000 		.4byte	.LCFI6
 1486 0080 74000000 		.4byte	.LFE35
 1487 0084 0200     		.2byte	0x2
 1488 0086 77       		.byte	0x77
 1489 0087 10       		.sleb128 16
 1490 0088 00000000 		.4byte	0
 1491 008c 00000000 		.4byte	0
 1492              	.LLST3:
 1493 0090 00000000 		.4byte	.LFB36
 1494 0094 02000000 		.4byte	.LCFI7
 1495 0098 0200     		.2byte	0x2
 1496 009a 7D       		.byte	0x7d
 1497 009b 00       		.sleb128 0
 1498 009c 02000000 		.4byte	.LCFI7
 1499 00a0 04000000 		.4byte	.LCFI8
 1500 00a4 0200     		.2byte	0x2
 1501 00a6 7D       		.byte	0x7d
 1502 00a7 08       		.sleb128 8
 1503 00a8 04000000 		.4byte	.LCFI8
 1504 00ac 06000000 		.4byte	.LCFI9
 1505 00b0 0200     		.2byte	0x2
 1506 00b2 7D       		.byte	0x7d
 1507 00b3 10       		.sleb128 16
 1508 00b4 06000000 		.4byte	.LCFI9
 1509 00b8 2C000000 		.4byte	.LFE36
 1510 00bc 0200     		.2byte	0x2
 1511 00be 77       		.byte	0x77
 1512 00bf 10       		.sleb128 16
 1513 00c0 00000000 		.4byte	0
 1514 00c4 00000000 		.4byte	0
 1515              	.LLST4:
 1516 00c8 00000000 		.4byte	.LFB37
 1517 00cc 02000000 		.4byte	.LCFI10
 1518 00d0 0200     		.2byte	0x2
ARM GAS  C:\Users\BJRN~1\AppData\Local\Temp\ccb5tK5Q.s 			page 31


 1519 00d2 7D       		.byte	0x7d
 1520 00d3 00       		.sleb128 0
 1521 00d4 02000000 		.4byte	.LCFI10
 1522 00d8 04000000 		.4byte	.LCFI11
 1523 00dc 0200     		.2byte	0x2
 1524 00de 7D       		.byte	0x7d
 1525 00df 08       		.sleb128 8
 1526 00e0 04000000 		.4byte	.LCFI11
 1527 00e4 06000000 		.4byte	.LCFI12
 1528 00e8 0200     		.2byte	0x2
 1529 00ea 7D       		.byte	0x7d
 1530 00eb 10       		.sleb128 16
 1531 00ec 06000000 		.4byte	.LCFI12
 1532 00f0 58000000 		.4byte	.LFE37
 1533 00f4 0200     		.2byte	0x2
 1534 00f6 77       		.byte	0x77
 1535 00f7 10       		.sleb128 16
 1536 00f8 00000000 		.4byte	0
 1537 00fc 00000000 		.4byte	0
 1538              	.LLST5:
 1539 0100 00000000 		.4byte	.LFB38
 1540 0104 02000000 		.4byte	.LCFI13
 1541 0108 0200     		.2byte	0x2
 1542 010a 7D       		.byte	0x7d
 1543 010b 00       		.sleb128 0
 1544 010c 02000000 		.4byte	.LCFI13
 1545 0110 04000000 		.4byte	.LCFI14
 1546 0114 0200     		.2byte	0x2
 1547 0116 7D       		.byte	0x7d
 1548 0117 0C       		.sleb128 12
 1549 0118 04000000 		.4byte	.LCFI14
 1550 011c 06000000 		.4byte	.LCFI15
 1551 0120 0300     		.2byte	0x3
 1552 0122 7D       		.byte	0x7d
 1553 0123 C000     		.sleb128 64
 1554 0125 06000000 		.4byte	.LCFI15
 1555 0129 C4010000 		.4byte	.LFE38
 1556 012d 0200     		.2byte	0x2
 1557 012f 77       		.byte	0x77
 1558 0130 38       		.sleb128 56
 1559 0131 00000000 		.4byte	0
 1560 0135 00000000 		.4byte	0
 1561              	.LLST6:
 1562 0139 00000000 		.4byte	.LFB39
 1563 013d 02000000 		.4byte	.LCFI16
 1564 0141 0200     		.2byte	0x2
 1565 0143 7D       		.byte	0x7d
 1566 0144 00       		.sleb128 0
 1567 0145 02000000 		.4byte	.LCFI16
 1568 0149 04000000 		.4byte	.LCFI17
 1569 014d 0200     		.2byte	0x2
 1570 014f 7D       		.byte	0x7d
 1571 0150 08       		.sleb128 8
 1572 0151 04000000 		.4byte	.LCFI17
 1573 0155 34000000 		.4byte	.LFE39
 1574 0159 0200     		.2byte	0x2
 1575 015b 77       		.byte	0x77
ARM GAS  C:\Users\BJRN~1\AppData\Local\Temp\ccb5tK5Q.s 			page 32


 1576 015c 08       		.sleb128 8
 1577 015d 00000000 		.4byte	0
 1578 0161 00000000 		.4byte	0
 1579              		.section	.debug_aranges,"",%progbits
 1580 0000 4C000000 		.4byte	0x4c
 1581 0004 0200     		.2byte	0x2
 1582 0006 00000000 		.4byte	.Ldebug_info0
 1583 000a 04       		.byte	0x4
 1584 000b 00       		.byte	0
 1585 000c 0000     		.2byte	0
 1586 000e 0000     		.2byte	0
 1587 0010 00000000 		.4byte	.LFB33
 1588 0014 4C000000 		.4byte	.LFE33-.LFB33
 1589 0018 00000000 		.4byte	.LFB34
 1590 001c 4C000000 		.4byte	.LFE34-.LFB34
 1591 0020 00000000 		.4byte	.LFB35
 1592 0024 74000000 		.4byte	.LFE35-.LFB35
 1593 0028 00000000 		.4byte	.LFB36
 1594 002c 2C000000 		.4byte	.LFE36-.LFB36
 1595 0030 00000000 		.4byte	.LFB37
 1596 0034 58000000 		.4byte	.LFE37-.LFB37
 1597 0038 00000000 		.4byte	.LFB38
 1598 003c C4010000 		.4byte	.LFE38-.LFB38
 1599 0040 00000000 		.4byte	.LFB39
 1600 0044 34000000 		.4byte	.LFE39-.LFB39
 1601 0048 00000000 		.4byte	0
 1602 004c 00000000 		.4byte	0
 1603              		.section	.debug_ranges,"",%progbits
 1604              	.Ldebug_ranges0:
 1605 0000 00000000 		.4byte	.LFB33
 1606 0004 4C000000 		.4byte	.LFE33
 1607 0008 00000000 		.4byte	.LFB34
 1608 000c 4C000000 		.4byte	.LFE34
 1609 0010 00000000 		.4byte	.LFB35
 1610 0014 74000000 		.4byte	.LFE35
 1611 0018 00000000 		.4byte	.LFB36
 1612 001c 2C000000 		.4byte	.LFE36
 1613 0020 00000000 		.4byte	.LFB37
 1614 0024 58000000 		.4byte	.LFE37
 1615 0028 00000000 		.4byte	.LFB38
 1616 002c C4010000 		.4byte	.LFE38
 1617 0030 00000000 		.4byte	.LFB39
 1618 0034 34000000 		.4byte	.LFE39
 1619 0038 00000000 		.4byte	0
 1620 003c 00000000 		.4byte	0
 1621              		.section	.debug_line,"",%progbits
 1622              	.Ldebug_line0:
 1623 0000 32010000 		.section	.debug_str,"MS",%progbits,1
 1623      02006900 
 1623      00000201 
 1623      FB0E0D00 
 1623      01010101 
 1624              	.LASF45:
 1625 0000 77617465 		.ascii	"waterTimeoutCounter_\000"
 1625      7254696D 
 1625      656F7574 
 1625      436F756E 
ARM GAS  C:\Users\BJRN~1\AppData\Local\Temp\ccb5tK5Q.s 			page 33


 1625      7465725F 
 1626              	.LASF11:
 1627 0015 74656D70 		.ascii	"temperature_\000"
 1627      65726174 
 1627      7572655F 
 1627      00
 1628              	.LASF33:
 1629 0022 61637469 		.ascii	"active\000"
 1629      766500
 1630              	.LASF3:
 1631 0029 64617461 		.ascii	"dataIndex_\000"
 1631      496E6465 
 1631      785F00
 1632              	.LASF34:
 1633 0034 74656D70 		.ascii	"tempLimit\000"
 1633      4C696D69 
 1633      7400
 1634              	.LASF10:
 1635 003e 70617261 		.ascii	"parameters_type\000"
 1635      6D657465 
 1635      72735F74 
 1635      79706500 
 1636              	.LASF1:
 1637 004e 6C656E5F 		.ascii	"len_\000"
 1637      00
 1638              	.LASF25:
 1639 0053 646F7562 		.ascii	"double\000"
 1639      6C6500
 1640              	.LASF0:
 1641 005a 62756666 		.ascii	"buffer_\000"
 1641      65725F00 
 1642              	.LASF31:
 1643 0062 626C7565 		.ascii	"blue\000"
 1643      00
 1644              	.LASF12:
 1645 0067 68756D69 		.ascii	"humidity_\000"
 1645      64697479 
 1645      5F00
 1646              	.LASF49:
 1647 0071 6C6F6164 		.ascii	"loadData_getBuffer\000"
 1647      44617461 
 1647      5F676574 
 1647      42756666 
 1647      657200
 1648              	.LASF14:
 1649 0084 666C6F61 		.ascii	"float\000"
 1649      7400
 1650              	.LASF39:
 1651 008a 64617461 		.ascii	"data\000"
 1651      00
 1652              	.LASF44:
 1653 008f 6C6F6744 		.ascii	"logDataTimeoutCounter_\000"
 1653      61746154 
 1653      696D656F 
 1653      7574436F 
 1653      756E7465 
 1654              	.LASF8:
ARM GAS  C:\Users\BJRN~1\AppData\Local\Temp\ccb5tK5Q.s 			page 34


 1655 00a6 756E7369 		.ascii	"unsigned char\000"
 1655      676E6564 
 1655      20636861 
 1655      7200
 1656              	.LASF26:
 1657 00b4 6C6F6744 		.ascii	"logDataISR\000"
 1657      61746149 
 1657      535200
 1658              	.LASF9:
 1659 00bf 62756666 		.ascii	"buffer_type\000"
 1659      65725F74 
 1659      79706500 
 1660              	.LASF16:
 1661 00cb 70617261 		.ascii	"parameters\000"
 1661      6D657465 
 1661      727300
 1662              	.LASF21:
 1663 00d6 6C6F6E67 		.ascii	"long unsigned int\000"
 1663      20756E73 
 1663      69676E65 
 1663      6420696E 
 1663      7400
 1664              	.LASF36:
 1665 00e8 74656D70 		.ascii	"temp\000"
 1665      00
 1666              	.LASF19:
 1667 00ed 73686F72 		.ascii	"short unsigned int\000"
 1667      7420756E 
 1667      7369676E 
 1667      65642069 
 1667      6E7400
 1668              	.LASF32:
 1669 0100 67726565 		.ascii	"green\000"
 1669      6E00
 1670              	.LASF43:
 1671 0106 6D6F7665 		.ascii	"movement_\000"
 1671      6D656E74 
 1671      5F00
 1672              	.LASF37:
 1673 0110 68756D69 		.ascii	"humi\000"
 1673      00
 1674              	.LASF2:
 1675 0115 63757273 		.ascii	"cursor_\000"
 1675      6F725F00 
 1676              	.LASF40:
 1677 011d 6C6F6164 		.ascii	"loadData_waterTimeout\000"
 1677      44617461 
 1677      5F776174 
 1677      65725469 
 1677      6D656F75 
 1678              	.LASF29:
 1679 0133 6C6F6164 		.ascii	"loadData_movementDetect\000"
 1679      44617461 
 1679      5F6D6F76 
 1679      656D656E 
 1679      74446574 
 1680              	.LASF47:
ARM GAS  C:\Users\BJRN~1\AppData\Local\Temp\ccb5tK5Q.s 			page 35


 1681 014b 2E5C6C6F 		.ascii	".\\loadData.c\000"
 1681      61644461 
 1681      74612E63 
 1681      00
 1682              	.LASF28:
 1683 0158 6C6F6164 		.ascii	"loadData_init\000"
 1683      44617461 
 1683      5F696E69 
 1683      7400
 1684              	.LASF41:
 1685 0166 70617261 		.ascii	"parametersPtr_\000"
 1685      6D657465 
 1685      72735074 
 1685      725F00
 1686              	.LASF7:
 1687 0175 756E7369 		.ascii	"unsigned int\000"
 1687      676E6564 
 1687      20696E74 
 1687      00
 1688              	.LASF13:
 1689 0182 61637469 		.ascii	"active_\000"
 1689      76655F00 
 1690              	.LASF23:
 1691 018a 6C6F6E67 		.ascii	"long long unsigned int\000"
 1691      206C6F6E 
 1691      6720756E 
 1691      7369676E 
 1691      65642069 
 1692              	.LASF4:
 1693 01a1 64617461 		.ascii	"dataWritten_\000"
 1693      57726974 
 1693      74656E5F 
 1693      00
 1694              	.LASF17:
 1695 01ae 7369676E 		.ascii	"signed char\000"
 1695      65642063 
 1695      68617200 
 1696              	.LASF35:
 1697 01ba 68756D69 		.ascii	"humiLimit\000"
 1697      4C696D69 
 1697      7400
 1698              	.LASF5:
 1699 01c4 73697A65 		.ascii	"sizetype\000"
 1699      74797065 
 1699      00
 1700              	.LASF22:
 1701 01cd 6C6F6E67 		.ascii	"long long int\000"
 1701      206C6F6E 
 1701      6720696E 
 1701      7400
 1702              	.LASF6:
 1703 01db 63686172 		.ascii	"char\000"
 1703      00
 1704              	.LASF48:
 1705 01e0 433A5C45 		.ascii	"C:\\Enhed\\Enhed.cydsn\000"
 1705      6E686564 
 1705      5C456E68 
ARM GAS  C:\Users\BJRN~1\AppData\Local\Temp\ccb5tK5Q.s 			page 36


 1705      65642E63 
 1705      7964736E 
 1706              	.LASF38:
 1707 01f5 77617465 		.ascii	"water\000"
 1707      7200
 1708              	.LASF42:
 1709 01fb 62756666 		.ascii	"bufferPtr_\000"
 1709      65725074 
 1709      725F00
 1710              	.LASF18:
 1711 0206 73686F72 		.ascii	"short int\000"
 1711      7420696E 
 1711      7400
 1712              	.LASF15:
 1713 0210 62756666 		.ascii	"buffer\000"
 1713      657200
 1714              	.LASF24:
 1715 0217 75696E74 		.ascii	"uint8\000"
 1715      3800
 1716              	.LASF46:
 1717 021d 474E5520 		.ascii	"GNU C 4.7.3 20130312 (release) [ARM/embedded-4_7-br"
 1717      4320342E 
 1717      372E3320 
 1717      32303133 
 1717      30333132 
 1718 0250 616E6368 		.ascii	"anch revision 196615]\000"
 1718      20726576 
 1718      6973696F 
 1718      6E203139 
 1718      36363135 
 1719              	.LASF27:
 1720 0266 77617465 		.ascii	"waterISR\000"
 1720      72495352 
 1720      00
 1721              	.LASF20:
 1722 026f 6C6F6E67 		.ascii	"long int\000"
 1722      20696E74 
 1722      00
 1723              	.LASF30:
 1724 0278 6C6F6164 		.ascii	"loadData_logDataTimeout\000"
 1724      44617461 
 1724      5F6C6F67 
 1724      44617461 
 1724      54696D65 
 1725              		.ident	"GCC: (GNU Tools for ARM Embedded Processors) 4.7.3 20130312 (release) [ARM/embedded-4_7-br
