ARM GAS  C:\Users\BJRN~1\AppData\Local\Temp\ccXHoJq9.s 			page 1


   1              		.cpu cortex-m0
   2              		.fpu softvfp
   3              		.eabi_attribute 20, 1
   4              		.eabi_attribute 21, 1
   5              		.eabi_attribute 23, 3
   6              		.eabi_attribute 24, 1
   7              		.eabi_attribute 25, 1
   8              		.eabi_attribute 26, 1
   9              		.eabi_attribute 30, 6
  10              		.eabi_attribute 34, 0
  11              		.eabi_attribute 18, 4
  12              		.code	16
  13              		.file	"buffer.c"
  14              		.text
  15              	.Ltext0:
  16              		.cfi_sections	.debug_frame
  17              		.bss
  18              		.align	2
  19              	buffer_:
  20 0000 00000000 		.space	51
  20      00000000 
  20      00000000 
  20      00000000 
  20      00000000 
  21 0033 00       		.align	2
  22              	len_:
  23 0034 00000000 		.space	4
  24              		.align	2
  25              	cursor_:
  26 0038 00000000 		.space	4
  27              		.section	.text.buffer_init,"ax",%progbits
  28              		.align	2
  29              		.global	buffer_init
  30              		.code	16
  31              		.thumb_func
  32              		.type	buffer_init, %function
  33              	buffer_init:
  34              	.LFB0:
  35              		.file 1 ".\\buffer.c"
   1:.\buffer.c    **** /*
   2:.\buffer.c    **** * File: buffer.c
   3:.\buffer.c    **** * Description: Implementation for EasyWater8000 class buffer
   4:.\buffer.c    **** * Project: PRJ3
   5:.\buffer.c    **** * 
   6:.\buffer.c    **** * Author: Bjørn Sørensen
   7:.\buffer.c    **** */
   8:.\buffer.c    **** 
   9:.\buffer.c    **** #include "buffer.h"
  10:.\buffer.c    **** 
  11:.\buffer.c    **** // Private members
  12:.\buffer.c    **** // Private:
  13:.\buffer.c    **** static char buffer_[BUFFER_LENGTH];    // Can hold 1 data reading and 10 errors
  14:.\buffer.c    **** static unsigned int len_;              // Length of buffer_[]
  15:.\buffer.c    **** static unsigned int cursor_;           // Points to next free index
  16:.\buffer.c    **** 
  17:.\buffer.c    **** 
  18:.\buffer.c    **** void buffer_init( )
ARM GAS  C:\Users\BJRN~1\AppData\Local\Temp\ccXHoJq9.s 			page 2


  19:.\buffer.c    **** {
  36              		.loc 1 19 0
  37              		.cfi_startproc
  38 0000 80B5     		push	{r7, lr}
  39              	.LCFI0:
  40              		.cfi_def_cfa_offset 8
  41              		.cfi_offset 7, -8
  42              		.cfi_offset 14, -4
  43 0002 82B0     		sub	sp, sp, #8
  44              	.LCFI1:
  45              		.cfi_def_cfa_offset 16
  46 0004 00AF     		add	r7, sp, #0
  47              	.LCFI2:
  48              		.cfi_def_cfa_register 7
  20:.\buffer.c    ****     // Initialize members
  21:.\buffer.c    ****     unsigned int i;
  22:.\buffer.c    ****     for(i = 0; i < BUFFER_LENGTH; i++)
  49              		.loc 1 22 0
  50 0006 0023     		mov	r3, #0
  51 0008 7B60     		str	r3, [r7, #4]
  52 000a 07E0     		b	.L2
  53              	.L3:
  23:.\buffer.c    ****         buffer_[i] = 0;
  54              		.loc 1 23 0 discriminator 2
  55 000c 094A     		ldr	r2, .L4
  56 000e 7B68     		ldr	r3, [r7, #4]
  57 0010 D318     		add	r3, r2, r3
  58 0012 0022     		mov	r2, #0
  59 0014 1A70     		strb	r2, [r3]
  22:.\buffer.c    ****     for(i = 0; i < BUFFER_LENGTH; i++)
  60              		.loc 1 22 0 discriminator 2
  61 0016 7B68     		ldr	r3, [r7, #4]
  62 0018 0133     		add	r3, r3, #1
  63 001a 7B60     		str	r3, [r7, #4]
  64              	.L2:
  22:.\buffer.c    ****     for(i = 0; i < BUFFER_LENGTH; i++)
  65              		.loc 1 22 0 is_stmt 0 discriminator 1
  66 001c 7B68     		ldr	r3, [r7, #4]
  67 001e 322B     		cmp	r3, #50
  68 0020 F4D9     		bls	.L3
  24:.\buffer.c    ****     
  25:.\buffer.c    ****    cursor_ = 0;
  69              		.loc 1 25 0 is_stmt 1
  70 0022 054B     		ldr	r3, .L4+4
  71 0024 0022     		mov	r2, #0
  72 0026 1A60     		str	r2, [r3]
  26:.\buffer.c    ****    len_ = BUFFER_LENGTH;
  73              		.loc 1 26 0
  74 0028 044B     		ldr	r3, .L4+8
  75 002a 3322     		mov	r2, #51
  76 002c 1A60     		str	r2, [r3]
  27:.\buffer.c    **** }
  77              		.loc 1 27 0
  78 002e BD46     		mov	sp, r7
  79 0030 02B0     		add	sp, sp, #8
  80              		@ sp needed for prologue
  81 0032 80BD     		pop	{r7, pc}
ARM GAS  C:\Users\BJRN~1\AppData\Local\Temp\ccXHoJq9.s 			page 3


  82              	.L5:
  83              		.align	2
  84              	.L4:
  85 0034 00000000 		.word	buffer_
  86 0038 38000000 		.word	cursor_
  87 003c 34000000 		.word	len_
  88              		.cfi_endproc
  89              	.LFE0:
  90              		.size	buffer_init, .-buffer_init
  91              		.section	.text.buffer_saveData,"ax",%progbits
  92              		.align	2
  93              		.global	buffer_saveData
  94              		.code	16
  95              		.thumb_func
  96              		.type	buffer_saveData, %function
  97              	buffer_saveData:
  98              	.LFB1:
  28:.\buffer.c    **** 
  29:.\buffer.c    **** int buffer_saveData( const char * buf, const unsigned int len )
  30:.\buffer.c    **** {
  99              		.loc 1 30 0
 100              		.cfi_startproc
 101 0000 80B5     		push	{r7, lr}
 102              	.LCFI3:
 103              		.cfi_def_cfa_offset 8
 104              		.cfi_offset 7, -8
 105              		.cfi_offset 14, -4
 106 0002 84B0     		sub	sp, sp, #16
 107              	.LCFI4:
 108              		.cfi_def_cfa_offset 24
 109 0004 00AF     		add	r7, sp, #0
 110              	.LCFI5:
 111              		.cfi_def_cfa_register 7
 112 0006 7860     		str	r0, [r7, #4]
 113 0008 3960     		str	r1, [r7]
  31:.\buffer.c    ****     if(len <= 0)    // If len <= 0
 114              		.loc 1 31 0
 115 000a 3B68     		ldr	r3, [r7]
 116 000c 002B     		cmp	r3, #0
 117 000e 02D1     		bne	.L7
  32:.\buffer.c    ****         return -20;
 118              		.loc 1 32 0
 119 0010 1423     		mov	r3, #20
 120 0012 5B42     		neg	r3, r3
 121 0014 27E0     		b	.L8
 122              	.L7:
  33:.\buffer.c    ****     
  34:.\buffer.c    ****     // Get space left in buffer_
  35:.\buffer.c    ****     unsigned int spaceLeft;
  36:.\buffer.c    ****     spaceLeft = len_ - cursor_;
 123              		.loc 1 36 0
 124 0016 164B     		ldr	r3, .L12
 125 0018 1A68     		ldr	r2, [r3]
 126 001a 164B     		ldr	r3, .L12+4
 127 001c 1B68     		ldr	r3, [r3]
 128 001e D31A     		sub	r3, r2, r3
 129 0020 BB60     		str	r3, [r7, #8]
ARM GAS  C:\Users\BJRN~1\AppData\Local\Temp\ccXHoJq9.s 			page 4


  37:.\buffer.c    ****     
  38:.\buffer.c    ****     if(len > spaceLeft) // If not enough room
 130              		.loc 1 38 0
 131 0022 3A68     		ldr	r2, [r7]
 132 0024 BB68     		ldr	r3, [r7, #8]
 133 0026 9A42     		cmp	r2, r3
 134 0028 02D9     		bls	.L9
  39:.\buffer.c    ****         return -21;
 135              		.loc 1 39 0
 136 002a 1523     		mov	r3, #21
 137 002c 5B42     		neg	r3, r3
 138 002e 1AE0     		b	.L8
 139              	.L9:
  40:.\buffer.c    ****     
  41:.\buffer.c    ****     unsigned int i;
  42:.\buffer.c    ****     for(i = 0; i < len; i++)            // Insert data into buffer
 140              		.loc 1 42 0
 141 0030 0023     		mov	r3, #0
 142 0032 FB60     		str	r3, [r7, #12]
 143 0034 0CE0     		b	.L10
 144              	.L11:
  43:.\buffer.c    ****         buffer_[cursor_ + i] = buf[i];
 145              		.loc 1 43 0 discriminator 2
 146 0036 0F4B     		ldr	r3, .L12+4
 147 0038 1A68     		ldr	r2, [r3]
 148 003a FB68     		ldr	r3, [r7, #12]
 149 003c D318     		add	r3, r2, r3
 150 003e 7968     		ldr	r1, [r7, #4]
 151 0040 FA68     		ldr	r2, [r7, #12]
 152 0042 8A18     		add	r2, r1, r2
 153 0044 1178     		ldrb	r1, [r2]
 154 0046 0C4A     		ldr	r2, .L12+8
 155 0048 D154     		strb	r1, [r2, r3]
  42:.\buffer.c    ****     for(i = 0; i < len; i++)            // Insert data into buffer
 156              		.loc 1 42 0 discriminator 2
 157 004a FB68     		ldr	r3, [r7, #12]
 158 004c 0133     		add	r3, r3, #1
 159 004e FB60     		str	r3, [r7, #12]
 160              	.L10:
  42:.\buffer.c    ****     for(i = 0; i < len; i++)            // Insert data into buffer
 161              		.loc 1 42 0 is_stmt 0 discriminator 1
 162 0050 FA68     		ldr	r2, [r7, #12]
 163 0052 3B68     		ldr	r3, [r7]
 164 0054 9A42     		cmp	r2, r3
 165 0056 EED3     		bcc	.L11
  44:.\buffer.c    ****     
  45:.\buffer.c    ****     cursor_ += len;              // Update buffer cursor
 166              		.loc 1 45 0 is_stmt 1
 167 0058 064B     		ldr	r3, .L12+4
 168 005a 1A68     		ldr	r2, [r3]
 169 005c 3B68     		ldr	r3, [r7]
 170 005e D218     		add	r2, r2, r3
 171 0060 044B     		ldr	r3, .L12+4
 172 0062 1A60     		str	r2, [r3]
  46:.\buffer.c    **** 
  47:.\buffer.c    ****     return 0;
 173              		.loc 1 47 0
ARM GAS  C:\Users\BJRN~1\AppData\Local\Temp\ccXHoJq9.s 			page 5


 174 0064 0023     		mov	r3, #0
 175              	.L8:
  48:.\buffer.c    **** }
 176              		.loc 1 48 0
 177 0066 181C     		mov	r0, r3
 178 0068 BD46     		mov	sp, r7
 179 006a 04B0     		add	sp, sp, #16
 180              		@ sp needed for prologue
 181 006c 80BD     		pop	{r7, pc}
 182              	.L13:
 183 006e C046     		.align	2
 184              	.L12:
 185 0070 34000000 		.word	len_
 186 0074 38000000 		.word	cursor_
 187 0078 00000000 		.word	buffer_
 188              		.cfi_endproc
 189              	.LFE1:
 190              		.size	buffer_saveData, .-buffer_saveData
 191              		.section	.text.buffer_getData,"ax",%progbits
 192              		.align	2
 193              		.global	buffer_getData
 194              		.code	16
 195              		.thumb_func
 196              		.type	buffer_getData, %function
 197              	buffer_getData:
 198              	.LFB2:
  49:.\buffer.c    **** 
  50:.\buffer.c    **** int buffer_getData( char ** buf, unsigned int * len )
  51:.\buffer.c    **** {
 199              		.loc 1 51 0
 200              		.cfi_startproc
 201 0000 80B5     		push	{r7, lr}
 202              	.LCFI6:
 203              		.cfi_def_cfa_offset 8
 204              		.cfi_offset 7, -8
 205              		.cfi_offset 14, -4
 206 0002 82B0     		sub	sp, sp, #8
 207              	.LCFI7:
 208              		.cfi_def_cfa_offset 16
 209 0004 00AF     		add	r7, sp, #0
 210              	.LCFI8:
 211              		.cfi_def_cfa_register 7
 212 0006 7860     		str	r0, [r7, #4]
 213 0008 3960     		str	r1, [r7]
  52:.\buffer.c    ****     // Returns pointer and length of used space
  53:.\buffer.c    ****     *buf = buffer_;
 214              		.loc 1 53 0
 215 000a 7B68     		ldr	r3, [r7, #4]
 216 000c 064A     		ldr	r2, .L16
 217 000e 1A60     		str	r2, [r3]
  54:.\buffer.c    ****     *len = cursor_;
 218              		.loc 1 54 0
 219 0010 064B     		ldr	r3, .L16+4
 220 0012 1A68     		ldr	r2, [r3]
 221 0014 3B68     		ldr	r3, [r7]
 222 0016 1A60     		str	r2, [r3]
  55:.\buffer.c    ****     cursor_ = 0;
ARM GAS  C:\Users\BJRN~1\AppData\Local\Temp\ccXHoJq9.s 			page 6


 223              		.loc 1 55 0
 224 0018 044B     		ldr	r3, .L16+4
 225 001a 0022     		mov	r2, #0
 226 001c 1A60     		str	r2, [r3]
  56:.\buffer.c    ****     
  57:.\buffer.c    ****     return 0;
 227              		.loc 1 57 0
 228 001e 0023     		mov	r3, #0
  58:.\buffer.c    **** }
 229              		.loc 1 58 0
 230 0020 181C     		mov	r0, r3
 231 0022 BD46     		mov	sp, r7
 232 0024 02B0     		add	sp, sp, #8
 233              		@ sp needed for prologue
 234 0026 80BD     		pop	{r7, pc}
 235              	.L17:
 236              		.align	2
 237              	.L16:
 238 0028 00000000 		.word	buffer_
 239 002c 38000000 		.word	cursor_
 240              		.cfi_endproc
 241              	.LFE2:
 242              		.size	buffer_getData, .-buffer_getData
 243              		.text
 244              	.Letext0:
 245              		.section	.debug_info,"",%progbits
 246              	.Ldebug_info0:
 247 0000 5D010000 		.4byte	0x15d
 248 0004 0200     		.2byte	0x2
 249 0006 00000000 		.4byte	.Ldebug_abbrev0
 250 000a 04       		.byte	0x4
 251 000b 01       		.uleb128 0x1
 252 000c 26000000 		.4byte	.LASF9
 253 0010 01       		.byte	0x1
 254 0011 A2000000 		.4byte	.LASF10
 255 0015 8B000000 		.4byte	.LASF11
 256 0019 00000000 		.4byte	.Ldebug_ranges0+0
 257 001d 00000000 		.4byte	0
 258 0021 00000000 		.4byte	0
 259 0025 00000000 		.4byte	.Ldebug_line0
 260 0029 02       		.uleb128 0x2
 261 002a 01       		.byte	0x1
 262 002b 0D000000 		.4byte	.LASF12
 263 002f 01       		.byte	0x1
 264 0030 12       		.byte	0x12
 265 0031 00000000 		.4byte	.LFB0
 266 0035 40000000 		.4byte	.LFE0
 267 0039 00000000 		.4byte	.LLST0
 268 003d 01       		.byte	0x1
 269 003e 4F000000 		.4byte	0x4f
 270 0042 03       		.uleb128 0x3
 271 0043 6900     		.ascii	"i\000"
 272 0045 01       		.byte	0x1
 273 0046 15       		.byte	0x15
 274 0047 4F000000 		.4byte	0x4f
 275 004b 02       		.byte	0x2
 276 004c 91       		.byte	0x91
ARM GAS  C:\Users\BJRN~1\AppData\Local\Temp\ccXHoJq9.s 			page 7


 277 004d 74       		.sleb128 -12
 278 004e 00       		.byte	0
 279 004f 04       		.uleb128 0x4
 280 0050 04       		.byte	0x4
 281 0051 07       		.byte	0x7
 282 0052 00000000 		.4byte	.LASF1
 283 0056 05       		.uleb128 0x5
 284 0057 01       		.byte	0x1
 285 0058 C0000000 		.4byte	.LASF3
 286 005c 01       		.byte	0x1
 287 005d 1D       		.byte	0x1d
 288 005e 01       		.byte	0x1
 289 005f AB000000 		.4byte	0xab
 290 0063 00000000 		.4byte	.LFB1
 291 0067 7C000000 		.4byte	.LFE1
 292 006b 38000000 		.4byte	.LLST1
 293 006f 01       		.byte	0x1
 294 0070 AB000000 		.4byte	0xab
 295 0074 06       		.uleb128 0x6
 296 0075 62756600 		.ascii	"buf\000"
 297 0079 01       		.byte	0x1
 298 007a 1D       		.byte	0x1d
 299 007b B2000000 		.4byte	0xb2
 300 007f 02       		.byte	0x2
 301 0080 91       		.byte	0x91
 302 0081 6C       		.sleb128 -20
 303 0082 06       		.uleb128 0x6
 304 0083 6C656E00 		.ascii	"len\000"
 305 0087 01       		.byte	0x1
 306 0088 1D       		.byte	0x1d
 307 0089 C4000000 		.4byte	0xc4
 308 008d 02       		.byte	0x2
 309 008e 91       		.byte	0x91
 310 008f 68       		.sleb128 -24
 311 0090 07       		.uleb128 0x7
 312 0091 AD000000 		.4byte	.LASF0
 313 0095 01       		.byte	0x1
 314 0096 23       		.byte	0x23
 315 0097 4F000000 		.4byte	0x4f
 316 009b 02       		.byte	0x2
 317 009c 91       		.byte	0x91
 318 009d 70       		.sleb128 -16
 319 009e 03       		.uleb128 0x3
 320 009f 6900     		.ascii	"i\000"
 321 00a1 01       		.byte	0x1
 322 00a2 29       		.byte	0x29
 323 00a3 4F000000 		.4byte	0x4f
 324 00a7 02       		.byte	0x2
 325 00a8 91       		.byte	0x91
 326 00a9 74       		.sleb128 -12
 327 00aa 00       		.byte	0
 328 00ab 08       		.uleb128 0x8
 329 00ac 04       		.byte	0x4
 330 00ad 05       		.byte	0x5
 331 00ae 696E7400 		.ascii	"int\000"
 332 00b2 09       		.uleb128 0x9
 333 00b3 04       		.byte	0x4
ARM GAS  C:\Users\BJRN~1\AppData\Local\Temp\ccXHoJq9.s 			page 8


 334 00b4 B8000000 		.4byte	0xb8
 335 00b8 0A       		.uleb128 0xa
 336 00b9 BD000000 		.4byte	0xbd
 337 00bd 04       		.uleb128 0x4
 338 00be 01       		.byte	0x1
 339 00bf 08       		.byte	0x8
 340 00c0 7E000000 		.4byte	.LASF2
 341 00c4 0A       		.uleb128 0xa
 342 00c5 4F000000 		.4byte	0x4f
 343 00c9 05       		.uleb128 0x5
 344 00ca 01       		.byte	0x1
 345 00cb 6F000000 		.4byte	.LASF4
 346 00cf 01       		.byte	0x1
 347 00d0 32       		.byte	0x32
 348 00d1 01       		.byte	0x1
 349 00d2 AB000000 		.4byte	0xab
 350 00d6 00000000 		.4byte	.LFB2
 351 00da 30000000 		.4byte	.LFE2
 352 00de 70000000 		.4byte	.LLST2
 353 00e2 01       		.byte	0x1
 354 00e3 04010000 		.4byte	0x104
 355 00e7 06       		.uleb128 0x6
 356 00e8 62756600 		.ascii	"buf\000"
 357 00ec 01       		.byte	0x1
 358 00ed 32       		.byte	0x32
 359 00ee 04010000 		.4byte	0x104
 360 00f2 02       		.byte	0x2
 361 00f3 91       		.byte	0x91
 362 00f4 74       		.sleb128 -12
 363 00f5 06       		.uleb128 0x6
 364 00f6 6C656E00 		.ascii	"len\000"
 365 00fa 01       		.byte	0x1
 366 00fb 32       		.byte	0x32
 367 00fc 10010000 		.4byte	0x110
 368 0100 02       		.byte	0x2
 369 0101 91       		.byte	0x91
 370 0102 70       		.sleb128 -16
 371 0103 00       		.byte	0
 372 0104 09       		.uleb128 0x9
 373 0105 04       		.byte	0x4
 374 0106 0A010000 		.4byte	0x10a
 375 010a 09       		.uleb128 0x9
 376 010b 04       		.byte	0x4
 377 010c BD000000 		.4byte	0xbd
 378 0110 09       		.uleb128 0x9
 379 0111 04       		.byte	0x4
 380 0112 4F000000 		.4byte	0x4f
 381 0116 0B       		.uleb128 0xb
 382 0117 BD000000 		.4byte	0xbd
 383 011b 26010000 		.4byte	0x126
 384 011f 0C       		.uleb128 0xc
 385 0120 26010000 		.4byte	0x126
 386 0124 32       		.byte	0x32
 387 0125 00       		.byte	0
 388 0126 04       		.uleb128 0x4
 389 0127 04       		.byte	0x4
 390 0128 07       		.byte	0x7
ARM GAS  C:\Users\BJRN~1\AppData\Local\Temp\ccXHoJq9.s 			page 9


 391 0129 B7000000 		.4byte	.LASF5
 392 012d 07       		.uleb128 0x7
 393 012e 19000000 		.4byte	.LASF6
 394 0132 01       		.byte	0x1
 395 0133 0D       		.byte	0xd
 396 0134 16010000 		.4byte	0x116
 397 0138 05       		.byte	0x5
 398 0139 03       		.byte	0x3
 399 013a 00000000 		.4byte	buffer_
 400 013e 07       		.uleb128 0x7
 401 013f 21000000 		.4byte	.LASF7
 402 0143 01       		.byte	0x1
 403 0144 0E       		.byte	0xe
 404 0145 4F000000 		.4byte	0x4f
 405 0149 05       		.byte	0x5
 406 014a 03       		.byte	0x3
 407 014b 34000000 		.4byte	len_
 408 014f 07       		.uleb128 0x7
 409 0150 83000000 		.4byte	.LASF8
 410 0154 01       		.byte	0x1
 411 0155 0F       		.byte	0xf
 412 0156 4F000000 		.4byte	0x4f
 413 015a 05       		.byte	0x5
 414 015b 03       		.byte	0x3
 415 015c 38000000 		.4byte	cursor_
 416 0160 00       		.byte	0
 417              		.section	.debug_abbrev,"",%progbits
 418              	.Ldebug_abbrev0:
 419 0000 01       		.uleb128 0x1
 420 0001 11       		.uleb128 0x11
 421 0002 01       		.byte	0x1
 422 0003 25       		.uleb128 0x25
 423 0004 0E       		.uleb128 0xe
 424 0005 13       		.uleb128 0x13
 425 0006 0B       		.uleb128 0xb
 426 0007 03       		.uleb128 0x3
 427 0008 0E       		.uleb128 0xe
 428 0009 1B       		.uleb128 0x1b
 429 000a 0E       		.uleb128 0xe
 430 000b 55       		.uleb128 0x55
 431 000c 06       		.uleb128 0x6
 432 000d 11       		.uleb128 0x11
 433 000e 01       		.uleb128 0x1
 434 000f 52       		.uleb128 0x52
 435 0010 01       		.uleb128 0x1
 436 0011 10       		.uleb128 0x10
 437 0012 06       		.uleb128 0x6
 438 0013 00       		.byte	0
 439 0014 00       		.byte	0
 440 0015 02       		.uleb128 0x2
 441 0016 2E       		.uleb128 0x2e
 442 0017 01       		.byte	0x1
 443 0018 3F       		.uleb128 0x3f
 444 0019 0C       		.uleb128 0xc
 445 001a 03       		.uleb128 0x3
 446 001b 0E       		.uleb128 0xe
 447 001c 3A       		.uleb128 0x3a
ARM GAS  C:\Users\BJRN~1\AppData\Local\Temp\ccXHoJq9.s 			page 10


 448 001d 0B       		.uleb128 0xb
 449 001e 3B       		.uleb128 0x3b
 450 001f 0B       		.uleb128 0xb
 451 0020 11       		.uleb128 0x11
 452 0021 01       		.uleb128 0x1
 453 0022 12       		.uleb128 0x12
 454 0023 01       		.uleb128 0x1
 455 0024 40       		.uleb128 0x40
 456 0025 06       		.uleb128 0x6
 457 0026 9742     		.uleb128 0x2117
 458 0028 0C       		.uleb128 0xc
 459 0029 01       		.uleb128 0x1
 460 002a 13       		.uleb128 0x13
 461 002b 00       		.byte	0
 462 002c 00       		.byte	0
 463 002d 03       		.uleb128 0x3
 464 002e 34       		.uleb128 0x34
 465 002f 00       		.byte	0
 466 0030 03       		.uleb128 0x3
 467 0031 08       		.uleb128 0x8
 468 0032 3A       		.uleb128 0x3a
 469 0033 0B       		.uleb128 0xb
 470 0034 3B       		.uleb128 0x3b
 471 0035 0B       		.uleb128 0xb
 472 0036 49       		.uleb128 0x49
 473 0037 13       		.uleb128 0x13
 474 0038 02       		.uleb128 0x2
 475 0039 0A       		.uleb128 0xa
 476 003a 00       		.byte	0
 477 003b 00       		.byte	0
 478 003c 04       		.uleb128 0x4
 479 003d 24       		.uleb128 0x24
 480 003e 00       		.byte	0
 481 003f 0B       		.uleb128 0xb
 482 0040 0B       		.uleb128 0xb
 483 0041 3E       		.uleb128 0x3e
 484 0042 0B       		.uleb128 0xb
 485 0043 03       		.uleb128 0x3
 486 0044 0E       		.uleb128 0xe
 487 0045 00       		.byte	0
 488 0046 00       		.byte	0
 489 0047 05       		.uleb128 0x5
 490 0048 2E       		.uleb128 0x2e
 491 0049 01       		.byte	0x1
 492 004a 3F       		.uleb128 0x3f
 493 004b 0C       		.uleb128 0xc
 494 004c 03       		.uleb128 0x3
 495 004d 0E       		.uleb128 0xe
 496 004e 3A       		.uleb128 0x3a
 497 004f 0B       		.uleb128 0xb
 498 0050 3B       		.uleb128 0x3b
 499 0051 0B       		.uleb128 0xb
 500 0052 27       		.uleb128 0x27
 501 0053 0C       		.uleb128 0xc
 502 0054 49       		.uleb128 0x49
 503 0055 13       		.uleb128 0x13
 504 0056 11       		.uleb128 0x11
ARM GAS  C:\Users\BJRN~1\AppData\Local\Temp\ccXHoJq9.s 			page 11


 505 0057 01       		.uleb128 0x1
 506 0058 12       		.uleb128 0x12
 507 0059 01       		.uleb128 0x1
 508 005a 40       		.uleb128 0x40
 509 005b 06       		.uleb128 0x6
 510 005c 9742     		.uleb128 0x2117
 511 005e 0C       		.uleb128 0xc
 512 005f 01       		.uleb128 0x1
 513 0060 13       		.uleb128 0x13
 514 0061 00       		.byte	0
 515 0062 00       		.byte	0
 516 0063 06       		.uleb128 0x6
 517 0064 05       		.uleb128 0x5
 518 0065 00       		.byte	0
 519 0066 03       		.uleb128 0x3
 520 0067 08       		.uleb128 0x8
 521 0068 3A       		.uleb128 0x3a
 522 0069 0B       		.uleb128 0xb
 523 006a 3B       		.uleb128 0x3b
 524 006b 0B       		.uleb128 0xb
 525 006c 49       		.uleb128 0x49
 526 006d 13       		.uleb128 0x13
 527 006e 02       		.uleb128 0x2
 528 006f 0A       		.uleb128 0xa
 529 0070 00       		.byte	0
 530 0071 00       		.byte	0
 531 0072 07       		.uleb128 0x7
 532 0073 34       		.uleb128 0x34
 533 0074 00       		.byte	0
 534 0075 03       		.uleb128 0x3
 535 0076 0E       		.uleb128 0xe
 536 0077 3A       		.uleb128 0x3a
 537 0078 0B       		.uleb128 0xb
 538 0079 3B       		.uleb128 0x3b
 539 007a 0B       		.uleb128 0xb
 540 007b 49       		.uleb128 0x49
 541 007c 13       		.uleb128 0x13
 542 007d 02       		.uleb128 0x2
 543 007e 0A       		.uleb128 0xa
 544 007f 00       		.byte	0
 545 0080 00       		.byte	0
 546 0081 08       		.uleb128 0x8
 547 0082 24       		.uleb128 0x24
 548 0083 00       		.byte	0
 549 0084 0B       		.uleb128 0xb
 550 0085 0B       		.uleb128 0xb
 551 0086 3E       		.uleb128 0x3e
 552 0087 0B       		.uleb128 0xb
 553 0088 03       		.uleb128 0x3
 554 0089 08       		.uleb128 0x8
 555 008a 00       		.byte	0
 556 008b 00       		.byte	0
 557 008c 09       		.uleb128 0x9
 558 008d 0F       		.uleb128 0xf
 559 008e 00       		.byte	0
 560 008f 0B       		.uleb128 0xb
 561 0090 0B       		.uleb128 0xb
ARM GAS  C:\Users\BJRN~1\AppData\Local\Temp\ccXHoJq9.s 			page 12


 562 0091 49       		.uleb128 0x49
 563 0092 13       		.uleb128 0x13
 564 0093 00       		.byte	0
 565 0094 00       		.byte	0
 566 0095 0A       		.uleb128 0xa
 567 0096 26       		.uleb128 0x26
 568 0097 00       		.byte	0
 569 0098 49       		.uleb128 0x49
 570 0099 13       		.uleb128 0x13
 571 009a 00       		.byte	0
 572 009b 00       		.byte	0
 573 009c 0B       		.uleb128 0xb
 574 009d 01       		.uleb128 0x1
 575 009e 01       		.byte	0x1
 576 009f 49       		.uleb128 0x49
 577 00a0 13       		.uleb128 0x13
 578 00a1 01       		.uleb128 0x1
 579 00a2 13       		.uleb128 0x13
 580 00a3 00       		.byte	0
 581 00a4 00       		.byte	0
 582 00a5 0C       		.uleb128 0xc
 583 00a6 21       		.uleb128 0x21
 584 00a7 00       		.byte	0
 585 00a8 49       		.uleb128 0x49
 586 00a9 13       		.uleb128 0x13
 587 00aa 2F       		.uleb128 0x2f
 588 00ab 0B       		.uleb128 0xb
 589 00ac 00       		.byte	0
 590 00ad 00       		.byte	0
 591 00ae 00       		.byte	0
 592              		.section	.debug_loc,"",%progbits
 593              	.Ldebug_loc0:
 594              	.LLST0:
 595 0000 00000000 		.4byte	.LFB0
 596 0004 02000000 		.4byte	.LCFI0
 597 0008 0200     		.2byte	0x2
 598 000a 7D       		.byte	0x7d
 599 000b 00       		.sleb128 0
 600 000c 02000000 		.4byte	.LCFI0
 601 0010 04000000 		.4byte	.LCFI1
 602 0014 0200     		.2byte	0x2
 603 0016 7D       		.byte	0x7d
 604 0017 08       		.sleb128 8
 605 0018 04000000 		.4byte	.LCFI1
 606 001c 06000000 		.4byte	.LCFI2
 607 0020 0200     		.2byte	0x2
 608 0022 7D       		.byte	0x7d
 609 0023 10       		.sleb128 16
 610 0024 06000000 		.4byte	.LCFI2
 611 0028 40000000 		.4byte	.LFE0
 612 002c 0200     		.2byte	0x2
 613 002e 77       		.byte	0x77
 614 002f 10       		.sleb128 16
 615 0030 00000000 		.4byte	0
 616 0034 00000000 		.4byte	0
 617              	.LLST1:
 618 0038 00000000 		.4byte	.LFB1
ARM GAS  C:\Users\BJRN~1\AppData\Local\Temp\ccXHoJq9.s 			page 13


 619 003c 02000000 		.4byte	.LCFI3
 620 0040 0200     		.2byte	0x2
 621 0042 7D       		.byte	0x7d
 622 0043 00       		.sleb128 0
 623 0044 02000000 		.4byte	.LCFI3
 624 0048 04000000 		.4byte	.LCFI4
 625 004c 0200     		.2byte	0x2
 626 004e 7D       		.byte	0x7d
 627 004f 08       		.sleb128 8
 628 0050 04000000 		.4byte	.LCFI4
 629 0054 06000000 		.4byte	.LCFI5
 630 0058 0200     		.2byte	0x2
 631 005a 7D       		.byte	0x7d
 632 005b 18       		.sleb128 24
 633 005c 06000000 		.4byte	.LCFI5
 634 0060 7C000000 		.4byte	.LFE1
 635 0064 0200     		.2byte	0x2
 636 0066 77       		.byte	0x77
 637 0067 18       		.sleb128 24
 638 0068 00000000 		.4byte	0
 639 006c 00000000 		.4byte	0
 640              	.LLST2:
 641 0070 00000000 		.4byte	.LFB2
 642 0074 02000000 		.4byte	.LCFI6
 643 0078 0200     		.2byte	0x2
 644 007a 7D       		.byte	0x7d
 645 007b 00       		.sleb128 0
 646 007c 02000000 		.4byte	.LCFI6
 647 0080 04000000 		.4byte	.LCFI7
 648 0084 0200     		.2byte	0x2
 649 0086 7D       		.byte	0x7d
 650 0087 08       		.sleb128 8
 651 0088 04000000 		.4byte	.LCFI7
 652 008c 06000000 		.4byte	.LCFI8
 653 0090 0200     		.2byte	0x2
 654 0092 7D       		.byte	0x7d
 655 0093 10       		.sleb128 16
 656 0094 06000000 		.4byte	.LCFI8
 657 0098 30000000 		.4byte	.LFE2
 658 009c 0200     		.2byte	0x2
 659 009e 77       		.byte	0x77
 660 009f 10       		.sleb128 16
 661 00a0 00000000 		.4byte	0
 662 00a4 00000000 		.4byte	0
 663              		.section	.debug_aranges,"",%progbits
 664 0000 2C000000 		.4byte	0x2c
 665 0004 0200     		.2byte	0x2
 666 0006 00000000 		.4byte	.Ldebug_info0
 667 000a 04       		.byte	0x4
 668 000b 00       		.byte	0
 669 000c 0000     		.2byte	0
 670 000e 0000     		.2byte	0
 671 0010 00000000 		.4byte	.LFB0
 672 0014 40000000 		.4byte	.LFE0-.LFB0
 673 0018 00000000 		.4byte	.LFB1
 674 001c 7C000000 		.4byte	.LFE1-.LFB1
 675 0020 00000000 		.4byte	.LFB2
ARM GAS  C:\Users\BJRN~1\AppData\Local\Temp\ccXHoJq9.s 			page 14


 676 0024 30000000 		.4byte	.LFE2-.LFB2
 677 0028 00000000 		.4byte	0
 678 002c 00000000 		.4byte	0
 679              		.section	.debug_ranges,"",%progbits
 680              	.Ldebug_ranges0:
 681 0000 00000000 		.4byte	.LFB0
 682 0004 40000000 		.4byte	.LFE0
 683 0008 00000000 		.4byte	.LFB1
 684 000c 7C000000 		.4byte	.LFE1
 685 0010 00000000 		.4byte	.LFB2
 686 0014 30000000 		.4byte	.LFE2
 687 0018 00000000 		.4byte	0
 688 001c 00000000 		.4byte	0
 689              		.section	.debug_line,"",%progbits
 690              	.Ldebug_line0:
 691 0000 88000000 		.section	.debug_str,"MS",%progbits,1
 691      02002100 
 691      00000201 
 691      FB0E0D00 
 691      01010101 
 692              	.LASF1:
 693 0000 756E7369 		.ascii	"unsigned int\000"
 693      676E6564 
 693      20696E74 
 693      00
 694              	.LASF12:
 695 000d 62756666 		.ascii	"buffer_init\000"
 695      65725F69 
 695      6E697400 
 696              	.LASF6:
 697 0019 62756666 		.ascii	"buffer_\000"
 697      65725F00 
 698              	.LASF7:
 699 0021 6C656E5F 		.ascii	"len_\000"
 699      00
 700              	.LASF9:
 701 0026 474E5520 		.ascii	"GNU C 4.7.3 20130312 (release) [ARM/embedded-4_7-br"
 701      4320342E 
 701      372E3320 
 701      32303133 
 701      30333132 
 702 0059 616E6368 		.ascii	"anch revision 196615]\000"
 702      20726576 
 702      6973696F 
 702      6E203139 
 702      36363135 
 703              	.LASF4:
 704 006f 62756666 		.ascii	"buffer_getData\000"
 704      65725F67 
 704      65744461 
 704      746100
 705              	.LASF2:
 706 007e 63686172 		.ascii	"char\000"
 706      00
 707              	.LASF8:
 708 0083 63757273 		.ascii	"cursor_\000"
 708      6F725F00 
ARM GAS  C:\Users\BJRN~1\AppData\Local\Temp\ccXHoJq9.s 			page 15


 709              	.LASF11:
 710 008b 433A5C62 		.ascii	"C:\\buffer\\buffer.cydsn\000"
 710      75666665 
 710      725C6275 
 710      66666572 
 710      2E637964 
 711              	.LASF10:
 712 00a2 2E5C6275 		.ascii	".\\buffer.c\000"
 712      66666572 
 712      2E6300
 713              	.LASF0:
 714 00ad 73706163 		.ascii	"spaceLeft\000"
 714      654C6566 
 714      7400
 715              	.LASF5:
 716 00b7 73697A65 		.ascii	"sizetype\000"
 716      74797065 
 716      00
 717              	.LASF3:
 718 00c0 62756666 		.ascii	"buffer_saveData\000"
 718      65725F73 
 718      61766544 
 718      61746100 
 719              		.ident	"GCC: (GNU Tools for ARM Embedded Processors) 4.7.3 20130312 (release) [ARM/embedded-4_7-br
