ARM GAS  C:\Users\BJRN~1\AppData\Local\Temp\cc3nEini.s 			page 1


   1              		.cpu cortex-m0
   2              		.fpu softvfp
   3              		.eabi_attribute 20, 1
   4              		.eabi_attribute 21, 1
   5              		.eabi_attribute 23, 3
   6              		.eabi_attribute 24, 1
   7              		.eabi_attribute 25, 1
   8              		.eabi_attribute 26, 1
   9              		.eabi_attribute 30, 6
  10              		.eabi_attribute 34, 0
  11              		.eabi_attribute 18, 4
  12              		.code	16
  13              		.file	"buffer.c"
  14              		.text
  15              	.Ltext0:
  16              		.cfi_sections	.debug_frame
  17              		.section	.text.buffer_init,"ax",%progbits
  18              		.align	2
  19              		.global	buffer_init
  20              		.code	16
  21              		.thumb_func
  22              		.type	buffer_init, %function
  23              	buffer_init:
  24              	.LFB0:
  25              		.file 1 ".\\buffer.c"
   1:.\buffer.c    **** /*
   2:.\buffer.c    **** * File: buffer.c
   3:.\buffer.c    **** * Description: Implementation for EasyWater8000 class buffer
   4:.\buffer.c    **** * Project: PRJ3
   5:.\buffer.c    **** * 
   6:.\buffer.c    **** * Author: Bjørn Sørensen
   7:.\buffer.c    **** */
   8:.\buffer.c    **** 
   9:.\buffer.c    **** #include "buffer.h"
  10:.\buffer.c    **** 
  11:.\buffer.c    **** // Public methods:
  12:.\buffer.c    **** void buffer_init( buffer * const this )
  13:.\buffer.c    **** {
  26              		.loc 1 13 0
  27              		.cfi_startproc
  28 0000 80B5     		push	{r7, lr}
  29              	.LCFI0:
  30              		.cfi_def_cfa_offset 8
  31              		.cfi_offset 7, -8
  32              		.cfi_offset 14, -4
  33 0002 84B0     		sub	sp, sp, #16
  34              	.LCFI1:
  35              		.cfi_def_cfa_offset 24
  36 0004 00AF     		add	r7, sp, #0
  37              	.LCFI2:
  38              		.cfi_def_cfa_register 7
  39 0006 7860     		str	r0, [r7, #4]
  14:.\buffer.c    ****     // Initialize members
  15:.\buffer.c    ****     unsigned int i;
  16:.\buffer.c    ****     for(i = 0; i < BUFFER_LENGTH; i++)
  40              		.loc 1 16 0
  41 0008 0023     		mov	r3, #0
ARM GAS  C:\Users\BJRN~1\AppData\Local\Temp\cc3nEini.s 			page 2


  42 000a FB60     		str	r3, [r7, #12]
  43 000c 07E0     		b	.L2
  44              	.L3:
  17:.\buffer.c    ****         this->buffer_[i] = 0;
  45              		.loc 1 17 0 discriminator 2
  46 000e 7A68     		ldr	r2, [r7, #4]
  47 0010 FB68     		ldr	r3, [r7, #12]
  48 0012 D318     		add	r3, r2, r3
  49 0014 0022     		mov	r2, #0
  50 0016 1A70     		strb	r2, [r3]
  16:.\buffer.c    ****     for(i = 0; i < BUFFER_LENGTH; i++)
  51              		.loc 1 16 0 discriminator 2
  52 0018 FB68     		ldr	r3, [r7, #12]
  53 001a 0133     		add	r3, r3, #1
  54 001c FB60     		str	r3, [r7, #12]
  55              	.L2:
  16:.\buffer.c    ****     for(i = 0; i < BUFFER_LENGTH; i++)
  56              		.loc 1 16 0 is_stmt 0 discriminator 1
  57 001e FB68     		ldr	r3, [r7, #12]
  58 0020 322B     		cmp	r3, #50
  59 0022 F4D9     		bls	.L3
  18:.\buffer.c    ****     
  19:.\buffer.c    ****    this->cursor_ = 0;
  60              		.loc 1 19 0 is_stmt 1
  61 0024 7B68     		ldr	r3, [r7, #4]
  62 0026 0022     		mov	r2, #0
  63 0028 9A63     		str	r2, [r3, #56]
  20:.\buffer.c    ****    this->len_ = BUFFER_LENGTH;
  64              		.loc 1 20 0
  65 002a 7B68     		ldr	r3, [r7, #4]
  66 002c 3322     		mov	r2, #51
  67 002e 5A63     		str	r2, [r3, #52]
  21:.\buffer.c    ****    this->dataIndex_ = 0;
  68              		.loc 1 21 0
  69 0030 7B68     		ldr	r3, [r7, #4]
  70 0032 0022     		mov	r2, #0
  71 0034 DA63     		str	r2, [r3, #60]
  22:.\buffer.c    ****    this->dataWritten_ = 0;
  72              		.loc 1 22 0
  73 0036 7A68     		ldr	r2, [r7, #4]
  74 0038 4023     		mov	r3, #64
  75 003a 0021     		mov	r1, #0
  76 003c D154     		strb	r1, [r2, r3]
  23:.\buffer.c    **** }
  77              		.loc 1 23 0
  78 003e BD46     		mov	sp, r7
  79 0040 04B0     		add	sp, sp, #16
  80              		@ sp needed for prologue
  81 0042 80BD     		pop	{r7, pc}
  82              		.cfi_endproc
  83              	.LFE0:
  84              		.size	buffer_init, .-buffer_init
  85              		.section	.text.buffer_saveData,"ax",%progbits
  86              		.align	2
  87              		.global	buffer_saveData
  88              		.code	16
  89              		.thumb_func
ARM GAS  C:\Users\BJRN~1\AppData\Local\Temp\cc3nEini.s 			page 3


  90              		.type	buffer_saveData, %function
  91              	buffer_saveData:
  92              	.LFB1:
  24:.\buffer.c    **** 
  25:.\buffer.c    **** int buffer_saveData( buffer * const this, const char * buf, const unsigned int len )
  26:.\buffer.c    **** {
  93              		.loc 1 26 0
  94              		.cfi_startproc
  95 0000 80B5     		push	{r7, lr}
  96              	.LCFI3:
  97              		.cfi_def_cfa_offset 8
  98              		.cfi_offset 7, -8
  99              		.cfi_offset 14, -4
 100 0002 88B0     		sub	sp, sp, #32
 101              	.LCFI4:
 102              		.cfi_def_cfa_offset 40
 103 0004 00AF     		add	r7, sp, #0
 104              	.LCFI5:
 105              		.cfi_def_cfa_register 7
 106 0006 F860     		str	r0, [r7, #12]
 107 0008 B960     		str	r1, [r7, #8]
 108 000a 7A60     		str	r2, [r7, #4]
  27:.\buffer.c    ****     if(len <= 0)    // If len <= 0
 109              		.loc 1 27 0
 110 000c 7B68     		ldr	r3, [r7, #4]
 111 000e 002B     		cmp	r3, #0
 112 0010 02D1     		bne	.L5
  28:.\buffer.c    ****         return -20;
 113              		.loc 1 28 0
 114 0012 1423     		mov	r3, #20
 115 0014 5B42     		neg	r3, r3
 116 0016 49E0     		b	.L6
 117              	.L5:
  29:.\buffer.c    ****     
  30:.\buffer.c    ****     // Get space left in buffer_
  31:.\buffer.c    ****     unsigned int spaceLeft;
  32:.\buffer.c    ****     spaceLeft = this->len_ - this->cursor_;
 118              		.loc 1 32 0
 119 0018 FB68     		ldr	r3, [r7, #12]
 120 001a 5A6B     		ldr	r2, [r3, #52]
 121 001c FB68     		ldr	r3, [r7, #12]
 122 001e 9B6B     		ldr	r3, [r3, #56]
 123 0020 D31A     		sub	r3, r2, r3
 124 0022 7B61     		str	r3, [r7, #20]
  33:.\buffer.c    ****     unsigned int index;
  34:.\buffer.c    ****     index = this->cursor_;
 125              		.loc 1 34 0
 126 0024 FB68     		ldr	r3, [r7, #12]
 127 0026 9B6B     		ldr	r3, [r3, #56]
 128 0028 FB61     		str	r3, [r7, #28]
  35:.\buffer.c    ****     
  36:.\buffer.c    ****     if(len > spaceLeft) // If not enough room
 129              		.loc 1 36 0
 130 002a 7A68     		ldr	r2, [r7, #4]
 131 002c 7B69     		ldr	r3, [r7, #20]
 132 002e 9A42     		cmp	r2, r3
 133 0030 02D9     		bls	.L7
ARM GAS  C:\Users\BJRN~1\AppData\Local\Temp\cc3nEini.s 			page 4


  37:.\buffer.c    ****         return -21;
 134              		.loc 1 37 0
 135 0032 1523     		mov	r3, #21
 136 0034 5B42     		neg	r3, r3
 137 0036 39E0     		b	.L6
 138              	.L7:
  38:.\buffer.c    ****     
  39:.\buffer.c    ****     if(buf[0] == 'D' && this->dataWritten_ == 1)    // Overwrite old data
 139              		.loc 1 39 0
 140 0038 BB68     		ldr	r3, [r7, #8]
 141 003a 1B78     		ldrb	r3, [r3]
 142 003c 442B     		cmp	r3, #68
 143 003e 08D1     		bne	.L8
 144              		.loc 1 39 0 is_stmt 0 discriminator 1
 145 0040 FA68     		ldr	r2, [r7, #12]
 146 0042 4023     		mov	r3, #64
 147 0044 D35C     		ldrb	r3, [r2, r3]
 148 0046 012B     		cmp	r3, #1
 149 0048 03D1     		bne	.L8
  40:.\buffer.c    ****     {
  41:.\buffer.c    ****         index = this->dataIndex_;           // Set index to old dataIndex
 150              		.loc 1 41 0 is_stmt 1
 151 004a FB68     		ldr	r3, [r7, #12]
 152 004c DB6B     		ldr	r3, [r3, #60]
 153 004e FB61     		str	r3, [r7, #28]
 154 0050 18E0     		b	.L9
 155              	.L8:
  42:.\buffer.c    ****     }
  43:.\buffer.c    ****     else if(buf[0] == 'D')  // New data
 156              		.loc 1 43 0
 157 0052 BB68     		ldr	r3, [r7, #8]
 158 0054 1B78     		ldrb	r3, [r3]
 159 0056 442B     		cmp	r3, #68
 160 0058 0ED1     		bne	.L10
  44:.\buffer.c    ****     {   
  45:.\buffer.c    ****         this->dataIndex_ = this->cursor_;   //  Set data index
 161              		.loc 1 45 0
 162 005a FB68     		ldr	r3, [r7, #12]
 163 005c 9A6B     		ldr	r2, [r3, #56]
 164 005e FB68     		ldr	r3, [r7, #12]
 165 0060 DA63     		str	r2, [r3, #60]
  46:.\buffer.c    ****         this->dataWritten_ = 1;             // Set flag that data has been written
 166              		.loc 1 46 0
 167 0062 FA68     		ldr	r2, [r7, #12]
 168 0064 4023     		mov	r3, #64
 169 0066 0121     		mov	r1, #1
 170 0068 D154     		strb	r1, [r2, r3]
  47:.\buffer.c    ****         this->cursor_ += len;               // Update buffer cursor   
 171              		.loc 1 47 0
 172 006a FB68     		ldr	r3, [r7, #12]
 173 006c 9A6B     		ldr	r2, [r3, #56]
 174 006e 7B68     		ldr	r3, [r7, #4]
 175 0070 D218     		add	r2, r2, r3
 176 0072 FB68     		ldr	r3, [r7, #12]
 177 0074 9A63     		str	r2, [r3, #56]
 178 0076 05E0     		b	.L9
 179              	.L10:
ARM GAS  C:\Users\BJRN~1\AppData\Local\Temp\cc3nEini.s 			page 5


  48:.\buffer.c    ****     }
  49:.\buffer.c    ****     else
  50:.\buffer.c    ****         this->cursor_ += len;               // Update buffer cursor 
 180              		.loc 1 50 0
 181 0078 FB68     		ldr	r3, [r7, #12]
 182 007a 9A6B     		ldr	r2, [r3, #56]
 183 007c 7B68     		ldr	r3, [r7, #4]
 184 007e D218     		add	r2, r2, r3
 185 0080 FB68     		ldr	r3, [r7, #12]
 186 0082 9A63     		str	r2, [r3, #56]
 187              	.L9:
  51:.\buffer.c    ****     
  52:.\buffer.c    ****     unsigned int i;
  53:.\buffer.c    ****     for(i = 0; i < len; i++)            // Insert data into buffer
 188              		.loc 1 53 0
 189 0084 0023     		mov	r3, #0
 190 0086 BB61     		str	r3, [r7, #24]
 191 0088 0BE0     		b	.L11
 192              	.L12:
  54:.\buffer.c    ****         this->buffer_[index + i] = buf[i];
 193              		.loc 1 54 0 discriminator 2
 194 008a FA69     		ldr	r2, [r7, #28]
 195 008c BB69     		ldr	r3, [r7, #24]
 196 008e D318     		add	r3, r2, r3
 197 0090 B968     		ldr	r1, [r7, #8]
 198 0092 BA69     		ldr	r2, [r7, #24]
 199 0094 8A18     		add	r2, r1, r2
 200 0096 1178     		ldrb	r1, [r2]
 201 0098 FA68     		ldr	r2, [r7, #12]
 202 009a D154     		strb	r1, [r2, r3]
  53:.\buffer.c    ****     for(i = 0; i < len; i++)            // Insert data into buffer
 203              		.loc 1 53 0 discriminator 2
 204 009c BB69     		ldr	r3, [r7, #24]
 205 009e 0133     		add	r3, r3, #1
 206 00a0 BB61     		str	r3, [r7, #24]
 207              	.L11:
  53:.\buffer.c    ****     for(i = 0; i < len; i++)            // Insert data into buffer
 208              		.loc 1 53 0 is_stmt 0 discriminator 1
 209 00a2 BA69     		ldr	r2, [r7, #24]
 210 00a4 7B68     		ldr	r3, [r7, #4]
 211 00a6 9A42     		cmp	r2, r3
 212 00a8 EFD3     		bcc	.L12
  55:.\buffer.c    ****     
  56:.\buffer.c    ****     
  57:.\buffer.c    ****     
  58:.\buffer.c    ****     return 0;
 213              		.loc 1 58 0 is_stmt 1
 214 00aa 0023     		mov	r3, #0
 215              	.L6:
  59:.\buffer.c    **** }
 216              		.loc 1 59 0
 217 00ac 181C     		mov	r0, r3
 218 00ae BD46     		mov	sp, r7
 219 00b0 08B0     		add	sp, sp, #32
 220              		@ sp needed for prologue
 221 00b2 80BD     		pop	{r7, pc}
 222              		.cfi_endproc
ARM GAS  C:\Users\BJRN~1\AppData\Local\Temp\cc3nEini.s 			page 6


 223              	.LFE1:
 224              		.size	buffer_saveData, .-buffer_saveData
 225              		.section	.text.buffer_getData,"ax",%progbits
 226              		.align	2
 227              		.global	buffer_getData
 228              		.code	16
 229              		.thumb_func
 230              		.type	buffer_getData, %function
 231              	buffer_getData:
 232              	.LFB2:
  60:.\buffer.c    **** 
  61:.\buffer.c    **** int buffer_getData( buffer * const this, char ** buf, unsigned int * len )
  62:.\buffer.c    **** {
 233              		.loc 1 62 0
 234              		.cfi_startproc
 235 0000 80B5     		push	{r7, lr}
 236              	.LCFI6:
 237              		.cfi_def_cfa_offset 8
 238              		.cfi_offset 7, -8
 239              		.cfi_offset 14, -4
 240 0002 84B0     		sub	sp, sp, #16
 241              	.LCFI7:
 242              		.cfi_def_cfa_offset 24
 243 0004 00AF     		add	r7, sp, #0
 244              	.LCFI8:
 245              		.cfi_def_cfa_register 7
 246 0006 F860     		str	r0, [r7, #12]
 247 0008 B960     		str	r1, [r7, #8]
 248 000a 7A60     		str	r2, [r7, #4]
  63:.\buffer.c    ****     // Returns pointer and length of used space
  64:.\buffer.c    ****     *buf = this->buffer_;
 249              		.loc 1 64 0
 250 000c FA68     		ldr	r2, [r7, #12]
 251 000e BB68     		ldr	r3, [r7, #8]
 252 0010 1A60     		str	r2, [r3]
  65:.\buffer.c    ****     *len = this->cursor_;
 253              		.loc 1 65 0
 254 0012 FB68     		ldr	r3, [r7, #12]
 255 0014 9A6B     		ldr	r2, [r3, #56]
 256 0016 7B68     		ldr	r3, [r7, #4]
 257 0018 1A60     		str	r2, [r3]
  66:.\buffer.c    ****     this->cursor_ = 0;
 258              		.loc 1 66 0
 259 001a FB68     		ldr	r3, [r7, #12]
 260 001c 0022     		mov	r2, #0
 261 001e 9A63     		str	r2, [r3, #56]
  67:.\buffer.c    ****     this->dataWritten_ = 0;
 262              		.loc 1 67 0
 263 0020 FA68     		ldr	r2, [r7, #12]
 264 0022 4023     		mov	r3, #64
 265 0024 0021     		mov	r1, #0
 266 0026 D154     		strb	r1, [r2, r3]
  68:.\buffer.c    ****     
  69:.\buffer.c    ****     return 0;
 267              		.loc 1 69 0
 268 0028 0023     		mov	r3, #0
  70:.\buffer.c    **** }
ARM GAS  C:\Users\BJRN~1\AppData\Local\Temp\cc3nEini.s 			page 7


 269              		.loc 1 70 0
 270 002a 181C     		mov	r0, r3
 271 002c BD46     		mov	sp, r7
 272 002e 04B0     		add	sp, sp, #16
 273              		@ sp needed for prologue
 274 0030 80BD     		pop	{r7, pc}
 275              		.cfi_endproc
 276              	.LFE2:
 277              		.size	buffer_getData, .-buffer_getData
 278 0032 C046     		.text
 279              	.Letext0:
 280              		.file 2 ".\\buffer.h"
 281              		.section	.debug_info,"",%progbits
 282              	.Ldebug_info0:
 283 0000 D3010000 		.4byte	0x1d3
 284 0004 0200     		.2byte	0x2
 285 0006 00000000 		.4byte	.Ldebug_abbrev0
 286 000a 04       		.byte	0x4
 287 000b 01       		.uleb128 0x1
 288 000c 39000000 		.4byte	.LASF14
 289 0010 01       		.byte	0x1
 290 0011 A9000000 		.4byte	.LASF15
 291 0015 FD000000 		.4byte	.LASF16
 292 0019 00000000 		.4byte	.Ldebug_ranges0+0
 293 001d 00000000 		.4byte	0
 294 0021 00000000 		.4byte	0
 295 0025 00000000 		.4byte	.Ldebug_line0
 296 0029 02       		.uleb128 0x2
 297 002a 2D000000 		.4byte	.LASF17
 298 002e 44       		.byte	0x44
 299 002f 02       		.byte	0x2
 300 0030 0F       		.byte	0xf
 301 0031 7C000000 		.4byte	0x7c
 302 0035 03       		.uleb128 0x3
 303 0036 25000000 		.4byte	.LASF0
 304 003a 02       		.byte	0x2
 305 003b 11       		.byte	0x11
 306 003c 7C000000 		.4byte	0x7c
 307 0040 02       		.byte	0x2
 308 0041 23       		.byte	0x23
 309 0042 00       		.uleb128 0
 310 0043 03       		.uleb128 0x3
 311 0044 00000000 		.4byte	.LASF1
 312 0048 02       		.byte	0x2
 313 0049 12       		.byte	0x12
 314 004a 9A000000 		.4byte	0x9a
 315 004e 02       		.byte	0x2
 316 004f 23       		.byte	0x23
 317 0050 34       		.uleb128 0x34
 318 0051 03       		.uleb128 0x3
 319 0052 EA000000 		.4byte	.LASF2
 320 0056 02       		.byte	0x2
 321 0057 13       		.byte	0x13
 322 0058 9A000000 		.4byte	0x9a
 323 005c 02       		.byte	0x2
 324 005d 23       		.byte	0x23
 325 005e 38       		.uleb128 0x38
ARM GAS  C:\Users\BJRN~1\AppData\Local\Temp\cc3nEini.s 			page 8


 326 005f 03       		.uleb128 0x3
 327 0060 F2000000 		.4byte	.LASF3
 328 0064 02       		.byte	0x2
 329 0065 14       		.byte	0x14
 330 0066 9A000000 		.4byte	0x9a
 331 006a 02       		.byte	0x2
 332 006b 23       		.byte	0x23
 333 006c 3C       		.uleb128 0x3c
 334 006d 03       		.uleb128 0x3
 335 006e 9C000000 		.4byte	.LASF4
 336 0072 02       		.byte	0x2
 337 0073 15       		.byte	0x15
 338 0074 A1000000 		.4byte	0xa1
 339 0078 02       		.byte	0x2
 340 0079 23       		.byte	0x23
 341 007a 40       		.uleb128 0x40
 342 007b 00       		.byte	0
 343 007c 04       		.uleb128 0x4
 344 007d 93000000 		.4byte	0x93
 345 0081 8C000000 		.4byte	0x8c
 346 0085 05       		.uleb128 0x5
 347 0086 8C000000 		.4byte	0x8c
 348 008a 32       		.byte	0x32
 349 008b 00       		.byte	0
 350 008c 06       		.uleb128 0x6
 351 008d 04       		.byte	0x4
 352 008e 07       		.byte	0x7
 353 008f CC000000 		.4byte	.LASF5
 354 0093 06       		.uleb128 0x6
 355 0094 01       		.byte	0x1
 356 0095 08       		.byte	0x8
 357 0096 E5000000 		.4byte	.LASF6
 358 009a 06       		.uleb128 0x6
 359 009b 04       		.byte	0x4
 360 009c 07       		.byte	0x7
 361 009d 05000000 		.4byte	.LASF7
 362 00a1 06       		.uleb128 0x6
 363 00a2 01       		.byte	0x1
 364 00a3 08       		.byte	0x8
 365 00a4 B4000000 		.4byte	.LASF8
 366 00a8 07       		.uleb128 0x7
 367 00a9 12000000 		.4byte	.LASF18
 368 00ad 02       		.byte	0x2
 369 00ae 16       		.byte	0x16
 370 00af 29000000 		.4byte	0x29
 371 00b3 08       		.uleb128 0x8
 372 00b4 01       		.byte	0x1
 373 00b5 19000000 		.4byte	.LASF19
 374 00b9 01       		.byte	0x1
 375 00ba 0C       		.byte	0xc
 376 00bb 01       		.byte	0x1
 377 00bc 00000000 		.4byte	.LFB0
 378 00c0 44000000 		.4byte	.LFE0
 379 00c4 00000000 		.4byte	.LLST0
 380 00c8 01       		.byte	0x1
 381 00c9 E8000000 		.4byte	0xe8
 382 00cd 09       		.uleb128 0x9
ARM GAS  C:\Users\BJRN~1\AppData\Local\Temp\cc3nEini.s 			page 9


 383 00ce 97000000 		.4byte	.LASF9
 384 00d2 01       		.byte	0x1
 385 00d3 0C       		.byte	0xc
 386 00d4 E8000000 		.4byte	0xe8
 387 00d8 02       		.byte	0x2
 388 00d9 91       		.byte	0x91
 389 00da 6C       		.sleb128 -20
 390 00db 0A       		.uleb128 0xa
 391 00dc 6900     		.ascii	"i\000"
 392 00de 01       		.byte	0x1
 393 00df 0F       		.byte	0xf
 394 00e0 9A000000 		.4byte	0x9a
 395 00e4 02       		.byte	0x2
 396 00e5 91       		.byte	0x91
 397 00e6 74       		.sleb128 -12
 398 00e7 00       		.byte	0
 399 00e8 0B       		.uleb128 0xb
 400 00e9 ED000000 		.4byte	0xed
 401 00ed 0C       		.uleb128 0xc
 402 00ee 04       		.byte	0x4
 403 00ef A8000000 		.4byte	0xa8
 404 00f3 0D       		.uleb128 0xd
 405 00f4 01       		.byte	0x1
 406 00f5 D5000000 		.4byte	.LASF12
 407 00f9 01       		.byte	0x1
 408 00fa 19       		.byte	0x19
 409 00fb 01       		.byte	0x1
 410 00fc 64010000 		.4byte	0x164
 411 0100 00000000 		.4byte	.LFB1
 412 0104 B4000000 		.4byte	.LFE1
 413 0108 38000000 		.4byte	.LLST1
 414 010c 01       		.byte	0x1
 415 010d 64010000 		.4byte	0x164
 416 0111 09       		.uleb128 0x9
 417 0112 97000000 		.4byte	.LASF9
 418 0116 01       		.byte	0x1
 419 0117 19       		.byte	0x19
 420 0118 E8000000 		.4byte	0xe8
 421 011c 02       		.byte	0x2
 422 011d 91       		.byte	0x91
 423 011e 64       		.sleb128 -28
 424 011f 0E       		.uleb128 0xe
 425 0120 62756600 		.ascii	"buf\000"
 426 0124 01       		.byte	0x1
 427 0125 19       		.byte	0x19
 428 0126 6B010000 		.4byte	0x16b
 429 012a 02       		.byte	0x2
 430 012b 91       		.byte	0x91
 431 012c 60       		.sleb128 -32
 432 012d 0E       		.uleb128 0xe
 433 012e 6C656E00 		.ascii	"len\000"
 434 0132 01       		.byte	0x1
 435 0133 19       		.byte	0x19
 436 0134 76010000 		.4byte	0x176
 437 0138 02       		.byte	0x2
 438 0139 91       		.byte	0x91
 439 013a 5C       		.sleb128 -36
ARM GAS  C:\Users\BJRN~1\AppData\Local\Temp\cc3nEini.s 			page 10


 440 013b 0F       		.uleb128 0xf
 441 013c C2000000 		.4byte	.LASF10
 442 0140 01       		.byte	0x1
 443 0141 1F       		.byte	0x1f
 444 0142 9A000000 		.4byte	0x9a
 445 0146 02       		.byte	0x2
 446 0147 91       		.byte	0x91
 447 0148 6C       		.sleb128 -20
 448 0149 0F       		.uleb128 0xf
 449 014a 91000000 		.4byte	.LASF11
 450 014e 01       		.byte	0x1
 451 014f 21       		.byte	0x21
 452 0150 9A000000 		.4byte	0x9a
 453 0154 02       		.byte	0x2
 454 0155 91       		.byte	0x91
 455 0156 74       		.sleb128 -12
 456 0157 0A       		.uleb128 0xa
 457 0158 6900     		.ascii	"i\000"
 458 015a 01       		.byte	0x1
 459 015b 34       		.byte	0x34
 460 015c 9A000000 		.4byte	0x9a
 461 0160 02       		.byte	0x2
 462 0161 91       		.byte	0x91
 463 0162 70       		.sleb128 -16
 464 0163 00       		.byte	0
 465 0164 10       		.uleb128 0x10
 466 0165 04       		.byte	0x4
 467 0166 05       		.byte	0x5
 468 0167 696E7400 		.ascii	"int\000"
 469 016b 0C       		.uleb128 0xc
 470 016c 04       		.byte	0x4
 471 016d 71010000 		.4byte	0x171
 472 0171 0B       		.uleb128 0xb
 473 0172 93000000 		.4byte	0x93
 474 0176 0B       		.uleb128 0xb
 475 0177 9A000000 		.4byte	0x9a
 476 017b 0D       		.uleb128 0xd
 477 017c 01       		.byte	0x1
 478 017d 82000000 		.4byte	.LASF13
 479 0181 01       		.byte	0x1
 480 0182 3D       		.byte	0x3d
 481 0183 01       		.byte	0x1
 482 0184 64010000 		.4byte	0x164
 483 0188 00000000 		.4byte	.LFB2
 484 018c 32000000 		.4byte	.LFE2
 485 0190 70000000 		.4byte	.LLST2
 486 0194 01       		.byte	0x1
 487 0195 C4010000 		.4byte	0x1c4
 488 0199 09       		.uleb128 0x9
 489 019a 97000000 		.4byte	.LASF9
 490 019e 01       		.byte	0x1
 491 019f 3D       		.byte	0x3d
 492 01a0 E8000000 		.4byte	0xe8
 493 01a4 02       		.byte	0x2
 494 01a5 91       		.byte	0x91
 495 01a6 74       		.sleb128 -12
 496 01a7 0E       		.uleb128 0xe
ARM GAS  C:\Users\BJRN~1\AppData\Local\Temp\cc3nEini.s 			page 11


 497 01a8 62756600 		.ascii	"buf\000"
 498 01ac 01       		.byte	0x1
 499 01ad 3D       		.byte	0x3d
 500 01ae C4010000 		.4byte	0x1c4
 501 01b2 02       		.byte	0x2
 502 01b3 91       		.byte	0x91
 503 01b4 70       		.sleb128 -16
 504 01b5 0E       		.uleb128 0xe
 505 01b6 6C656E00 		.ascii	"len\000"
 506 01ba 01       		.byte	0x1
 507 01bb 3D       		.byte	0x3d
 508 01bc D0010000 		.4byte	0x1d0
 509 01c0 02       		.byte	0x2
 510 01c1 91       		.byte	0x91
 511 01c2 6C       		.sleb128 -20
 512 01c3 00       		.byte	0
 513 01c4 0C       		.uleb128 0xc
 514 01c5 04       		.byte	0x4
 515 01c6 CA010000 		.4byte	0x1ca
 516 01ca 0C       		.uleb128 0xc
 517 01cb 04       		.byte	0x4
 518 01cc 93000000 		.4byte	0x93
 519 01d0 0C       		.uleb128 0xc
 520 01d1 04       		.byte	0x4
 521 01d2 9A000000 		.4byte	0x9a
 522 01d6 00       		.byte	0
 523              		.section	.debug_abbrev,"",%progbits
 524              	.Ldebug_abbrev0:
 525 0000 01       		.uleb128 0x1
 526 0001 11       		.uleb128 0x11
 527 0002 01       		.byte	0x1
 528 0003 25       		.uleb128 0x25
 529 0004 0E       		.uleb128 0xe
 530 0005 13       		.uleb128 0x13
 531 0006 0B       		.uleb128 0xb
 532 0007 03       		.uleb128 0x3
 533 0008 0E       		.uleb128 0xe
 534 0009 1B       		.uleb128 0x1b
 535 000a 0E       		.uleb128 0xe
 536 000b 55       		.uleb128 0x55
 537 000c 06       		.uleb128 0x6
 538 000d 11       		.uleb128 0x11
 539 000e 01       		.uleb128 0x1
 540 000f 52       		.uleb128 0x52
 541 0010 01       		.uleb128 0x1
 542 0011 10       		.uleb128 0x10
 543 0012 06       		.uleb128 0x6
 544 0013 00       		.byte	0
 545 0014 00       		.byte	0
 546 0015 02       		.uleb128 0x2
 547 0016 13       		.uleb128 0x13
 548 0017 01       		.byte	0x1
 549 0018 03       		.uleb128 0x3
 550 0019 0E       		.uleb128 0xe
 551 001a 0B       		.uleb128 0xb
 552 001b 0B       		.uleb128 0xb
 553 001c 3A       		.uleb128 0x3a
ARM GAS  C:\Users\BJRN~1\AppData\Local\Temp\cc3nEini.s 			page 12


 554 001d 0B       		.uleb128 0xb
 555 001e 3B       		.uleb128 0x3b
 556 001f 0B       		.uleb128 0xb
 557 0020 01       		.uleb128 0x1
 558 0021 13       		.uleb128 0x13
 559 0022 00       		.byte	0
 560 0023 00       		.byte	0
 561 0024 03       		.uleb128 0x3
 562 0025 0D       		.uleb128 0xd
 563 0026 00       		.byte	0
 564 0027 03       		.uleb128 0x3
 565 0028 0E       		.uleb128 0xe
 566 0029 3A       		.uleb128 0x3a
 567 002a 0B       		.uleb128 0xb
 568 002b 3B       		.uleb128 0x3b
 569 002c 0B       		.uleb128 0xb
 570 002d 49       		.uleb128 0x49
 571 002e 13       		.uleb128 0x13
 572 002f 38       		.uleb128 0x38
 573 0030 0A       		.uleb128 0xa
 574 0031 00       		.byte	0
 575 0032 00       		.byte	0
 576 0033 04       		.uleb128 0x4
 577 0034 01       		.uleb128 0x1
 578 0035 01       		.byte	0x1
 579 0036 49       		.uleb128 0x49
 580 0037 13       		.uleb128 0x13
 581 0038 01       		.uleb128 0x1
 582 0039 13       		.uleb128 0x13
 583 003a 00       		.byte	0
 584 003b 00       		.byte	0
 585 003c 05       		.uleb128 0x5
 586 003d 21       		.uleb128 0x21
 587 003e 00       		.byte	0
 588 003f 49       		.uleb128 0x49
 589 0040 13       		.uleb128 0x13
 590 0041 2F       		.uleb128 0x2f
 591 0042 0B       		.uleb128 0xb
 592 0043 00       		.byte	0
 593 0044 00       		.byte	0
 594 0045 06       		.uleb128 0x6
 595 0046 24       		.uleb128 0x24
 596 0047 00       		.byte	0
 597 0048 0B       		.uleb128 0xb
 598 0049 0B       		.uleb128 0xb
 599 004a 3E       		.uleb128 0x3e
 600 004b 0B       		.uleb128 0xb
 601 004c 03       		.uleb128 0x3
 602 004d 0E       		.uleb128 0xe
 603 004e 00       		.byte	0
 604 004f 00       		.byte	0
 605 0050 07       		.uleb128 0x7
 606 0051 16       		.uleb128 0x16
 607 0052 00       		.byte	0
 608 0053 03       		.uleb128 0x3
 609 0054 0E       		.uleb128 0xe
 610 0055 3A       		.uleb128 0x3a
ARM GAS  C:\Users\BJRN~1\AppData\Local\Temp\cc3nEini.s 			page 13


 611 0056 0B       		.uleb128 0xb
 612 0057 3B       		.uleb128 0x3b
 613 0058 0B       		.uleb128 0xb
 614 0059 49       		.uleb128 0x49
 615 005a 13       		.uleb128 0x13
 616 005b 00       		.byte	0
 617 005c 00       		.byte	0
 618 005d 08       		.uleb128 0x8
 619 005e 2E       		.uleb128 0x2e
 620 005f 01       		.byte	0x1
 621 0060 3F       		.uleb128 0x3f
 622 0061 0C       		.uleb128 0xc
 623 0062 03       		.uleb128 0x3
 624 0063 0E       		.uleb128 0xe
 625 0064 3A       		.uleb128 0x3a
 626 0065 0B       		.uleb128 0xb
 627 0066 3B       		.uleb128 0x3b
 628 0067 0B       		.uleb128 0xb
 629 0068 27       		.uleb128 0x27
 630 0069 0C       		.uleb128 0xc
 631 006a 11       		.uleb128 0x11
 632 006b 01       		.uleb128 0x1
 633 006c 12       		.uleb128 0x12
 634 006d 01       		.uleb128 0x1
 635 006e 40       		.uleb128 0x40
 636 006f 06       		.uleb128 0x6
 637 0070 9742     		.uleb128 0x2117
 638 0072 0C       		.uleb128 0xc
 639 0073 01       		.uleb128 0x1
 640 0074 13       		.uleb128 0x13
 641 0075 00       		.byte	0
 642 0076 00       		.byte	0
 643 0077 09       		.uleb128 0x9
 644 0078 05       		.uleb128 0x5
 645 0079 00       		.byte	0
 646 007a 03       		.uleb128 0x3
 647 007b 0E       		.uleb128 0xe
 648 007c 3A       		.uleb128 0x3a
 649 007d 0B       		.uleb128 0xb
 650 007e 3B       		.uleb128 0x3b
 651 007f 0B       		.uleb128 0xb
 652 0080 49       		.uleb128 0x49
 653 0081 13       		.uleb128 0x13
 654 0082 02       		.uleb128 0x2
 655 0083 0A       		.uleb128 0xa
 656 0084 00       		.byte	0
 657 0085 00       		.byte	0
 658 0086 0A       		.uleb128 0xa
 659 0087 34       		.uleb128 0x34
 660 0088 00       		.byte	0
 661 0089 03       		.uleb128 0x3
 662 008a 08       		.uleb128 0x8
 663 008b 3A       		.uleb128 0x3a
 664 008c 0B       		.uleb128 0xb
 665 008d 3B       		.uleb128 0x3b
 666 008e 0B       		.uleb128 0xb
 667 008f 49       		.uleb128 0x49
ARM GAS  C:\Users\BJRN~1\AppData\Local\Temp\cc3nEini.s 			page 14


 668 0090 13       		.uleb128 0x13
 669 0091 02       		.uleb128 0x2
 670 0092 0A       		.uleb128 0xa
 671 0093 00       		.byte	0
 672 0094 00       		.byte	0
 673 0095 0B       		.uleb128 0xb
 674 0096 26       		.uleb128 0x26
 675 0097 00       		.byte	0
 676 0098 49       		.uleb128 0x49
 677 0099 13       		.uleb128 0x13
 678 009a 00       		.byte	0
 679 009b 00       		.byte	0
 680 009c 0C       		.uleb128 0xc
 681 009d 0F       		.uleb128 0xf
 682 009e 00       		.byte	0
 683 009f 0B       		.uleb128 0xb
 684 00a0 0B       		.uleb128 0xb
 685 00a1 49       		.uleb128 0x49
 686 00a2 13       		.uleb128 0x13
 687 00a3 00       		.byte	0
 688 00a4 00       		.byte	0
 689 00a5 0D       		.uleb128 0xd
 690 00a6 2E       		.uleb128 0x2e
 691 00a7 01       		.byte	0x1
 692 00a8 3F       		.uleb128 0x3f
 693 00a9 0C       		.uleb128 0xc
 694 00aa 03       		.uleb128 0x3
 695 00ab 0E       		.uleb128 0xe
 696 00ac 3A       		.uleb128 0x3a
 697 00ad 0B       		.uleb128 0xb
 698 00ae 3B       		.uleb128 0x3b
 699 00af 0B       		.uleb128 0xb
 700 00b0 27       		.uleb128 0x27
 701 00b1 0C       		.uleb128 0xc
 702 00b2 49       		.uleb128 0x49
 703 00b3 13       		.uleb128 0x13
 704 00b4 11       		.uleb128 0x11
 705 00b5 01       		.uleb128 0x1
 706 00b6 12       		.uleb128 0x12
 707 00b7 01       		.uleb128 0x1
 708 00b8 40       		.uleb128 0x40
 709 00b9 06       		.uleb128 0x6
 710 00ba 9742     		.uleb128 0x2117
 711 00bc 0C       		.uleb128 0xc
 712 00bd 01       		.uleb128 0x1
 713 00be 13       		.uleb128 0x13
 714 00bf 00       		.byte	0
 715 00c0 00       		.byte	0
 716 00c1 0E       		.uleb128 0xe
 717 00c2 05       		.uleb128 0x5
 718 00c3 00       		.byte	0
 719 00c4 03       		.uleb128 0x3
 720 00c5 08       		.uleb128 0x8
 721 00c6 3A       		.uleb128 0x3a
 722 00c7 0B       		.uleb128 0xb
 723 00c8 3B       		.uleb128 0x3b
 724 00c9 0B       		.uleb128 0xb
ARM GAS  C:\Users\BJRN~1\AppData\Local\Temp\cc3nEini.s 			page 15


 725 00ca 49       		.uleb128 0x49
 726 00cb 13       		.uleb128 0x13
 727 00cc 02       		.uleb128 0x2
 728 00cd 0A       		.uleb128 0xa
 729 00ce 00       		.byte	0
 730 00cf 00       		.byte	0
 731 00d0 0F       		.uleb128 0xf
 732 00d1 34       		.uleb128 0x34
 733 00d2 00       		.byte	0
 734 00d3 03       		.uleb128 0x3
 735 00d4 0E       		.uleb128 0xe
 736 00d5 3A       		.uleb128 0x3a
 737 00d6 0B       		.uleb128 0xb
 738 00d7 3B       		.uleb128 0x3b
 739 00d8 0B       		.uleb128 0xb
 740 00d9 49       		.uleb128 0x49
 741 00da 13       		.uleb128 0x13
 742 00db 02       		.uleb128 0x2
 743 00dc 0A       		.uleb128 0xa
 744 00dd 00       		.byte	0
 745 00de 00       		.byte	0
 746 00df 10       		.uleb128 0x10
 747 00e0 24       		.uleb128 0x24
 748 00e1 00       		.byte	0
 749 00e2 0B       		.uleb128 0xb
 750 00e3 0B       		.uleb128 0xb
 751 00e4 3E       		.uleb128 0x3e
 752 00e5 0B       		.uleb128 0xb
 753 00e6 03       		.uleb128 0x3
 754 00e7 08       		.uleb128 0x8
 755 00e8 00       		.byte	0
 756 00e9 00       		.byte	0
 757 00ea 00       		.byte	0
 758              		.section	.debug_loc,"",%progbits
 759              	.Ldebug_loc0:
 760              	.LLST0:
 761 0000 00000000 		.4byte	.LFB0
 762 0004 02000000 		.4byte	.LCFI0
 763 0008 0200     		.2byte	0x2
 764 000a 7D       		.byte	0x7d
 765 000b 00       		.sleb128 0
 766 000c 02000000 		.4byte	.LCFI0
 767 0010 04000000 		.4byte	.LCFI1
 768 0014 0200     		.2byte	0x2
 769 0016 7D       		.byte	0x7d
 770 0017 08       		.sleb128 8
 771 0018 04000000 		.4byte	.LCFI1
 772 001c 06000000 		.4byte	.LCFI2
 773 0020 0200     		.2byte	0x2
 774 0022 7D       		.byte	0x7d
 775 0023 18       		.sleb128 24
 776 0024 06000000 		.4byte	.LCFI2
 777 0028 44000000 		.4byte	.LFE0
 778 002c 0200     		.2byte	0x2
 779 002e 77       		.byte	0x77
 780 002f 18       		.sleb128 24
 781 0030 00000000 		.4byte	0
ARM GAS  C:\Users\BJRN~1\AppData\Local\Temp\cc3nEini.s 			page 16


 782 0034 00000000 		.4byte	0
 783              	.LLST1:
 784 0038 00000000 		.4byte	.LFB1
 785 003c 02000000 		.4byte	.LCFI3
 786 0040 0200     		.2byte	0x2
 787 0042 7D       		.byte	0x7d
 788 0043 00       		.sleb128 0
 789 0044 02000000 		.4byte	.LCFI3
 790 0048 04000000 		.4byte	.LCFI4
 791 004c 0200     		.2byte	0x2
 792 004e 7D       		.byte	0x7d
 793 004f 08       		.sleb128 8
 794 0050 04000000 		.4byte	.LCFI4
 795 0054 06000000 		.4byte	.LCFI5
 796 0058 0200     		.2byte	0x2
 797 005a 7D       		.byte	0x7d
 798 005b 28       		.sleb128 40
 799 005c 06000000 		.4byte	.LCFI5
 800 0060 B4000000 		.4byte	.LFE1
 801 0064 0200     		.2byte	0x2
 802 0066 77       		.byte	0x77
 803 0067 28       		.sleb128 40
 804 0068 00000000 		.4byte	0
 805 006c 00000000 		.4byte	0
 806              	.LLST2:
 807 0070 00000000 		.4byte	.LFB2
 808 0074 02000000 		.4byte	.LCFI6
 809 0078 0200     		.2byte	0x2
 810 007a 7D       		.byte	0x7d
 811 007b 00       		.sleb128 0
 812 007c 02000000 		.4byte	.LCFI6
 813 0080 04000000 		.4byte	.LCFI7
 814 0084 0200     		.2byte	0x2
 815 0086 7D       		.byte	0x7d
 816 0087 08       		.sleb128 8
 817 0088 04000000 		.4byte	.LCFI7
 818 008c 06000000 		.4byte	.LCFI8
 819 0090 0200     		.2byte	0x2
 820 0092 7D       		.byte	0x7d
 821 0093 18       		.sleb128 24
 822 0094 06000000 		.4byte	.LCFI8
 823 0098 32000000 		.4byte	.LFE2
 824 009c 0200     		.2byte	0x2
 825 009e 77       		.byte	0x77
 826 009f 18       		.sleb128 24
 827 00a0 00000000 		.4byte	0
 828 00a4 00000000 		.4byte	0
 829              		.section	.debug_aranges,"",%progbits
 830 0000 2C000000 		.4byte	0x2c
 831 0004 0200     		.2byte	0x2
 832 0006 00000000 		.4byte	.Ldebug_info0
 833 000a 04       		.byte	0x4
 834 000b 00       		.byte	0
 835 000c 0000     		.2byte	0
 836 000e 0000     		.2byte	0
 837 0010 00000000 		.4byte	.LFB0
 838 0014 44000000 		.4byte	.LFE0-.LFB0
ARM GAS  C:\Users\BJRN~1\AppData\Local\Temp\cc3nEini.s 			page 17


 839 0018 00000000 		.4byte	.LFB1
 840 001c B4000000 		.4byte	.LFE1-.LFB1
 841 0020 00000000 		.4byte	.LFB2
 842 0024 32000000 		.4byte	.LFE2-.LFB2
 843 0028 00000000 		.4byte	0
 844 002c 00000000 		.4byte	0
 845              		.section	.debug_ranges,"",%progbits
 846              	.Ldebug_ranges0:
 847 0000 00000000 		.4byte	.LFB0
 848 0004 44000000 		.4byte	.LFE0
 849 0008 00000000 		.4byte	.LFB1
 850 000c B4000000 		.4byte	.LFE1
 851 0010 00000000 		.4byte	.LFB2
 852 0014 32000000 		.4byte	.LFE2
 853 0018 00000000 		.4byte	0
 854 001c 00000000 		.4byte	0
 855              		.section	.debug_line,"",%progbits
 856              	.Ldebug_line0:
 857 0000 A7000000 		.section	.debug_str,"MS",%progbits,1
 857      02002F00 
 857      00000201 
 857      FB0E0D00 
 857      01010101 
 858              	.LASF1:
 859 0000 6C656E5F 		.ascii	"len_\000"
 859      00
 860              	.LASF7:
 861 0005 756E7369 		.ascii	"unsigned int\000"
 861      676E6564 
 861      20696E74 
 861      00
 862              	.LASF18:
 863 0012 62756666 		.ascii	"buffer\000"
 863      657200
 864              	.LASF19:
 865 0019 62756666 		.ascii	"buffer_init\000"
 865      65725F69 
 865      6E697400 
 866              	.LASF0:
 867 0025 62756666 		.ascii	"buffer_\000"
 867      65725F00 
 868              	.LASF17:
 869 002d 62756666 		.ascii	"buffer_type\000"
 869      65725F74 
 869      79706500 
 870              	.LASF14:
 871 0039 474E5520 		.ascii	"GNU C 4.7.3 20130312 (release) [ARM/embedded-4_7-br"
 871      4320342E 
 871      372E3320 
 871      32303133 
 871      30333132 
 872 006c 616E6368 		.ascii	"anch revision 196615]\000"
 872      20726576 
 872      6973696F 
 872      6E203139 
 872      36363135 
 873              	.LASF13:
ARM GAS  C:\Users\BJRN~1\AppData\Local\Temp\cc3nEini.s 			page 18


 874 0082 62756666 		.ascii	"buffer_getData\000"
 874      65725F67 
 874      65744461 
 874      746100
 875              	.LASF11:
 876 0091 696E6465 		.ascii	"index\000"
 876      7800
 877              	.LASF9:
 878 0097 74686973 		.ascii	"this\000"
 878      00
 879              	.LASF4:
 880 009c 64617461 		.ascii	"dataWritten_\000"
 880      57726974 
 880      74656E5F 
 880      00
 881              	.LASF15:
 882 00a9 2E5C6275 		.ascii	".\\buffer.c\000"
 882      66666572 
 882      2E6300
 883              	.LASF8:
 884 00b4 756E7369 		.ascii	"unsigned char\000"
 884      676E6564 
 884      20636861 
 884      7200
 885              	.LASF10:
 886 00c2 73706163 		.ascii	"spaceLeft\000"
 886      654C6566 
 886      7400
 887              	.LASF5:
 888 00cc 73697A65 		.ascii	"sizetype\000"
 888      74797065 
 888      00
 889              	.LASF12:
 890 00d5 62756666 		.ascii	"buffer_saveData\000"
 890      65725F73 
 890      61766544 
 890      61746100 
 891              	.LASF6:
 892 00e5 63686172 		.ascii	"char\000"
 892      00
 893              	.LASF2:
 894 00ea 63757273 		.ascii	"cursor_\000"
 894      6F725F00 
 895              	.LASF3:
 896 00f2 64617461 		.ascii	"dataIndex_\000"
 896      496E6465 
 896      785F00
 897              	.LASF16:
 898 00fd 433A5C45 		.ascii	"C:\\Enhed\\Enhed.cydsn\000"
 898      6E686564 
 898      5C456E68 
 898      65642E63 
 898      7964736E 
 899              		.ident	"GCC: (GNU Tools for ARM Embedded Processors) 4.7.3 20130312 (release) [ARM/embedded-4_7-br
