--------------- Clean Started: 12/15/2014 12:03:06 Project: Enhed, Configuration: ARM GCC 4.7.3 Debug ---------------
Deleting file ".\CortexM0\ARM_GCC_473\Debug\Enhed.o"
Deleting file ".\CortexM0\ARM_GCC_473\Debug\addRemove.o"
Deleting file ".\CortexM0\ARM_GCC_473\Debug\buffer.o"
Deleting file ".\CortexM0\ARM_GCC_473\Debug\config.o"
Deleting file ".\CortexM0\ARM_GCC_473\Debug\humiSensor.o"
Deleting file ".\CortexM0\ARM_GCC_473\Debug\loadData.o"
Deleting file ".\CortexM0\ARM_GCC_473\Debug\movement.o"
Deleting file ".\CortexM0\ARM_GCC_473\Debug\onOff.o"
Deleting file ".\CortexM0\ARM_GCC_473\Debug\parameters.o"
Deleting file ".\CortexM0\ARM_GCC_473\Debug\sensorPackage.o"
Deleting file ".\CortexM0\ARM_GCC_473\Debug\sprinkler.o"
Deleting file ".\CortexM0\ARM_GCC_473\Debug\tempSensor.o"
Deleting file ".\CortexM0\ARM_GCC_473\Debug\spi_handler.o"
Deleting file ".\CortexM0\ARM_GCC_473\Debug\cyfitter_cfg.o"
Deleting file ".\CortexM0\ARM_GCC_473\Debug\cymetadata.o"
Deleting file ".\CortexM0\ARM_GCC_473\Debug\ADC_SAR_Seq_0.o"
Deleting file ".\CortexM0\ARM_GCC_473\Debug\ADC_SAR_Seq_0_PM.o"
Deleting file ".\CortexM0\ARM_GCC_473\Debug\ADC_SAR_Seq_0_INT.o"
Deleting file ".\CortexM0\ARM_GCC_473\Debug\P_FT1.o"
Deleting file ".\CortexM0\ARM_GCC_473\Debug\P_FT2.o"
Deleting file ".\CortexM0\ARM_GCC_473\Debug\P_VP.o"
Deleting file ".\CortexM0\ARM_GCC_473\Debug\SPIS_1.o"
Deleting file ".\CortexM0\ARM_GCC_473\Debug\SPIS_1_SPI_UART.o"
Deleting file ".\CortexM0\ARM_GCC_473\Debug\SPIS_1_SPI_UART_INT.o"
Deleting file ".\CortexM0\ARM_GCC_473\Debug\SPIS_1_PM.o"
Deleting file ".\CortexM0\ARM_GCC_473\Debug\SPIS_1_SPI.o"
Deleting file ".\CortexM0\ARM_GCC_473\Debug\SPIS_1_BOOT.o"
Deleting file ".\CortexM0\ARM_GCC_473\Debug\SPIS_1_SPI_BOOT.o"
Deleting file ".\CortexM0\ARM_GCC_473\Debug\GREEN_LED.o"
Deleting file ".\CortexM0\ARM_GCC_473\Debug\RED_LED.o"
Deleting file ".\CortexM0\ARM_GCC_473\Debug\BLUE_LED.o"
Deleting file ".\CortexM0\ARM_GCC_473\Debug\isr_pir.o"
Deleting file ".\CortexM0\ARM_GCC_473\Debug\P_PIR.o"
Deleting file ".\CortexM0\ARM_GCC_473\Debug\logDataTimer.o"
Deleting file ".\CortexM0\ARM_GCC_473\Debug\logDataTimer_PM.o"
Deleting file ".\CortexM0\ARM_GCC_473\Debug\waterTimer.o"
Deleting file ".\CortexM0\ARM_GCC_473\Debug\waterTimer_PM.o"
Deleting file ".\CortexM0\ARM_GCC_473\Debug\logDataInterrupt.o"
Deleting file ".\CortexM0\ARM_GCC_473\Debug\waterInterrupt.o"
Deleting file ".\CortexM0\ARM_GCC_473\Debug\ADC_SAR_Seq_0_intClock.o"
Deleting file ".\CortexM0\ARM_GCC_473\Debug\ADC_SAR_Seq_0_IRQ.o"
Deleting file ".\CortexM0\ARM_GCC_473\Debug\SPIS_1_ss_s.o"
Deleting file ".\CortexM0\ARM_GCC_473\Debug\SPIS_1_miso_s.o"
Deleting file ".\CortexM0\ARM_GCC_473\Debug\SPIS_1_sclk_s.o"
Deleting file ".\CortexM0\ARM_GCC_473\Debug\SPIS_1_mosi_s.o"
Deleting file ".\CortexM0\ARM_GCC_473\Debug\Cm0Start.o"
Deleting file ".\CortexM0\ARM_GCC_473\Debug\CyBootAsmGnu.o"
Deleting file ".\CortexM0\ARM_GCC_473\Debug\CyFlash.o"
Deleting file ".\CortexM0\ARM_GCC_473\Debug\CyLib.o"
Deleting file ".\CortexM0\ARM_GCC_473\Debug\cyPm.o"
Deleting file ".\CortexM0\ARM_GCC_473\Debug\cyutils.o"
Deleting file ".\CortexM0\ARM_GCC_473\Debug\Enhed.hex"
Deleting file ".\CortexM0\ARM_GCC_473\Debug\Enhed.elf"
Deleting file ".\CortexM0\ARM_GCC_473\Debug\Enhed.map"
Deleting file ".\Enhed.cycdx"
Deleting file ".\Enhed.svd"
Deleting file ".\Enhed.rpt"
Deleting file ".\Enhed_timing.html"
Deleting file ".\CortexM0\ARM_GCC_473\Debug\.deps\C_FILE.P"
Deleting file ".\CortexM0\ARM_GCC_473\Debug\.deps\ARM_C_FILE.P"
Deleting file ".\CortexM0\ARM_GCC_473\Debug\.deps\GNU_ARM_ASM_FILE.P"
--------------- Clean Succeeded: 12/15/2014 12:03:07 ---------------
