ARM GAS  C:\Users\BJRN~1\AppData\Local\Temp\ccPeQdfc.s 			page 1


   1              		.cpu cortex-m0
   2              		.fpu softvfp
   3              		.eabi_attribute 20, 1
   4              		.eabi_attribute 21, 1
   5              		.eabi_attribute 23, 3
   6              		.eabi_attribute 24, 1
   7              		.eabi_attribute 25, 1
   8              		.eabi_attribute 26, 1
   9              		.eabi_attribute 30, 6
  10              		.eabi_attribute 34, 0
  11              		.eabi_attribute 18, 4
  12              		.code	16
  13              		.file	"Enhed.c"
  14              		.text
  15              	.Ltext0:
  16              		.cfi_sections	.debug_frame
  17              		.comm	nextState,1,1
  18              		.section	.text.main,"ax",%progbits
  19              		.align	2
  20              		.global	main
  21              		.code	16
  22              		.thumb_func
  23              		.type	main, %function
  24              	main:
  25              	.LFB33:
  26              		.file 1 ".\\Enhed.c"
   1:.\Enhed.c     **** /*
   2:.\Enhed.c     **** * File: Enhed.c
   3:.\Enhed.c     **** * Description: Samlet application for EasyWater8000 enhed
   4:.\Enhed.c     **** * Project: PRJ3
   5:.\Enhed.c     **** * 
   6:.\Enhed.c     **** * Author: Bjørn Sørensen
   7:.\Enhed.c     **** */
   8:.\Enhed.c     **** 
   9:.\Enhed.c     **** 
  10:.\Enhed.c     **** #include <project.h>
  11:.\Enhed.c     **** 
  12:.\Enhed.c     **** // Controllers
  13:.\Enhed.c     **** #include "loadData.h"
  14:.\Enhed.c     **** #include "onOff.h"
  15:.\Enhed.c     **** #include "config.h"
  16:.\Enhed.c     **** #include "addRemove.h"
  17:.\Enhed.c     **** 
  18:.\Enhed.c     **** // Domain
  19:.\Enhed.c     **** #include "buffer.h"
  20:.\Enhed.c     **** #include "parameters.h"
  21:.\Enhed.c     **** 
  22:.\Enhed.c     **** // Boundary
  23:.\Enhed.c     **** #include "sensorPackage.h"
  24:.\Enhed.c     **** #include "spi_handler.h"
  25:.\Enhed.c     **** #include "movement.h"
  26:.\Enhed.c     **** 
  27:.\Enhed.c     **** int main()
  28:.\Enhed.c     **** {
  27              		.loc 1 28 0
  28              		.cfi_startproc
  29 0000 80B5     		push	{r7, lr}
ARM GAS  C:\Users\BJRN~1\AppData\Local\Temp\ccPeQdfc.s 			page 2


  30              	.LCFI0:
  31              		.cfi_def_cfa_offset 8
  32              		.cfi_offset 7, -8
  33              		.cfi_offset 14, -4
  34 0002 94B0     		sub	sp, sp, #80
  35              	.LCFI1:
  36              		.cfi_def_cfa_offset 88
  37 0004 00AF     		add	r7, sp, #0
  38              	.LCFI2:
  39              		.cfi_def_cfa_register 7
  29:.\Enhed.c     ****     // Enable global interrupts (Used for SPI, PIR and timers)  
  30:.\Enhed.c     ****     CyGlobalIntEnable;
  40              		.loc 1 30 0
  41              	@ 30 ".\Enhed.c" 1
  42 0006 62B6     		CPSIE   i
  43              	@ 0 "" 2
  31:.\Enhed.c     ****     
  32:.\Enhed.c     ****     // Create objects
  33:.\Enhed.c     ****     buffer bufferObj;
  34:.\Enhed.c     ****     buffer_init(&bufferObj);
  44              		.loc 1 34 0
  45              		.code	16
  46 0008 3B1C     		mov	r3, r7
  47 000a 0C33     		add	r3, r3, #12
  48 000c 181C     		mov	r0, r3
  49 000e FFF7FEFF 		bl	buffer_init
  35:.\Enhed.c     ****     
  36:.\Enhed.c     ****     parameters paramObj;
  37:.\Enhed.c     ****     parameters_init(&paramObj);
  50              		.loc 1 37 0
  51 0012 3B1C     		mov	r3, r7
  52 0014 181C     		mov	r0, r3
  53 0016 FFF7FEFF 		bl	parameters_init
  38:.\Enhed.c     **** 
  39:.\Enhed.c     ****     // Init boundary
  40:.\Enhed.c     ****     sensorPackage_init();
  54              		.loc 1 40 0
  55 001a FFF7FEFF 		bl	sensorPackage_init
  41:.\Enhed.c     ****     movement_init();
  56              		.loc 1 41 0
  57 001e FFF7FEFF 		bl	movement_init
  42:.\Enhed.c     ****     spi_init();
  58              		.loc 1 42 0
  59 0022 FFF7FEFF 		bl	spi_init
  43:.\Enhed.c     ****     
  44:.\Enhed.c     ****     // Init controllers
  45:.\Enhed.c     ****     addRemove_init();
  60              		.loc 1 45 0
  61 0026 FFF7FEFF 		bl	addRemove_init
  46:.\Enhed.c     ****     config_init(&paramObj, &bufferObj);
  62              		.loc 1 46 0
  63 002a 3A1C     		mov	r2, r7
  64 002c 3B1C     		mov	r3, r7
  65 002e 0C33     		add	r3, r3, #12
  66 0030 101C     		mov	r0, r2
  67 0032 191C     		mov	r1, r3
  68 0034 FFF7FEFF 		bl	config_init
ARM GAS  C:\Users\BJRN~1\AppData\Local\Temp\ccPeQdfc.s 			page 3


  47:.\Enhed.c     ****     loadData_init(&paramObj, &bufferObj);
  69              		.loc 1 47 0
  70 0038 3A1C     		mov	r2, r7
  71 003a 3B1C     		mov	r3, r7
  72 003c 0C33     		add	r3, r3, #12
  73 003e 101C     		mov	r0, r2
  74 0040 191C     		mov	r1, r3
  75 0042 FFF7FEFF 		bl	loadData_init
  48:.\Enhed.c     ****     onOff_init(&paramObj, &bufferObj);
  76              		.loc 1 48 0
  77 0046 3A1C     		mov	r2, r7
  78 0048 3B1C     		mov	r3, r7
  79 004a 0C33     		add	r3, r3, #12
  80 004c 101C     		mov	r0, r2
  81 004e 191C     		mov	r1, r3
  82 0050 FFF7FEFF 		bl	onOff_init
  83              	.L2:
  49:.\Enhed.c     ****     
  50:.\Enhed.c     ****     // Stay here and wait for timer og SPI interrupts
  51:.\Enhed.c     ****     while(1);
  84              		.loc 1 51 0 discriminator 1
  85 0054 FEE7     		b	.L2
  86              		.cfi_endproc
  87              	.LFE33:
  88              		.size	main, .-main
  89 0056 C046     		.text
  90              	.Letext0:
  91              		.file 2 ".\\buffer.h"
  92              		.file 3 ".\\parameters.h"
  93              		.file 4 ".\\loadData.h"
  94              		.section	.debug_info,"",%progbits
  95              	.Ldebug_info0:
  96 0000 86010000 		.4byte	0x186
  97 0004 0200     		.2byte	0x2
  98 0006 00000000 		.4byte	.Ldebug_abbrev0
  99 000a 04       		.byte	0x4
 100 000b 01       		.uleb128 0x1
 101 000c 34010000 		.4byte	.LASF27
 102 0010 01       		.byte	0x1
 103 0011 19010000 		.4byte	.LASF28
 104 0015 17000000 		.4byte	.LASF29
 105 0019 00000000 		.4byte	.Ldebug_ranges0+0
 106 001d 00000000 		.4byte	0
 107 0021 00000000 		.4byte	0
 108 0025 00000000 		.4byte	.Ldebug_line0
 109 0029 02       		.uleb128 0x2
 110 002a 01       		.byte	0x1
 111 002b 06       		.byte	0x6
 112 002c 8B010000 		.4byte	.LASF0
 113 0030 02       		.uleb128 0x2
 114 0031 01       		.byte	0x1
 115 0032 08       		.byte	0x8
 116 0033 5B000000 		.4byte	.LASF1
 117 0037 02       		.uleb128 0x2
 118 0038 02       		.byte	0x2
 119 0039 05       		.byte	0x5
 120 003a 23010000 		.4byte	.LASF2
ARM GAS  C:\Users\BJRN~1\AppData\Local\Temp\ccPeQdfc.s 			page 4


 121 003e 02       		.uleb128 0x2
 122 003f 02       		.byte	0x2
 123 0040 07       		.byte	0x7
 124 0041 86000000 		.4byte	.LASF3
 125 0045 02       		.uleb128 0x2
 126 0046 04       		.byte	0x4
 127 0047 05       		.byte	0x5
 128 0048 7D010000 		.4byte	.LASF4
 129 004c 02       		.uleb128 0x2
 130 004d 04       		.byte	0x4
 131 004e 07       		.byte	0x7
 132 004f 74000000 		.4byte	.LASF5
 133 0053 02       		.uleb128 0x2
 134 0054 08       		.byte	0x8
 135 0055 05       		.byte	0x5
 136 0056 0B010000 		.4byte	.LASF6
 137 005a 02       		.uleb128 0x2
 138 005b 08       		.byte	0x8
 139 005c 07       		.byte	0x7
 140 005d D5000000 		.4byte	.LASF7
 141 0061 03       		.uleb128 0x3
 142 0062 04       		.byte	0x4
 143 0063 05       		.byte	0x5
 144 0064 696E7400 		.ascii	"int\000"
 145 0068 02       		.uleb128 0x2
 146 0069 04       		.byte	0x4
 147 006a 07       		.byte	0x7
 148 006b C0000000 		.4byte	.LASF8
 149 006f 02       		.uleb128 0x2
 150 0070 04       		.byte	0x4
 151 0071 04       		.byte	0x4
 152 0072 55000000 		.4byte	.LASF9
 153 0076 02       		.uleb128 0x2
 154 0077 08       		.byte	0x8
 155 0078 04       		.byte	0x4
 156 0079 3C000000 		.4byte	.LASF10
 157 007d 02       		.uleb128 0x2
 158 007e 01       		.byte	0x1
 159 007f 08       		.byte	0x8
 160 0080 86010000 		.4byte	.LASF11
 161 0084 02       		.uleb128 0x2
 162 0085 04       		.byte	0x4
 163 0086 07       		.byte	0x7
 164 0087 02010000 		.4byte	.LASF12
 165 008b 04       		.uleb128 0x4
 166 008c 97010000 		.4byte	.LASF18
 167 0090 44       		.byte	0x44
 168 0091 02       		.byte	0x2
 169 0092 0F       		.byte	0xf
 170 0093 DE000000 		.4byte	0xde
 171 0097 05       		.uleb128 0x5
 172 0098 43000000 		.4byte	.LASF13
 173 009c 02       		.byte	0x2
 174 009d 11       		.byte	0x11
 175 009e DE000000 		.4byte	0xde
 176 00a2 02       		.byte	0x2
 177 00a3 23       		.byte	0x23
ARM GAS  C:\Users\BJRN~1\AppData\Local\Temp\ccPeQdfc.s 			page 5


 178 00a4 00       		.uleb128 0
 179 00a5 05       		.uleb128 0x5
 180 00a6 37000000 		.4byte	.LASF14
 181 00aa 02       		.byte	0x2
 182 00ab 12       		.byte	0x12
 183 00ac 68000000 		.4byte	0x68
 184 00b0 02       		.byte	0x2
 185 00b1 23       		.byte	0x23
 186 00b2 34       		.uleb128 0x34
 187 00b3 05       		.uleb128 0x5
 188 00b4 A3000000 		.4byte	.LASF15
 189 00b8 02       		.byte	0x2
 190 00b9 13       		.byte	0x13
 191 00ba 68000000 		.4byte	0x68
 192 00be 02       		.byte	0x2
 193 00bf 23       		.byte	0x23
 194 00c0 38       		.uleb128 0x38
 195 00c1 05       		.uleb128 0x5
 196 00c2 2C000000 		.4byte	.LASF16
 197 00c6 02       		.byte	0x2
 198 00c7 14       		.byte	0x14
 199 00c8 68000000 		.4byte	0x68
 200 00cc 02       		.byte	0x2
 201 00cd 23       		.byte	0x23
 202 00ce 3C       		.uleb128 0x3c
 203 00cf 05       		.uleb128 0x5
 204 00d0 EC000000 		.4byte	.LASF17
 205 00d4 02       		.byte	0x2
 206 00d5 15       		.byte	0x15
 207 00d6 30000000 		.4byte	0x30
 208 00da 02       		.byte	0x2
 209 00db 23       		.byte	0x23
 210 00dc 40       		.uleb128 0x40
 211 00dd 00       		.byte	0
 212 00de 06       		.uleb128 0x6
 213 00df 7D000000 		.4byte	0x7d
 214 00e3 EE000000 		.4byte	0xee
 215 00e7 07       		.uleb128 0x7
 216 00e8 84000000 		.4byte	0x84
 217 00ec 32       		.byte	0x32
 218 00ed 00       		.byte	0
 219 00ee 08       		.uleb128 0x8
 220 00ef 2D010000 		.4byte	.LASF23
 221 00f3 02       		.byte	0x2
 222 00f4 16       		.byte	0x16
 223 00f5 8B000000 		.4byte	0x8b
 224 00f9 04       		.uleb128 0x4
 225 00fa AB000000 		.4byte	.LASF19
 226 00fe 0C       		.byte	0xc
 227 00ff 03       		.byte	0x3
 228 0100 0E       		.byte	0xe
 229 0101 30010000 		.4byte	0x130
 230 0105 05       		.uleb128 0x5
 231 0106 00000000 		.4byte	.LASF20
 232 010a 03       		.byte	0x3
 233 010b 10       		.byte	0x10
 234 010c 6F000000 		.4byte	0x6f
ARM GAS  C:\Users\BJRN~1\AppData\Local\Temp\ccPeQdfc.s 			page 6


 235 0110 02       		.byte	0x2
 236 0111 23       		.byte	0x23
 237 0112 00       		.uleb128 0
 238 0113 05       		.uleb128 0x5
 239 0114 4B000000 		.4byte	.LASF21
 240 0118 03       		.byte	0x3
 241 0119 11       		.byte	0x11
 242 011a 6F000000 		.4byte	0x6f
 243 011e 02       		.byte	0x2
 244 011f 23       		.byte	0x23
 245 0120 04       		.uleb128 0x4
 246 0121 05       		.uleb128 0x5
 247 0122 CD000000 		.4byte	.LASF22
 248 0126 03       		.byte	0x3
 249 0127 12       		.byte	0x12
 250 0128 30000000 		.4byte	0x30
 251 012c 02       		.byte	0x2
 252 012d 23       		.byte	0x23
 253 012e 08       		.uleb128 0x8
 254 012f 00       		.byte	0
 255 0130 08       		.uleb128 0x8
 256 0131 69000000 		.4byte	.LASF24
 257 0135 03       		.byte	0x3
 258 0136 13       		.byte	0x13
 259 0137 F9000000 		.4byte	0xf9
 260 013b 09       		.uleb128 0x9
 261 013c 01       		.byte	0x1
 262 013d BB000000 		.4byte	.LASF30
 263 0141 01       		.byte	0x1
 264 0142 1B       		.byte	0x1b
 265 0143 61000000 		.4byte	0x61
 266 0147 00000000 		.4byte	.LFB33
 267 014b 56000000 		.4byte	.LFE33
 268 014f 00000000 		.4byte	.LLST0
 269 0153 01       		.byte	0x1
 270 0154 77010000 		.4byte	0x177
 271 0158 0A       		.uleb128 0xa
 272 0159 99000000 		.4byte	.LASF25
 273 015d 01       		.byte	0x1
 274 015e 21       		.byte	0x21
 275 015f EE000000 		.4byte	0xee
 276 0163 03       		.byte	0x3
 277 0164 91       		.byte	0x91
 278 0165 B47F     		.sleb128 -76
 279 0167 0A       		.uleb128 0xa
 280 0168 F9000000 		.4byte	.LASF26
 281 016c 01       		.byte	0x1
 282 016d 24       		.byte	0x24
 283 016e 30010000 		.4byte	0x130
 284 0172 03       		.byte	0x3
 285 0173 91       		.byte	0x91
 286 0174 A87F     		.sleb128 -88
 287 0176 00       		.byte	0
 288 0177 0B       		.uleb128 0xb
 289 0178 0D000000 		.4byte	.LASF31
 290 017c 04       		.byte	0x4
 291 017d 15       		.byte	0x15
ARM GAS  C:\Users\BJRN~1\AppData\Local\Temp\ccPeQdfc.s 			page 7


 292 017e 30000000 		.4byte	0x30
 293 0182 01       		.byte	0x1
 294 0183 05       		.byte	0x5
 295 0184 03       		.byte	0x3
 296 0185 00000000 		.4byte	nextState
 297 0189 00       		.byte	0
 298              		.section	.debug_abbrev,"",%progbits
 299              	.Ldebug_abbrev0:
 300 0000 01       		.uleb128 0x1
 301 0001 11       		.uleb128 0x11
 302 0002 01       		.byte	0x1
 303 0003 25       		.uleb128 0x25
 304 0004 0E       		.uleb128 0xe
 305 0005 13       		.uleb128 0x13
 306 0006 0B       		.uleb128 0xb
 307 0007 03       		.uleb128 0x3
 308 0008 0E       		.uleb128 0xe
 309 0009 1B       		.uleb128 0x1b
 310 000a 0E       		.uleb128 0xe
 311 000b 55       		.uleb128 0x55
 312 000c 06       		.uleb128 0x6
 313 000d 11       		.uleb128 0x11
 314 000e 01       		.uleb128 0x1
 315 000f 52       		.uleb128 0x52
 316 0010 01       		.uleb128 0x1
 317 0011 10       		.uleb128 0x10
 318 0012 06       		.uleb128 0x6
 319 0013 00       		.byte	0
 320 0014 00       		.byte	0
 321 0015 02       		.uleb128 0x2
 322 0016 24       		.uleb128 0x24
 323 0017 00       		.byte	0
 324 0018 0B       		.uleb128 0xb
 325 0019 0B       		.uleb128 0xb
 326 001a 3E       		.uleb128 0x3e
 327 001b 0B       		.uleb128 0xb
 328 001c 03       		.uleb128 0x3
 329 001d 0E       		.uleb128 0xe
 330 001e 00       		.byte	0
 331 001f 00       		.byte	0
 332 0020 03       		.uleb128 0x3
 333 0021 24       		.uleb128 0x24
 334 0022 00       		.byte	0
 335 0023 0B       		.uleb128 0xb
 336 0024 0B       		.uleb128 0xb
 337 0025 3E       		.uleb128 0x3e
 338 0026 0B       		.uleb128 0xb
 339 0027 03       		.uleb128 0x3
 340 0028 08       		.uleb128 0x8
 341 0029 00       		.byte	0
 342 002a 00       		.byte	0
 343 002b 04       		.uleb128 0x4
 344 002c 13       		.uleb128 0x13
 345 002d 01       		.byte	0x1
 346 002e 03       		.uleb128 0x3
 347 002f 0E       		.uleb128 0xe
 348 0030 0B       		.uleb128 0xb
ARM GAS  C:\Users\BJRN~1\AppData\Local\Temp\ccPeQdfc.s 			page 8


 349 0031 0B       		.uleb128 0xb
 350 0032 3A       		.uleb128 0x3a
 351 0033 0B       		.uleb128 0xb
 352 0034 3B       		.uleb128 0x3b
 353 0035 0B       		.uleb128 0xb
 354 0036 01       		.uleb128 0x1
 355 0037 13       		.uleb128 0x13
 356 0038 00       		.byte	0
 357 0039 00       		.byte	0
 358 003a 05       		.uleb128 0x5
 359 003b 0D       		.uleb128 0xd
 360 003c 00       		.byte	0
 361 003d 03       		.uleb128 0x3
 362 003e 0E       		.uleb128 0xe
 363 003f 3A       		.uleb128 0x3a
 364 0040 0B       		.uleb128 0xb
 365 0041 3B       		.uleb128 0x3b
 366 0042 0B       		.uleb128 0xb
 367 0043 49       		.uleb128 0x49
 368 0044 13       		.uleb128 0x13
 369 0045 38       		.uleb128 0x38
 370 0046 0A       		.uleb128 0xa
 371 0047 00       		.byte	0
 372 0048 00       		.byte	0
 373 0049 06       		.uleb128 0x6
 374 004a 01       		.uleb128 0x1
 375 004b 01       		.byte	0x1
 376 004c 49       		.uleb128 0x49
 377 004d 13       		.uleb128 0x13
 378 004e 01       		.uleb128 0x1
 379 004f 13       		.uleb128 0x13
 380 0050 00       		.byte	0
 381 0051 00       		.byte	0
 382 0052 07       		.uleb128 0x7
 383 0053 21       		.uleb128 0x21
 384 0054 00       		.byte	0
 385 0055 49       		.uleb128 0x49
 386 0056 13       		.uleb128 0x13
 387 0057 2F       		.uleb128 0x2f
 388 0058 0B       		.uleb128 0xb
 389 0059 00       		.byte	0
 390 005a 00       		.byte	0
 391 005b 08       		.uleb128 0x8
 392 005c 16       		.uleb128 0x16
 393 005d 00       		.byte	0
 394 005e 03       		.uleb128 0x3
 395 005f 0E       		.uleb128 0xe
 396 0060 3A       		.uleb128 0x3a
 397 0061 0B       		.uleb128 0xb
 398 0062 3B       		.uleb128 0x3b
 399 0063 0B       		.uleb128 0xb
 400 0064 49       		.uleb128 0x49
 401 0065 13       		.uleb128 0x13
 402 0066 00       		.byte	0
 403 0067 00       		.byte	0
 404 0068 09       		.uleb128 0x9
 405 0069 2E       		.uleb128 0x2e
ARM GAS  C:\Users\BJRN~1\AppData\Local\Temp\ccPeQdfc.s 			page 9


 406 006a 01       		.byte	0x1
 407 006b 3F       		.uleb128 0x3f
 408 006c 0C       		.uleb128 0xc
 409 006d 03       		.uleb128 0x3
 410 006e 0E       		.uleb128 0xe
 411 006f 3A       		.uleb128 0x3a
 412 0070 0B       		.uleb128 0xb
 413 0071 3B       		.uleb128 0x3b
 414 0072 0B       		.uleb128 0xb
 415 0073 49       		.uleb128 0x49
 416 0074 13       		.uleb128 0x13
 417 0075 11       		.uleb128 0x11
 418 0076 01       		.uleb128 0x1
 419 0077 12       		.uleb128 0x12
 420 0078 01       		.uleb128 0x1
 421 0079 40       		.uleb128 0x40
 422 007a 06       		.uleb128 0x6
 423 007b 9642     		.uleb128 0x2116
 424 007d 0C       		.uleb128 0xc
 425 007e 01       		.uleb128 0x1
 426 007f 13       		.uleb128 0x13
 427 0080 00       		.byte	0
 428 0081 00       		.byte	0
 429 0082 0A       		.uleb128 0xa
 430 0083 34       		.uleb128 0x34
 431 0084 00       		.byte	0
 432 0085 03       		.uleb128 0x3
 433 0086 0E       		.uleb128 0xe
 434 0087 3A       		.uleb128 0x3a
 435 0088 0B       		.uleb128 0xb
 436 0089 3B       		.uleb128 0x3b
 437 008a 0B       		.uleb128 0xb
 438 008b 49       		.uleb128 0x49
 439 008c 13       		.uleb128 0x13
 440 008d 02       		.uleb128 0x2
 441 008e 0A       		.uleb128 0xa
 442 008f 00       		.byte	0
 443 0090 00       		.byte	0
 444 0091 0B       		.uleb128 0xb
 445 0092 34       		.uleb128 0x34
 446 0093 00       		.byte	0
 447 0094 03       		.uleb128 0x3
 448 0095 0E       		.uleb128 0xe
 449 0096 3A       		.uleb128 0x3a
 450 0097 0B       		.uleb128 0xb
 451 0098 3B       		.uleb128 0x3b
 452 0099 0B       		.uleb128 0xb
 453 009a 49       		.uleb128 0x49
 454 009b 13       		.uleb128 0x13
 455 009c 3F       		.uleb128 0x3f
 456 009d 0C       		.uleb128 0xc
 457 009e 02       		.uleb128 0x2
 458 009f 0A       		.uleb128 0xa
 459 00a0 00       		.byte	0
 460 00a1 00       		.byte	0
 461 00a2 00       		.byte	0
 462              		.section	.debug_loc,"",%progbits
ARM GAS  C:\Users\BJRN~1\AppData\Local\Temp\ccPeQdfc.s 			page 10


 463              	.Ldebug_loc0:
 464              	.LLST0:
 465 0000 00000000 		.4byte	.LFB33
 466 0004 02000000 		.4byte	.LCFI0
 467 0008 0200     		.2byte	0x2
 468 000a 7D       		.byte	0x7d
 469 000b 00       		.sleb128 0
 470 000c 02000000 		.4byte	.LCFI0
 471 0010 04000000 		.4byte	.LCFI1
 472 0014 0200     		.2byte	0x2
 473 0016 7D       		.byte	0x7d
 474 0017 08       		.sleb128 8
 475 0018 04000000 		.4byte	.LCFI1
 476 001c 06000000 		.4byte	.LCFI2
 477 0020 0300     		.2byte	0x3
 478 0022 7D       		.byte	0x7d
 479 0023 D800     		.sleb128 88
 480 0025 06000000 		.4byte	.LCFI2
 481 0029 56000000 		.4byte	.LFE33
 482 002d 0300     		.2byte	0x3
 483 002f 77       		.byte	0x77
 484 0030 D800     		.sleb128 88
 485 0032 00000000 		.4byte	0
 486 0036 00000000 		.4byte	0
 487              		.section	.debug_aranges,"",%progbits
 488 0000 1C000000 		.4byte	0x1c
 489 0004 0200     		.2byte	0x2
 490 0006 00000000 		.4byte	.Ldebug_info0
 491 000a 04       		.byte	0x4
 492 000b 00       		.byte	0
 493 000c 0000     		.2byte	0
 494 000e 0000     		.2byte	0
 495 0010 00000000 		.4byte	.LFB33
 496 0014 56000000 		.4byte	.LFE33-.LFB33
 497 0018 00000000 		.4byte	0
 498 001c 00000000 		.4byte	0
 499              		.section	.debug_ranges,"",%progbits
 500              	.Ldebug_ranges0:
 501 0000 00000000 		.4byte	.LFB33
 502 0004 56000000 		.4byte	.LFE33
 503 0008 00000000 		.4byte	0
 504 000c 00000000 		.4byte	0
 505              		.section	.debug_line,"",%progbits
 506              	.Ldebug_line0:
 507 0000 74000000 		.section	.debug_str,"MS",%progbits,1
 507      02005000 
 507      00000201 
 507      FB0E0D00 
 507      01010101 
 508              	.LASF20:
 509 0000 74656D70 		.ascii	"temperature_\000"
 509      65726174 
 509      7572655F 
 509      00
 510              	.LASF31:
 511 000d 6E657874 		.ascii	"nextState\000"
 511      53746174 
ARM GAS  C:\Users\BJRN~1\AppData\Local\Temp\ccPeQdfc.s 			page 11


 511      6500
 512              	.LASF29:
 513 0017 433A5C45 		.ascii	"C:\\Enhed\\Enhed.cydsn\000"
 513      6E686564 
 513      5C456E68 
 513      65642E63 
 513      7964736E 
 514              	.LASF16:
 515 002c 64617461 		.ascii	"dataIndex_\000"
 515      496E6465 
 515      785F00
 516              	.LASF14:
 517 0037 6C656E5F 		.ascii	"len_\000"
 517      00
 518              	.LASF10:
 519 003c 646F7562 		.ascii	"double\000"
 519      6C6500
 520              	.LASF13:
 521 0043 62756666 		.ascii	"buffer_\000"
 521      65725F00 
 522              	.LASF21:
 523 004b 68756D69 		.ascii	"humidity_\000"
 523      64697479 
 523      5F00
 524              	.LASF9:
 525 0055 666C6F61 		.ascii	"float\000"
 525      7400
 526              	.LASF1:
 527 005b 756E7369 		.ascii	"unsigned char\000"
 527      676E6564 
 527      20636861 
 527      7200
 528              	.LASF24:
 529 0069 70617261 		.ascii	"parameters\000"
 529      6D657465 
 529      727300
 530              	.LASF5:
 531 0074 6C6F6E67 		.ascii	"long unsigned int\000"
 531      20756E73 
 531      69676E65 
 531      6420696E 
 531      7400
 532              	.LASF3:
 533 0086 73686F72 		.ascii	"short unsigned int\000"
 533      7420756E 
 533      7369676E 
 533      65642069 
 533      6E7400
 534              	.LASF25:
 535 0099 62756666 		.ascii	"bufferObj\000"
 535      65724F62 
 535      6A00
 536              	.LASF15:
 537 00a3 63757273 		.ascii	"cursor_\000"
 537      6F725F00 
 538              	.LASF19:
 539 00ab 70617261 		.ascii	"parameters_type\000"
ARM GAS  C:\Users\BJRN~1\AppData\Local\Temp\ccPeQdfc.s 			page 12


 539      6D657465 
 539      72735F74 
 539      79706500 
 540              	.LASF30:
 541 00bb 6D61696E 		.ascii	"main\000"
 541      00
 542              	.LASF8:
 543 00c0 756E7369 		.ascii	"unsigned int\000"
 543      676E6564 
 543      20696E74 
 543      00
 544              	.LASF22:
 545 00cd 61637469 		.ascii	"active_\000"
 545      76655F00 
 546              	.LASF7:
 547 00d5 6C6F6E67 		.ascii	"long long unsigned int\000"
 547      206C6F6E 
 547      6720756E 
 547      7369676E 
 547      65642069 
 548              	.LASF17:
 549 00ec 64617461 		.ascii	"dataWritten_\000"
 549      57726974 
 549      74656E5F 
 549      00
 550              	.LASF26:
 551 00f9 70617261 		.ascii	"paramObj\000"
 551      6D4F626A 
 551      00
 552              	.LASF12:
 553 0102 73697A65 		.ascii	"sizetype\000"
 553      74797065 
 553      00
 554              	.LASF6:
 555 010b 6C6F6E67 		.ascii	"long long int\000"
 555      206C6F6E 
 555      6720696E 
 555      7400
 556              	.LASF28:
 557 0119 2E5C456E 		.ascii	".\\Enhed.c\000"
 557      6865642E 
 557      6300
 558              	.LASF2:
 559 0123 73686F72 		.ascii	"short int\000"
 559      7420696E 
 559      7400
 560              	.LASF23:
 561 012d 62756666 		.ascii	"buffer\000"
 561      657200
 562              	.LASF27:
 563 0134 474E5520 		.ascii	"GNU C 4.7.3 20130312 (release) [ARM/embedded-4_7-br"
 563      4320342E 
 563      372E3320 
 563      32303133 
 563      30333132 
 564 0167 616E6368 		.ascii	"anch revision 196615]\000"
 564      20726576 
ARM GAS  C:\Users\BJRN~1\AppData\Local\Temp\ccPeQdfc.s 			page 13


 564      6973696F 
 564      6E203139 
 564      36363135 
 565              	.LASF4:
 566 017d 6C6F6E67 		.ascii	"long int\000"
 566      20696E74 
 566      00
 567              	.LASF11:
 568 0186 63686172 		.ascii	"char\000"
 568      00
 569              	.LASF0:
 570 018b 7369676E 		.ascii	"signed char\000"
 570      65642063 
 570      68617200 
 571              	.LASF18:
 572 0197 62756666 		.ascii	"buffer_type\000"
 572      65725F74 
 572      79706500 
 573              		.ident	"GCC: (GNU Tools for ARM Embedded Processors) 4.7.3 20130312 (release) [ARM/embedded-4_7-br
