--------------- Build Started: 12/05/2014 12:34:24 Project: Enhed, Configuration: ARM GCC 4.7.3 Debug ---------------
cydsfit.exe "-.appdatapath" "C:\Users\Bjørn\AppData\Local\Cypress Semiconductor\PSoC Creator\3.0" "-.fdsnotice" "-.fdswarpdepfile=warp_dependencies.txt" "-.fdselabdepfile=elab_dependencies.txt" "-.fdsbldfile=generated_files.txt" "-p" "C:\Enhed\Enhed.cydsn\Enhed.cyprj" "-d" "CY8C4245AXI-483" "-s" "C:\Enhed\Enhed.cydsn\Generated_Source\PSoC4" "--" "-yv2" "-v3" "-ygs" "-q10" "-o2" "-.fftcfgtype=LE"
Elaborating Design...
HDL Generation ...
Synthesis ...
Place and Route ...
Tech mapping ...
Info: mpr.M0037: Unused pieces of the design have been optimized out. See the Tech mapping section of the report file for details. (App=cydsfit)
Analog Placement ...
Analog Routing ...
Analog Code Generation ...
Digital Placement ...
Digital Routing ...
Bitstream Generation ...
Static timing analysis ...
API Generation ...
Dependency Generation ...
Clean Temporary Files ...
arm-none-eabi-gcc.exe -I. -I./Generated_Source/PSoC4 -Wno-main -mcpu=cortex-m0 -mthumb -Wall -g -D DEBUG -Wa,-alh=.\CortexM0\ARM_GCC_473\Debug\Enhed.lst -ffunction-sections -c .\Enhed.c -o .\CortexM0\ARM_GCC_473\Debug\Enhed.o
arm-none-eabi-gcc.exe -I. -I./Generated_Source/PSoC4 -Wno-main -mcpu=cortex-m0 -mthumb -Wall -g -D DEBUG -Wa,-alh=.\CortexM0\ARM_GCC_473\Debug\addRemove.lst -ffunction-sections -c .\addRemove.c -o .\CortexM0\ARM_GCC_473\Debug\addRemove.o
arm-none-eabi-gcc.exe -I. -I./Generated_Source/PSoC4 -Wno-main -mcpu=cortex-m0 -mthumb -Wall -g -D DEBUG -Wa,-alh=.\CortexM0\ARM_GCC_473\Debug\buffer.lst -ffunction-sections -c .\buffer.c -o .\CortexM0\ARM_GCC_473\Debug\buffer.o
arm-none-eabi-gcc.exe -I. -I./Generated_Source/PSoC4 -Wno-main -mcpu=cortex-m0 -mthumb -Wall -g -D DEBUG -Wa,-alh=.\CortexM0\ARM_GCC_473\Debug\config.lst -ffunction-sections -c .\config.c -o .\CortexM0\ARM_GCC_473\Debug\config.o
arm-none-eabi-gcc.exe -I. -I./Generated_Source/PSoC4 -Wno-main -mcpu=cortex-m0 -mthumb -Wall -g -D DEBUG -Wa,-alh=.\CortexM0\ARM_GCC_473\Debug\humiSensor.lst -ffunction-sections -c .\humiSensor.c -o .\CortexM0\ARM_GCC_473\Debug\humiSensor.o
arm-none-eabi-gcc.exe -I. -I./Generated_Source/PSoC4 -Wno-main -mcpu=cortex-m0 -mthumb -Wall -g -D DEBUG -Wa,-alh=.\CortexM0\ARM_GCC_473\Debug\loadData.lst -ffunction-sections -c .\loadData.c -o .\CortexM0\ARM_GCC_473\Debug\loadData.o
arm-none-eabi-gcc.exe -I. -I./Generated_Source/PSoC4 -Wno-main -mcpu=cortex-m0 -mthumb -Wall -g -D DEBUG -Wa,-alh=.\CortexM0\ARM_GCC_473\Debug\movement.lst -ffunction-sections -c .\movement.c -o .\CortexM0\ARM_GCC_473\Debug\movement.o
arm-none-eabi-gcc.exe -I. -I./Generated_Source/PSoC4 -Wno-main -mcpu=cortex-m0 -mthumb -Wall -g -D DEBUG -Wa,-alh=.\CortexM0\ARM_GCC_473\Debug\onOff.lst -ffunction-sections -c .\onOff.c -o .\CortexM0\ARM_GCC_473\Debug\onOff.o
arm-none-eabi-gcc.exe -I. -I./Generated_Source/PSoC4 -Wno-main -mcpu=cortex-m0 -mthumb -Wall -g -D DEBUG -Wa,-alh=.\CortexM0\ARM_GCC_473\Debug\parameters.lst -ffunction-sections -c .\parameters.c -o .\CortexM0\ARM_GCC_473\Debug\parameters.o
arm-none-eabi-gcc.exe -I. -I./Generated_Source/PSoC4 -Wno-main -mcpu=cortex-m0 -mthumb -Wall -g -D DEBUG -Wa,-alh=.\CortexM0\ARM_GCC_473\Debug\sensorPackage.lst -ffunction-sections -c .\sensorPackage.c -o .\CortexM0\ARM_GCC_473\Debug\sensorPackage.o
arm-none-eabi-gcc.exe -I. -I./Generated_Source/PSoC4 -Wno-main -mcpu=cortex-m0 -mthumb -Wall -g -D DEBUG -Wa,-alh=.\CortexM0\ARM_GCC_473\Debug\sprinkler.lst -ffunction-sections -c .\sprinkler.c -o .\CortexM0\ARM_GCC_473\Debug\sprinkler.o
arm-none-eabi-gcc.exe -I. -I./Generated_Source/PSoC4 -Wno-main -mcpu=cortex-m0 -mthumb -Wall -g -D DEBUG -Wa,-alh=.\CortexM0\ARM_GCC_473\Debug\tempSensor.lst -ffunction-sections -c .\tempSensor.c -o .\CortexM0\ARM_GCC_473\Debug\tempSensor.o
arm-none-eabi-gcc.exe -I. -I./Generated_Source/PSoC4 -Wno-main -mcpu=cortex-m0 -mthumb -Wall -g -D DEBUG -Wa,-alh=.\CortexM0\ARM_GCC_473\Debug\spi_handler.lst -ffunction-sections -c .\spi_handler.c -o .\CortexM0\ARM_GCC_473\Debug\spi_handler.o
arm-none-eabi-gcc.exe -I. -I./Generated_Source/PSoC4 -Wno-main -mcpu=cortex-m0 -mthumb -Wall -g -D DEBUG -Wa,-alh=.\CortexM0\ARM_GCC_473\Debug\cyfitter_cfg.lst -ffunction-sections -c .\Generated_Source\PSoC4\cyfitter_cfg.c -o .\CortexM0\ARM_GCC_473\Debug\cyfitter_cfg.o
arm-none-eabi-gcc.exe -I. -I./Generated_Source/PSoC4 -Wno-main -mcpu=cortex-m0 -mthumb -Wall -g -D DEBUG -Wa,-alh=.\CortexM0\ARM_GCC_473\Debug\cymetadata.lst -ffunction-sections -c .\Generated_Source\PSoC4\cymetadata.c -o .\CortexM0\ARM_GCC_473\Debug\cymetadata.o
arm-none-eabi-gcc.exe -I. -I./Generated_Source/PSoC4 -Wno-main -mcpu=cortex-m0 -mthumb -Wall -g -D DEBUG -Wa,-alh=.\CortexM0\ARM_GCC_473\Debug\ADC_SAR_Seq_0.lst -ffunction-sections -c .\Generated_Source\PSoC4\ADC_SAR_Seq_0.c -o .\CortexM0\ARM_GCC_473\Debug\ADC_SAR_Seq_0.o
arm-none-eabi-gcc.exe -I. -I./Generated_Source/PSoC4 -Wno-main -mcpu=cortex-m0 -mthumb -Wall -g -D DEBUG -Wa,-alh=.\CortexM0\ARM_GCC_473\Debug\ADC_SAR_Seq_0_PM.lst -ffunction-sections -c .\Generated_Source\PSoC4\ADC_SAR_Seq_0_PM.c -o .\CortexM0\ARM_GCC_473\Debug\ADC_SAR_Seq_0_PM.o
arm-none-eabi-gcc.exe -I. -I./Generated_Source/PSoC4 -Wno-main -mcpu=cortex-m0 -mthumb -Wall -g -D DEBUG -Wa,-alh=.\CortexM0\ARM_GCC_473\Debug\ADC_SAR_Seq_0_INT.lst -ffunction-sections -c .\Generated_Source\PSoC4\ADC_SAR_Seq_0_INT.c -o .\CortexM0\ARM_GCC_473\Debug\ADC_SAR_Seq_0_INT.o
arm-none-eabi-gcc.exe -I. -I./Generated_Source/PSoC4 -Wno-main -mcpu=cortex-m0 -mthumb -Wall -g -D DEBUG -Wa,-alh=.\CortexM0\ARM_GCC_473\Debug\P_FT1.lst -ffunction-sections -c .\Generated_Source\PSoC4\P_FT1.c -o .\CortexM0\ARM_GCC_473\Debug\P_FT1.o
arm-none-eabi-gcc.exe -I. -I./Generated_Source/PSoC4 -Wno-main -mcpu=cortex-m0 -mthumb -Wall -g -D DEBUG -Wa,-alh=.\CortexM0\ARM_GCC_473\Debug\P_FT2.lst -ffunction-sections -c .\Generated_Source\PSoC4\P_FT2.c -o .\CortexM0\ARM_GCC_473\Debug\P_FT2.o
arm-none-eabi-gcc.exe -I. -I./Generated_Source/PSoC4 -Wno-main -mcpu=cortex-m0 -mthumb -Wall -g -D DEBUG -Wa,-alh=.\CortexM0\ARM_GCC_473\Debug\P_VP.lst -ffunction-sections -c .\Generated_Source\PSoC4\P_VP.c -o .\CortexM0\ARM_GCC_473\Debug\P_VP.o
arm-none-eabi-gcc.exe -I. -I./Generated_Source/PSoC4 -Wno-main -mcpu=cortex-m0 -mthumb -Wall -g -D DEBUG -Wa,-alh=.\CortexM0\ARM_GCC_473\Debug\SPIS_1.lst -ffunction-sections -c .\Generated_Source\PSoC4\SPIS_1.c -o .\CortexM0\ARM_GCC_473\Debug\SPIS_1.o
arm-none-eabi-gcc.exe -I. -I./Generated_Source/PSoC4 -Wno-main -mcpu=cortex-m0 -mthumb -Wall -g -D DEBUG -Wa,-alh=.\CortexM0\ARM_GCC_473\Debug\SPIS_1_SPI_UART.lst -ffunction-sections -c .\Generated_Source\PSoC4\SPIS_1_SPI_UART.c -o .\CortexM0\ARM_GCC_473\Debug\SPIS_1_SPI_UART.o
arm-none-eabi-gcc.exe -I. -I./Generated_Source/PSoC4 -Wno-main -mcpu=cortex-m0 -mthumb -Wall -g -D DEBUG -Wa,-alh=.\CortexM0\ARM_GCC_473\Debug\SPIS_1_SPI_UART_INT.lst -ffunction-sections -c .\Generated_Source\PSoC4\SPIS_1_SPI_UART_INT.c -o .\CortexM0\ARM_GCC_473\Debug\SPIS_1_SPI_UART_INT.o
arm-none-eabi-gcc.exe -I. -I./Generated_Source/PSoC4 -Wno-main -mcpu=cortex-m0 -mthumb -Wall -g -D DEBUG -Wa,-alh=.\CortexM0\ARM_GCC_473\Debug\SPIS_1_PM.lst -ffunction-sections -c .\Generated_Source\PSoC4\SPIS_1_PM.c -o .\CortexM0\ARM_GCC_473\Debug\SPIS_1_PM.o
arm-none-eabi-gcc.exe -I. -I./Generated_Source/PSoC4 -Wno-main -mcpu=cortex-m0 -mthumb -Wall -g -D DEBUG -Wa,-alh=.\CortexM0\ARM_GCC_473\Debug\SPIS_1_SPI.lst -ffunction-sections -c .\Generated_Source\PSoC4\SPIS_1_SPI.c -o .\CortexM0\ARM_GCC_473\Debug\SPIS_1_SPI.o
arm-none-eabi-gcc.exe -I. -I./Generated_Source/PSoC4 -Wno-main -mcpu=cortex-m0 -mthumb -Wall -g -D DEBUG -Wa,-alh=.\CortexM0\ARM_GCC_473\Debug\SPIS_1_BOOT.lst -ffunction-sections -c .\Generated_Source\PSoC4\SPIS_1_BOOT.c -o .\CortexM0\ARM_GCC_473\Debug\SPIS_1_BOOT.o
arm-none-eabi-gcc.exe -I. -I./Generated_Source/PSoC4 -Wno-main -mcpu=cortex-m0 -mthumb -Wall -g -D DEBUG -Wa,-alh=.\CortexM0\ARM_GCC_473\Debug\SPIS_1_SPI_BOOT.lst -ffunction-sections -c .\Generated_Source\PSoC4\SPIS_1_SPI_BOOT.c -o .\CortexM0\ARM_GCC_473\Debug\SPIS_1_SPI_BOOT.o
arm-none-eabi-gcc.exe -I. -I./Generated_Source/PSoC4 -Wno-main -mcpu=cortex-m0 -mthumb -Wall -g -D DEBUG -Wa,-alh=.\CortexM0\ARM_GCC_473\Debug\GREEN_LED.lst -ffunction-sections -c .\Generated_Source\PSoC4\GREEN_LED.c -o .\CortexM0\ARM_GCC_473\Debug\GREEN_LED.o
arm-none-eabi-gcc.exe -I. -I./Generated_Source/PSoC4 -Wno-main -mcpu=cortex-m0 -mthumb -Wall -g -D DEBUG -Wa,-alh=.\CortexM0\ARM_GCC_473\Debug\RED_LED.lst -ffunction-sections -c .\Generated_Source\PSoC4\RED_LED.c -o .\CortexM0\ARM_GCC_473\Debug\RED_LED.o
arm-none-eabi-gcc.exe -I. -I./Generated_Source/PSoC4 -Wno-main -mcpu=cortex-m0 -mthumb -Wall -g -D DEBUG -Wa,-alh=.\CortexM0\ARM_GCC_473\Debug\BLUE_LED.lst -ffunction-sections -c .\Generated_Source\PSoC4\BLUE_LED.c -o .\CortexM0\ARM_GCC_473\Debug\BLUE_LED.o
arm-none-eabi-gcc.exe -I. -I./Generated_Source/PSoC4 -Wno-main -mcpu=cortex-m0 -mthumb -Wall -g -D DEBUG -Wa,-alh=.\CortexM0\ARM_GCC_473\Debug\isr_pir.lst -ffunction-sections -c .\Generated_Source\PSoC4\isr_pir.c -o .\CortexM0\ARM_GCC_473\Debug\isr_pir.o
arm-none-eabi-gcc.exe -I. -I./Generated_Source/PSoC4 -Wno-main -mcpu=cortex-m0 -mthumb -Wall -g -D DEBUG -Wa,-alh=.\CortexM0\ARM_GCC_473\Debug\P_PIR.lst -ffunction-sections -c .\Generated_Source\PSoC4\P_PIR.c -o .\CortexM0\ARM_GCC_473\Debug\P_PIR.o
arm-none-eabi-gcc.exe -I. -I./Generated_Source/PSoC4 -Wno-main -mcpu=cortex-m0 -mthumb -Wall -g -D DEBUG -Wa,-alh=.\CortexM0\ARM_GCC_473\Debug\logDataTimer.lst -ffunction-sections -c .\Generated_Source\PSoC4\logDataTimer.c -o .\CortexM0\ARM_GCC_473\Debug\logDataTimer.o
arm-none-eabi-gcc.exe -I. -I./Generated_Source/PSoC4 -Wno-main -mcpu=cortex-m0 -mthumb -Wall -g -D DEBUG -Wa,-alh=.\CortexM0\ARM_GCC_473\Debug\logDataTimer_PM.lst -ffunction-sections -c .\Generated_Source\PSoC4\logDataTimer_PM.c -o .\CortexM0\ARM_GCC_473\Debug\logDataTimer_PM.o
arm-none-eabi-gcc.exe -I. -I./Generated_Source/PSoC4 -Wno-main -mcpu=cortex-m0 -mthumb -Wall -g -D DEBUG -Wa,-alh=.\CortexM0\ARM_GCC_473\Debug\waterTimer.lst -ffunction-sections -c .\Generated_Source\PSoC4\waterTimer.c -o .\CortexM0\ARM_GCC_473\Debug\waterTimer.o
arm-none-eabi-gcc.exe -I. -I./Generated_Source/PSoC4 -Wno-main -mcpu=cortex-m0 -mthumb -Wall -g -D DEBUG -Wa,-alh=.\CortexM0\ARM_GCC_473\Debug\waterTimer_PM.lst -ffunction-sections -c .\Generated_Source\PSoC4\waterTimer_PM.c -o .\CortexM0\ARM_GCC_473\Debug\waterTimer_PM.o
arm-none-eabi-gcc.exe -I. -I./Generated_Source/PSoC4 -Wno-main -mcpu=cortex-m0 -mthumb -Wall -g -D DEBUG -Wa,-alh=.\CortexM0\ARM_GCC_473\Debug\logDataInterrupt.lst -ffunction-sections -c .\Generated_Source\PSoC4\logDataInterrupt.c -o .\CortexM0\ARM_GCC_473\Debug\logDataInterrupt.o
arm-none-eabi-gcc.exe -I. -I./Generated_Source/PSoC4 -Wno-main -mcpu=cortex-m0 -mthumb -Wall -g -D DEBUG -Wa,-alh=.\CortexM0\ARM_GCC_473\Debug\waterInterrupt.lst -ffunction-sections -c .\Generated_Source\PSoC4\waterInterrupt.c -o .\CortexM0\ARM_GCC_473\Debug\waterInterrupt.o
arm-none-eabi-gcc.exe -I. -I./Generated_Source/PSoC4 -Wno-main -mcpu=cortex-m0 -mthumb -Wall -g -D DEBUG -Wa,-alh=.\CortexM0\ARM_GCC_473\Debug\ADC_SAR_Seq_0_intClock.lst -ffunction-sections -c .\Generated_Source\PSoC4\ADC_SAR_Seq_0_intClock.c -o .\CortexM0\ARM_GCC_473\Debug\ADC_SAR_Seq_0_intClock.o
arm-none-eabi-gcc.exe -I. -I./Generated_Source/PSoC4 -Wno-main -mcpu=cortex-m0 -mthumb -Wall -g -D DEBUG -Wa,-alh=.\CortexM0\ARM_GCC_473\Debug\ADC_SAR_Seq_0_IRQ.lst -ffunction-sections -c .\Generated_Source\PSoC4\ADC_SAR_Seq_0_IRQ.c -o .\CortexM0\ARM_GCC_473\Debug\ADC_SAR_Seq_0_IRQ.o
arm-none-eabi-gcc.exe -I. -I./Generated_Source/PSoC4 -Wno-main -mcpu=cortex-m0 -mthumb -Wall -g -D DEBUG -Wa,-alh=.\CortexM0\ARM_GCC_473\Debug\SPIS_1_ss_s.lst -ffunction-sections -c .\Generated_Source\PSoC4\SPIS_1_ss_s.c -o .\CortexM0\ARM_GCC_473\Debug\SPIS_1_ss_s.o
arm-none-eabi-gcc.exe -I. -I./Generated_Source/PSoC4 -Wno-main -mcpu=cortex-m0 -mthumb -Wall -g -D DEBUG -Wa,-alh=.\CortexM0\ARM_GCC_473\Debug\SPIS_1_miso_s.lst -ffunction-sections -c .\Generated_Source\PSoC4\SPIS_1_miso_s.c -o .\CortexM0\ARM_GCC_473\Debug\SPIS_1_miso_s.o
arm-none-eabi-gcc.exe -I. -I./Generated_Source/PSoC4 -Wno-main -mcpu=cortex-m0 -mthumb -Wall -g -D DEBUG -Wa,-alh=.\CortexM0\ARM_GCC_473\Debug\SPIS_1_sclk_s.lst -ffunction-sections -c .\Generated_Source\PSoC4\SPIS_1_sclk_s.c -o .\CortexM0\ARM_GCC_473\Debug\SPIS_1_sclk_s.o
arm-none-eabi-gcc.exe -I. -I./Generated_Source/PSoC4 -Wno-main -mcpu=cortex-m0 -mthumb -Wall -g -D DEBUG -Wa,-alh=.\CortexM0\ARM_GCC_473\Debug\SPIS_1_mosi_s.lst -ffunction-sections -c .\Generated_Source\PSoC4\SPIS_1_mosi_s.c -o .\CortexM0\ARM_GCC_473\Debug\SPIS_1_mosi_s.o
arm-none-eabi-gcc.exe -I. -I./Generated_Source/PSoC4 -Wno-main -mcpu=cortex-m0 -mthumb -Wall -g -D DEBUG -Wa,-alh=.\CortexM0\ARM_GCC_473\Debug\Cm0Start.lst -ffunction-sections -c .\Generated_Source\PSoC4\Cm0Start.c -o .\CortexM0\ARM_GCC_473\Debug\Cm0Start.o
arm-none-eabi-as.exe -I. -I./Generated_Source/PSoC4 -mcpu=cortex-m0 -mthumb -g -alh=.\CortexM0\ARM_GCC_473\Debug/CyBootAsmGnu.lst -o .\CortexM0\ARM_GCC_473\Debug\CyBootAsmGnu.o .\Generated_Source\PSoC4\CyBootAsmGnu.s
arm-none-eabi-gcc.exe -I. -I./Generated_Source/PSoC4 -Wno-main -mcpu=cortex-m0 -mthumb -Wall -g -D DEBUG -Wa,-alh=.\CortexM0\ARM_GCC_473\Debug\CyFlash.lst -ffunction-sections -c .\Generated_Source\PSoC4\CyFlash.c -o .\CortexM0\ARM_GCC_473\Debug\CyFlash.o
arm-none-eabi-gcc.exe -I. -I./Generated_Source/PSoC4 -Wno-main -mcpu=cortex-m0 -mthumb -Wall -g -D DEBUG -Wa,-alh=.\CortexM0\ARM_GCC_473\Debug\CyLib.lst -ffunction-sections -c .\Generated_Source\PSoC4\CyLib.c -o .\CortexM0\ARM_GCC_473\Debug\CyLib.o
arm-none-eabi-gcc.exe -I. -I./Generated_Source/PSoC4 -Wno-main -mcpu=cortex-m0 -mthumb -Wall -g -D DEBUG -Wa,-alh=.\CortexM0\ARM_GCC_473\Debug\cyPm.lst -ffunction-sections -c .\Generated_Source\PSoC4\cyPm.c -o .\CortexM0\ARM_GCC_473\Debug\cyPm.o
arm-none-eabi-gcc.exe -I. -I./Generated_Source/PSoC4 -Wno-main -mcpu=cortex-m0 -mthumb -Wall -g -D DEBUG -Wa,-alh=.\CortexM0\ARM_GCC_473\Debug\cyutils.lst -ffunction-sections -c .\Generated_Source\PSoC4\cyutils.c -o .\CortexM0\ARM_GCC_473\Debug\cyutils.o
arm-none-eabi-ar.exe -rs .\CortexM0\ARM_GCC_473\Debug\Enhed.a .\CortexM0\ARM_GCC_473\Debug\cyfitter_cfg.o .\CortexM0\ARM_GCC_473\Debug\ADC_SAR_Seq_0.o .\CortexM0\ARM_GCC_473\Debug\ADC_SAR_Seq_0_PM.o .\CortexM0\ARM_GCC_473\Debug\ADC_SAR_Seq_0_INT.o .\CortexM0\ARM_GCC_473\Debug\P_FT1.o .\CortexM0\ARM_GCC_473\Debug\P_FT2.o .\CortexM0\ARM_GCC_473\Debug\P_VP.o .\CortexM0\ARM_GCC_473\Debug\SPIS_1.o .\CortexM0\ARM_GCC_473\Debug\SPIS_1_SPI_UART.o .\CortexM0\ARM_GCC_473\Debug\SPIS_1_SPI_UART_INT.o .\CortexM0\ARM_GCC_473\Debug\SPIS_1_PM.o .\CortexM0\ARM_GCC_473\Debug\SPIS_1_SPI.o .\CortexM0\ARM_GCC_473\Debug\SPIS_1_BOOT.o .\CortexM0\ARM_GCC_473\Debug\SPIS_1_SPI_BOOT.o .\CortexM0\ARM_GCC_473\Debug\GREEN_LED.o .\CortexM0\ARM_GCC_473\Debug\RED_LED.o .\CortexM0\ARM_GCC_473\Debug\BLUE_LED.o .\CortexM0\ARM_GCC_473\Debug\isr_pir.o .\CortexM0\ARM_GCC_473\Debug\P_PIR.o .\CortexM0\ARM_GCC_473\Debug\logDataTimer.o .\CortexM0\ARM_GCC_473\Debug\logDataTimer_PM.o .\CortexM0\ARM_GCC_473\Debug\waterTimer.o .\CortexM0\ARM_GCC_473\Debug\waterTimer_PM.o .\CortexM0\ARM_GCC_473\Debug\logDataInterrupt.o .\CortexM0\ARM_GCC_473\Debug\waterInterrupt.o .\CortexM0\ARM_GCC_473\Debug\ADC_SAR_Seq_0_intClock.o .\CortexM0\ARM_GCC_473\Debug\ADC_SAR_Seq_0_IRQ.o .\CortexM0\ARM_GCC_473\Debug\SPIS_1_ss_s.o .\CortexM0\ARM_GCC_473\Debug\SPIS_1_miso_s.o .\CortexM0\ARM_GCC_473\Debug\SPIS_1_sclk_s.o .\CortexM0\ARM_GCC_473\Debug\SPIS_1_mosi_s.o .\CortexM0\ARM_GCC_473\Debug\CyBootAsmGnu.o .\CortexM0\ARM_GCC_473\Debug\CyFlash.o .\CortexM0\ARM_GCC_473\Debug\CyLib.o .\CortexM0\ARM_GCC_473\Debug\cyPm.o .\CortexM0\ARM_GCC_473\Debug\cyutils.o
arm-none-eabi-ar.exe: creating .\CortexM0\ARM_GCC_473\Debug\Enhed.a
arm-none-eabi-gcc.exe -mthumb -march=armv6-m -T .\Generated_Source\PSoC4\cm0gcc.ld -g -Wl,-Map,.\CortexM0\ARM_GCC_473\Debug\Enhed.map -specs=nano.specs -Wl,--gc-sections -Wl,--start-group -o .\CortexM0\ARM_GCC_473\Debug\Enhed.elf .\CortexM0\ARM_GCC_473\Debug\Enhed.o .\CortexM0\ARM_GCC_473\Debug\addRemove.o .\CortexM0\ARM_GCC_473\Debug\buffer.o .\CortexM0\ARM_GCC_473\Debug\config.o .\CortexM0\ARM_GCC_473\Debug\humiSensor.o .\CortexM0\ARM_GCC_473\Debug\loadData.o .\CortexM0\ARM_GCC_473\Debug\movement.o .\CortexM0\ARM_GCC_473\Debug\onOff.o .\CortexM0\ARM_GCC_473\Debug\parameters.o .\CortexM0\ARM_GCC_473\Debug\sensorPackage.o .\CortexM0\ARM_GCC_473\Debug\sprinkler.o .\CortexM0\ARM_GCC_473\Debug\tempSensor.o .\CortexM0\ARM_GCC_473\Debug\spi_handler.o .\CortexM0\ARM_GCC_473\Debug\cymetadata.o .\CortexM0\ARM_GCC_473\Debug\Cm0Start.o .\CortexM0\ARM_GCC_473\Debug\Enhed.a "C:\Program Files (x86)\Cypress\PSoC Creator\3.0\PSoC Creator\psoc\content\cycomponentlibrary\CyComponentLibrary.cylib\CortexM0\ARM_GCC_473\Debug\CyComponentLibrary.a" -Wl,--end-group
cyelftool.exe -C C:\Enhed\Enhed.cydsn\CortexM0\ARM_GCC_473\Debug\Enhed.elf --flash_size 32768 --flash_row_size 128
cyelftool.exe -S C:\Enhed\Enhed.cydsn\CortexM0\ARM_GCC_473\Debug\Enhed.elf
Flash used: 29520 of 32768 bytes (90,1 %).
SRAM used: 2220 of 4096 bytes (54,2 %).
--------------- Build Succeeded: 12/05/2014 12:35:02 ---------------
