ARM GAS  C:\Users\BJRN~1\AppData\Local\Temp\cc45toXt.s 			page 1


   1              		.cpu cortex-m0
   2              		.fpu softvfp
   3              		.eabi_attribute 20, 1
   4              		.eabi_attribute 21, 1
   5              		.eabi_attribute 23, 3
   6              		.eabi_attribute 24, 1
   7              		.eabi_attribute 25, 1
   8              		.eabi_attribute 26, 1
   9              		.eabi_attribute 30, 6
  10              		.eabi_attribute 34, 0
  11              		.eabi_attribute 18, 4
  12              		.code	16
  13              		.file	"logDataTimer_PM.c"
  14              		.text
  15              	.Ltext0:
  16              		.cfi_sections	.debug_frame
  17              		.bss
  18              		.align	2
  19              	logDataTimer_backup:
  20 0000 00000000 		.space	6
  20      0000
  21 0006 0000     		.section	.text.logDataTimer_SaveConfig,"ax",%progbits
  22              		.align	2
  23              		.global	logDataTimer_SaveConfig
  24              		.code	16
  25              		.thumb_func
  26              		.type	logDataTimer_SaveConfig, %function
  27              	logDataTimer_SaveConfig:
  28              	.LFB0:
  29              		.file 1 ".\\Generated_Source\\PSoC4\\logDataTimer_PM.c"
   1:.\Generated_Source\PSoC4/logDataTimer_PM.c **** /*******************************************************************************
   2:.\Generated_Source\PSoC4/logDataTimer_PM.c **** * File Name: logDataTimer_PM.c
   3:.\Generated_Source\PSoC4/logDataTimer_PM.c **** * Version 2.60
   4:.\Generated_Source\PSoC4/logDataTimer_PM.c **** *
   5:.\Generated_Source\PSoC4/logDataTimer_PM.c **** *  Description:
   6:.\Generated_Source\PSoC4/logDataTimer_PM.c **** *     This file provides the power management source code to API for the
   7:.\Generated_Source\PSoC4/logDataTimer_PM.c **** *     Timer.
   8:.\Generated_Source\PSoC4/logDataTimer_PM.c **** *
   9:.\Generated_Source\PSoC4/logDataTimer_PM.c **** *   Note:
  10:.\Generated_Source\PSoC4/logDataTimer_PM.c **** *     None
  11:.\Generated_Source\PSoC4/logDataTimer_PM.c **** *
  12:.\Generated_Source\PSoC4/logDataTimer_PM.c **** *******************************************************************************
  13:.\Generated_Source\PSoC4/logDataTimer_PM.c **** * Copyright 2008-2014, Cypress Semiconductor Corporation.  All rights reserved.
  14:.\Generated_Source\PSoC4/logDataTimer_PM.c **** * You may use this file only in accordance with the license, terms, conditions,
  15:.\Generated_Source\PSoC4/logDataTimer_PM.c **** * disclaimers, and limitations in the end user license agreement accompanying
  16:.\Generated_Source\PSoC4/logDataTimer_PM.c **** * the software package with which this file was provided.
  17:.\Generated_Source\PSoC4/logDataTimer_PM.c **** ********************************************************************************/
  18:.\Generated_Source\PSoC4/logDataTimer_PM.c **** 
  19:.\Generated_Source\PSoC4/logDataTimer_PM.c **** #include "logDataTimer.h"
  20:.\Generated_Source\PSoC4/logDataTimer_PM.c **** 
  21:.\Generated_Source\PSoC4/logDataTimer_PM.c **** static logDataTimer_backupStruct logDataTimer_backup;
  22:.\Generated_Source\PSoC4/logDataTimer_PM.c **** 
  23:.\Generated_Source\PSoC4/logDataTimer_PM.c **** 
  24:.\Generated_Source\PSoC4/logDataTimer_PM.c **** /*******************************************************************************
  25:.\Generated_Source\PSoC4/logDataTimer_PM.c **** * Function Name: logDataTimer_SaveConfig
  26:.\Generated_Source\PSoC4/logDataTimer_PM.c **** ********************************************************************************
  27:.\Generated_Source\PSoC4/logDataTimer_PM.c **** *
ARM GAS  C:\Users\BJRN~1\AppData\Local\Temp\cc45toXt.s 			page 2


  28:.\Generated_Source\PSoC4/logDataTimer_PM.c **** * Summary:
  29:.\Generated_Source\PSoC4/logDataTimer_PM.c **** *     Save the current user configuration
  30:.\Generated_Source\PSoC4/logDataTimer_PM.c **** *
  31:.\Generated_Source\PSoC4/logDataTimer_PM.c **** * Parameters:
  32:.\Generated_Source\PSoC4/logDataTimer_PM.c **** *  void
  33:.\Generated_Source\PSoC4/logDataTimer_PM.c **** *
  34:.\Generated_Source\PSoC4/logDataTimer_PM.c **** * Return:
  35:.\Generated_Source\PSoC4/logDataTimer_PM.c **** *  void
  36:.\Generated_Source\PSoC4/logDataTimer_PM.c **** *
  37:.\Generated_Source\PSoC4/logDataTimer_PM.c **** * Global variables:
  38:.\Generated_Source\PSoC4/logDataTimer_PM.c **** *  logDataTimer_backup:  Variables of this global structure are modified to
  39:.\Generated_Source\PSoC4/logDataTimer_PM.c **** *  store the values of non retention configuration registers when Sleep() API is
  40:.\Generated_Source\PSoC4/logDataTimer_PM.c **** *  called.
  41:.\Generated_Source\PSoC4/logDataTimer_PM.c **** *
  42:.\Generated_Source\PSoC4/logDataTimer_PM.c **** *******************************************************************************/
  43:.\Generated_Source\PSoC4/logDataTimer_PM.c **** void logDataTimer_SaveConfig(void) 
  44:.\Generated_Source\PSoC4/logDataTimer_PM.c **** {
  30              		.loc 1 44 0
  31              		.cfi_startproc
  32 0000 80B5     		push	{r7, lr}
  33              	.LCFI0:
  34              		.cfi_def_cfa_offset 8
  35              		.cfi_offset 7, -8
  36              		.cfi_offset 14, -4
  37 0002 00AF     		add	r7, sp, #0
  38              	.LCFI1:
  39              		.cfi_def_cfa_register 7
  45:.\Generated_Source\PSoC4/logDataTimer_PM.c ****     #if (!logDataTimer_UsingFixedFunction)
  46:.\Generated_Source\PSoC4/logDataTimer_PM.c ****         logDataTimer_backup.TimerUdb = logDataTimer_ReadCounter();
  40              		.loc 1 46 0
  41 0004 FFF7FEFF 		bl	logDataTimer_ReadCounter
  42 0008 031C     		mov	r3, r0
  43 000a 1A1C     		mov	r2, r3
  44 000c 074B     		ldr	r3, .L2
  45 000e 5A80     		strh	r2, [r3, #2]
  47:.\Generated_Source\PSoC4/logDataTimer_PM.c ****         logDataTimer_backup.InterruptMaskValue = logDataTimer_STATUS_MASK;
  46              		.loc 1 47 0
  47 0010 074B     		ldr	r3, .L2+4
  48 0012 1B78     		ldrb	r3, [r3]
  49 0014 DAB2     		uxtb	r2, r3
  50 0016 054B     		ldr	r3, .L2
  51 0018 1A71     		strb	r2, [r3, #4]
  48:.\Generated_Source\PSoC4/logDataTimer_PM.c ****         #if (logDataTimer_UsingHWCaptureCounter)
  49:.\Generated_Source\PSoC4/logDataTimer_PM.c ****             logDataTimer_backup.TimerCaptureCounter = logDataTimer_ReadCaptureCount();
  50:.\Generated_Source\PSoC4/logDataTimer_PM.c ****         #endif /* Back Up capture counter register  */
  51:.\Generated_Source\PSoC4/logDataTimer_PM.c **** 
  52:.\Generated_Source\PSoC4/logDataTimer_PM.c ****         #if(!logDataTimer_UDB_CONTROL_REG_REMOVED)
  53:.\Generated_Source\PSoC4/logDataTimer_PM.c ****             logDataTimer_backup.TimerControlRegister = logDataTimer_ReadControlRegister();
  52              		.loc 1 53 0
  53 001a FFF7FEFF 		bl	logDataTimer_ReadControlRegister
  54 001e 031C     		mov	r3, r0
  55 0020 1A1C     		mov	r2, r3
  56 0022 024B     		ldr	r3, .L2
  57 0024 5A71     		strb	r2, [r3, #5]
  54:.\Generated_Source\PSoC4/logDataTimer_PM.c ****         #endif /* Backup the enable state of the Timer component */
  55:.\Generated_Source\PSoC4/logDataTimer_PM.c ****     #endif /* Backup non retention registers in UDB implementation. All fixed function registers ar
  56:.\Generated_Source\PSoC4/logDataTimer_PM.c **** }
ARM GAS  C:\Users\BJRN~1\AppData\Local\Temp\cc45toXt.s 			page 3


  58              		.loc 1 56 0
  59 0026 BD46     		mov	sp, r7
  60              		@ sp needed for prologue
  61 0028 80BD     		pop	{r7, pc}
  62              	.L3:
  63 002a C046     		.align	2
  64              	.L2:
  65 002c 00000000 		.word	logDataTimer_backup
  66 0030 81000F40 		.word	1074724993
  67              		.cfi_endproc
  68              	.LFE0:
  69              		.size	logDataTimer_SaveConfig, .-logDataTimer_SaveConfig
  70              		.section	.text.logDataTimer_RestoreConfig,"ax",%progbits
  71              		.align	2
  72              		.global	logDataTimer_RestoreConfig
  73              		.code	16
  74              		.thumb_func
  75              		.type	logDataTimer_RestoreConfig, %function
  76              	logDataTimer_RestoreConfig:
  77              	.LFB1:
  57:.\Generated_Source\PSoC4/logDataTimer_PM.c **** 
  58:.\Generated_Source\PSoC4/logDataTimer_PM.c **** 
  59:.\Generated_Source\PSoC4/logDataTimer_PM.c **** /*******************************************************************************
  60:.\Generated_Source\PSoC4/logDataTimer_PM.c **** * Function Name: logDataTimer_RestoreConfig
  61:.\Generated_Source\PSoC4/logDataTimer_PM.c **** ********************************************************************************
  62:.\Generated_Source\PSoC4/logDataTimer_PM.c **** *
  63:.\Generated_Source\PSoC4/logDataTimer_PM.c **** * Summary:
  64:.\Generated_Source\PSoC4/logDataTimer_PM.c **** *  Restores the current user configuration.
  65:.\Generated_Source\PSoC4/logDataTimer_PM.c **** *
  66:.\Generated_Source\PSoC4/logDataTimer_PM.c **** * Parameters:
  67:.\Generated_Source\PSoC4/logDataTimer_PM.c **** *  void
  68:.\Generated_Source\PSoC4/logDataTimer_PM.c **** *
  69:.\Generated_Source\PSoC4/logDataTimer_PM.c **** * Return:
  70:.\Generated_Source\PSoC4/logDataTimer_PM.c **** *  void
  71:.\Generated_Source\PSoC4/logDataTimer_PM.c **** *
  72:.\Generated_Source\PSoC4/logDataTimer_PM.c **** * Global variables:
  73:.\Generated_Source\PSoC4/logDataTimer_PM.c **** *  logDataTimer_backup:  Variables of this global structure are used to
  74:.\Generated_Source\PSoC4/logDataTimer_PM.c **** *  restore the values of non retention registers on wakeup from sleep mode.
  75:.\Generated_Source\PSoC4/logDataTimer_PM.c **** *
  76:.\Generated_Source\PSoC4/logDataTimer_PM.c **** *******************************************************************************/
  77:.\Generated_Source\PSoC4/logDataTimer_PM.c **** void logDataTimer_RestoreConfig(void) 
  78:.\Generated_Source\PSoC4/logDataTimer_PM.c **** {   
  78              		.loc 1 78 0
  79              		.cfi_startproc
  80 0000 80B5     		push	{r7, lr}
  81              	.LCFI2:
  82              		.cfi_def_cfa_offset 8
  83              		.cfi_offset 7, -8
  84              		.cfi_offset 14, -4
  85 0002 00AF     		add	r7, sp, #0
  86              	.LCFI3:
  87              		.cfi_def_cfa_register 7
  79:.\Generated_Source\PSoC4/logDataTimer_PM.c ****     #if (!logDataTimer_UsingFixedFunction)
  80:.\Generated_Source\PSoC4/logDataTimer_PM.c **** 
  81:.\Generated_Source\PSoC4/logDataTimer_PM.c ****         logDataTimer_WriteCounter(logDataTimer_backup.TimerUdb);
  88              		.loc 1 81 0
  89 0004 074B     		ldr	r3, .L5
ARM GAS  C:\Users\BJRN~1\AppData\Local\Temp\cc45toXt.s 			page 4


  90 0006 5B88     		ldrh	r3, [r3, #2]
  91 0008 181C     		mov	r0, r3
  92 000a FFF7FEFF 		bl	logDataTimer_WriteCounter
  82:.\Generated_Source\PSoC4/logDataTimer_PM.c ****         logDataTimer_STATUS_MASK =logDataTimer_backup.InterruptMaskValue;
  93              		.loc 1 82 0
  94 000e 064B     		ldr	r3, .L5+4
  95 0010 044A     		ldr	r2, .L5
  96 0012 1279     		ldrb	r2, [r2, #4]
  97 0014 1A70     		strb	r2, [r3]
  83:.\Generated_Source\PSoC4/logDataTimer_PM.c ****         #if (logDataTimer_UsingHWCaptureCounter)
  84:.\Generated_Source\PSoC4/logDataTimer_PM.c ****             logDataTimer_SetCaptureCount(logDataTimer_backup.TimerCaptureCounter);
  85:.\Generated_Source\PSoC4/logDataTimer_PM.c ****         #endif /* Restore Capture counter register*/
  86:.\Generated_Source\PSoC4/logDataTimer_PM.c **** 
  87:.\Generated_Source\PSoC4/logDataTimer_PM.c ****         #if(!logDataTimer_UDB_CONTROL_REG_REMOVED)
  88:.\Generated_Source\PSoC4/logDataTimer_PM.c ****             logDataTimer_WriteControlRegister(logDataTimer_backup.TimerControlRegister);
  98              		.loc 1 88 0
  99 0016 034B     		ldr	r3, .L5
 100 0018 5B79     		ldrb	r3, [r3, #5]
 101 001a 181C     		mov	r0, r3
 102 001c FFF7FEFF 		bl	logDataTimer_WriteControlRegister
  89:.\Generated_Source\PSoC4/logDataTimer_PM.c ****         #endif /* Restore the enable state of the Timer component */
  90:.\Generated_Source\PSoC4/logDataTimer_PM.c ****     #endif /* Restore non retention registers in the UDB implementation only */
  91:.\Generated_Source\PSoC4/logDataTimer_PM.c **** }
 103              		.loc 1 91 0
 104 0020 BD46     		mov	sp, r7
 105              		@ sp needed for prologue
 106 0022 80BD     		pop	{r7, pc}
 107              	.L6:
 108              		.align	2
 109              	.L5:
 110 0024 00000000 		.word	logDataTimer_backup
 111 0028 81000F40 		.word	1074724993
 112              		.cfi_endproc
 113              	.LFE1:
 114              		.size	logDataTimer_RestoreConfig, .-logDataTimer_RestoreConfig
 115              		.section	.text.logDataTimer_Sleep,"ax",%progbits
 116              		.align	2
 117              		.global	logDataTimer_Sleep
 118              		.code	16
 119              		.thumb_func
 120              		.type	logDataTimer_Sleep, %function
 121              	logDataTimer_Sleep:
 122              	.LFB2:
  92:.\Generated_Source\PSoC4/logDataTimer_PM.c **** 
  93:.\Generated_Source\PSoC4/logDataTimer_PM.c **** 
  94:.\Generated_Source\PSoC4/logDataTimer_PM.c **** /*******************************************************************************
  95:.\Generated_Source\PSoC4/logDataTimer_PM.c **** * Function Name: logDataTimer_Sleep
  96:.\Generated_Source\PSoC4/logDataTimer_PM.c **** ********************************************************************************
  97:.\Generated_Source\PSoC4/logDataTimer_PM.c **** *
  98:.\Generated_Source\PSoC4/logDataTimer_PM.c **** * Summary:
  99:.\Generated_Source\PSoC4/logDataTimer_PM.c **** *     Stop and Save the user configuration
 100:.\Generated_Source\PSoC4/logDataTimer_PM.c **** *
 101:.\Generated_Source\PSoC4/logDataTimer_PM.c **** * Parameters:
 102:.\Generated_Source\PSoC4/logDataTimer_PM.c **** *  void
 103:.\Generated_Source\PSoC4/logDataTimer_PM.c **** *
 104:.\Generated_Source\PSoC4/logDataTimer_PM.c **** * Return:
 105:.\Generated_Source\PSoC4/logDataTimer_PM.c **** *  void
ARM GAS  C:\Users\BJRN~1\AppData\Local\Temp\cc45toXt.s 			page 5


 106:.\Generated_Source\PSoC4/logDataTimer_PM.c **** *
 107:.\Generated_Source\PSoC4/logDataTimer_PM.c **** * Global variables:
 108:.\Generated_Source\PSoC4/logDataTimer_PM.c **** *  logDataTimer_backup.TimerEnableState:  Is modified depending on the
 109:.\Generated_Source\PSoC4/logDataTimer_PM.c **** *  enable state of the block before entering sleep mode.
 110:.\Generated_Source\PSoC4/logDataTimer_PM.c **** *
 111:.\Generated_Source\PSoC4/logDataTimer_PM.c **** *******************************************************************************/
 112:.\Generated_Source\PSoC4/logDataTimer_PM.c **** void logDataTimer_Sleep(void) 
 113:.\Generated_Source\PSoC4/logDataTimer_PM.c **** {
 123              		.loc 1 113 0
 124              		.cfi_startproc
 125 0000 80B5     		push	{r7, lr}
 126              	.LCFI4:
 127              		.cfi_def_cfa_offset 8
 128              		.cfi_offset 7, -8
 129              		.cfi_offset 14, -4
 130 0002 00AF     		add	r7, sp, #0
 131              	.LCFI5:
 132              		.cfi_def_cfa_register 7
 114:.\Generated_Source\PSoC4/logDataTimer_PM.c ****     #if(!logDataTimer_UDB_CONTROL_REG_REMOVED)
 115:.\Generated_Source\PSoC4/logDataTimer_PM.c ****         /* Save Counter's enable state */
 116:.\Generated_Source\PSoC4/logDataTimer_PM.c ****         if(logDataTimer_CTRL_ENABLE == (logDataTimer_CONTROL & logDataTimer_CTRL_ENABLE))
 133              		.loc 1 116 0
 134 0004 094B     		ldr	r3, .L10
 135 0006 1B78     		ldrb	r3, [r3]
 136 0008 DBB2     		uxtb	r3, r3
 137 000a DBB2     		uxtb	r3, r3
 138 000c 5BB2     		sxtb	r3, r3
 139 000e 002B     		cmp	r3, #0
 140 0010 03DA     		bge	.L8
 117:.\Generated_Source\PSoC4/logDataTimer_PM.c ****         {
 118:.\Generated_Source\PSoC4/logDataTimer_PM.c ****             /* Timer is enabled */
 119:.\Generated_Source\PSoC4/logDataTimer_PM.c ****             logDataTimer_backup.TimerEnableState = 1u;
 141              		.loc 1 119 0
 142 0012 074B     		ldr	r3, .L10+4
 143 0014 0122     		mov	r2, #1
 144 0016 1A70     		strb	r2, [r3]
 145 0018 02E0     		b	.L9
 146              	.L8:
 120:.\Generated_Source\PSoC4/logDataTimer_PM.c ****         }
 121:.\Generated_Source\PSoC4/logDataTimer_PM.c ****         else
 122:.\Generated_Source\PSoC4/logDataTimer_PM.c ****         {
 123:.\Generated_Source\PSoC4/logDataTimer_PM.c ****             /* Timer is disabled */
 124:.\Generated_Source\PSoC4/logDataTimer_PM.c ****             logDataTimer_backup.TimerEnableState = 0u;
 147              		.loc 1 124 0
 148 001a 054B     		ldr	r3, .L10+4
 149 001c 0022     		mov	r2, #0
 150 001e 1A70     		strb	r2, [r3]
 151              	.L9:
 125:.\Generated_Source\PSoC4/logDataTimer_PM.c ****         }
 126:.\Generated_Source\PSoC4/logDataTimer_PM.c ****     #endif /* Back up enable state from the Timer control register */
 127:.\Generated_Source\PSoC4/logDataTimer_PM.c ****     logDataTimer_Stop();
 152              		.loc 1 127 0
 153 0020 FFF7FEFF 		bl	logDataTimer_Stop
 128:.\Generated_Source\PSoC4/logDataTimer_PM.c ****     logDataTimer_SaveConfig();
 154              		.loc 1 128 0
 155 0024 FFF7FEFF 		bl	logDataTimer_SaveConfig
 129:.\Generated_Source\PSoC4/logDataTimer_PM.c **** }
ARM GAS  C:\Users\BJRN~1\AppData\Local\Temp\cc45toXt.s 			page 6


 156              		.loc 1 129 0
 157 0028 BD46     		mov	sp, r7
 158              		@ sp needed for prologue
 159 002a 80BD     		pop	{r7, pc}
 160              	.L11:
 161              		.align	2
 162              	.L10:
 163 002c 71000F40 		.word	1074724977
 164 0030 00000000 		.word	logDataTimer_backup
 165              		.cfi_endproc
 166              	.LFE2:
 167              		.size	logDataTimer_Sleep, .-logDataTimer_Sleep
 168              		.section	.text.logDataTimer_Wakeup,"ax",%progbits
 169              		.align	2
 170              		.global	logDataTimer_Wakeup
 171              		.code	16
 172              		.thumb_func
 173              		.type	logDataTimer_Wakeup, %function
 174              	logDataTimer_Wakeup:
 175              	.LFB3:
 130:.\Generated_Source\PSoC4/logDataTimer_PM.c **** 
 131:.\Generated_Source\PSoC4/logDataTimer_PM.c **** 
 132:.\Generated_Source\PSoC4/logDataTimer_PM.c **** /*******************************************************************************
 133:.\Generated_Source\PSoC4/logDataTimer_PM.c **** * Function Name: logDataTimer_Wakeup
 134:.\Generated_Source\PSoC4/logDataTimer_PM.c **** ********************************************************************************
 135:.\Generated_Source\PSoC4/logDataTimer_PM.c **** *
 136:.\Generated_Source\PSoC4/logDataTimer_PM.c **** * Summary:
 137:.\Generated_Source\PSoC4/logDataTimer_PM.c **** *  Restores and enables the user configuration
 138:.\Generated_Source\PSoC4/logDataTimer_PM.c **** *
 139:.\Generated_Source\PSoC4/logDataTimer_PM.c **** * Parameters:
 140:.\Generated_Source\PSoC4/logDataTimer_PM.c **** *  void
 141:.\Generated_Source\PSoC4/logDataTimer_PM.c **** *
 142:.\Generated_Source\PSoC4/logDataTimer_PM.c **** * Return:
 143:.\Generated_Source\PSoC4/logDataTimer_PM.c **** *  void
 144:.\Generated_Source\PSoC4/logDataTimer_PM.c **** *
 145:.\Generated_Source\PSoC4/logDataTimer_PM.c **** * Global variables:
 146:.\Generated_Source\PSoC4/logDataTimer_PM.c **** *  logDataTimer_backup.enableState:  Is used to restore the enable state of
 147:.\Generated_Source\PSoC4/logDataTimer_PM.c **** *  block on wakeup from sleep mode.
 148:.\Generated_Source\PSoC4/logDataTimer_PM.c **** *
 149:.\Generated_Source\PSoC4/logDataTimer_PM.c **** *******************************************************************************/
 150:.\Generated_Source\PSoC4/logDataTimer_PM.c **** void logDataTimer_Wakeup(void) 
 151:.\Generated_Source\PSoC4/logDataTimer_PM.c **** {
 176              		.loc 1 151 0
 177              		.cfi_startproc
 178 0000 80B5     		push	{r7, lr}
 179              	.LCFI6:
 180              		.cfi_def_cfa_offset 8
 181              		.cfi_offset 7, -8
 182              		.cfi_offset 14, -4
 183 0002 00AF     		add	r7, sp, #0
 184              	.LCFI7:
 185              		.cfi_def_cfa_register 7
 152:.\Generated_Source\PSoC4/logDataTimer_PM.c ****     logDataTimer_RestoreConfig();
 186              		.loc 1 152 0
 187 0004 FFF7FEFF 		bl	logDataTimer_RestoreConfig
 153:.\Generated_Source\PSoC4/logDataTimer_PM.c ****     #if(!logDataTimer_UDB_CONTROL_REG_REMOVED)
 154:.\Generated_Source\PSoC4/logDataTimer_PM.c ****         if(logDataTimer_backup.TimerEnableState == 1u)
ARM GAS  C:\Users\BJRN~1\AppData\Local\Temp\cc45toXt.s 			page 7


 188              		.loc 1 154 0
 189 0008 034B     		ldr	r3, .L14
 190 000a 1B78     		ldrb	r3, [r3]
 191 000c 012B     		cmp	r3, #1
 192 000e 01D1     		bne	.L12
 155:.\Generated_Source\PSoC4/logDataTimer_PM.c ****         {     /* Enable Timer's operation */
 156:.\Generated_Source\PSoC4/logDataTimer_PM.c ****                 logDataTimer_Enable();
 193              		.loc 1 156 0
 194 0010 FFF7FEFF 		bl	logDataTimer_Enable
 195              	.L12:
 157:.\Generated_Source\PSoC4/logDataTimer_PM.c ****         } /* Do nothing if Timer was disabled before */
 158:.\Generated_Source\PSoC4/logDataTimer_PM.c ****     #endif /* Remove this code section if Control register is removed */
 159:.\Generated_Source\PSoC4/logDataTimer_PM.c **** }
 196              		.loc 1 159 0
 197 0014 BD46     		mov	sp, r7
 198              		@ sp needed for prologue
 199 0016 80BD     		pop	{r7, pc}
 200              	.L15:
 201              		.align	2
 202              	.L14:
 203 0018 00000000 		.word	logDataTimer_backup
 204              		.cfi_endproc
 205              	.LFE3:
 206              		.size	logDataTimer_Wakeup, .-logDataTimer_Wakeup
 207              		.text
 208              	.Letext0:
 209              		.file 2 ".\\Generated_Source\\PSoC4\\cytypes.h"
 210              		.file 3 ".\\Generated_Source\\PSoC4\\logDataTimer.h"
 211              		.section	.debug_info,"",%progbits
 212              	.Ldebug_info0:
 213 0000 63010000 		.4byte	0x163
 214 0004 0200     		.2byte	0x2
 215 0006 00000000 		.4byte	.Ldebug_abbrev0
 216 000a 04       		.byte	0x4
 217 000b 01       		.uleb128 0x1
 218 000c 46000000 		.4byte	.LASF25
 219 0010 01       		.byte	0x1
 220 0011 A3010000 		.4byte	.LASF26
 221 0015 55010000 		.4byte	.LASF27
 222 0019 00000000 		.4byte	.Ldebug_ranges0+0
 223 001d 00000000 		.4byte	0
 224 0021 00000000 		.4byte	0
 225 0025 00000000 		.4byte	.Ldebug_line0
 226 0029 02       		.uleb128 0x2
 227 002a 01       		.byte	0x1
 228 002b 06       		.byte	0x6
 229 002c 91010000 		.4byte	.LASF0
 230 0030 02       		.uleb128 0x2
 231 0031 01       		.byte	0x1
 232 0032 08       		.byte	0x8
 233 0033 2D010000 		.4byte	.LASF1
 234 0037 02       		.uleb128 0x2
 235 0038 02       		.byte	0x2
 236 0039 05       		.byte	0x5
 237 003a FA010000 		.4byte	.LASF2
 238 003e 02       		.uleb128 0x2
 239 003f 02       		.byte	0x2
ARM GAS  C:\Users\BJRN~1\AppData\Local\Temp\cc45toXt.s 			page 8


 240 0040 07       		.byte	0x7
 241 0041 7E010000 		.4byte	.LASF3
 242 0045 02       		.uleb128 0x2
 243 0046 04       		.byte	0x4
 244 0047 05       		.byte	0x5
 245 0048 40010000 		.4byte	.LASF4
 246 004c 02       		.uleb128 0x2
 247 004d 04       		.byte	0x4
 248 004e 07       		.byte	0x7
 249 004f 95000000 		.4byte	.LASF5
 250 0053 02       		.uleb128 0x2
 251 0054 08       		.byte	0x8
 252 0055 05       		.byte	0x5
 253 0056 00000000 		.4byte	.LASF6
 254 005a 02       		.uleb128 0x2
 255 005b 08       		.byte	0x8
 256 005c 07       		.byte	0x7
 257 005d C1000000 		.4byte	.LASF7
 258 0061 03       		.uleb128 0x3
 259 0062 04       		.byte	0x4
 260 0063 05       		.byte	0x5
 261 0064 696E7400 		.ascii	"int\000"
 262 0068 02       		.uleb128 0x2
 263 0069 04       		.byte	0x4
 264 006a 07       		.byte	0x7
 265 006b 0E000000 		.4byte	.LASF8
 266 006f 04       		.uleb128 0x4
 267 0070 8F000000 		.4byte	.LASF9
 268 0074 02       		.byte	0x2
 269 0075 5B       		.byte	0x5b
 270 0076 30000000 		.4byte	0x30
 271 007a 04       		.uleb128 0x4
 272 007b D7010000 		.4byte	.LASF10
 273 007f 02       		.byte	0x2
 274 0080 5C       		.byte	0x5c
 275 0081 3E000000 		.4byte	0x3e
 276 0085 02       		.uleb128 0x2
 277 0086 04       		.byte	0x4
 278 0087 04       		.byte	0x4
 279 0088 9D010000 		.4byte	.LASF11
 280 008c 02       		.uleb128 0x2
 281 008d 08       		.byte	0x8
 282 008e 04       		.byte	0x4
 283 008f 4E010000 		.4byte	.LASF12
 284 0093 02       		.uleb128 0x2
 285 0094 01       		.byte	0x1
 286 0095 08       		.byte	0x8
 287 0096 3B010000 		.4byte	.LASF13
 288 009a 04       		.uleb128 0x4
 289 009b 49010000 		.4byte	.LASF14
 290 009f 02       		.byte	0x2
 291 00a0 F0       		.byte	0xf0
 292 00a1 A5000000 		.4byte	0xa5
 293 00a5 05       		.uleb128 0x5
 294 00a6 6F000000 		.4byte	0x6f
 295 00aa 02       		.uleb128 0x2
 296 00ab 04       		.byte	0x4
ARM GAS  C:\Users\BJRN~1\AppData\Local\Temp\cc45toXt.s 			page 9


 297 00ac 07       		.byte	0x7
 298 00ad F1010000 		.4byte	.LASF15
 299 00b1 06       		.uleb128 0x6
 300 00b2 06       		.byte	0x6
 301 00b3 03       		.byte	0x3
 302 00b4 43       		.byte	0x43
 303 00b5 F2000000 		.4byte	0xf2
 304 00b9 07       		.uleb128 0x7
 305 00ba 1C010000 		.4byte	.LASF16
 306 00be 03       		.byte	0x3
 307 00bf 45       		.byte	0x45
 308 00c0 6F000000 		.4byte	0x6f
 309 00c4 02       		.byte	0x2
 310 00c5 23       		.byte	0x23
 311 00c6 00       		.uleb128 0
 312 00c7 07       		.uleb128 0x7
 313 00c8 CE010000 		.4byte	.LASF17
 314 00cc 03       		.byte	0x3
 315 00cd 48       		.byte	0x48
 316 00ce 7A000000 		.4byte	0x7a
 317 00d2 02       		.byte	0x2
 318 00d3 23       		.byte	0x23
 319 00d4 02       		.uleb128 0x2
 320 00d5 07       		.uleb128 0x7
 321 00d6 DE010000 		.4byte	.LASF18
 322 00da 03       		.byte	0x3
 323 00db 49       		.byte	0x49
 324 00dc 6F000000 		.4byte	0x6f
 325 00e0 02       		.byte	0x2
 326 00e1 23       		.byte	0x23
 327 00e2 04       		.uleb128 0x4
 328 00e3 07       		.uleb128 0x7
 329 00e4 D8000000 		.4byte	.LASF19
 330 00e8 03       		.byte	0x3
 331 00e9 4F       		.byte	0x4f
 332 00ea 6F000000 		.4byte	0x6f
 333 00ee 02       		.byte	0x2
 334 00ef 23       		.byte	0x23
 335 00f0 05       		.uleb128 0x5
 336 00f1 00       		.byte	0
 337 00f2 04       		.uleb128 0x4
 338 00f3 A7000000 		.4byte	.LASF20
 339 00f7 03       		.byte	0x3
 340 00f8 53       		.byte	0x53
 341 00f9 B1000000 		.4byte	0xb1
 342 00fd 08       		.uleb128 0x8
 343 00fe 01       		.byte	0x1
 344 00ff 1B000000 		.4byte	.LASF21
 345 0103 01       		.byte	0x1
 346 0104 2B       		.byte	0x2b
 347 0105 01       		.byte	0x1
 348 0106 00000000 		.4byte	.LFB0
 349 010a 34000000 		.4byte	.LFE0
 350 010e 00000000 		.4byte	.LLST0
 351 0112 01       		.byte	0x1
 352 0113 08       		.uleb128 0x8
 353 0114 01       		.byte	0x1
ARM GAS  C:\Users\BJRN~1\AppData\Local\Temp\cc45toXt.s 			page 10


 354 0115 01010000 		.4byte	.LASF22
 355 0119 01       		.byte	0x1
 356 011a 4D       		.byte	0x4d
 357 011b 01       		.byte	0x1
 358 011c 00000000 		.4byte	.LFB1
 359 0120 2C000000 		.4byte	.LFE1
 360 0124 2C000000 		.4byte	.LLST1
 361 0128 01       		.byte	0x1
 362 0129 08       		.uleb128 0x8
 363 012a 01       		.byte	0x1
 364 012b 33000000 		.4byte	.LASF23
 365 012f 01       		.byte	0x1
 366 0130 70       		.byte	0x70
 367 0131 01       		.byte	0x1
 368 0132 00000000 		.4byte	.LFB2
 369 0136 34000000 		.4byte	.LFE2
 370 013a 58000000 		.4byte	.LLST2
 371 013e 01       		.byte	0x1
 372 013f 08       		.uleb128 0x8
 373 0140 01       		.byte	0x1
 374 0141 ED000000 		.4byte	.LASF24
 375 0145 01       		.byte	0x1
 376 0146 96       		.byte	0x96
 377 0147 01       		.byte	0x1
 378 0148 00000000 		.4byte	.LFB3
 379 014c 1C000000 		.4byte	.LFE3
 380 0150 84000000 		.4byte	.LLST3
 381 0154 01       		.byte	0x1
 382 0155 09       		.uleb128 0x9
 383 0156 6A010000 		.4byte	.LASF28
 384 015a 01       		.byte	0x1
 385 015b 15       		.byte	0x15
 386 015c F2000000 		.4byte	0xf2
 387 0160 05       		.byte	0x5
 388 0161 03       		.byte	0x3
 389 0162 00000000 		.4byte	logDataTimer_backup
 390 0166 00       		.byte	0
 391              		.section	.debug_abbrev,"",%progbits
 392              	.Ldebug_abbrev0:
 393 0000 01       		.uleb128 0x1
 394 0001 11       		.uleb128 0x11
 395 0002 01       		.byte	0x1
 396 0003 25       		.uleb128 0x25
 397 0004 0E       		.uleb128 0xe
 398 0005 13       		.uleb128 0x13
 399 0006 0B       		.uleb128 0xb
 400 0007 03       		.uleb128 0x3
 401 0008 0E       		.uleb128 0xe
 402 0009 1B       		.uleb128 0x1b
 403 000a 0E       		.uleb128 0xe
 404 000b 55       		.uleb128 0x55
 405 000c 06       		.uleb128 0x6
 406 000d 11       		.uleb128 0x11
 407 000e 01       		.uleb128 0x1
 408 000f 52       		.uleb128 0x52
 409 0010 01       		.uleb128 0x1
 410 0011 10       		.uleb128 0x10
ARM GAS  C:\Users\BJRN~1\AppData\Local\Temp\cc45toXt.s 			page 11


 411 0012 06       		.uleb128 0x6
 412 0013 00       		.byte	0
 413 0014 00       		.byte	0
 414 0015 02       		.uleb128 0x2
 415 0016 24       		.uleb128 0x24
 416 0017 00       		.byte	0
 417 0018 0B       		.uleb128 0xb
 418 0019 0B       		.uleb128 0xb
 419 001a 3E       		.uleb128 0x3e
 420 001b 0B       		.uleb128 0xb
 421 001c 03       		.uleb128 0x3
 422 001d 0E       		.uleb128 0xe
 423 001e 00       		.byte	0
 424 001f 00       		.byte	0
 425 0020 03       		.uleb128 0x3
 426 0021 24       		.uleb128 0x24
 427 0022 00       		.byte	0
 428 0023 0B       		.uleb128 0xb
 429 0024 0B       		.uleb128 0xb
 430 0025 3E       		.uleb128 0x3e
 431 0026 0B       		.uleb128 0xb
 432 0027 03       		.uleb128 0x3
 433 0028 08       		.uleb128 0x8
 434 0029 00       		.byte	0
 435 002a 00       		.byte	0
 436 002b 04       		.uleb128 0x4
 437 002c 16       		.uleb128 0x16
 438 002d 00       		.byte	0
 439 002e 03       		.uleb128 0x3
 440 002f 0E       		.uleb128 0xe
 441 0030 3A       		.uleb128 0x3a
 442 0031 0B       		.uleb128 0xb
 443 0032 3B       		.uleb128 0x3b
 444 0033 0B       		.uleb128 0xb
 445 0034 49       		.uleb128 0x49
 446 0035 13       		.uleb128 0x13
 447 0036 00       		.byte	0
 448 0037 00       		.byte	0
 449 0038 05       		.uleb128 0x5
 450 0039 35       		.uleb128 0x35
 451 003a 00       		.byte	0
 452 003b 49       		.uleb128 0x49
 453 003c 13       		.uleb128 0x13
 454 003d 00       		.byte	0
 455 003e 00       		.byte	0
 456 003f 06       		.uleb128 0x6
 457 0040 13       		.uleb128 0x13
 458 0041 01       		.byte	0x1
 459 0042 0B       		.uleb128 0xb
 460 0043 0B       		.uleb128 0xb
 461 0044 3A       		.uleb128 0x3a
 462 0045 0B       		.uleb128 0xb
 463 0046 3B       		.uleb128 0x3b
 464 0047 0B       		.uleb128 0xb
 465 0048 01       		.uleb128 0x1
 466 0049 13       		.uleb128 0x13
 467 004a 00       		.byte	0
ARM GAS  C:\Users\BJRN~1\AppData\Local\Temp\cc45toXt.s 			page 12


 468 004b 00       		.byte	0
 469 004c 07       		.uleb128 0x7
 470 004d 0D       		.uleb128 0xd
 471 004e 00       		.byte	0
 472 004f 03       		.uleb128 0x3
 473 0050 0E       		.uleb128 0xe
 474 0051 3A       		.uleb128 0x3a
 475 0052 0B       		.uleb128 0xb
 476 0053 3B       		.uleb128 0x3b
 477 0054 0B       		.uleb128 0xb
 478 0055 49       		.uleb128 0x49
 479 0056 13       		.uleb128 0x13
 480 0057 38       		.uleb128 0x38
 481 0058 0A       		.uleb128 0xa
 482 0059 00       		.byte	0
 483 005a 00       		.byte	0
 484 005b 08       		.uleb128 0x8
 485 005c 2E       		.uleb128 0x2e
 486 005d 00       		.byte	0
 487 005e 3F       		.uleb128 0x3f
 488 005f 0C       		.uleb128 0xc
 489 0060 03       		.uleb128 0x3
 490 0061 0E       		.uleb128 0xe
 491 0062 3A       		.uleb128 0x3a
 492 0063 0B       		.uleb128 0xb
 493 0064 3B       		.uleb128 0x3b
 494 0065 0B       		.uleb128 0xb
 495 0066 27       		.uleb128 0x27
 496 0067 0C       		.uleb128 0xc
 497 0068 11       		.uleb128 0x11
 498 0069 01       		.uleb128 0x1
 499 006a 12       		.uleb128 0x12
 500 006b 01       		.uleb128 0x1
 501 006c 40       		.uleb128 0x40
 502 006d 06       		.uleb128 0x6
 503 006e 9642     		.uleb128 0x2116
 504 0070 0C       		.uleb128 0xc
 505 0071 00       		.byte	0
 506 0072 00       		.byte	0
 507 0073 09       		.uleb128 0x9
 508 0074 34       		.uleb128 0x34
 509 0075 00       		.byte	0
 510 0076 03       		.uleb128 0x3
 511 0077 0E       		.uleb128 0xe
 512 0078 3A       		.uleb128 0x3a
 513 0079 0B       		.uleb128 0xb
 514 007a 3B       		.uleb128 0x3b
 515 007b 0B       		.uleb128 0xb
 516 007c 49       		.uleb128 0x49
 517 007d 13       		.uleb128 0x13
 518 007e 02       		.uleb128 0x2
 519 007f 0A       		.uleb128 0xa
 520 0080 00       		.byte	0
 521 0081 00       		.byte	0
 522 0082 00       		.byte	0
 523              		.section	.debug_loc,"",%progbits
 524              	.Ldebug_loc0:
ARM GAS  C:\Users\BJRN~1\AppData\Local\Temp\cc45toXt.s 			page 13


 525              	.LLST0:
 526 0000 00000000 		.4byte	.LFB0
 527 0004 02000000 		.4byte	.LCFI0
 528 0008 0200     		.2byte	0x2
 529 000a 7D       		.byte	0x7d
 530 000b 00       		.sleb128 0
 531 000c 02000000 		.4byte	.LCFI0
 532 0010 04000000 		.4byte	.LCFI1
 533 0014 0200     		.2byte	0x2
 534 0016 7D       		.byte	0x7d
 535 0017 08       		.sleb128 8
 536 0018 04000000 		.4byte	.LCFI1
 537 001c 34000000 		.4byte	.LFE0
 538 0020 0200     		.2byte	0x2
 539 0022 77       		.byte	0x77
 540 0023 08       		.sleb128 8
 541 0024 00000000 		.4byte	0
 542 0028 00000000 		.4byte	0
 543              	.LLST1:
 544 002c 00000000 		.4byte	.LFB1
 545 0030 02000000 		.4byte	.LCFI2
 546 0034 0200     		.2byte	0x2
 547 0036 7D       		.byte	0x7d
 548 0037 00       		.sleb128 0
 549 0038 02000000 		.4byte	.LCFI2
 550 003c 04000000 		.4byte	.LCFI3
 551 0040 0200     		.2byte	0x2
 552 0042 7D       		.byte	0x7d
 553 0043 08       		.sleb128 8
 554 0044 04000000 		.4byte	.LCFI3
 555 0048 2C000000 		.4byte	.LFE1
 556 004c 0200     		.2byte	0x2
 557 004e 77       		.byte	0x77
 558 004f 08       		.sleb128 8
 559 0050 00000000 		.4byte	0
 560 0054 00000000 		.4byte	0
 561              	.LLST2:
 562 0058 00000000 		.4byte	.LFB2
 563 005c 02000000 		.4byte	.LCFI4
 564 0060 0200     		.2byte	0x2
 565 0062 7D       		.byte	0x7d
 566 0063 00       		.sleb128 0
 567 0064 02000000 		.4byte	.LCFI4
 568 0068 04000000 		.4byte	.LCFI5
 569 006c 0200     		.2byte	0x2
 570 006e 7D       		.byte	0x7d
 571 006f 08       		.sleb128 8
 572 0070 04000000 		.4byte	.LCFI5
 573 0074 34000000 		.4byte	.LFE2
 574 0078 0200     		.2byte	0x2
 575 007a 77       		.byte	0x77
 576 007b 08       		.sleb128 8
 577 007c 00000000 		.4byte	0
 578 0080 00000000 		.4byte	0
 579              	.LLST3:
 580 0084 00000000 		.4byte	.LFB3
 581 0088 02000000 		.4byte	.LCFI6
ARM GAS  C:\Users\BJRN~1\AppData\Local\Temp\cc45toXt.s 			page 14


 582 008c 0200     		.2byte	0x2
 583 008e 7D       		.byte	0x7d
 584 008f 00       		.sleb128 0
 585 0090 02000000 		.4byte	.LCFI6
 586 0094 04000000 		.4byte	.LCFI7
 587 0098 0200     		.2byte	0x2
 588 009a 7D       		.byte	0x7d
 589 009b 08       		.sleb128 8
 590 009c 04000000 		.4byte	.LCFI7
 591 00a0 1C000000 		.4byte	.LFE3
 592 00a4 0200     		.2byte	0x2
 593 00a6 77       		.byte	0x77
 594 00a7 08       		.sleb128 8
 595 00a8 00000000 		.4byte	0
 596 00ac 00000000 		.4byte	0
 597              		.section	.debug_aranges,"",%progbits
 598 0000 34000000 		.4byte	0x34
 599 0004 0200     		.2byte	0x2
 600 0006 00000000 		.4byte	.Ldebug_info0
 601 000a 04       		.byte	0x4
 602 000b 00       		.byte	0
 603 000c 0000     		.2byte	0
 604 000e 0000     		.2byte	0
 605 0010 00000000 		.4byte	.LFB0
 606 0014 34000000 		.4byte	.LFE0-.LFB0
 607 0018 00000000 		.4byte	.LFB1
 608 001c 2C000000 		.4byte	.LFE1-.LFB1
 609 0020 00000000 		.4byte	.LFB2
 610 0024 34000000 		.4byte	.LFE2-.LFB2
 611 0028 00000000 		.4byte	.LFB3
 612 002c 1C000000 		.4byte	.LFE3-.LFB3
 613 0030 00000000 		.4byte	0
 614 0034 00000000 		.4byte	0
 615              		.section	.debug_ranges,"",%progbits
 616              	.Ldebug_ranges0:
 617 0000 00000000 		.4byte	.LFB0
 618 0004 34000000 		.4byte	.LFE0
 619 0008 00000000 		.4byte	.LFB1
 620 000c 2C000000 		.4byte	.LFE1
 621 0010 00000000 		.4byte	.LFB2
 622 0014 34000000 		.4byte	.LFE2
 623 0018 00000000 		.4byte	.LFB3
 624 001c 1C000000 		.4byte	.LFE3
 625 0020 00000000 		.4byte	0
 626 0024 00000000 		.4byte	0
 627              		.section	.debug_line,"",%progbits
 628              	.Ldebug_line0:
 629 0000 B7000000 		.section	.debug_str,"MS",%progbits,1
 629      02006000 
 629      00000201 
 629      FB0E0D00 
 629      01010101 
 630              	.LASF6:
 631 0000 6C6F6E67 		.ascii	"long long int\000"
 631      206C6F6E 
 631      6720696E 
 631      7400
ARM GAS  C:\Users\BJRN~1\AppData\Local\Temp\cc45toXt.s 			page 15


 632              	.LASF8:
 633 000e 756E7369 		.ascii	"unsigned int\000"
 633      676E6564 
 633      20696E74 
 633      00
 634              	.LASF21:
 635 001b 6C6F6744 		.ascii	"logDataTimer_SaveConfig\000"
 635      61746154 
 635      696D6572 
 635      5F536176 
 635      65436F6E 
 636              	.LASF23:
 637 0033 6C6F6744 		.ascii	"logDataTimer_Sleep\000"
 637      61746154 
 637      696D6572 
 637      5F536C65 
 637      657000
 638              	.LASF25:
 639 0046 474E5520 		.ascii	"GNU C 4.7.3 20130312 (release) [ARM/embedded-4_7-br"
 639      4320342E 
 639      372E3320 
 639      32303133 
 639      30333132 
 640 0079 616E6368 		.ascii	"anch revision 196615]\000"
 640      20726576 
 640      6973696F 
 640      6E203139 
 640      36363135 
 641              	.LASF9:
 642 008f 75696E74 		.ascii	"uint8\000"
 642      3800
 643              	.LASF5:
 644 0095 6C6F6E67 		.ascii	"long unsigned int\000"
 644      20756E73 
 644      69676E65 
 644      6420696E 
 644      7400
 645              	.LASF20:
 646 00a7 6C6F6744 		.ascii	"logDataTimer_backupStruct\000"
 646      61746154 
 646      696D6572 
 646      5F626163 
 646      6B757053 
 647              	.LASF7:
 648 00c1 6C6F6E67 		.ascii	"long long unsigned int\000"
 648      206C6F6E 
 648      6720756E 
 648      7369676E 
 648      65642069 
 649              	.LASF19:
 650 00d8 54696D65 		.ascii	"TimerControlRegister\000"
 650      72436F6E 
 650      74726F6C 
 650      52656769 
 650      73746572 
 651              	.LASF24:
 652 00ed 6C6F6744 		.ascii	"logDataTimer_Wakeup\000"
ARM GAS  C:\Users\BJRN~1\AppData\Local\Temp\cc45toXt.s 			page 16


 652      61746154 
 652      696D6572 
 652      5F57616B 
 652      65757000 
 653              	.LASF22:
 654 0101 6C6F6744 		.ascii	"logDataTimer_RestoreConfig\000"
 654      61746154 
 654      696D6572 
 654      5F526573 
 654      746F7265 
 655              	.LASF16:
 656 011c 54696D65 		.ascii	"TimerEnableState\000"
 656      72456E61 
 656      626C6553 
 656      74617465 
 656      00
 657              	.LASF1:
 658 012d 756E7369 		.ascii	"unsigned char\000"
 658      676E6564 
 658      20636861 
 658      7200
 659              	.LASF13:
 660 013b 63686172 		.ascii	"char\000"
 660      00
 661              	.LASF4:
 662 0140 6C6F6E67 		.ascii	"long int\000"
 662      20696E74 
 662      00
 663              	.LASF14:
 664 0149 72656738 		.ascii	"reg8\000"
 664      00
 665              	.LASF12:
 666 014e 646F7562 		.ascii	"double\000"
 666      6C6500
 667              	.LASF27:
 668 0155 433A5C45 		.ascii	"C:\\Enhed\\Enhed.cydsn\000"
 668      6E686564 
 668      5C456E68 
 668      65642E63 
 668      7964736E 
 669              	.LASF28:
 670 016a 6C6F6744 		.ascii	"logDataTimer_backup\000"
 670      61746154 
 670      696D6572 
 670      5F626163 
 670      6B757000 
 671              	.LASF3:
 672 017e 73686F72 		.ascii	"short unsigned int\000"
 672      7420756E 
 672      7369676E 
 672      65642069 
 672      6E7400
 673              	.LASF0:
 674 0191 7369676E 		.ascii	"signed char\000"
 674      65642063 
 674      68617200 
 675              	.LASF11:
ARM GAS  C:\Users\BJRN~1\AppData\Local\Temp\cc45toXt.s 			page 17


 676 019d 666C6F61 		.ascii	"float\000"
 676      7400
 677              	.LASF26:
 678 01a3 2E5C4765 		.ascii	".\\Generated_Source\\PSoC4\\logDataTimer_PM.c\000"
 678      6E657261 
 678      7465645F 
 678      536F7572 
 678      63655C50 
 679              	.LASF17:
 680 01ce 54696D65 		.ascii	"TimerUdb\000"
 680      72556462 
 680      00
 681              	.LASF10:
 682 01d7 75696E74 		.ascii	"uint16\000"
 682      313600
 683              	.LASF18:
 684 01de 496E7465 		.ascii	"InterruptMaskValue\000"
 684      72727570 
 684      744D6173 
 684      6B56616C 
 684      756500
 685              	.LASF15:
 686 01f1 73697A65 		.ascii	"sizetype\000"
 686      74797065 
 686      00
 687              	.LASF2:
 688 01fa 73686F72 		.ascii	"short int\000"
 688      7420696E 
 688      7400
 689              		.ident	"GCC: (GNU Tools for ARM Embedded Processors) 4.7.3 20130312 (release) [ARM/embedded-4_7-br
