ARM GAS  C:\Users\BJRN~1\AppData\Local\Temp\ccmrE0Uq.s 			page 1


   1              		.cpu cortex-m0
   2              		.fpu softvfp
   3              		.eabi_attribute 20, 1
   4              		.eabi_attribute 21, 1
   5              		.eabi_attribute 23, 3
   6              		.eabi_attribute 24, 1
   7              		.eabi_attribute 25, 1
   8              		.eabi_attribute 26, 1
   9              		.eabi_attribute 30, 6
  10              		.eabi_attribute 34, 0
  11              		.eabi_attribute 18, 4
  12              		.code	16
  13              		.file	"movement.c"
  14              		.text
  15              	.Ltext0:
  16              		.cfi_sections	.debug_frame
  17              		.comm	nextState,1,1
  18              		.section	.text.movement_init,"ax",%progbits
  19              		.align	2
  20              		.global	movement_init
  21              		.code	16
  22              		.thumb_func
  23              		.type	movement_init, %function
  24              	movement_init:
  25              	.LFB33:
  26              		.file 1 ".\\movement.c"
   1:.\movement.c  **** 
   2:.\movement.c  **** #include "movement.h"
   3:.\movement.c  **** 
   4:.\movement.c  **** extern void movement_init()
   5:.\movement.c  **** {
  27              		.loc 1 5 0
  28              		.cfi_startproc
  29 0000 80B5     		push	{r7, lr}
  30              	.LCFI0:
  31              		.cfi_def_cfa_offset 8
  32              		.cfi_offset 7, -8
  33              		.cfi_offset 14, -4
  34 0002 00AF     		add	r7, sp, #0
  35              	.LCFI1:
  36              		.cfi_def_cfa_register 7
   6:.\movement.c  ****     isr_pir_StartEx(P_PIR);
  37              		.loc 1 6 0
  38 0004 024B     		ldr	r3, .L2
  39 0006 181C     		mov	r0, r3
  40 0008 FFF7FEFF 		bl	isr_pir_StartEx
   7:.\movement.c  **** }
  41              		.loc 1 7 0
  42 000c BD46     		mov	sp, r7
  43              		@ sp needed for prologue
  44 000e 80BD     		pop	{r7, pc}
  45              	.L3:
  46              		.align	2
  47              	.L2:
  48 0010 00000000 		.word	P_PIR
  49              		.cfi_endproc
  50              	.LFE33:
ARM GAS  C:\Users\BJRN~1\AppData\Local\Temp\ccmrE0Uq.s 			page 2


  51              		.size	movement_init, .-movement_init
  52              		.section	.text.P_PIR,"ax",%progbits
  53              		.align	2
  54              		.global	P_PIR
  55              		.code	16
  56              		.thumb_func
  57              		.type	P_PIR, %function
  58              	P_PIR:
  59              	.LFB34:
   8:.\movement.c  **** 
   9:.\movement.c  **** CY_ISR(P_PIR)
  10:.\movement.c  **** {
  60              		.loc 1 10 0
  61              		.cfi_startproc
  62 0000 80B5     		push	{r7, lr}
  63              	.LCFI2:
  64              		.cfi_def_cfa_offset 8
  65              		.cfi_offset 7, -8
  66              		.cfi_offset 14, -4
  67 0002 00AF     		add	r7, sp, #0
  68              	.LCFI3:
  69              		.cfi_def_cfa_register 7
  11:.\movement.c  ****    loadData_movementDetect(); 
  70              		.loc 1 11 0
  71 0004 FFF7FEFF 		bl	loadData_movementDetect
  12:.\movement.c  **** }
  72              		.loc 1 12 0
  73 0008 BD46     		mov	sp, r7
  74              		@ sp needed for prologue
  75 000a 80BD     		pop	{r7, pc}
  76              		.cfi_endproc
  77              	.LFE34:
  78              		.size	P_PIR, .-P_PIR
  79              		.text
  80              	.Letext0:
  81              		.file 2 ".\\loaddata.h"
  82              		.section	.debug_info,"",%progbits
  83              	.Ldebug_info0:
  84 0000 C5000000 		.4byte	0xc5
  85 0004 0200     		.2byte	0x2
  86 0006 00000000 		.4byte	.Ldebug_abbrev0
  87 000a 04       		.byte	0x4
  88 000b 01       		.uleb128 0x1
  89 000c 46000000 		.4byte	.LASF13
  90 0010 01       		.byte	0x1
  91 0011 0E000000 		.4byte	.LASF14
  92 0015 DB000000 		.4byte	.LASF15
  93 0019 00000000 		.4byte	.Ldebug_ranges0+0
  94 001d 00000000 		.4byte	0
  95 0021 00000000 		.4byte	0
  96 0025 00000000 		.4byte	.Ldebug_line0
  97 0029 02       		.uleb128 0x2
  98 002a 01       		.byte	0x1
  99 002b 06       		.byte	0x6
 100 002c 03010000 		.4byte	.LASF0
 101 0030 02       		.uleb128 0x2
 102 0031 01       		.byte	0x1
ARM GAS  C:\Users\BJRN~1\AppData\Local\Temp\ccmrE0Uq.s 			page 3


 103 0032 08       		.byte	0x8
 104 0033 B8000000 		.4byte	.LASF1
 105 0037 02       		.uleb128 0x2
 106 0038 02       		.byte	0x2
 107 0039 05       		.byte	0x5
 108 003a 15010000 		.4byte	.LASF2
 109 003e 02       		.uleb128 0x2
 110 003f 02       		.byte	0x2
 111 0040 07       		.byte	0x7
 112 0041 F0000000 		.4byte	.LASF3
 113 0045 02       		.uleb128 0x2
 114 0046 04       		.byte	0x4
 115 0047 05       		.byte	0x5
 116 0048 CB000000 		.4byte	.LASF4
 117 004c 02       		.uleb128 0x2
 118 004d 04       		.byte	0x4
 119 004e 07       		.byte	0x7
 120 004f 8F000000 		.4byte	.LASF5
 121 0053 02       		.uleb128 0x2
 122 0054 08       		.byte	0x8
 123 0055 05       		.byte	0x5
 124 0056 00000000 		.4byte	.LASF6
 125 005a 02       		.uleb128 0x2
 126 005b 08       		.byte	0x8
 127 005c 07       		.byte	0x7
 128 005d A1000000 		.4byte	.LASF7
 129 0061 03       		.uleb128 0x3
 130 0062 04       		.byte	0x4
 131 0063 05       		.byte	0x5
 132 0064 696E7400 		.ascii	"int\000"
 133 0068 02       		.uleb128 0x2
 134 0069 04       		.byte	0x4
 135 006a 07       		.byte	0x7
 136 006b 1B000000 		.4byte	.LASF8
 137 006f 02       		.uleb128 0x2
 138 0070 04       		.byte	0x4
 139 0071 04       		.byte	0x4
 140 0072 0F010000 		.4byte	.LASF9
 141 0076 02       		.uleb128 0x2
 142 0077 08       		.byte	0x8
 143 0078 04       		.byte	0x4
 144 0079 D4000000 		.4byte	.LASF10
 145 007d 02       		.uleb128 0x2
 146 007e 01       		.byte	0x1
 147 007f 08       		.byte	0x8
 148 0080 C6000000 		.4byte	.LASF11
 149 0084 02       		.uleb128 0x2
 150 0085 04       		.byte	0x4
 151 0086 07       		.byte	0x7
 152 0087 1F010000 		.4byte	.LASF12
 153 008b 04       		.uleb128 0x4
 154 008c 01       		.byte	0x1
 155 008d 32000000 		.4byte	.LASF16
 156 0091 01       		.byte	0x1
 157 0092 04       		.byte	0x4
 158 0093 00000000 		.4byte	.LFB33
 159 0097 14000000 		.4byte	.LFE33
ARM GAS  C:\Users\BJRN~1\AppData\Local\Temp\ccmrE0Uq.s 			page 4


 160 009b 00000000 		.4byte	.LLST0
 161 009f 01       		.byte	0x1
 162 00a0 05       		.uleb128 0x5
 163 00a1 01       		.byte	0x1
 164 00a2 40000000 		.4byte	.LASF17
 165 00a6 01       		.byte	0x1
 166 00a7 09       		.byte	0x9
 167 00a8 01       		.byte	0x1
 168 00a9 00000000 		.4byte	.LFB34
 169 00ad 0C000000 		.4byte	.LFE34
 170 00b1 2C000000 		.4byte	.LLST1
 171 00b5 01       		.byte	0x1
 172 00b6 06       		.uleb128 0x6
 173 00b7 28000000 		.4byte	.LASF18
 174 00bb 02       		.byte	0x2
 175 00bc 15       		.byte	0x15
 176 00bd 30000000 		.4byte	0x30
 177 00c1 01       		.byte	0x1
 178 00c2 05       		.byte	0x5
 179 00c3 03       		.byte	0x3
 180 00c4 00000000 		.4byte	nextState
 181 00c8 00       		.byte	0
 182              		.section	.debug_abbrev,"",%progbits
 183              	.Ldebug_abbrev0:
 184 0000 01       		.uleb128 0x1
 185 0001 11       		.uleb128 0x11
 186 0002 01       		.byte	0x1
 187 0003 25       		.uleb128 0x25
 188 0004 0E       		.uleb128 0xe
 189 0005 13       		.uleb128 0x13
 190 0006 0B       		.uleb128 0xb
 191 0007 03       		.uleb128 0x3
 192 0008 0E       		.uleb128 0xe
 193 0009 1B       		.uleb128 0x1b
 194 000a 0E       		.uleb128 0xe
 195 000b 55       		.uleb128 0x55
 196 000c 06       		.uleb128 0x6
 197 000d 11       		.uleb128 0x11
 198 000e 01       		.uleb128 0x1
 199 000f 52       		.uleb128 0x52
 200 0010 01       		.uleb128 0x1
 201 0011 10       		.uleb128 0x10
 202 0012 06       		.uleb128 0x6
 203 0013 00       		.byte	0
 204 0014 00       		.byte	0
 205 0015 02       		.uleb128 0x2
 206 0016 24       		.uleb128 0x24
 207 0017 00       		.byte	0
 208 0018 0B       		.uleb128 0xb
 209 0019 0B       		.uleb128 0xb
 210 001a 3E       		.uleb128 0x3e
 211 001b 0B       		.uleb128 0xb
 212 001c 03       		.uleb128 0x3
 213 001d 0E       		.uleb128 0xe
 214 001e 00       		.byte	0
 215 001f 00       		.byte	0
 216 0020 03       		.uleb128 0x3
ARM GAS  C:\Users\BJRN~1\AppData\Local\Temp\ccmrE0Uq.s 			page 5


 217 0021 24       		.uleb128 0x24
 218 0022 00       		.byte	0
 219 0023 0B       		.uleb128 0xb
 220 0024 0B       		.uleb128 0xb
 221 0025 3E       		.uleb128 0x3e
 222 0026 0B       		.uleb128 0xb
 223 0027 03       		.uleb128 0x3
 224 0028 08       		.uleb128 0x8
 225 0029 00       		.byte	0
 226 002a 00       		.byte	0
 227 002b 04       		.uleb128 0x4
 228 002c 2E       		.uleb128 0x2e
 229 002d 00       		.byte	0
 230 002e 3F       		.uleb128 0x3f
 231 002f 0C       		.uleb128 0xc
 232 0030 03       		.uleb128 0x3
 233 0031 0E       		.uleb128 0xe
 234 0032 3A       		.uleb128 0x3a
 235 0033 0B       		.uleb128 0xb
 236 0034 3B       		.uleb128 0x3b
 237 0035 0B       		.uleb128 0xb
 238 0036 11       		.uleb128 0x11
 239 0037 01       		.uleb128 0x1
 240 0038 12       		.uleb128 0x12
 241 0039 01       		.uleb128 0x1
 242 003a 40       		.uleb128 0x40
 243 003b 06       		.uleb128 0x6
 244 003c 9642     		.uleb128 0x2116
 245 003e 0C       		.uleb128 0xc
 246 003f 00       		.byte	0
 247 0040 00       		.byte	0
 248 0041 05       		.uleb128 0x5
 249 0042 2E       		.uleb128 0x2e
 250 0043 00       		.byte	0
 251 0044 3F       		.uleb128 0x3f
 252 0045 0C       		.uleb128 0xc
 253 0046 03       		.uleb128 0x3
 254 0047 0E       		.uleb128 0xe
 255 0048 3A       		.uleb128 0x3a
 256 0049 0B       		.uleb128 0xb
 257 004a 3B       		.uleb128 0x3b
 258 004b 0B       		.uleb128 0xb
 259 004c 27       		.uleb128 0x27
 260 004d 0C       		.uleb128 0xc
 261 004e 11       		.uleb128 0x11
 262 004f 01       		.uleb128 0x1
 263 0050 12       		.uleb128 0x12
 264 0051 01       		.uleb128 0x1
 265 0052 40       		.uleb128 0x40
 266 0053 06       		.uleb128 0x6
 267 0054 9642     		.uleb128 0x2116
 268 0056 0C       		.uleb128 0xc
 269 0057 00       		.byte	0
 270 0058 00       		.byte	0
 271 0059 06       		.uleb128 0x6
 272 005a 34       		.uleb128 0x34
 273 005b 00       		.byte	0
ARM GAS  C:\Users\BJRN~1\AppData\Local\Temp\ccmrE0Uq.s 			page 6


 274 005c 03       		.uleb128 0x3
 275 005d 0E       		.uleb128 0xe
 276 005e 3A       		.uleb128 0x3a
 277 005f 0B       		.uleb128 0xb
 278 0060 3B       		.uleb128 0x3b
 279 0061 0B       		.uleb128 0xb
 280 0062 49       		.uleb128 0x49
 281 0063 13       		.uleb128 0x13
 282 0064 3F       		.uleb128 0x3f
 283 0065 0C       		.uleb128 0xc
 284 0066 02       		.uleb128 0x2
 285 0067 0A       		.uleb128 0xa
 286 0068 00       		.byte	0
 287 0069 00       		.byte	0
 288 006a 00       		.byte	0
 289              		.section	.debug_loc,"",%progbits
 290              	.Ldebug_loc0:
 291              	.LLST0:
 292 0000 00000000 		.4byte	.LFB33
 293 0004 02000000 		.4byte	.LCFI0
 294 0008 0200     		.2byte	0x2
 295 000a 7D       		.byte	0x7d
 296 000b 00       		.sleb128 0
 297 000c 02000000 		.4byte	.LCFI0
 298 0010 04000000 		.4byte	.LCFI1
 299 0014 0200     		.2byte	0x2
 300 0016 7D       		.byte	0x7d
 301 0017 08       		.sleb128 8
 302 0018 04000000 		.4byte	.LCFI1
 303 001c 14000000 		.4byte	.LFE33
 304 0020 0200     		.2byte	0x2
 305 0022 77       		.byte	0x77
 306 0023 08       		.sleb128 8
 307 0024 00000000 		.4byte	0
 308 0028 00000000 		.4byte	0
 309              	.LLST1:
 310 002c 00000000 		.4byte	.LFB34
 311 0030 02000000 		.4byte	.LCFI2
 312 0034 0200     		.2byte	0x2
 313 0036 7D       		.byte	0x7d
 314 0037 00       		.sleb128 0
 315 0038 02000000 		.4byte	.LCFI2
 316 003c 04000000 		.4byte	.LCFI3
 317 0040 0200     		.2byte	0x2
 318 0042 7D       		.byte	0x7d
 319 0043 08       		.sleb128 8
 320 0044 04000000 		.4byte	.LCFI3
 321 0048 0C000000 		.4byte	.LFE34
 322 004c 0200     		.2byte	0x2
 323 004e 77       		.byte	0x77
 324 004f 08       		.sleb128 8
 325 0050 00000000 		.4byte	0
 326 0054 00000000 		.4byte	0
 327              		.section	.debug_aranges,"",%progbits
 328 0000 24000000 		.4byte	0x24
 329 0004 0200     		.2byte	0x2
 330 0006 00000000 		.4byte	.Ldebug_info0
ARM GAS  C:\Users\BJRN~1\AppData\Local\Temp\ccmrE0Uq.s 			page 7


 331 000a 04       		.byte	0x4
 332 000b 00       		.byte	0
 333 000c 0000     		.2byte	0
 334 000e 0000     		.2byte	0
 335 0010 00000000 		.4byte	.LFB33
 336 0014 14000000 		.4byte	.LFE33-.LFB33
 337 0018 00000000 		.4byte	.LFB34
 338 001c 0C000000 		.4byte	.LFE34-.LFB34
 339 0020 00000000 		.4byte	0
 340 0024 00000000 		.4byte	0
 341              		.section	.debug_ranges,"",%progbits
 342              	.Ldebug_ranges0:
 343 0000 00000000 		.4byte	.LFB33
 344 0004 14000000 		.4byte	.LFE33
 345 0008 00000000 		.4byte	.LFB34
 346 000c 0C000000 		.4byte	.LFE34
 347 0010 00000000 		.4byte	0
 348 0014 00000000 		.4byte	0
 349              		.section	.debug_line,"",%progbits
 350              	.Ldebug_line0:
 351 0000 59000000 		.section	.debug_str,"MS",%progbits,1
 351      02003300 
 351      00000201 
 351      FB0E0D00 
 351      01010101 
 352              	.LASF6:
 353 0000 6C6F6E67 		.ascii	"long long int\000"
 353      206C6F6E 
 353      6720696E 
 353      7400
 354              	.LASF14:
 355 000e 2E5C6D6F 		.ascii	".\\movement.c\000"
 355      76656D65 
 355      6E742E63 
 355      00
 356              	.LASF8:
 357 001b 756E7369 		.ascii	"unsigned int\000"
 357      676E6564 
 357      20696E74 
 357      00
 358              	.LASF18:
 359 0028 6E657874 		.ascii	"nextState\000"
 359      53746174 
 359      6500
 360              	.LASF16:
 361 0032 6D6F7665 		.ascii	"movement_init\000"
 361      6D656E74 
 361      5F696E69 
 361      7400
 362              	.LASF17:
 363 0040 505F5049 		.ascii	"P_PIR\000"
 363      5200
 364              	.LASF13:
 365 0046 474E5520 		.ascii	"GNU C 4.7.3 20130312 (release) [ARM/embedded-4_7-br"
 365      4320342E 
 365      372E3320 
 365      32303133 
ARM GAS  C:\Users\BJRN~1\AppData\Local\Temp\ccmrE0Uq.s 			page 8


 365      30333132 
 366 0079 616E6368 		.ascii	"anch revision 196615]\000"
 366      20726576 
 366      6973696F 
 366      6E203139 
 366      36363135 
 367              	.LASF5:
 368 008f 6C6F6E67 		.ascii	"long unsigned int\000"
 368      20756E73 
 368      69676E65 
 368      6420696E 
 368      7400
 369              	.LASF7:
 370 00a1 6C6F6E67 		.ascii	"long long unsigned int\000"
 370      206C6F6E 
 370      6720756E 
 370      7369676E 
 370      65642069 
 371              	.LASF1:
 372 00b8 756E7369 		.ascii	"unsigned char\000"
 372      676E6564 
 372      20636861 
 372      7200
 373              	.LASF11:
 374 00c6 63686172 		.ascii	"char\000"
 374      00
 375              	.LASF4:
 376 00cb 6C6F6E67 		.ascii	"long int\000"
 376      20696E74 
 376      00
 377              	.LASF10:
 378 00d4 646F7562 		.ascii	"double\000"
 378      6C6500
 379              	.LASF15:
 380 00db 433A5C45 		.ascii	"C:\\Enhed\\Enhed.cydsn\000"
 380      6E686564 
 380      5C456E68 
 380      65642E63 
 380      7964736E 
 381              	.LASF3:
 382 00f0 73686F72 		.ascii	"short unsigned int\000"
 382      7420756E 
 382      7369676E 
 382      65642069 
 382      6E7400
 383              	.LASF0:
 384 0103 7369676E 		.ascii	"signed char\000"
 384      65642063 
 384      68617200 
 385              	.LASF9:
 386 010f 666C6F61 		.ascii	"float\000"
 386      7400
 387              	.LASF2:
 388 0115 73686F72 		.ascii	"short int\000"
 388      7420696E 
 388      7400
 389              	.LASF12:
ARM GAS  C:\Users\BJRN~1\AppData\Local\Temp\ccmrE0Uq.s 			page 9


 390 011f 73697A65 		.ascii	"sizetype\000"
 390      74797065 
 390      00
 391              		.ident	"GCC: (GNU Tools for ARM Embedded Processors) 4.7.3 20130312 (release) [ARM/embedded-4_7-br
