ARM GAS  C:\Users\BJRN~1\AppData\Local\Temp\ccUkKC23.s 			page 1


   1              		.cpu cortex-m0
   2              		.fpu softvfp
   3              		.eabi_attribute 20, 1
   4              		.eabi_attribute 21, 1
   5              		.eabi_attribute 23, 3
   6              		.eabi_attribute 24, 1
   7              		.eabi_attribute 25, 1
   8              		.eabi_attribute 26, 1
   9              		.eabi_attribute 30, 6
  10              		.eabi_attribute 34, 0
  11              		.eabi_attribute 18, 4
  12              		.code	16
  13              		.file	"onOff.c"
  14              		.text
  15              	.Ltext0:
  16              		.cfi_sections	.debug_frame
  17              		.bss
  18              		.align	2
  19              	parametersPtr_:
  20 0000 00000000 		.space	4
  21              		.align	2
  22              	bufferPtr_:
  23 0004 00000000 		.space	4
  24              		.section	.text.onOff_init,"ax",%progbits
  25              		.align	2
  26              		.global	onOff_init
  27              		.code	16
  28              		.thumb_func
  29              		.type	onOff_init, %function
  30              	onOff_init:
  31              	.LFB0:
  32              		.file 1 ".\\onOff.c"
   1:.\onOff.c     **** /*
   2:.\onOff.c     **** * File: onOff.c
   3:.\onOff.c     **** * Description: Implementation for EasyWater8000 controller class onOff
   4:.\onOff.c     **** * Project: PRJ3
   5:.\onOff.c     **** * 
   6:.\onOff.c     **** * Author: Bjørn Sørensen
   7:.\onOff.c     **** */
   8:.\onOff.c     **** 
   9:.\onOff.c     **** #include "onOff.h"
  10:.\onOff.c     **** 
  11:.\onOff.c     **** // Private data
  12:.\onOff.c     **** static parameters * parametersPtr_;
  13:.\onOff.c     **** static buffer * bufferPtr_;
  14:.\onOff.c     **** 
  15:.\onOff.c     **** // Public methods
  16:.\onOff.c     **** void onOff_init(parameters * parPtr, buffer * bufPtr)
  17:.\onOff.c     **** {
  33              		.loc 1 17 0
  34              		.cfi_startproc
  35 0000 80B5     		push	{r7, lr}
  36              	.LCFI0:
  37              		.cfi_def_cfa_offset 8
  38              		.cfi_offset 7, -8
  39              		.cfi_offset 14, -4
  40 0002 82B0     		sub	sp, sp, #8
ARM GAS  C:\Users\BJRN~1\AppData\Local\Temp\ccUkKC23.s 			page 2


  41              	.LCFI1:
  42              		.cfi_def_cfa_offset 16
  43 0004 00AF     		add	r7, sp, #0
  44              	.LCFI2:
  45              		.cfi_def_cfa_register 7
  46 0006 7860     		str	r0, [r7, #4]
  47 0008 3960     		str	r1, [r7]
  18:.\onOff.c     ****     parametersPtr_ = parPtr;
  48              		.loc 1 18 0
  49 000a 044B     		ldr	r3, .L2
  50 000c 7A68     		ldr	r2, [r7, #4]
  51 000e 1A60     		str	r2, [r3]
  19:.\onOff.c     ****     bufferPtr_ = bufPtr;
  52              		.loc 1 19 0
  53 0010 034B     		ldr	r3, .L2+4
  54 0012 3A68     		ldr	r2, [r7]
  55 0014 1A60     		str	r2, [r3]
  20:.\onOff.c     **** }
  56              		.loc 1 20 0
  57 0016 BD46     		mov	sp, r7
  58 0018 02B0     		add	sp, sp, #8
  59              		@ sp needed for prologue
  60 001a 80BD     		pop	{r7, pc}
  61              	.L3:
  62              		.align	2
  63              	.L2:
  64 001c 00000000 		.word	parametersPtr_
  65 0020 04000000 		.word	bufferPtr_
  66              		.cfi_endproc
  67              	.LFE0:
  68              		.size	onOff_init, .-onOff_init
  69              		.section	.rodata
  70              		.align	2
  71              	.LC3:
  72 0000 45303233 		.ascii	"E023\000"
  72      00
  73 0005 000000   		.section	.text.onOff_turnOnOff,"ax",%progbits
  74              		.align	2
  75              		.global	onOff_turnOnOff
  76              		.code	16
  77              		.thumb_func
  78              		.type	onOff_turnOnOff, %function
  79              	onOff_turnOnOff:
  80              	.LFB1:
  21:.\onOff.c     **** 
  22:.\onOff.c     **** int onOff_turnOnOff(const unsigned char state)
  23:.\onOff.c     **** {
  81              		.loc 1 23 0
  82              		.cfi_startproc
  83 0000 80B5     		push	{r7, lr}
  84              	.LCFI3:
  85              		.cfi_def_cfa_offset 8
  86              		.cfi_offset 7, -8
  87              		.cfi_offset 14, -4
  88 0002 82B0     		sub	sp, sp, #8
  89              	.LCFI4:
  90              		.cfi_def_cfa_offset 16
ARM GAS  C:\Users\BJRN~1\AppData\Local\Temp\ccUkKC23.s 			page 3


  91 0004 00AF     		add	r7, sp, #0
  92              	.LCFI5:
  93              		.cfi_def_cfa_register 7
  94 0006 021C     		mov	r2, r0
  95 0008 FB1D     		add	r3, r7, #7
  96 000a 1A70     		strb	r2, [r3]
  24:.\onOff.c     ****     if(state != 0 && state != 1)    // State out of range 0 | 1, record error
  97              		.loc 1 24 0
  98 000c FB1D     		add	r3, r7, #7
  99 000e 1B78     		ldrb	r3, [r3]
 100 0010 002B     		cmp	r3, #0
 101 0012 0ED0     		beq	.L5
 102              		.loc 1 24 0 is_stmt 0 discriminator 1
 103 0014 FB1D     		add	r3, r7, #7
 104 0016 1B78     		ldrb	r3, [r3]
 105 0018 012B     		cmp	r3, #1
 106 001a 0AD0     		beq	.L5
  25:.\onOff.c     ****     {
  26:.\onOff.c     ****         buffer_saveData(bufferPtr_, "E023", 4);
 107              		.loc 1 26 0 is_stmt 1
 108 001c 0B4B     		ldr	r3, .L7
 109 001e 1A68     		ldr	r2, [r3]
 110 0020 0B4B     		ldr	r3, .L7+4
 111 0022 101C     		mov	r0, r2
 112 0024 191C     		mov	r1, r3
 113 0026 0422     		mov	r2, #4
 114 0028 FFF7FEFF 		bl	buffer_saveData
  27:.\onOff.c     ****         return -23;
 115              		.loc 1 27 0
 116 002c 1723     		mov	r3, #23
 117 002e 5B42     		neg	r3, r3
 118 0030 08E0     		b	.L6
 119              	.L5:
  28:.\onOff.c     ****     }
  29:.\onOff.c     ****     
  30:.\onOff.c     ****     parameters_setActive(parametersPtr_, state);    // Save state to parameters
 120              		.loc 1 30 0
 121 0032 084B     		ldr	r3, .L7+8
 122 0034 1A68     		ldr	r2, [r3]
 123 0036 FB1D     		add	r3, r7, #7
 124 0038 1B78     		ldrb	r3, [r3]
 125 003a 101C     		mov	r0, r2
 126 003c 191C     		mov	r1, r3
 127 003e FFF7FEFF 		bl	parameters_setActive
  31:.\onOff.c     ****     return 0;
 128              		.loc 1 31 0
 129 0042 0023     		mov	r3, #0
 130              	.L6:
  32:.\onOff.c     **** }...
 131              		.loc 1 32 0
 132 0044 181C     		mov	r0, r3
 133 0046 BD46     		mov	sp, r7
 134 0048 02B0     		add	sp, sp, #8
 135              		@ sp needed for prologue
 136 004a 80BD     		pop	{r7, pc}
 137              	.L8:
 138              		.align	2
ARM GAS  C:\Users\BJRN~1\AppData\Local\Temp\ccUkKC23.s 			page 4


 139              	.L7:
 140 004c 04000000 		.word	bufferPtr_
 141 0050 00000000 		.word	.LC3
 142 0054 00000000 		.word	parametersPtr_
 143              		.cfi_endproc
 144              	.LFE1:
 145              		.size	onOff_turnOnOff, .-onOff_turnOnOff
 146              		.text
 147              	.Letext0:
 148              		.file 2 ".\\parameters.h"
 149              		.file 3 ".\\buffer.h"
 150              		.section	.debug_info,"",%progbits
 151              	.Ldebug_info0:
 152 0000 97010000 		.4byte	0x197
 153 0004 0200     		.2byte	0x2
 154 0006 00000000 		.4byte	.Ldebug_abbrev0
 155 000a 04       		.byte	0x4
 156 000b 01       		.uleb128 0x1
 157 000c 49000000 		.4byte	.LASF22
 158 0010 01       		.byte	0x1
 159 0011 E1000000 		.4byte	.LASF23
 160 0015 0B000000 		.4byte	.LASF24
 161 0019 00000000 		.4byte	.Ldebug_ranges0+0
 162 001d 00000000 		.4byte	0
 163 0021 00000000 		.4byte	0
 164 0025 00000000 		.4byte	.Ldebug_line0
 165 0029 02       		.uleb128 0x2
 166 002a C4000000 		.4byte	.LASF5
 167 002e 0C       		.byte	0xc
 168 002f 02       		.byte	0x2
 169 0030 0E       		.byte	0xe
 170 0031 60000000 		.4byte	0x60
 171 0035 03       		.uleb128 0x3
 172 0036 36010000 		.4byte	.LASF0
 173 003a 02       		.byte	0x2
 174 003b 10       		.byte	0x10
 175 003c 60000000 		.4byte	0x60
 176 0040 02       		.byte	0x2
 177 0041 23       		.byte	0x23
 178 0042 00       		.uleb128 0
 179 0043 03       		.uleb128 0x3
 180 0044 37000000 		.4byte	.LASF1
 181 0048 02       		.byte	0x2
 182 0049 11       		.byte	0x11
 183 004a 60000000 		.4byte	0x60
 184 004e 02       		.byte	0x2
 185 004f 23       		.byte	0x23
 186 0050 04       		.uleb128 0x4
 187 0051 03       		.uleb128 0x3
 188 0052 41000000 		.4byte	.LASF2
 189 0056 02       		.byte	0x2
 190 0057 12       		.byte	0x12
 191 0058 67000000 		.4byte	0x67
 192 005c 02       		.byte	0x2
 193 005d 23       		.byte	0x23
 194 005e 08       		.uleb128 0x8
 195 005f 00       		.byte	0
ARM GAS  C:\Users\BJRN~1\AppData\Local\Temp\ccUkKC23.s 			page 5


 196 0060 04       		.uleb128 0x4
 197 0061 04       		.byte	0x4
 198 0062 04       		.byte	0x4
 199 0063 30010000 		.4byte	.LASF3
 200 0067 04       		.uleb128 0x4
 201 0068 01       		.byte	0x1
 202 0069 08       		.byte	0x8
 203 006a B1000000 		.4byte	.LASF4
 204 006e 05       		.uleb128 0x5
 205 006f EB000000 		.4byte	.LASF15
 206 0073 02       		.byte	0x2
 207 0074 13       		.byte	0x13
 208 0075 29000000 		.4byte	0x29
 209 0079 02       		.uleb128 0x2
 210 007a F6000000 		.4byte	.LASF6
 211 007e 44       		.byte	0x44
 212 007f 03       		.byte	0x3
 213 0080 0F       		.byte	0xf
 214 0081 CC000000 		.4byte	0xcc
 215 0085 03       		.uleb128 0x3
 216 0086 D4000000 		.4byte	.LASF7
 217 008a 03       		.byte	0x3
 218 008b 11       		.byte	0x11
 219 008c CC000000 		.4byte	0xcc
 220 0090 02       		.byte	0x2
 221 0091 23       		.byte	0x23
 222 0092 00       		.uleb128 0
 223 0093 03       		.uleb128 0x3
 224 0094 DC000000 		.4byte	.LASF8
 225 0098 03       		.byte	0x3
 226 0099 12       		.byte	0x12
 227 009a EA000000 		.4byte	0xea
 228 009e 02       		.byte	0x2
 229 009f 23       		.byte	0x23
 230 00a0 34       		.uleb128 0x34
 231 00a1 03       		.uleb128 0x3
 232 00a2 2F000000 		.4byte	.LASF9
 233 00a6 03       		.byte	0x3
 234 00a7 13       		.byte	0x13
 235 00a8 EA000000 		.4byte	0xea
 236 00ac 02       		.byte	0x2
 237 00ad 23       		.byte	0x23
 238 00ae 38       		.uleb128 0x38
 239 00af 03       		.uleb128 0x3
 240 00b0 00000000 		.4byte	.LASF10
 241 00b4 03       		.byte	0x3
 242 00b5 14       		.byte	0x14
 243 00b6 EA000000 		.4byte	0xea
 244 00ba 02       		.byte	0x2
 245 00bb 23       		.byte	0x23
 246 00bc 3C       		.uleb128 0x3c
 247 00bd 03       		.uleb128 0x3
 248 00be 92000000 		.4byte	.LASF11
 249 00c2 03       		.byte	0x3
 250 00c3 15       		.byte	0x15
 251 00c4 67000000 		.4byte	0x67
 252 00c8 02       		.byte	0x2
ARM GAS  C:\Users\BJRN~1\AppData\Local\Temp\ccUkKC23.s 			page 6


 253 00c9 23       		.byte	0x23
 254 00ca 40       		.uleb128 0x40
 255 00cb 00       		.byte	0
 256 00cc 06       		.uleb128 0x6
 257 00cd E3000000 		.4byte	0xe3
 258 00d1 DC000000 		.4byte	0xdc
 259 00d5 07       		.uleb128 0x7
 260 00d6 DC000000 		.4byte	0xdc
 261 00da 32       		.byte	0x32
 262 00db 00       		.byte	0
 263 00dc 04       		.uleb128 0x4
 264 00dd 04       		.byte	0x4
 265 00de 07       		.byte	0x7
 266 00df 51010000 		.4byte	.LASF12
 267 00e3 04       		.uleb128 0x4
 268 00e4 01       		.byte	0x1
 269 00e5 08       		.byte	0x8
 270 00e6 BF000000 		.4byte	.LASF13
 271 00ea 04       		.uleb128 0x4
 272 00eb 04       		.byte	0x4
 273 00ec 07       		.byte	0x7
 274 00ed 0D010000 		.4byte	.LASF14
 275 00f1 05       		.uleb128 0x5
 276 00f2 43010000 		.4byte	.LASF16
 277 00f6 03       		.byte	0x3
 278 00f7 16       		.byte	0x16
 279 00f8 79000000 		.4byte	0x79
 280 00fc 08       		.uleb128 0x8
 281 00fd 01       		.byte	0x1
 282 00fe 02010000 		.4byte	.LASF25
 283 0102 01       		.byte	0x1
 284 0103 10       		.byte	0x10
 285 0104 01       		.byte	0x1
 286 0105 00000000 		.4byte	.LFB0
 287 0109 24000000 		.4byte	.LFE0
 288 010d 00000000 		.4byte	.LLST0
 289 0111 01       		.byte	0x1
 290 0112 33010000 		.4byte	0x133
 291 0116 09       		.uleb128 0x9
 292 0117 4A010000 		.4byte	.LASF17
 293 011b 01       		.byte	0x1
 294 011c 10       		.byte	0x10
 295 011d 33010000 		.4byte	0x133
 296 0121 02       		.byte	0x2
 297 0122 91       		.byte	0x91
 298 0123 74       		.sleb128 -12
 299 0124 09       		.uleb128 0x9
 300 0125 AA000000 		.4byte	.LASF18
 301 0129 01       		.byte	0x1
 302 012a 10       		.byte	0x10
 303 012b 39010000 		.4byte	0x139
 304 012f 02       		.byte	0x2
 305 0130 91       		.byte	0x91
 306 0131 70       		.sleb128 -16
 307 0132 00       		.byte	0
 308 0133 0A       		.uleb128 0xa
 309 0134 04       		.byte	0x4
ARM GAS  C:\Users\BJRN~1\AppData\Local\Temp\ccUkKC23.s 			page 7


 310 0135 6E000000 		.4byte	0x6e
 311 0139 0A       		.uleb128 0xa
 312 013a 04       		.byte	0x4
 313 013b F1000000 		.4byte	0xf1
 314 013f 0B       		.uleb128 0xb
 315 0140 01       		.byte	0x1
 316 0141 20010000 		.4byte	.LASF26
 317 0145 01       		.byte	0x1
 318 0146 16       		.byte	0x16
 319 0147 01       		.byte	0x1
 320 0148 6C010000 		.4byte	0x16c
 321 014c 00000000 		.4byte	.LFB1
 322 0150 58000000 		.4byte	.LFE1
 323 0154 38000000 		.4byte	.LLST1
 324 0158 01       		.byte	0x1
 325 0159 6C010000 		.4byte	0x16c
 326 015d 09       		.uleb128 0x9
 327 015e 1A010000 		.4byte	.LASF19
 328 0162 01       		.byte	0x1
 329 0163 16       		.byte	0x16
 330 0164 73010000 		.4byte	0x173
 331 0168 02       		.byte	0x2
 332 0169 91       		.byte	0x91
 333 016a 77       		.sleb128 -9
 334 016b 00       		.byte	0
 335 016c 0C       		.uleb128 0xc
 336 016d 04       		.byte	0x4
 337 016e 05       		.byte	0x5
 338 016f 696E7400 		.ascii	"int\000"
 339 0173 0D       		.uleb128 0xd
 340 0174 67000000 		.4byte	0x67
 341 0178 0E       		.uleb128 0xe
 342 0179 20000000 		.4byte	.LASF20
 343 017d 01       		.byte	0x1
 344 017e 0C       		.byte	0xc
 345 017f 33010000 		.4byte	0x133
 346 0183 05       		.byte	0x5
 347 0184 03       		.byte	0x3
 348 0185 00000000 		.4byte	parametersPtr_
 349 0189 0E       		.uleb128 0xe
 350 018a 9F000000 		.4byte	.LASF21
 351 018e 01       		.byte	0x1
 352 018f 0D       		.byte	0xd
 353 0190 39010000 		.4byte	0x139
 354 0194 05       		.byte	0x5
 355 0195 03       		.byte	0x3
 356 0196 04000000 		.4byte	bufferPtr_
 357 019a 00       		.byte	0
 358              		.section	.debug_abbrev,"",%progbits
 359              	.Ldebug_abbrev0:
 360 0000 01       		.uleb128 0x1
 361 0001 11       		.uleb128 0x11
 362 0002 01       		.byte	0x1
 363 0003 25       		.uleb128 0x25
 364 0004 0E       		.uleb128 0xe
 365 0005 13       		.uleb128 0x13
 366 0006 0B       		.uleb128 0xb
ARM GAS  C:\Users\BJRN~1\AppData\Local\Temp\ccUkKC23.s 			page 8


 367 0007 03       		.uleb128 0x3
 368 0008 0E       		.uleb128 0xe
 369 0009 1B       		.uleb128 0x1b
 370 000a 0E       		.uleb128 0xe
 371 000b 55       		.uleb128 0x55
 372 000c 06       		.uleb128 0x6
 373 000d 11       		.uleb128 0x11
 374 000e 01       		.uleb128 0x1
 375 000f 52       		.uleb128 0x52
 376 0010 01       		.uleb128 0x1
 377 0011 10       		.uleb128 0x10
 378 0012 06       		.uleb128 0x6
 379 0013 00       		.byte	0
 380 0014 00       		.byte	0
 381 0015 02       		.uleb128 0x2
 382 0016 13       		.uleb128 0x13
 383 0017 01       		.byte	0x1
 384 0018 03       		.uleb128 0x3
 385 0019 0E       		.uleb128 0xe
 386 001a 0B       		.uleb128 0xb
 387 001b 0B       		.uleb128 0xb
 388 001c 3A       		.uleb128 0x3a
 389 001d 0B       		.uleb128 0xb
 390 001e 3B       		.uleb128 0x3b
 391 001f 0B       		.uleb128 0xb
 392 0020 01       		.uleb128 0x1
 393 0021 13       		.uleb128 0x13
 394 0022 00       		.byte	0
 395 0023 00       		.byte	0
 396 0024 03       		.uleb128 0x3
 397 0025 0D       		.uleb128 0xd
 398 0026 00       		.byte	0
 399 0027 03       		.uleb128 0x3
 400 0028 0E       		.uleb128 0xe
 401 0029 3A       		.uleb128 0x3a
 402 002a 0B       		.uleb128 0xb
 403 002b 3B       		.uleb128 0x3b
 404 002c 0B       		.uleb128 0xb
 405 002d 49       		.uleb128 0x49
 406 002e 13       		.uleb128 0x13
 407 002f 38       		.uleb128 0x38
 408 0030 0A       		.uleb128 0xa
 409 0031 00       		.byte	0
 410 0032 00       		.byte	0
 411 0033 04       		.uleb128 0x4
 412 0034 24       		.uleb128 0x24
 413 0035 00       		.byte	0
 414 0036 0B       		.uleb128 0xb
 415 0037 0B       		.uleb128 0xb
 416 0038 3E       		.uleb128 0x3e
 417 0039 0B       		.uleb128 0xb
 418 003a 03       		.uleb128 0x3
 419 003b 0E       		.uleb128 0xe
 420 003c 00       		.byte	0
 421 003d 00       		.byte	0
 422 003e 05       		.uleb128 0x5
 423 003f 16       		.uleb128 0x16
ARM GAS  C:\Users\BJRN~1\AppData\Local\Temp\ccUkKC23.s 			page 9


 424 0040 00       		.byte	0
 425 0041 03       		.uleb128 0x3
 426 0042 0E       		.uleb128 0xe
 427 0043 3A       		.uleb128 0x3a
 428 0044 0B       		.uleb128 0xb
 429 0045 3B       		.uleb128 0x3b
 430 0046 0B       		.uleb128 0xb
 431 0047 49       		.uleb128 0x49
 432 0048 13       		.uleb128 0x13
 433 0049 00       		.byte	0
 434 004a 00       		.byte	0
 435 004b 06       		.uleb128 0x6
 436 004c 01       		.uleb128 0x1
 437 004d 01       		.byte	0x1
 438 004e 49       		.uleb128 0x49
 439 004f 13       		.uleb128 0x13
 440 0050 01       		.uleb128 0x1
 441 0051 13       		.uleb128 0x13
 442 0052 00       		.byte	0
 443 0053 00       		.byte	0
 444 0054 07       		.uleb128 0x7
 445 0055 21       		.uleb128 0x21
 446 0056 00       		.byte	0
 447 0057 49       		.uleb128 0x49
 448 0058 13       		.uleb128 0x13
 449 0059 2F       		.uleb128 0x2f
 450 005a 0B       		.uleb128 0xb
 451 005b 00       		.byte	0
 452 005c 00       		.byte	0
 453 005d 08       		.uleb128 0x8
 454 005e 2E       		.uleb128 0x2e
 455 005f 01       		.byte	0x1
 456 0060 3F       		.uleb128 0x3f
 457 0061 0C       		.uleb128 0xc
 458 0062 03       		.uleb128 0x3
 459 0063 0E       		.uleb128 0xe
 460 0064 3A       		.uleb128 0x3a
 461 0065 0B       		.uleb128 0xb
 462 0066 3B       		.uleb128 0x3b
 463 0067 0B       		.uleb128 0xb
 464 0068 27       		.uleb128 0x27
 465 0069 0C       		.uleb128 0xc
 466 006a 11       		.uleb128 0x11
 467 006b 01       		.uleb128 0x1
 468 006c 12       		.uleb128 0x12
 469 006d 01       		.uleb128 0x1
 470 006e 40       		.uleb128 0x40
 471 006f 06       		.uleb128 0x6
 472 0070 9742     		.uleb128 0x2117
 473 0072 0C       		.uleb128 0xc
 474 0073 01       		.uleb128 0x1
 475 0074 13       		.uleb128 0x13
 476 0075 00       		.byte	0
 477 0076 00       		.byte	0
 478 0077 09       		.uleb128 0x9
 479 0078 05       		.uleb128 0x5
 480 0079 00       		.byte	0
ARM GAS  C:\Users\BJRN~1\AppData\Local\Temp\ccUkKC23.s 			page 10


 481 007a 03       		.uleb128 0x3
 482 007b 0E       		.uleb128 0xe
 483 007c 3A       		.uleb128 0x3a
 484 007d 0B       		.uleb128 0xb
 485 007e 3B       		.uleb128 0x3b
 486 007f 0B       		.uleb128 0xb
 487 0080 49       		.uleb128 0x49
 488 0081 13       		.uleb128 0x13
 489 0082 02       		.uleb128 0x2
 490 0083 0A       		.uleb128 0xa
 491 0084 00       		.byte	0
 492 0085 00       		.byte	0
 493 0086 0A       		.uleb128 0xa
 494 0087 0F       		.uleb128 0xf
 495 0088 00       		.byte	0
 496 0089 0B       		.uleb128 0xb
 497 008a 0B       		.uleb128 0xb
 498 008b 49       		.uleb128 0x49
 499 008c 13       		.uleb128 0x13
 500 008d 00       		.byte	0
 501 008e 00       		.byte	0
 502 008f 0B       		.uleb128 0xb
 503 0090 2E       		.uleb128 0x2e
 504 0091 01       		.byte	0x1
 505 0092 3F       		.uleb128 0x3f
 506 0093 0C       		.uleb128 0xc
 507 0094 03       		.uleb128 0x3
 508 0095 0E       		.uleb128 0xe
 509 0096 3A       		.uleb128 0x3a
 510 0097 0B       		.uleb128 0xb
 511 0098 3B       		.uleb128 0x3b
 512 0099 0B       		.uleb128 0xb
 513 009a 27       		.uleb128 0x27
 514 009b 0C       		.uleb128 0xc
 515 009c 49       		.uleb128 0x49
 516 009d 13       		.uleb128 0x13
 517 009e 11       		.uleb128 0x11
 518 009f 01       		.uleb128 0x1
 519 00a0 12       		.uleb128 0x12
 520 00a1 01       		.uleb128 0x1
 521 00a2 40       		.uleb128 0x40
 522 00a3 06       		.uleb128 0x6
 523 00a4 9642     		.uleb128 0x2116
 524 00a6 0C       		.uleb128 0xc
 525 00a7 01       		.uleb128 0x1
 526 00a8 13       		.uleb128 0x13
 527 00a9 00       		.byte	0
 528 00aa 00       		.byte	0
 529 00ab 0C       		.uleb128 0xc
 530 00ac 24       		.uleb128 0x24
 531 00ad 00       		.byte	0
 532 00ae 0B       		.uleb128 0xb
 533 00af 0B       		.uleb128 0xb
 534 00b0 3E       		.uleb128 0x3e
 535 00b1 0B       		.uleb128 0xb
 536 00b2 03       		.uleb128 0x3
 537 00b3 08       		.uleb128 0x8
ARM GAS  C:\Users\BJRN~1\AppData\Local\Temp\ccUkKC23.s 			page 11


 538 00b4 00       		.byte	0
 539 00b5 00       		.byte	0
 540 00b6 0D       		.uleb128 0xd
 541 00b7 26       		.uleb128 0x26
 542 00b8 00       		.byte	0
 543 00b9 49       		.uleb128 0x49
 544 00ba 13       		.uleb128 0x13
 545 00bb 00       		.byte	0
 546 00bc 00       		.byte	0
 547 00bd 0E       		.uleb128 0xe
 548 00be 34       		.uleb128 0x34
 549 00bf 00       		.byte	0
 550 00c0 03       		.uleb128 0x3
 551 00c1 0E       		.uleb128 0xe
 552 00c2 3A       		.uleb128 0x3a
 553 00c3 0B       		.uleb128 0xb
 554 00c4 3B       		.uleb128 0x3b
 555 00c5 0B       		.uleb128 0xb
 556 00c6 49       		.uleb128 0x49
 557 00c7 13       		.uleb128 0x13
 558 00c8 02       		.uleb128 0x2
 559 00c9 0A       		.uleb128 0xa
 560 00ca 00       		.byte	0
 561 00cb 00       		.byte	0
 562 00cc 00       		.byte	0
 563              		.section	.debug_loc,"",%progbits
 564              	.Ldebug_loc0:
 565              	.LLST0:
 566 0000 00000000 		.4byte	.LFB0
 567 0004 02000000 		.4byte	.LCFI0
 568 0008 0200     		.2byte	0x2
 569 000a 7D       		.byte	0x7d
 570 000b 00       		.sleb128 0
 571 000c 02000000 		.4byte	.LCFI0
 572 0010 04000000 		.4byte	.LCFI1
 573 0014 0200     		.2byte	0x2
 574 0016 7D       		.byte	0x7d
 575 0017 08       		.sleb128 8
 576 0018 04000000 		.4byte	.LCFI1
 577 001c 06000000 		.4byte	.LCFI2
 578 0020 0200     		.2byte	0x2
 579 0022 7D       		.byte	0x7d
 580 0023 10       		.sleb128 16
 581 0024 06000000 		.4byte	.LCFI2
 582 0028 24000000 		.4byte	.LFE0
 583 002c 0200     		.2byte	0x2
 584 002e 77       		.byte	0x77
 585 002f 10       		.sleb128 16
 586 0030 00000000 		.4byte	0
 587 0034 00000000 		.4byte	0
 588              	.LLST1:
 589 0038 00000000 		.4byte	.LFB1
 590 003c 02000000 		.4byte	.LCFI3
 591 0040 0200     		.2byte	0x2
 592 0042 7D       		.byte	0x7d
 593 0043 00       		.sleb128 0
 594 0044 02000000 		.4byte	.LCFI3
ARM GAS  C:\Users\BJRN~1\AppData\Local\Temp\ccUkKC23.s 			page 12


 595 0048 04000000 		.4byte	.LCFI4
 596 004c 0200     		.2byte	0x2
 597 004e 7D       		.byte	0x7d
 598 004f 08       		.sleb128 8
 599 0050 04000000 		.4byte	.LCFI4
 600 0054 06000000 		.4byte	.LCFI5
 601 0058 0200     		.2byte	0x2
 602 005a 7D       		.byte	0x7d
 603 005b 10       		.sleb128 16
 604 005c 06000000 		.4byte	.LCFI5
 605 0060 58000000 		.4byte	.LFE1
 606 0064 0200     		.2byte	0x2
 607 0066 77       		.byte	0x77
 608 0067 10       		.sleb128 16
 609 0068 00000000 		.4byte	0
 610 006c 00000000 		.4byte	0
 611              		.section	.debug_aranges,"",%progbits
 612 0000 24000000 		.4byte	0x24
 613 0004 0200     		.2byte	0x2
 614 0006 00000000 		.4byte	.Ldebug_info0
 615 000a 04       		.byte	0x4
 616 000b 00       		.byte	0
 617 000c 0000     		.2byte	0
 618 000e 0000     		.2byte	0
 619 0010 00000000 		.4byte	.LFB0
 620 0014 24000000 		.4byte	.LFE0-.LFB0
 621 0018 00000000 		.4byte	.LFB1
 622 001c 58000000 		.4byte	.LFE1-.LFB1
 623 0020 00000000 		.4byte	0
 624 0024 00000000 		.4byte	0
 625              		.section	.debug_ranges,"",%progbits
 626              	.Ldebug_ranges0:
 627 0000 00000000 		.4byte	.LFB0
 628 0004 24000000 		.4byte	.LFE0
 629 0008 00000000 		.4byte	.LFB1
 630 000c 58000000 		.4byte	.LFE1
 631 0010 00000000 		.4byte	0
 632 0014 00000000 		.4byte	0
 633              		.section	.debug_line,"",%progbits
 634              	.Ldebug_line0:
 635 0000 74000000 		.section	.debug_str,"MS",%progbits,1
 635      02004000 
 635      00000201 
 635      FB0E0D00 
 635      01010101 
 636              	.LASF10:
 637 0000 64617461 		.ascii	"dataIndex_\000"
 637      496E6465 
 637      785F00
 638              	.LASF24:
 639 000b 433A5C45 		.ascii	"C:\\Enhed\\Enhed.cydsn\000"
 639      6E686564 
 639      5C456E68 
 639      65642E63 
 639      7964736E 
 640              	.LASF20:
 641 0020 70617261 		.ascii	"parametersPtr_\000"
ARM GAS  C:\Users\BJRN~1\AppData\Local\Temp\ccUkKC23.s 			page 13


 641      6D657465 
 641      72735074 
 641      725F00
 642              	.LASF9:
 643 002f 63757273 		.ascii	"cursor_\000"
 643      6F725F00 
 644              	.LASF1:
 645 0037 68756D69 		.ascii	"humidity_\000"
 645      64697479 
 645      5F00
 646              	.LASF2:
 647 0041 61637469 		.ascii	"active_\000"
 647      76655F00 
 648              	.LASF22:
 649 0049 474E5520 		.ascii	"GNU C 4.7.3 20130312 (release) [ARM/embedded-4_7-br"
 649      4320342E 
 649      372E3320 
 649      32303133 
 649      30333132 
 650 007c 616E6368 		.ascii	"anch revision 196615]\000"
 650      20726576 
 650      6973696F 
 650      6E203139 
 650      36363135 
 651              	.LASF11:
 652 0092 64617461 		.ascii	"dataWritten_\000"
 652      57726974 
 652      74656E5F 
 652      00
 653              	.LASF21:
 654 009f 62756666 		.ascii	"bufferPtr_\000"
 654      65725074 
 654      725F00
 655              	.LASF18:
 656 00aa 62756650 		.ascii	"bufPtr\000"
 656      747200
 657              	.LASF4:
 658 00b1 756E7369 		.ascii	"unsigned char\000"
 658      676E6564 
 658      20636861 
 658      7200
 659              	.LASF13:
 660 00bf 63686172 		.ascii	"char\000"
 660      00
 661              	.LASF5:
 662 00c4 70617261 		.ascii	"parameters_type\000"
 662      6D657465 
 662      72735F74 
 662      79706500 
 663              	.LASF7:
 664 00d4 62756666 		.ascii	"buffer_\000"
 664      65725F00 
 665              	.LASF8:
 666 00dc 6C656E5F 		.ascii	"len_\000"
 666      00
 667              	.LASF23:
 668 00e1 2E5C6F6E 		.ascii	".\\onOff.c\000"
ARM GAS  C:\Users\BJRN~1\AppData\Local\Temp\ccUkKC23.s 			page 14


 668      4F66662E 
 668      6300
 669              	.LASF15:
 670 00eb 70617261 		.ascii	"parameters\000"
 670      6D657465 
 670      727300
 671              	.LASF6:
 672 00f6 62756666 		.ascii	"buffer_type\000"
 672      65725F74 
 672      79706500 
 673              	.LASF25:
 674 0102 6F6E4F66 		.ascii	"onOff_init\000"
 674      665F696E 
 674      697400
 675              	.LASF14:
 676 010d 756E7369 		.ascii	"unsigned int\000"
 676      676E6564 
 676      20696E74 
 676      00
 677              	.LASF19:
 678 011a 73746174 		.ascii	"state\000"
 678      6500
 679              	.LASF26:
 680 0120 6F6E4F66 		.ascii	"onOff_turnOnOff\000"
 680      665F7475 
 680      726E4F6E 
 680      4F666600 
 681              	.LASF3:
 682 0130 666C6F61 		.ascii	"float\000"
 682      7400
 683              	.LASF0:
 684 0136 74656D70 		.ascii	"temperature_\000"
 684      65726174 
 684      7572655F 
 684      00
 685              	.LASF16:
 686 0143 62756666 		.ascii	"buffer\000"
 686      657200
 687              	.LASF17:
 688 014a 70617250 		.ascii	"parPtr\000"
 688      747200
 689              	.LASF12:
 690 0151 73697A65 		.ascii	"sizetype\000"
 690      74797065 
 690      00
 691              		.ident	"GCC: (GNU Tools for ARM Embedded Processors) 4.7.3 20130312 (release) [ARM/embedded-4_7-br
