ARM GAS  C:\Users\BJRN~1\AppData\Local\Temp\ccnncPHl.s 			page 1


   1              		.cpu cortex-m0
   2              		.fpu softvfp
   3              		.eabi_attribute 20, 1
   4              		.eabi_attribute 21, 1
   5              		.eabi_attribute 23, 3
   6              		.eabi_attribute 24, 1
   7              		.eabi_attribute 25, 1
   8              		.eabi_attribute 26, 1
   9              		.eabi_attribute 30, 6
  10              		.eabi_attribute 34, 0
  11              		.eabi_attribute 18, 4
  12              		.code	16
  13              		.file	"sprinkler.c"
  14              		.text
  15              	.Ltext0:
  16              		.cfi_sections	.debug_frame
  17              		.section	.text.sprinkler_init,"ax",%progbits
  18              		.align	2
  19              		.global	sprinkler_init
  20              		.code	16
  21              		.thumb_func
  22              		.type	sprinkler_init, %function
  23              	sprinkler_init:
  24              	.LFB33:
  25              		.file 1 ".\\sprinkler.c"
   1:.\sprinkler.c **** //sprinkler.c
   2:.\sprinkler.c **** //
   3:.\sprinkler.c **** //Authour: Jakob Schmidt
   4:.\sprinkler.c **** //Version: 1.0
   5:.\sprinkler.c **** //Date: 14-11-14
   6:.\sprinkler.c **** 
   7:.\sprinkler.c **** #include "sprinkler.h"
   8:.\sprinkler.c **** 
   9:.\sprinkler.c **** //Constructor implementation
  10:.\sprinkler.c **** void sprinkler_init()
  11:.\sprinkler.c **** {
  26              		.loc 1 11 0
  27              		.cfi_startproc
  28 0000 80B5     		push	{r7, lr}
  29              	.LCFI0:
  30              		.cfi_def_cfa_offset 8
  31              		.cfi_offset 7, -8
  32              		.cfi_offset 14, -4
  33 0002 00AF     		add	r7, sp, #0
  34              	.LCFI1:
  35              		.cfi_def_cfa_register 7
  12:.\sprinkler.c ****     //Do nothing
  13:.\sprinkler.c **** }
  36              		.loc 1 13 0
  37 0004 BD46     		mov	sp, r7
  38              		@ sp needed for prologue
  39 0006 80BD     		pop	{r7, pc}
  40              		.cfi_endproc
  41              	.LFE33:
  42              		.size	sprinkler_init, .-sprinkler_init
  43              		.section	.text.sprinkler_exit,"ax",%progbits
  44              		.align	2
ARM GAS  C:\Users\BJRN~1\AppData\Local\Temp\ccnncPHl.s 			page 2


  45              		.global	sprinkler_exit
  46              		.code	16
  47              		.thumb_func
  48              		.type	sprinkler_exit, %function
  49              	sprinkler_exit:
  50              	.LFB34:
  14:.\sprinkler.c **** 
  15:.\sprinkler.c **** void sprinkler_exit()
  16:.\sprinkler.c **** {
  51              		.loc 1 16 0
  52              		.cfi_startproc
  53 0000 80B5     		push	{r7, lr}
  54              	.LCFI2:
  55              		.cfi_def_cfa_offset 8
  56              		.cfi_offset 7, -8
  57              		.cfi_offset 14, -4
  58 0002 00AF     		add	r7, sp, #0
  59              	.LCFI3:
  60              		.cfi_def_cfa_register 7
  17:.\sprinkler.c ****     //Do nothing
  18:.\sprinkler.c **** }
  61              		.loc 1 18 0
  62 0004 BD46     		mov	sp, r7
  63              		@ sp needed for prologue
  64 0006 80BD     		pop	{r7, pc}
  65              		.cfi_endproc
  66              	.LFE34:
  67              		.size	sprinkler_exit, .-sprinkler_exit
  68              		.section	.text.sprinkler_setValue,"ax",%progbits
  69              		.align	2
  70              		.global	sprinkler_setValue
  71              		.code	16
  72              		.thumb_func
  73              		.type	sprinkler_setValue, %function
  74              	sprinkler_setValue:
  75              	.LFB35:
  19:.\sprinkler.c **** 
  20:.\sprinkler.c **** int sprinkler_setValue(unsigned char active)
  21:.\sprinkler.c **** {   
  76              		.loc 1 21 0
  77              		.cfi_startproc
  78 0000 80B5     		push	{r7, lr}
  79              	.LCFI4:
  80              		.cfi_def_cfa_offset 8
  81              		.cfi_offset 7, -8
  82              		.cfi_offset 14, -4
  83 0002 82B0     		sub	sp, sp, #8
  84              	.LCFI5:
  85              		.cfi_def_cfa_offset 16
  86 0004 00AF     		add	r7, sp, #0
  87              	.LCFI6:
  88              		.cfi_def_cfa_register 7
  89 0006 021C     		mov	r2, r0
  90 0008 FB1D     		add	r3, r7, #7
  91 000a 1A70     		strb	r2, [r3]
  22:.\sprinkler.c ****     if(active != 1 || active != 0)
  92              		.loc 1 22 0
ARM GAS  C:\Users\BJRN~1\AppData\Local\Temp\ccnncPHl.s 			page 3


  93 000c FB1D     		add	r3, r7, #7
  94 000e 1B78     		ldrb	r3, [r3]
  95 0010 012B     		cmp	r3, #1
  96 0012 03D1     		bne	.L4
  97              		.loc 1 22 0 is_stmt 0 discriminator 1
  98 0014 FB1D     		add	r3, r7, #7
  99 0016 1B78     		ldrb	r3, [r3]
 100 0018 002B     		cmp	r3, #0
 101 001a 02D0     		beq	.L5
 102              	.L4:
  23:.\sprinkler.c ****         return -16;
 103              		.loc 1 23 0 is_stmt 1
 104 001c 1023     		mov	r3, #16
 105 001e 5B42     		neg	r3, r3
 106 0020 00E0     		b	.L6
 107              	.L5:
  24:.\sprinkler.c ****     
  25:.\sprinkler.c ****     return 0;
 108              		.loc 1 25 0
 109 0022 0023     		mov	r3, #0
 110              	.L6:
  26:.\sprinkler.c **** }...
 111              		.loc 1 26 0
 112 0024 181C     		mov	r0, r3
 113 0026 BD46     		mov	sp, r7
 114 0028 02B0     		add	sp, sp, #8
 115              		@ sp needed for prologue
 116 002a 80BD     		pop	{r7, pc}
 117              		.cfi_endproc
 118              	.LFE35:
 119              		.size	sprinkler_setValue, .-sprinkler_setValue
 120              		.text
 121              	.Letext0:
 122              		.section	.debug_info,"",%progbits
 123              	.Ldebug_info0:
 124 0000 DB000000 		.4byte	0xdb
 125 0004 0200     		.2byte	0x2
 126 0006 00000000 		.4byte	.Ldebug_abbrev0
 127 000a 04       		.byte	0x4
 128 000b 01       		.uleb128 0x1
 129 000c 2A000000 		.4byte	.LASF15
 130 0010 01       		.byte	0x1
 131 0011 AF000000 		.4byte	.LASF16
 132 0015 CD000000 		.4byte	.LASF17
 133 0019 00000000 		.4byte	.Ldebug_ranges0+0
 134 001d 00000000 		.4byte	0
 135 0021 00000000 		.4byte	0
 136 0025 00000000 		.4byte	.Ldebug_line0
 137 0029 02       		.uleb128 0x2
 138 002a 01       		.byte	0x1
 139 002b 06       		.byte	0x6
 140 002c F5000000 		.4byte	.LASF0
 141 0030 02       		.uleb128 0x2
 142 0031 01       		.byte	0x1
 143 0032 08       		.byte	0x8
 144 0033 9C000000 		.4byte	.LASF1
 145 0037 02       		.uleb128 0x2
ARM GAS  C:\Users\BJRN~1\AppData\Local\Temp\ccnncPHl.s 			page 4


 146 0038 02       		.byte	0x2
 147 0039 05       		.byte	0x5
 148 003a 30010000 		.4byte	.LASF2
 149 003e 02       		.uleb128 0x2
 150 003f 02       		.byte	0x2
 151 0040 07       		.byte	0x7
 152 0041 E2000000 		.4byte	.LASF3
 153 0045 02       		.uleb128 0x2
 154 0046 04       		.byte	0x4
 155 0047 05       		.byte	0x5
 156 0048 BD000000 		.4byte	.LASF4
 157 004c 02       		.uleb128 0x2
 158 004d 04       		.byte	0x4
 159 004e 07       		.byte	0x7
 160 004f 73000000 		.4byte	.LASF5
 161 0053 02       		.uleb128 0x2
 162 0054 08       		.byte	0x8
 163 0055 05       		.byte	0x5
 164 0056 00000000 		.4byte	.LASF6
 165 005a 02       		.uleb128 0x2
 166 005b 08       		.byte	0x8
 167 005c 07       		.byte	0x7
 168 005d 85000000 		.4byte	.LASF7
 169 0061 03       		.uleb128 0x3
 170 0062 04       		.byte	0x4
 171 0063 05       		.byte	0x5
 172 0064 696E7400 		.ascii	"int\000"
 173 0068 02       		.uleb128 0x2
 174 0069 04       		.byte	0x4
 175 006a 07       		.byte	0x7
 176 006b 0E000000 		.4byte	.LASF8
 177 006f 02       		.uleb128 0x2
 178 0070 04       		.byte	0x4
 179 0071 04       		.byte	0x4
 180 0072 1B010000 		.4byte	.LASF9
 181 0076 02       		.uleb128 0x2
 182 0077 08       		.byte	0x8
 183 0078 04       		.byte	0x4
 184 0079 C6000000 		.4byte	.LASF10
 185 007d 02       		.uleb128 0x2
 186 007e 01       		.byte	0x1
 187 007f 08       		.byte	0x8
 188 0080 AA000000 		.4byte	.LASF11
 189 0084 02       		.uleb128 0x2
 190 0085 04       		.byte	0x4
 191 0086 07       		.byte	0x7
 192 0087 3A010000 		.4byte	.LASF12
 193 008b 04       		.uleb128 0x4
 194 008c 01       		.byte	0x1
 195 008d 1B000000 		.4byte	.LASF13
 196 0091 01       		.byte	0x1
 197 0092 0A       		.byte	0xa
 198 0093 00000000 		.4byte	.LFB33
 199 0097 08000000 		.4byte	.LFE33
 200 009b 00000000 		.4byte	.LLST0
 201 009f 01       		.byte	0x1
 202 00a0 04       		.uleb128 0x4
ARM GAS  C:\Users\BJRN~1\AppData\Local\Temp\ccnncPHl.s 			page 5


 203 00a1 01       		.byte	0x1
 204 00a2 21010000 		.4byte	.LASF14
 205 00a6 01       		.byte	0x1
 206 00a7 0F       		.byte	0xf
 207 00a8 00000000 		.4byte	.LFB34
 208 00ac 08000000 		.4byte	.LFE34
 209 00b0 2C000000 		.4byte	.LLST1
 210 00b4 01       		.byte	0x1
 211 00b5 05       		.uleb128 0x5
 212 00b6 01       		.byte	0x1
 213 00b7 08010000 		.4byte	.LASF18
 214 00bb 01       		.byte	0x1
 215 00bc 14       		.byte	0x14
 216 00bd 01       		.byte	0x1
 217 00be 61000000 		.4byte	0x61
 218 00c2 00000000 		.4byte	.LFB35
 219 00c6 2C000000 		.4byte	.LFE35
 220 00ca 58000000 		.4byte	.LLST2
 221 00ce 01       		.byte	0x1
 222 00cf 06       		.uleb128 0x6
 223 00d0 01010000 		.4byte	.LASF19
 224 00d4 01       		.byte	0x1
 225 00d5 14       		.byte	0x14
 226 00d6 30000000 		.4byte	0x30
 227 00da 02       		.byte	0x2
 228 00db 91       		.byte	0x91
 229 00dc 77       		.sleb128 -9
 230 00dd 00       		.byte	0
 231 00de 00       		.byte	0
 232              		.section	.debug_abbrev,"",%progbits
 233              	.Ldebug_abbrev0:
 234 0000 01       		.uleb128 0x1
 235 0001 11       		.uleb128 0x11
 236 0002 01       		.byte	0x1
 237 0003 25       		.uleb128 0x25
 238 0004 0E       		.uleb128 0xe
 239 0005 13       		.uleb128 0x13
 240 0006 0B       		.uleb128 0xb
 241 0007 03       		.uleb128 0x3
 242 0008 0E       		.uleb128 0xe
 243 0009 1B       		.uleb128 0x1b
 244 000a 0E       		.uleb128 0xe
 245 000b 55       		.uleb128 0x55
 246 000c 06       		.uleb128 0x6
 247 000d 11       		.uleb128 0x11
 248 000e 01       		.uleb128 0x1
 249 000f 52       		.uleb128 0x52
 250 0010 01       		.uleb128 0x1
 251 0011 10       		.uleb128 0x10
 252 0012 06       		.uleb128 0x6
 253 0013 00       		.byte	0
 254 0014 00       		.byte	0
 255 0015 02       		.uleb128 0x2
 256 0016 24       		.uleb128 0x24
 257 0017 00       		.byte	0
 258 0018 0B       		.uleb128 0xb
 259 0019 0B       		.uleb128 0xb
ARM GAS  C:\Users\BJRN~1\AppData\Local\Temp\ccnncPHl.s 			page 6


 260 001a 3E       		.uleb128 0x3e
 261 001b 0B       		.uleb128 0xb
 262 001c 03       		.uleb128 0x3
 263 001d 0E       		.uleb128 0xe
 264 001e 00       		.byte	0
 265 001f 00       		.byte	0
 266 0020 03       		.uleb128 0x3
 267 0021 24       		.uleb128 0x24
 268 0022 00       		.byte	0
 269 0023 0B       		.uleb128 0xb
 270 0024 0B       		.uleb128 0xb
 271 0025 3E       		.uleb128 0x3e
 272 0026 0B       		.uleb128 0xb
 273 0027 03       		.uleb128 0x3
 274 0028 08       		.uleb128 0x8
 275 0029 00       		.byte	0
 276 002a 00       		.byte	0
 277 002b 04       		.uleb128 0x4
 278 002c 2E       		.uleb128 0x2e
 279 002d 00       		.byte	0
 280 002e 3F       		.uleb128 0x3f
 281 002f 0C       		.uleb128 0xc
 282 0030 03       		.uleb128 0x3
 283 0031 0E       		.uleb128 0xe
 284 0032 3A       		.uleb128 0x3a
 285 0033 0B       		.uleb128 0xb
 286 0034 3B       		.uleb128 0x3b
 287 0035 0B       		.uleb128 0xb
 288 0036 11       		.uleb128 0x11
 289 0037 01       		.uleb128 0x1
 290 0038 12       		.uleb128 0x12
 291 0039 01       		.uleb128 0x1
 292 003a 40       		.uleb128 0x40
 293 003b 06       		.uleb128 0x6
 294 003c 9742     		.uleb128 0x2117
 295 003e 0C       		.uleb128 0xc
 296 003f 00       		.byte	0
 297 0040 00       		.byte	0
 298 0041 05       		.uleb128 0x5
 299 0042 2E       		.uleb128 0x2e
 300 0043 01       		.byte	0x1
 301 0044 3F       		.uleb128 0x3f
 302 0045 0C       		.uleb128 0xc
 303 0046 03       		.uleb128 0x3
 304 0047 0E       		.uleb128 0xe
 305 0048 3A       		.uleb128 0x3a
 306 0049 0B       		.uleb128 0xb
 307 004a 3B       		.uleb128 0x3b
 308 004b 0B       		.uleb128 0xb
 309 004c 27       		.uleb128 0x27
 310 004d 0C       		.uleb128 0xc
 311 004e 49       		.uleb128 0x49
 312 004f 13       		.uleb128 0x13
 313 0050 11       		.uleb128 0x11
 314 0051 01       		.uleb128 0x1
 315 0052 12       		.uleb128 0x12
 316 0053 01       		.uleb128 0x1
ARM GAS  C:\Users\BJRN~1\AppData\Local\Temp\ccnncPHl.s 			page 7


 317 0054 40       		.uleb128 0x40
 318 0055 06       		.uleb128 0x6
 319 0056 9742     		.uleb128 0x2117
 320 0058 0C       		.uleb128 0xc
 321 0059 00       		.byte	0
 322 005a 00       		.byte	0
 323 005b 06       		.uleb128 0x6
 324 005c 05       		.uleb128 0x5
 325 005d 00       		.byte	0
 326 005e 03       		.uleb128 0x3
 327 005f 0E       		.uleb128 0xe
 328 0060 3A       		.uleb128 0x3a
 329 0061 0B       		.uleb128 0xb
 330 0062 3B       		.uleb128 0x3b
 331 0063 0B       		.uleb128 0xb
 332 0064 49       		.uleb128 0x49
 333 0065 13       		.uleb128 0x13
 334 0066 02       		.uleb128 0x2
 335 0067 0A       		.uleb128 0xa
 336 0068 00       		.byte	0
 337 0069 00       		.byte	0
 338 006a 00       		.byte	0
 339              		.section	.debug_loc,"",%progbits
 340              	.Ldebug_loc0:
 341              	.LLST0:
 342 0000 00000000 		.4byte	.LFB33
 343 0004 02000000 		.4byte	.LCFI0
 344 0008 0200     		.2byte	0x2
 345 000a 7D       		.byte	0x7d
 346 000b 00       		.sleb128 0
 347 000c 02000000 		.4byte	.LCFI0
 348 0010 04000000 		.4byte	.LCFI1
 349 0014 0200     		.2byte	0x2
 350 0016 7D       		.byte	0x7d
 351 0017 08       		.sleb128 8
 352 0018 04000000 		.4byte	.LCFI1
 353 001c 08000000 		.4byte	.LFE33
 354 0020 0200     		.2byte	0x2
 355 0022 77       		.byte	0x77
 356 0023 08       		.sleb128 8
 357 0024 00000000 		.4byte	0
 358 0028 00000000 		.4byte	0
 359              	.LLST1:
 360 002c 00000000 		.4byte	.LFB34
 361 0030 02000000 		.4byte	.LCFI2
 362 0034 0200     		.2byte	0x2
 363 0036 7D       		.byte	0x7d
 364 0037 00       		.sleb128 0
 365 0038 02000000 		.4byte	.LCFI2
 366 003c 04000000 		.4byte	.LCFI3
 367 0040 0200     		.2byte	0x2
 368 0042 7D       		.byte	0x7d
 369 0043 08       		.sleb128 8
 370 0044 04000000 		.4byte	.LCFI3
 371 0048 08000000 		.4byte	.LFE34
 372 004c 0200     		.2byte	0x2
 373 004e 77       		.byte	0x77
ARM GAS  C:\Users\BJRN~1\AppData\Local\Temp\ccnncPHl.s 			page 8


 374 004f 08       		.sleb128 8
 375 0050 00000000 		.4byte	0
 376 0054 00000000 		.4byte	0
 377              	.LLST2:
 378 0058 00000000 		.4byte	.LFB35
 379 005c 02000000 		.4byte	.LCFI4
 380 0060 0200     		.2byte	0x2
 381 0062 7D       		.byte	0x7d
 382 0063 00       		.sleb128 0
 383 0064 02000000 		.4byte	.LCFI4
 384 0068 04000000 		.4byte	.LCFI5
 385 006c 0200     		.2byte	0x2
 386 006e 7D       		.byte	0x7d
 387 006f 08       		.sleb128 8
 388 0070 04000000 		.4byte	.LCFI5
 389 0074 06000000 		.4byte	.LCFI6
 390 0078 0200     		.2byte	0x2
 391 007a 7D       		.byte	0x7d
 392 007b 10       		.sleb128 16
 393 007c 06000000 		.4byte	.LCFI6
 394 0080 2C000000 		.4byte	.LFE35
 395 0084 0200     		.2byte	0x2
 396 0086 77       		.byte	0x77
 397 0087 10       		.sleb128 16
 398 0088 00000000 		.4byte	0
 399 008c 00000000 		.4byte	0
 400              		.section	.debug_aranges,"",%progbits
 401 0000 2C000000 		.4byte	0x2c
 402 0004 0200     		.2byte	0x2
 403 0006 00000000 		.4byte	.Ldebug_info0
 404 000a 04       		.byte	0x4
 405 000b 00       		.byte	0
 406 000c 0000     		.2byte	0
 407 000e 0000     		.2byte	0
 408 0010 00000000 		.4byte	.LFB33
 409 0014 08000000 		.4byte	.LFE33-.LFB33
 410 0018 00000000 		.4byte	.LFB34
 411 001c 08000000 		.4byte	.LFE34-.LFB34
 412 0020 00000000 		.4byte	.LFB35
 413 0024 2C000000 		.4byte	.LFE35-.LFB35
 414 0028 00000000 		.4byte	0
 415 002c 00000000 		.4byte	0
 416              		.section	.debug_ranges,"",%progbits
 417              	.Ldebug_ranges0:
 418 0000 00000000 		.4byte	.LFB33
 419 0004 08000000 		.4byte	.LFE33
 420 0008 00000000 		.4byte	.LFB34
 421 000c 08000000 		.4byte	.LFE34
 422 0010 00000000 		.4byte	.LFB35
 423 0014 2C000000 		.4byte	.LFE35
 424 0018 00000000 		.4byte	0
 425 001c 00000000 		.4byte	0
 426              		.section	.debug_line,"",%progbits
 427              	.Ldebug_line0:
 428 0000 64000000 		.section	.debug_str,"MS",%progbits,1
 428      02002400 
 428      00000201 
ARM GAS  C:\Users\BJRN~1\AppData\Local\Temp\ccnncPHl.s 			page 9


 428      FB0E0D00 
 428      01010101 
 429              	.LASF6:
 430 0000 6C6F6E67 		.ascii	"long long int\000"
 430      206C6F6E 
 430      6720696E 
 430      7400
 431              	.LASF8:
 432 000e 756E7369 		.ascii	"unsigned int\000"
 432      676E6564 
 432      20696E74 
 432      00
 433              	.LASF13:
 434 001b 73707269 		.ascii	"sprinkler_init\000"
 434      6E6B6C65 
 434      725F696E 
 434      697400
 435              	.LASF15:
 436 002a 474E5520 		.ascii	"GNU C 4.7.3 20130312 (release) [ARM/embedded-4_7-br"
 436      4320342E 
 436      372E3320 
 436      32303133 
 436      30333132 
 437 005d 616E6368 		.ascii	"anch revision 196615]\000"
 437      20726576 
 437      6973696F 
 437      6E203139 
 437      36363135 
 438              	.LASF5:
 439 0073 6C6F6E67 		.ascii	"long unsigned int\000"
 439      20756E73 
 439      69676E65 
 439      6420696E 
 439      7400
 440              	.LASF7:
 441 0085 6C6F6E67 		.ascii	"long long unsigned int\000"
 441      206C6F6E 
 441      6720756E 
 441      7369676E 
 441      65642069 
 442              	.LASF1:
 443 009c 756E7369 		.ascii	"unsigned char\000"
 443      676E6564 
 443      20636861 
 443      7200
 444              	.LASF11:
 445 00aa 63686172 		.ascii	"char\000"
 445      00
 446              	.LASF16:
 447 00af 2E5C7370 		.ascii	".\\sprinkler.c\000"
 447      72696E6B 
 447      6C65722E 
 447      6300
 448              	.LASF4:
 449 00bd 6C6F6E67 		.ascii	"long int\000"
 449      20696E74 
 449      00
ARM GAS  C:\Users\BJRN~1\AppData\Local\Temp\ccnncPHl.s 			page 10


 450              	.LASF10:
 451 00c6 646F7562 		.ascii	"double\000"
 451      6C6500
 452              	.LASF17:
 453 00cd 433A5C45 		.ascii	"C:\\Enhed\\Enhed.cydsn\000"
 453      6E686564 
 453      5C456E68 
 453      65642E63 
 453      7964736E 
 454              	.LASF3:
 455 00e2 73686F72 		.ascii	"short unsigned int\000"
 455      7420756E 
 455      7369676E 
 455      65642069 
 455      6E7400
 456              	.LASF0:
 457 00f5 7369676E 		.ascii	"signed char\000"
 457      65642063 
 457      68617200 
 458              	.LASF19:
 459 0101 61637469 		.ascii	"active\000"
 459      766500
 460              	.LASF18:
 461 0108 73707269 		.ascii	"sprinkler_setValue\000"
 461      6E6B6C65 
 461      725F7365 
 461      7456616C 
 461      756500
 462              	.LASF9:
 463 011b 666C6F61 		.ascii	"float\000"
 463      7400
 464              	.LASF14:
 465 0121 73707269 		.ascii	"sprinkler_exit\000"
 465      6E6B6C65 
 465      725F6578 
 465      697400
 466              	.LASF2:
 467 0130 73686F72 		.ascii	"short int\000"
 467      7420696E 
 467      7400
 468              	.LASF12:
 469 013a 73697A65 		.ascii	"sizetype\000"
 469      74797065 
 469      00
 470              		.ident	"GCC: (GNU Tools for ARM Embedded Processors) 4.7.3 20130312 (release) [ARM/embedded-4_7-br
