--------------- Rebuild Started: 11/23/2014 15:58:29 Project: SPI_handler, Configuration: ARM GCC 4.7.3 Debug ---------------
cydsfit.exe "-.appdatapath" "C:\Users\mickkirkegaardnielse\AppData\Local\Cypress Semiconductor\PSoC Creator\3.0" "-.fdsnotice" "-.fdswarpdepfile=warp_dependencies.txt" "-.fdselabdepfile=elab_dependencies.txt" "-.fdsbldfile=generated_files.txt" "-p" "Z:\Desktop\E3PRJ3\Implementering\SW\SPI\PSoC4_SPI\SPI_slave\SPI_handler.cydsn\SPI_handler.cyprj" "-d" "CY8C4245AXI-483" "-s" "Z:\Desktop\E3PRJ3\Implementering\SW\SPI\PSoC4_SPI\SPI_slave\SPI_handler.cydsn\Generated_Source\PSoC4" "--" "-yv2" "-v3" "-ygs" "-q10" "-o2" "-.fftcfgtype=LE"
Elaborating Design...
HDL Generation ...
Synthesis ...
Place and Route ...
Tech mapping ...
Info: mpr.M0037: Unused pieces of the design have been optimized out. See the Tech mapping section of the report file for details. (App=cydsfit)
Analog Placement ...
Analog Routing ...
Analog Code Generation ...
Digital Placement ...
Digital Routing ...
Bitstream Generation ...
Static timing analysis ...
API Generation ...
Dependency Generation ...
Clean Temporary Files ...
arm-none-eabi-gcc.exe -I. -I./Generated_Source/PSoC4 -Wno-main -mcpu=cortex-m0 -mthumb -Wall -g -D DEBUG -Wa,-alh=.\CortexM0\ARM_GCC_473\Debug\main.lst -ffunction-sections -c .\main.c -o .\CortexM0\ARM_GCC_473\Debug\main.o
arm-none-eabi-gcc.exe -I. -I./Generated_Source/PSoC4 -Wno-main -mcpu=cortex-m0 -mthumb -Wall -g -D DEBUG -Wa,-alh=.\CortexM0\ARM_GCC_473\Debug\SPI_handler.lst -ffunction-sections -c .\SPI_handler.c -o .\CortexM0\ARM_GCC_473\Debug\SPI_handler.o
.\SPI_handler.c: In function 'isr_spi_rx':
.\SPI_handler.c:80:27: warning: variable 'humiValue' set but not used [-Wunused-but-set-variable]
.\SPI_handler.c:79:27: warning: variable 'tempValue' set but not used [-Wunused-but-set-variable]
arm-none-eabi-gcc.exe -I. -I./Generated_Source/PSoC4 -Wno-main -mcpu=cortex-m0 -mthumb -Wall -g -D DEBUG -Wa,-alh=.\CortexM0\ARM_GCC_473\Debug\cyfitter_cfg.lst -ffunction-sections -c .\Generated_Source\PSoC4\cyfitter_cfg.c -o .\CortexM0\ARM_GCC_473\Debug\cyfitter_cfg.o
arm-none-eabi-gcc.exe -I. -I./Generated_Source/PSoC4 -Wno-main -mcpu=cortex-m0 -mthumb -Wall -g -D DEBUG -Wa,-alh=.\CortexM0\ARM_GCC_473\Debug\cymetadata.lst -ffunction-sections -c .\Generated_Source\PSoC4\cymetadata.c -o .\CortexM0\ARM_GCC_473\Debug\cymetadata.o
arm-none-eabi-gcc.exe -I. -I./Generated_Source/PSoC4 -Wno-main -mcpu=cortex-m0 -mthumb -Wall -g -D DEBUG -Wa,-alh=.\CortexM0\ARM_GCC_473\Debug\Cm0Start.lst -ffunction-sections -c .\Generated_Source\PSoC4\Cm0Start.c -o .\CortexM0\ARM_GCC_473\Debug\Cm0Start.o
arm-none-eabi-as.exe -I. -I./Generated_Source/PSoC4 -mcpu=cortex-m0 -mthumb -g -alh=.\CortexM0\ARM_GCC_473\Debug/CyBootAsmGnu.lst -o .\CortexM0\ARM_GCC_473\Debug\CyBootAsmGnu.o .\Generated_Source\PSoC4\CyBootAsmGnu.s
arm-none-eabi-gcc.exe -I. -I./Generated_Source/PSoC4 -Wno-main -mcpu=cortex-m0 -mthumb -Wall -g -D DEBUG -Wa,-alh=.\CortexM0\ARM_GCC_473\Debug\CyFlash.lst -ffunction-sections -c .\Generated_Source\PSoC4\CyFlash.c -o .\CortexM0\ARM_GCC_473\Debug\CyFlash.o
arm-none-eabi-gcc.exe -I. -I./Generated_Source/PSoC4 -Wno-main -mcpu=cortex-m0 -mthumb -Wall -g -D DEBUG -Wa,-alh=.\CortexM0\ARM_GCC_473\Debug\CyLib.lst -ffunction-sections -c .\Generated_Source\PSoC4\CyLib.c -o .\CortexM0\ARM_GCC_473\Debug\CyLib.o
arm-none-eabi-gcc.exe -I. -I./Generated_Source/PSoC4 -Wno-main -mcpu=cortex-m0 -mthumb -Wall -g -D DEBUG -Wa,-alh=.\CortexM0\ARM_GCC_473\Debug\cyPm.lst -ffunction-sections -c .\Generated_Source\PSoC4\cyPm.c -o .\CortexM0\ARM_GCC_473\Debug\cyPm.o
arm-none-eabi-gcc.exe -I. -I./Generated_Source/PSoC4 -Wno-main -mcpu=cortex-m0 -mthumb -Wall -g -D DEBUG -Wa,-alh=.\CortexM0\ARM_GCC_473\Debug\cyutils.lst -ffunction-sections -c .\Generated_Source\PSoC4\cyutils.c -o .\CortexM0\ARM_GCC_473\Debug\cyutils.o
arm-none-eabi-gcc.exe -I. -I./Generated_Source/PSoC4 -Wno-main -mcpu=cortex-m0 -mthumb -Wall -g -D DEBUG -Wa,-alh=.\CortexM0\ARM_GCC_473\Debug\SPIS_1.lst -ffunction-sections -c .\Generated_Source\PSoC4\SPIS_1.c -o .\CortexM0\ARM_GCC_473\Debug\SPIS_1.o
arm-none-eabi-gcc.exe -I. -I./Generated_Source/PSoC4 -Wno-main -mcpu=cortex-m0 -mthumb -Wall -g -D DEBUG -Wa,-alh=.\CortexM0\ARM_GCC_473\Debug\SPIS_1_SPI_UART.lst -ffunction-sections -c .\Generated_Source\PSoC4\SPIS_1_SPI_UART.c -o .\CortexM0\ARM_GCC_473\Debug\SPIS_1_SPI_UART.o
arm-none-eabi-gcc.exe -I. -I./Generated_Source/PSoC4 -Wno-main -mcpu=cortex-m0 -mthumb -Wall -g -D DEBUG -Wa,-alh=.\CortexM0\ARM_GCC_473\Debug\SPIS_1_PM.lst -ffunction-sections -c .\Generated_Source\PSoC4\SPIS_1_PM.c -o .\CortexM0\ARM_GCC_473\Debug\SPIS_1_PM.o
arm-none-eabi-gcc.exe -I. -I./Generated_Source/PSoC4 -Wno-main -mcpu=cortex-m0 -mthumb -Wall -g -D DEBUG -Wa,-alh=.\CortexM0\ARM_GCC_473\Debug\SPIS_1_SPI.lst -ffunction-sections -c .\Generated_Source\PSoC4\SPIS_1_SPI.c -o .\CortexM0\ARM_GCC_473\Debug\SPIS_1_SPI.o
arm-none-eabi-gcc.exe -I. -I./Generated_Source/PSoC4 -Wno-main -mcpu=cortex-m0 -mthumb -Wall -g -D DEBUG -Wa,-alh=.\CortexM0\ARM_GCC_473\Debug\SPIS_1_BOOT.lst -ffunction-sections -c .\Generated_Source\PSoC4\SPIS_1_BOOT.c -o .\CortexM0\ARM_GCC_473\Debug\SPIS_1_BOOT.o
arm-none-eabi-gcc.exe -I. -I./Generated_Source/PSoC4 -Wno-main -mcpu=cortex-m0 -mthumb -Wall -g -D DEBUG -Wa,-alh=.\CortexM0\ARM_GCC_473\Debug\SPIS_1_SPI_BOOT.lst -ffunction-sections -c .\Generated_Source\PSoC4\SPIS_1_SPI_BOOT.c -o .\CortexM0\ARM_GCC_473\Debug\SPIS_1_SPI_BOOT.o
arm-none-eabi-gcc.exe -I. -I./Generated_Source/PSoC4 -Wno-main -mcpu=cortex-m0 -mthumb -Wall -g -D DEBUG -Wa,-alh=.\CortexM0\ARM_GCC_473\Debug\SPIS_1_SPI_UART_INT.lst -ffunction-sections -c .\Generated_Source\PSoC4\SPIS_1_SPI_UART_INT.c -o .\CortexM0\ARM_GCC_473\Debug\SPIS_1_SPI_UART_INT.o
arm-none-eabi-gcc.exe -I. -I./Generated_Source/PSoC4 -Wno-main -mcpu=cortex-m0 -mthumb -Wall -g -D DEBUG -Wa,-alh=.\CortexM0\ARM_GCC_473\Debug\SPIS_1_ss_s.lst -ffunction-sections -c .\Generated_Source\PSoC4\SPIS_1_ss_s.c -o .\CortexM0\ARM_GCC_473\Debug\SPIS_1_ss_s.o
arm-none-eabi-gcc.exe -I. -I./Generated_Source/PSoC4 -Wno-main -mcpu=cortex-m0 -mthumb -Wall -g -D DEBUG -Wa,-alh=.\CortexM0\ARM_GCC_473\Debug\SPIS_1_miso_s.lst -ffunction-sections -c .\Generated_Source\PSoC4\SPIS_1_miso_s.c -o .\CortexM0\ARM_GCC_473\Debug\SPIS_1_miso_s.o
arm-none-eabi-gcc.exe -I. -I./Generated_Source/PSoC4 -Wno-main -mcpu=cortex-m0 -mthumb -Wall -g -D DEBUG -Wa,-alh=.\CortexM0\ARM_GCC_473\Debug\SPIS_1_sclk_s.lst -ffunction-sections -c .\Generated_Source\PSoC4\SPIS_1_sclk_s.c -o .\CortexM0\ARM_GCC_473\Debug\SPIS_1_sclk_s.o
arm-none-eabi-gcc.exe -I. -I./Generated_Source/PSoC4 -Wno-main -mcpu=cortex-m0 -mthumb -Wall -g -D DEBUG -Wa,-alh=.\CortexM0\ARM_GCC_473\Debug\SPIS_1_mosi_s.lst -ffunction-sections -c .\Generated_Source\PSoC4\SPIS_1_mosi_s.c -o .\CortexM0\ARM_GCC_473\Debug\SPIS_1_mosi_s.o
arm-none-eabi-gcc.exe -I. -I./Generated_Source/PSoC4 -Wno-main -mcpu=cortex-m0 -mthumb -Wall -g -D DEBUG -Wa,-alh=.\CortexM0\ARM_GCC_473\Debug\RED_LED.lst -ffunction-sections -c .\Generated_Source\PSoC4\RED_LED.c -o .\CortexM0\ARM_GCC_473\Debug\RED_LED.o
arm-none-eabi-gcc.exe -I. -I./Generated_Source/PSoC4 -Wno-main -mcpu=cortex-m0 -mthumb -Wall -g -D DEBUG -Wa,-alh=.\CortexM0\ARM_GCC_473\Debug\GREEN_LED.lst -ffunction-sections -c .\Generated_Source\PSoC4\GREEN_LED.c -o .\CortexM0\ARM_GCC_473\Debug\GREEN_LED.o
arm-none-eabi-gcc.exe -I. -I./Generated_Source/PSoC4 -Wno-main -mcpu=cortex-m0 -mthumb -Wall -g -D DEBUG -Wa,-alh=.\CortexM0\ARM_GCC_473\Debug\BLUE_LED.lst -ffunction-sections -c .\Generated_Source\PSoC4\BLUE_LED.c -o .\CortexM0\ARM_GCC_473\Debug\BLUE_LED.o
arm-none-eabi-ar.exe -rs .\CortexM0\ARM_GCC_473\Debug\SPI_handler.a .\CortexM0\ARM_GCC_473\Debug\cyfitter_cfg.o .\CortexM0\ARM_GCC_473\Debug\CyBootAsmGnu.o .\CortexM0\ARM_GCC_473\Debug\CyFlash.o .\CortexM0\ARM_GCC_473\Debug\CyLib.o .\CortexM0\ARM_GCC_473\Debug\cyPm.o .\CortexM0\ARM_GCC_473\Debug\cyutils.o .\CortexM0\ARM_GCC_473\Debug\SPIS_1.o .\CortexM0\ARM_GCC_473\Debug\SPIS_1_SPI_UART.o .\CortexM0\ARM_GCC_473\Debug\SPIS_1_PM.o .\CortexM0\ARM_GCC_473\Debug\SPIS_1_SPI.o .\CortexM0\ARM_GCC_473\Debug\SPIS_1_BOOT.o .\CortexM0\ARM_GCC_473\Debug\SPIS_1_SPI_BOOT.o .\CortexM0\ARM_GCC_473\Debug\SPIS_1_SPI_UART_INT.o .\CortexM0\ARM_GCC_473\Debug\SPIS_1_ss_s.o .\CortexM0\ARM_GCC_473\Debug\SPIS_1_miso_s.o .\CortexM0\ARM_GCC_473\Debug\SPIS_1_sclk_s.o .\CortexM0\ARM_GCC_473\Debug\SPIS_1_mosi_s.o .\CortexM0\ARM_GCC_473\Debug\RED_LED.o .\CortexM0\ARM_GCC_473\Debug\GREEN_LED.o .\CortexM0\ARM_GCC_473\Debug\BLUE_LED.o
arm-none-eabi-ar.exe: creating .\CortexM0\ARM_GCC_473\Debug\SPI_handler.a
arm-none-eabi-gcc.exe -mthumb -march=armv6-m -T .\Generated_Source\PSoC4\cm0gcc.ld -g -Wl,-Map,.\CortexM0\ARM_GCC_473\Debug\SPI_handler.map -specs=nano.specs -Wl,--gc-sections -Wl,--start-group -o .\CortexM0\ARM_GCC_473\Debug\SPI_handler.elf .\CortexM0\ARM_GCC_473\Debug\main.o .\CortexM0\ARM_GCC_473\Debug\SPI_handler.o .\CortexM0\ARM_GCC_473\Debug\cymetadata.o .\CortexM0\ARM_GCC_473\Debug\Cm0Start.o .\CortexM0\ARM_GCC_473\Debug\SPI_handler.a "C:\Program Files\Cypress\PSoC Creator\3.0\PSoC Creator\psoc\content\cycomponentlibrary\CyComponentLibrary.cylib\CortexM0\ARM_GCC_473\Debug\CyComponentLibrary.a" -Wl,--end-group
cyelftool.exe -C Z:\Desktop\E3PRJ3\Implementering\SW\SPI\PSoC4_SPI\SPI_slave\SPI_handler.cydsn\CortexM0\ARM_GCC_473\Debug\SPI_handler.elf --flash_size 32768 --flash_row_size 128
cyelftool.exe -S Z:\Desktop\E3PRJ3\Implementering\SW\SPI\PSoC4_SPI\SPI_slave\SPI_handler.cydsn\CortexM0\ARM_GCC_473\Debug\SPI_handler.elf
Flash used: 19140 of 32768 bytes (58,4 %).
SRAM used: 2372 of 4096 bytes (57,9 %).
--------------- Rebuild Succeeded: 11/23/2014 15:58:57 ---------------
