ARM GAS  C:\Users\MICKKI~1\AppData\Local\Temp\ccu1L5tb.s 			page 1


   1              		.cpu cortex-m0
   2              		.fpu softvfp
   3              		.eabi_attribute 20, 1
   4              		.eabi_attribute 21, 1
   5              		.eabi_attribute 23, 3
   6              		.eabi_attribute 24, 1
   7              		.eabi_attribute 25, 1
   8              		.eabi_attribute 26, 1
   9              		.eabi_attribute 30, 6
  10              		.eabi_attribute 34, 0
  11              		.eabi_attribute 18, 4
  12              		.code	16
  13              		.file	"SPI_1_SPI.c"
  14              		.text
  15              	.Ltext0:
  16              		.cfi_sections	.debug_frame
  17              		.section	.text.SPI_1_SpiInit,"ax",%progbits
  18              		.align	2
  19              		.global	SPI_1_SpiInit
  20              		.code	16
  21              		.thumb_func
  22              		.type	SPI_1_SpiInit, %function
  23              	SPI_1_SpiInit:
  24              	.LFB0:
  25              		.file 1 ".\\Generated_Source\\PSoC4\\SPI_1_SPI.c"
   1:.\Generated_Source\PSoC4/SPI_1_SPI.c **** /*******************************************************************************
   2:.\Generated_Source\PSoC4/SPI_1_SPI.c **** * File Name: SPI_1_SPI.c
   3:.\Generated_Source\PSoC4/SPI_1_SPI.c **** * Version 1.20
   4:.\Generated_Source\PSoC4/SPI_1_SPI.c **** *
   5:.\Generated_Source\PSoC4/SPI_1_SPI.c **** * Description:
   6:.\Generated_Source\PSoC4/SPI_1_SPI.c **** *  This file provides the source code to the API for the SCB Component in
   7:.\Generated_Source\PSoC4/SPI_1_SPI.c **** *  SPI mode.
   8:.\Generated_Source\PSoC4/SPI_1_SPI.c **** *
   9:.\Generated_Source\PSoC4/SPI_1_SPI.c **** * Note:
  10:.\Generated_Source\PSoC4/SPI_1_SPI.c **** *
  11:.\Generated_Source\PSoC4/SPI_1_SPI.c **** *******************************************************************************
  12:.\Generated_Source\PSoC4/SPI_1_SPI.c **** * Copyright 2013-2014, Cypress Semiconductor Corporation.  All rights reserved.
  13:.\Generated_Source\PSoC4/SPI_1_SPI.c **** * You may use this file only in accordance with the license, terms, conditions,
  14:.\Generated_Source\PSoC4/SPI_1_SPI.c **** * disclaimers, and limitations in the end user license agreement accompanying
  15:.\Generated_Source\PSoC4/SPI_1_SPI.c **** * the software package with which this file was provided.
  16:.\Generated_Source\PSoC4/SPI_1_SPI.c **** *******************************************************************************/
  17:.\Generated_Source\PSoC4/SPI_1_SPI.c **** 
  18:.\Generated_Source\PSoC4/SPI_1_SPI.c **** #include "SPI_1_PVT.h"
  19:.\Generated_Source\PSoC4/SPI_1_SPI.c **** #include "SPI_1_SPI_UART_PVT.h"
  20:.\Generated_Source\PSoC4/SPI_1_SPI.c **** 
  21:.\Generated_Source\PSoC4/SPI_1_SPI.c **** #if(SPI_1_SCB_MODE_UNCONFIG_CONST_CFG)
  22:.\Generated_Source\PSoC4/SPI_1_SPI.c **** 
  23:.\Generated_Source\PSoC4/SPI_1_SPI.c ****     /***************************************
  24:.\Generated_Source\PSoC4/SPI_1_SPI.c ****     *  Config Structure Initialization
  25:.\Generated_Source\PSoC4/SPI_1_SPI.c ****     ***************************************/
  26:.\Generated_Source\PSoC4/SPI_1_SPI.c **** 
  27:.\Generated_Source\PSoC4/SPI_1_SPI.c ****     const SPI_1_SPI_INIT_STRUCT SPI_1_configSpi =
  28:.\Generated_Source\PSoC4/SPI_1_SPI.c ****     {
  29:.\Generated_Source\PSoC4/SPI_1_SPI.c ****         SPI_1_SPI_MODE,
  30:.\Generated_Source\PSoC4/SPI_1_SPI.c ****         SPI_1_SPI_SUB_MODE,
  31:.\Generated_Source\PSoC4/SPI_1_SPI.c ****         SPI_1_SPI_CLOCK_MODE,
  32:.\Generated_Source\PSoC4/SPI_1_SPI.c ****         SPI_1_SPI_OVS_FACTOR,
ARM GAS  C:\Users\MICKKI~1\AppData\Local\Temp\ccu1L5tb.s 			page 2


  33:.\Generated_Source\PSoC4/SPI_1_SPI.c ****         SPI_1_SPI_MEDIAN_FILTER_ENABLE,
  34:.\Generated_Source\PSoC4/SPI_1_SPI.c ****         SPI_1_SPI_LATE_MISO_SAMPLE_ENABLE,
  35:.\Generated_Source\PSoC4/SPI_1_SPI.c ****         SPI_1_SPI_WAKE_ENABLE,
  36:.\Generated_Source\PSoC4/SPI_1_SPI.c ****         SPI_1_SPI_RX_DATA_BITS_NUM,
  37:.\Generated_Source\PSoC4/SPI_1_SPI.c ****         SPI_1_SPI_TX_DATA_BITS_NUM,
  38:.\Generated_Source\PSoC4/SPI_1_SPI.c ****         SPI_1_SPI_BITS_ORDER,
  39:.\Generated_Source\PSoC4/SPI_1_SPI.c ****         SPI_1_SPI_TRANSFER_SEPARATION,
  40:.\Generated_Source\PSoC4/SPI_1_SPI.c ****         0u,
  41:.\Generated_Source\PSoC4/SPI_1_SPI.c ****         NULL,
  42:.\Generated_Source\PSoC4/SPI_1_SPI.c ****         0u,
  43:.\Generated_Source\PSoC4/SPI_1_SPI.c ****         NULL,
  44:.\Generated_Source\PSoC4/SPI_1_SPI.c ****         (uint32) SPI_1_SCB_IRQ_INTERNAL,
  45:.\Generated_Source\PSoC4/SPI_1_SPI.c ****         SPI_1_SPI_INTR_RX_MASK,
  46:.\Generated_Source\PSoC4/SPI_1_SPI.c ****         SPI_1_SPI_RX_TRIGGER_LEVEL,
  47:.\Generated_Source\PSoC4/SPI_1_SPI.c ****         SPI_1_SPI_INTR_TX_MASK,
  48:.\Generated_Source\PSoC4/SPI_1_SPI.c ****         SPI_1_SPI_TX_TRIGGER_LEVEL
  49:.\Generated_Source\PSoC4/SPI_1_SPI.c ****     };
  50:.\Generated_Source\PSoC4/SPI_1_SPI.c **** 
  51:.\Generated_Source\PSoC4/SPI_1_SPI.c **** 
  52:.\Generated_Source\PSoC4/SPI_1_SPI.c ****     /*******************************************************************************
  53:.\Generated_Source\PSoC4/SPI_1_SPI.c ****     * Function Name: SPI_1_SpiInit
  54:.\Generated_Source\PSoC4/SPI_1_SPI.c ****     ********************************************************************************
  55:.\Generated_Source\PSoC4/SPI_1_SPI.c ****     *
  56:.\Generated_Source\PSoC4/SPI_1_SPI.c ****     * Summary:
  57:.\Generated_Source\PSoC4/SPI_1_SPI.c ****     *  Configures the SCB for the SPI operation.
  58:.\Generated_Source\PSoC4/SPI_1_SPI.c ****     *
  59:.\Generated_Source\PSoC4/SPI_1_SPI.c ****     * Parameters:
  60:.\Generated_Source\PSoC4/SPI_1_SPI.c ****     *  config:  Pointer to a structure that contains the following ordered list of
  61:.\Generated_Source\PSoC4/SPI_1_SPI.c ****     *           fields. These fields match the selections available in the
  62:.\Generated_Source\PSoC4/SPI_1_SPI.c ****     *           customizer.
  63:.\Generated_Source\PSoC4/SPI_1_SPI.c ****     *
  64:.\Generated_Source\PSoC4/SPI_1_SPI.c ****     * Return:
  65:.\Generated_Source\PSoC4/SPI_1_SPI.c ****     *  None
  66:.\Generated_Source\PSoC4/SPI_1_SPI.c ****     *
  67:.\Generated_Source\PSoC4/SPI_1_SPI.c ****     *******************************************************************************/
  68:.\Generated_Source\PSoC4/SPI_1_SPI.c ****     void SPI_1_SpiInit(const SPI_1_SPI_INIT_STRUCT *config)
  69:.\Generated_Source\PSoC4/SPI_1_SPI.c ****     {
  70:.\Generated_Source\PSoC4/SPI_1_SPI.c ****         if(NULL == config)
  71:.\Generated_Source\PSoC4/SPI_1_SPI.c ****         {
  72:.\Generated_Source\PSoC4/SPI_1_SPI.c ****             CYASSERT(0u != 0u); /* Halt execution due to bad function parameter */
  73:.\Generated_Source\PSoC4/SPI_1_SPI.c ****         }
  74:.\Generated_Source\PSoC4/SPI_1_SPI.c ****         else
  75:.\Generated_Source\PSoC4/SPI_1_SPI.c ****         {
  76:.\Generated_Source\PSoC4/SPI_1_SPI.c ****             /* Configure pins */
  77:.\Generated_Source\PSoC4/SPI_1_SPI.c ****             SPI_1_SetPins(SPI_1_SCB_MODE_SPI, config->mode, SPI_1_DUMMY_PARAM);
  78:.\Generated_Source\PSoC4/SPI_1_SPI.c **** 
  79:.\Generated_Source\PSoC4/SPI_1_SPI.c ****             /* Store internal configuration */
  80:.\Generated_Source\PSoC4/SPI_1_SPI.c ****             SPI_1_scbMode       = (uint8) SPI_1_SCB_MODE_SPI;
  81:.\Generated_Source\PSoC4/SPI_1_SPI.c ****             SPI_1_scbEnableWake = (uint8) config->enableWake;
  82:.\Generated_Source\PSoC4/SPI_1_SPI.c ****             SPI_1_scbEnableIntr = (uint8) config->enableInterrupt;
  83:.\Generated_Source\PSoC4/SPI_1_SPI.c **** 
  84:.\Generated_Source\PSoC4/SPI_1_SPI.c ****             /* Set RX direction internal variables */
  85:.\Generated_Source\PSoC4/SPI_1_SPI.c ****             SPI_1_rxBuffer      =         config->rxBuffer;
  86:.\Generated_Source\PSoC4/SPI_1_SPI.c ****             SPI_1_rxDataBits    = (uint8) config->rxDataBits;
  87:.\Generated_Source\PSoC4/SPI_1_SPI.c ****             SPI_1_rxBufferSize  = (uint8) config->rxBufferSize;
  88:.\Generated_Source\PSoC4/SPI_1_SPI.c **** 
  89:.\Generated_Source\PSoC4/SPI_1_SPI.c ****             /* Set TX direction internal variables */
ARM GAS  C:\Users\MICKKI~1\AppData\Local\Temp\ccu1L5tb.s 			page 3


  90:.\Generated_Source\PSoC4/SPI_1_SPI.c ****             SPI_1_txBuffer      =         config->txBuffer;
  91:.\Generated_Source\PSoC4/SPI_1_SPI.c ****             SPI_1_txDataBits    = (uint8) config->txDataBits;
  92:.\Generated_Source\PSoC4/SPI_1_SPI.c ****             SPI_1_txBufferSize  = (uint8) config->txBufferSize;
  93:.\Generated_Source\PSoC4/SPI_1_SPI.c **** 
  94:.\Generated_Source\PSoC4/SPI_1_SPI.c ****             /* Configure SPI interface */
  95:.\Generated_Source\PSoC4/SPI_1_SPI.c ****             SPI_1_CTRL_REG     = SPI_1_GET_CTRL_OVS(config->oversample)        |
  96:.\Generated_Source\PSoC4/SPI_1_SPI.c ****                                             SPI_1_GET_CTRL_EC_AM_MODE(config->enableWake) |
  97:.\Generated_Source\PSoC4/SPI_1_SPI.c ****                                             SPI_1_CTRL_SPI;
  98:.\Generated_Source\PSoC4/SPI_1_SPI.c **** 
  99:.\Generated_Source\PSoC4/SPI_1_SPI.c ****             SPI_1_SPI_CTRL_REG = SPI_1_GET_SPI_CTRL_CONTINUOUS    (config->transferSeperation)  |
 100:.\Generated_Source\PSoC4/SPI_1_SPI.c ****                                             SPI_1_GET_SPI_CTRL_SELECT_PRECEDE(config->submode &
 101:.\Generated_Source\PSoC4/SPI_1_SPI.c ****                                                                           SPI_1_SPI_MODE_TI_PRECEDE
 102:.\Generated_Source\PSoC4/SPI_1_SPI.c ****                                             SPI_1_GET_SPI_CTRL_SCLK_MODE     (config->sclkMode)    
 103:.\Generated_Source\PSoC4/SPI_1_SPI.c ****                                             SPI_1_GET_SPI_CTRL_LATE_MISO_SAMPLE(config->enableLateS
 104:.\Generated_Source\PSoC4/SPI_1_SPI.c ****                                             SPI_1_GET_SPI_CTRL_SUB_MODE      (config->submode)     
 105:.\Generated_Source\PSoC4/SPI_1_SPI.c ****                                             SPI_1_GET_SPI_CTRL_MASTER_MODE   (config->mode);
 106:.\Generated_Source\PSoC4/SPI_1_SPI.c **** 
 107:.\Generated_Source\PSoC4/SPI_1_SPI.c ****             /* Configure RX direction */
 108:.\Generated_Source\PSoC4/SPI_1_SPI.c ****             SPI_1_RX_CTRL_REG     =  SPI_1_GET_RX_CTRL_DATA_WIDTH(config->rxDataBits)         |
 109:.\Generated_Source\PSoC4/SPI_1_SPI.c ****                                                 SPI_1_GET_RX_CTRL_BIT_ORDER (config->bitOrder)     
 110:.\Generated_Source\PSoC4/SPI_1_SPI.c ****                                                 SPI_1_GET_RX_CTRL_MEDIAN    (config->enableMedianFi
 111:.\Generated_Source\PSoC4/SPI_1_SPI.c ****                                                 SPI_1_SPI_RX_CTRL;
 112:.\Generated_Source\PSoC4/SPI_1_SPI.c **** 
 113:.\Generated_Source\PSoC4/SPI_1_SPI.c ****             SPI_1_RX_FIFO_CTRL_REG = SPI_1_GET_RX_FIFO_CTRL_TRIGGER_LEVEL(config->rxTriggerLevel);
 114:.\Generated_Source\PSoC4/SPI_1_SPI.c **** 
 115:.\Generated_Source\PSoC4/SPI_1_SPI.c ****             /* Configure TX direction */
 116:.\Generated_Source\PSoC4/SPI_1_SPI.c ****             SPI_1_TX_CTRL_REG      = SPI_1_GET_TX_CTRL_DATA_WIDTH(config->txDataBits) |
 117:.\Generated_Source\PSoC4/SPI_1_SPI.c ****                                                 SPI_1_GET_TX_CTRL_BIT_ORDER (config->bitOrder)   |
 118:.\Generated_Source\PSoC4/SPI_1_SPI.c ****                                                 SPI_1_SPI_TX_CTRL;
 119:.\Generated_Source\PSoC4/SPI_1_SPI.c **** 
 120:.\Generated_Source\PSoC4/SPI_1_SPI.c ****             SPI_1_TX_FIFO_CTRL_REG = SPI_1_GET_TX_FIFO_CTRL_TRIGGER_LEVEL(config->txTriggerLevel);
 121:.\Generated_Source\PSoC4/SPI_1_SPI.c **** 
 122:.\Generated_Source\PSoC4/SPI_1_SPI.c ****             /* Configure interrupt with SPI handler but do not enable it */
 123:.\Generated_Source\PSoC4/SPI_1_SPI.c ****             CyIntDisable    (SPI_1_ISR_NUMBER);
 124:.\Generated_Source\PSoC4/SPI_1_SPI.c ****             CyIntSetPriority(SPI_1_ISR_NUMBER, SPI_1_ISR_PRIORITY);
 125:.\Generated_Source\PSoC4/SPI_1_SPI.c ****             (void) CyIntSetVector(SPI_1_ISR_NUMBER, &SPI_1_SPI_UART_ISR);
 126:.\Generated_Source\PSoC4/SPI_1_SPI.c **** 
 127:.\Generated_Source\PSoC4/SPI_1_SPI.c ****             /* Configure interrupt sources */
 128:.\Generated_Source\PSoC4/SPI_1_SPI.c ****             SPI_1_INTR_I2C_EC_MASK_REG = SPI_1_NO_INTR_SOURCES;
 129:.\Generated_Source\PSoC4/SPI_1_SPI.c ****             SPI_1_INTR_SPI_EC_MASK_REG = SPI_1_NO_INTR_SOURCES;
 130:.\Generated_Source\PSoC4/SPI_1_SPI.c ****             SPI_1_INTR_SLAVE_MASK_REG  = SPI_1_GET_SPI_INTR_SLAVE_MASK(config->rxInterruptMask);
 131:.\Generated_Source\PSoC4/SPI_1_SPI.c ****             SPI_1_INTR_MASTER_MASK_REG = SPI_1_GET_SPI_INTR_MASTER_MASK(config->txInterruptMask);
 132:.\Generated_Source\PSoC4/SPI_1_SPI.c ****             SPI_1_INTR_RX_MASK_REG     = SPI_1_GET_SPI_INTR_RX_MASK(config->rxInterruptMask);
 133:.\Generated_Source\PSoC4/SPI_1_SPI.c ****             SPI_1_INTR_TX_MASK_REG     = SPI_1_GET_SPI_INTR_TX_MASK(config->txInterruptMask);
 134:.\Generated_Source\PSoC4/SPI_1_SPI.c **** 
 135:.\Generated_Source\PSoC4/SPI_1_SPI.c ****             /* Clear RX buffer indexes */
 136:.\Generated_Source\PSoC4/SPI_1_SPI.c ****             SPI_1_rxBufferHead     = 0u;
 137:.\Generated_Source\PSoC4/SPI_1_SPI.c ****             SPI_1_rxBufferTail     = 0u;
 138:.\Generated_Source\PSoC4/SPI_1_SPI.c ****             SPI_1_rxBufferOverflow = 0u;
 139:.\Generated_Source\PSoC4/SPI_1_SPI.c **** 
 140:.\Generated_Source\PSoC4/SPI_1_SPI.c ****             /* Clrea TX buffer indexes */
 141:.\Generated_Source\PSoC4/SPI_1_SPI.c ****             SPI_1_txBufferHead = 0u;
 142:.\Generated_Source\PSoC4/SPI_1_SPI.c ****             SPI_1_txBufferTail = 0u;
 143:.\Generated_Source\PSoC4/SPI_1_SPI.c ****         }
 144:.\Generated_Source\PSoC4/SPI_1_SPI.c ****     }
 145:.\Generated_Source\PSoC4/SPI_1_SPI.c **** 
 146:.\Generated_Source\PSoC4/SPI_1_SPI.c **** #else
ARM GAS  C:\Users\MICKKI~1\AppData\Local\Temp\ccu1L5tb.s 			page 4


 147:.\Generated_Source\PSoC4/SPI_1_SPI.c **** 
 148:.\Generated_Source\PSoC4/SPI_1_SPI.c ****     /*******************************************************************************
 149:.\Generated_Source\PSoC4/SPI_1_SPI.c ****     * Function Name: SPI_1_SpiInit
 150:.\Generated_Source\PSoC4/SPI_1_SPI.c ****     ********************************************************************************
 151:.\Generated_Source\PSoC4/SPI_1_SPI.c ****     *
 152:.\Generated_Source\PSoC4/SPI_1_SPI.c ****     * Summary:
 153:.\Generated_Source\PSoC4/SPI_1_SPI.c ****     *  Configures the SCB for the SPI operation.
 154:.\Generated_Source\PSoC4/SPI_1_SPI.c ****     *
 155:.\Generated_Source\PSoC4/SPI_1_SPI.c ****     * Parameters:
 156:.\Generated_Source\PSoC4/SPI_1_SPI.c ****     *  None
 157:.\Generated_Source\PSoC4/SPI_1_SPI.c ****     *
 158:.\Generated_Source\PSoC4/SPI_1_SPI.c ****     * Return:
 159:.\Generated_Source\PSoC4/SPI_1_SPI.c ****     *  None
 160:.\Generated_Source\PSoC4/SPI_1_SPI.c ****     *
 161:.\Generated_Source\PSoC4/SPI_1_SPI.c ****     *******************************************************************************/
 162:.\Generated_Source\PSoC4/SPI_1_SPI.c ****     void SPI_1_SpiInit(void)
 163:.\Generated_Source\PSoC4/SPI_1_SPI.c ****     {
  26              		.loc 1 163 0
  27              		.cfi_startproc
  28 0000 80B5     		push	{r7, lr}
  29              	.LCFI0:
  30              		.cfi_def_cfa_offset 8
  31              		.cfi_offset 7, -8
  32              		.cfi_offset 14, -4
  33 0002 00AF     		add	r7, sp, #0
  34              	.LCFI1:
  35              		.cfi_def_cfa_register 7
 164:.\Generated_Source\PSoC4/SPI_1_SPI.c ****         /* Configure SPI interface */
 165:.\Generated_Source\PSoC4/SPI_1_SPI.c ****         SPI_1_CTRL_REG     = SPI_1_SPI_DEFAULT_CTRL;
  36              		.loc 1 165 0
  37 0004 124B     		ldr	r3, .L2
  38 0006 134A     		ldr	r2, .L2+4
  39 0008 1A60     		str	r2, [r3]
 166:.\Generated_Source\PSoC4/SPI_1_SPI.c ****         SPI_1_SPI_CTRL_REG = SPI_1_SPI_DEFAULT_SPI_CTRL;
  40              		.loc 1 166 0
  41 000a 134B     		ldr	r3, .L2+8
  42 000c 0122     		mov	r2, #1
  43 000e 1A60     		str	r2, [r3]
 167:.\Generated_Source\PSoC4/SPI_1_SPI.c **** 
 168:.\Generated_Source\PSoC4/SPI_1_SPI.c ****         /* Configure TX and RX direction */
 169:.\Generated_Source\PSoC4/SPI_1_SPI.c ****         SPI_1_RX_CTRL_REG      = SPI_1_SPI_DEFAULT_RX_CTRL;
  44              		.loc 1 169 0
  45 0010 124B     		ldr	r3, .L2+12
  46 0012 134A     		ldr	r2, .L2+16
  47 0014 1A60     		str	r2, [r3]
 170:.\Generated_Source\PSoC4/SPI_1_SPI.c ****         SPI_1_RX_FIFO_CTRL_REG = SPI_1_SPI_DEFAULT_RX_FIFO_CTRL;
  48              		.loc 1 170 0
  49 0016 134B     		ldr	r3, .L2+20
  50 0018 0722     		mov	r2, #7
  51 001a 1A60     		str	r2, [r3]
 171:.\Generated_Source\PSoC4/SPI_1_SPI.c **** 
 172:.\Generated_Source\PSoC4/SPI_1_SPI.c ****         /* Configure TX and RX direction */
 173:.\Generated_Source\PSoC4/SPI_1_SPI.c ****         SPI_1_TX_CTRL_REG      = SPI_1_SPI_DEFAULT_TX_CTRL;
  52              		.loc 1 173 0
  53 001c 124B     		ldr	r3, .L2+24
  54 001e 104A     		ldr	r2, .L2+16
  55 0020 1A60     		str	r2, [r3]
ARM GAS  C:\Users\MICKKI~1\AppData\Local\Temp\ccu1L5tb.s 			page 5


 174:.\Generated_Source\PSoC4/SPI_1_SPI.c ****         SPI_1_TX_FIFO_CTRL_REG = SPI_1_SPI_DEFAULT_TX_FIFO_CTRL;
  56              		.loc 1 174 0
  57 0022 124B     		ldr	r3, .L2+28
  58 0024 0022     		mov	r2, #0
  59 0026 1A60     		str	r2, [r3]
 175:.\Generated_Source\PSoC4/SPI_1_SPI.c **** 
 176:.\Generated_Source\PSoC4/SPI_1_SPI.c ****         /* Configure interrupt with SPI handler but do not enable it */
 177:.\Generated_Source\PSoC4/SPI_1_SPI.c ****     #if(SPI_1_SCB_IRQ_INTERNAL)
 178:.\Generated_Source\PSoC4/SPI_1_SPI.c ****             CyIntDisable    (SPI_1_ISR_NUMBER);
 179:.\Generated_Source\PSoC4/SPI_1_SPI.c ****             CyIntSetPriority(SPI_1_ISR_NUMBER, SPI_1_ISR_PRIORITY);
 180:.\Generated_Source\PSoC4/SPI_1_SPI.c ****             (void) CyIntSetVector(SPI_1_ISR_NUMBER, &SPI_1_SPI_UART_ISR);
 181:.\Generated_Source\PSoC4/SPI_1_SPI.c ****     #endif /* (SPI_1_SCB_IRQ_INTERNAL) */
 182:.\Generated_Source\PSoC4/SPI_1_SPI.c **** 
 183:.\Generated_Source\PSoC4/SPI_1_SPI.c ****         /* Configure interrupt sources */
 184:.\Generated_Source\PSoC4/SPI_1_SPI.c ****         SPI_1_INTR_I2C_EC_MASK_REG = SPI_1_SPI_DEFAULT_INTR_I2C_EC_MASK;
  60              		.loc 1 184 0
  61 0028 114B     		ldr	r3, .L2+32
  62 002a 0022     		mov	r2, #0
  63 002c 1A60     		str	r2, [r3]
 185:.\Generated_Source\PSoC4/SPI_1_SPI.c ****         SPI_1_INTR_SPI_EC_MASK_REG = SPI_1_SPI_DEFAULT_INTR_SPI_EC_MASK;
  64              		.loc 1 185 0
  65 002e 114B     		ldr	r3, .L2+36
  66 0030 0022     		mov	r2, #0
  67 0032 1A60     		str	r2, [r3]
 186:.\Generated_Source\PSoC4/SPI_1_SPI.c ****         SPI_1_INTR_SLAVE_MASK_REG  = SPI_1_SPI_DEFAULT_INTR_SLAVE_MASK;
  68              		.loc 1 186 0
  69 0034 104B     		ldr	r3, .L2+40
  70 0036 0022     		mov	r2, #0
  71 0038 1A60     		str	r2, [r3]
 187:.\Generated_Source\PSoC4/SPI_1_SPI.c ****         SPI_1_INTR_MASTER_MASK_REG = SPI_1_SPI_DEFAULT_INTR_MASTER_MASK;
  72              		.loc 1 187 0
  73 003a 104B     		ldr	r3, .L2+44
  74 003c 0022     		mov	r2, #0
  75 003e 1A60     		str	r2, [r3]
 188:.\Generated_Source\PSoC4/SPI_1_SPI.c ****         SPI_1_INTR_RX_MASK_REG     = SPI_1_SPI_DEFAULT_INTR_RX_MASK;
  76              		.loc 1 188 0
  77 0040 0F4B     		ldr	r3, .L2+48
  78 0042 0022     		mov	r2, #0
  79 0044 1A60     		str	r2, [r3]
 189:.\Generated_Source\PSoC4/SPI_1_SPI.c ****         SPI_1_INTR_TX_MASK_REG     = SPI_1_SPI_DEFAULT_INTR_TX_MASK;
  80              		.loc 1 189 0
  81 0046 0F4B     		ldr	r3, .L2+52
  82 0048 0022     		mov	r2, #0
  83 004a 1A60     		str	r2, [r3]
 190:.\Generated_Source\PSoC4/SPI_1_SPI.c **** 
 191:.\Generated_Source\PSoC4/SPI_1_SPI.c ****     #if(SPI_1_INTERNAL_RX_SW_BUFFER_CONST)
 192:.\Generated_Source\PSoC4/SPI_1_SPI.c ****         SPI_1_rxBufferHead     = 0u;
 193:.\Generated_Source\PSoC4/SPI_1_SPI.c ****         SPI_1_rxBufferTail     = 0u;
 194:.\Generated_Source\PSoC4/SPI_1_SPI.c ****         SPI_1_rxBufferOverflow = 0u;
 195:.\Generated_Source\PSoC4/SPI_1_SPI.c ****     #endif /* (SPI_1_INTERNAL_RX_SW_BUFFER_CONST) */
 196:.\Generated_Source\PSoC4/SPI_1_SPI.c **** 
 197:.\Generated_Source\PSoC4/SPI_1_SPI.c ****     #if(SPI_1_INTERNAL_TX_SW_BUFFER_CONST)
 198:.\Generated_Source\PSoC4/SPI_1_SPI.c ****         SPI_1_txBufferHead = 0u;
 199:.\Generated_Source\PSoC4/SPI_1_SPI.c ****         SPI_1_txBufferTail = 0u;
 200:.\Generated_Source\PSoC4/SPI_1_SPI.c ****     #endif /* (SPI_1_INTERNAL_TX_SW_BUFFER_CONST) */
 201:.\Generated_Source\PSoC4/SPI_1_SPI.c ****     }
  84              		.loc 1 201 0
ARM GAS  C:\Users\MICKKI~1\AppData\Local\Temp\ccu1L5tb.s 			page 6


  85 004c BD46     		mov	sp, r7
  86              		@ sp needed for prologue
  87 004e 80BD     		pop	{r7, pc}
  88              	.L3:
  89              		.align	2
  90              	.L2:
  91 0050 00000640 		.word	1074135040
  92 0054 0F000001 		.word	16777231
  93 0058 20000640 		.word	1074135072
  94 005c 00030640 		.word	1074135808
  95 0060 07010080 		.word	-2147483385
  96 0064 04030640 		.word	1074135812
  97 0068 00020640 		.word	1074135552
  98 006c 04020640 		.word	1074135556
  99 0070 880E0640 		.word	1074138760
 100 0074 C80E0640 		.word	1074138824
 101 0078 480F0640 		.word	1074138952
 102 007c 080F0640 		.word	1074138888
 103 0080 C80F0640 		.word	1074139080
 104 0084 880F0640 		.word	1074139016
 105              		.cfi_endproc
 106              	.LFE0:
 107              		.size	SPI_1_SpiInit, .-SPI_1_SpiInit
 108              		.section	.text.SPI_1_SpiSetActiveSlaveSelect,"ax",%progbits
 109              		.align	2
 110              		.global	SPI_1_SpiSetActiveSlaveSelect
 111              		.code	16
 112              		.thumb_func
 113              		.type	SPI_1_SpiSetActiveSlaveSelect, %function
 114              	SPI_1_SpiSetActiveSlaveSelect:
 115              	.LFB1:
 202:.\Generated_Source\PSoC4/SPI_1_SPI.c **** #endif /* (SPI_1_SCB_MODE_UNCONFIG_CONST_CFG) */
 203:.\Generated_Source\PSoC4/SPI_1_SPI.c **** 
 204:.\Generated_Source\PSoC4/SPI_1_SPI.c **** 
 205:.\Generated_Source\PSoC4/SPI_1_SPI.c **** /*******************************************************************************
 206:.\Generated_Source\PSoC4/SPI_1_SPI.c **** * Function Name: SPI_1_SetActiveSlaveSelect
 207:.\Generated_Source\PSoC4/SPI_1_SPI.c **** ********************************************************************************
 208:.\Generated_Source\PSoC4/SPI_1_SPI.c **** *
 209:.\Generated_Source\PSoC4/SPI_1_SPI.c **** * Summary:
 210:.\Generated_Source\PSoC4/SPI_1_SPI.c **** *  Selects one of the four SPI slave select signals.
 211:.\Generated_Source\PSoC4/SPI_1_SPI.c **** *  The component should be in one of the following states to change the active
 212:.\Generated_Source\PSoC4/SPI_1_SPI.c **** *  slave select signal source correctly:
 213:.\Generated_Source\PSoC4/SPI_1_SPI.c **** *   - the component is disabled
 214:.\Generated_Source\PSoC4/SPI_1_SPI.c **** *   - the component has completed all transactions (TX FIFO is empty and the
 215:.\Generated_Source\PSoC4/SPI_1_SPI.c **** *     SpiDone flag is set)
 216:.\Generated_Source\PSoC4/SPI_1_SPI.c **** *  This function does not check that these conditions have been met.
 217:.\Generated_Source\PSoC4/SPI_1_SPI.c **** *  At the initialization time the active slave select line is slave select 0.
 218:.\Generated_Source\PSoC4/SPI_1_SPI.c **** *
 219:.\Generated_Source\PSoC4/SPI_1_SPI.c **** * Parameters:
 220:.\Generated_Source\PSoC4/SPI_1_SPI.c **** *  activeSelect: The four lines are available to utilize the Slave Select function.
 221:.\Generated_Source\PSoC4/SPI_1_SPI.c **** *
 222:.\Generated_Source\PSoC4/SPI_1_SPI.c **** * Return:
 223:.\Generated_Source\PSoC4/SPI_1_SPI.c **** *  None
 224:.\Generated_Source\PSoC4/SPI_1_SPI.c **** *
 225:.\Generated_Source\PSoC4/SPI_1_SPI.c **** *******************************************************************************/
 226:.\Generated_Source\PSoC4/SPI_1_SPI.c **** void SPI_1_SpiSetActiveSlaveSelect(uint32 activeSelect)
 227:.\Generated_Source\PSoC4/SPI_1_SPI.c **** {
ARM GAS  C:\Users\MICKKI~1\AppData\Local\Temp\ccu1L5tb.s 			page 7


 116              		.loc 1 227 0
 117              		.cfi_startproc
 118 0000 80B5     		push	{r7, lr}
 119              	.LCFI2:
 120              		.cfi_def_cfa_offset 8
 121              		.cfi_offset 7, -8
 122              		.cfi_offset 14, -4
 123 0002 84B0     		sub	sp, sp, #16
 124              	.LCFI3:
 125              		.cfi_def_cfa_offset 24
 126 0004 00AF     		add	r7, sp, #0
 127              	.LCFI4:
 128              		.cfi_def_cfa_register 7
 129 0006 7860     		str	r0, [r7, #4]
 228:.\Generated_Source\PSoC4/SPI_1_SPI.c ****     uint32 spiCtrl;
 229:.\Generated_Source\PSoC4/SPI_1_SPI.c **** 
 230:.\Generated_Source\PSoC4/SPI_1_SPI.c ****     spiCtrl = SPI_1_SPI_CTRL_REG;
 130              		.loc 1 230 0
 131 0008 0A4B     		ldr	r3, .L5
 132 000a 1B68     		ldr	r3, [r3]
 133 000c FB60     		str	r3, [r7, #12]
 231:.\Generated_Source\PSoC4/SPI_1_SPI.c **** 
 232:.\Generated_Source\PSoC4/SPI_1_SPI.c ****     spiCtrl &= (uint32) ~SPI_1_SPI_CTRL_SLAVE_SELECT_MASK;
 134              		.loc 1 232 0
 135 000e FA68     		ldr	r2, [r7, #12]
 136 0010 094B     		ldr	r3, .L5+4
 137 0012 1340     		and	r3, r2
 138 0014 FB60     		str	r3, [r7, #12]
 233:.\Generated_Source\PSoC4/SPI_1_SPI.c ****     spiCtrl |= (uint32)  SPI_1_GET_SPI_CTRL_SS(activeSelect);
 139              		.loc 1 233 0
 140 0016 7B68     		ldr	r3, [r7, #4]
 141 0018 9A06     		lsl	r2, r3, #26
 142 001a C023     		mov	r3, #192
 143 001c 1B05     		lsl	r3, r3, #20
 144 001e 1340     		and	r3, r2
 145 0020 FA68     		ldr	r2, [r7, #12]
 146 0022 1343     		orr	r3, r2
 147 0024 FB60     		str	r3, [r7, #12]
 234:.\Generated_Source\PSoC4/SPI_1_SPI.c **** 
 235:.\Generated_Source\PSoC4/SPI_1_SPI.c ****     SPI_1_SPI_CTRL_REG = spiCtrl;
 148              		.loc 1 235 0
 149 0026 034B     		ldr	r3, .L5
 150 0028 FA68     		ldr	r2, [r7, #12]
 151 002a 1A60     		str	r2, [r3]
 236:.\Generated_Source\PSoC4/SPI_1_SPI.c **** }
 152              		.loc 1 236 0
 153 002c BD46     		mov	sp, r7
 154 002e 04B0     		add	sp, sp, #16
 155              		@ sp needed for prologue
 156 0030 80BD     		pop	{r7, pc}
 157              	.L6:
 158 0032 C046     		.align	2
 159              	.L5:
 160 0034 20000640 		.word	1074135072
 161 0038 FFFFFFF3 		.word	-201326593
 162              		.cfi_endproc
 163              	.LFE1:
ARM GAS  C:\Users\MICKKI~1\AppData\Local\Temp\ccu1L5tb.s 			page 8


 164              		.size	SPI_1_SpiSetActiveSlaveSelect, .-SPI_1_SpiSetActiveSlaveSelect
 165              		.text
 166              	.Letext0:
 167              		.file 2 "./Generated_Source/PSoC4/cytypes.h"
 168              		.section	.debug_info,"",%progbits
 169              	.Ldebug_info0:
 170 0000 EC000000 		.4byte	0xec
 171 0004 0200     		.2byte	0x2
 172 0006 00000000 		.4byte	.Ldebug_abbrev0
 173 000a 04       		.byte	0x4
 174 000b 01       		.uleb128 0x1
 175 000c 30000000 		.4byte	.LASF15
 176 0010 01       		.byte	0x1
 177 0011 EA000000 		.4byte	.LASF16
 178 0015 52010000 		.4byte	.LASF17
 179 0019 00000000 		.4byte	.Ldebug_ranges0+0
 180 001d 00000000 		.4byte	0
 181 0021 00000000 		.4byte	0
 182 0025 00000000 		.4byte	.Ldebug_line0
 183 0029 02       		.uleb128 0x2
 184 002a 01       		.byte	0x1
 185 002b 06       		.byte	0x6
 186 002c DE000000 		.4byte	.LASF0
 187 0030 02       		.uleb128 0x2
 188 0031 01       		.byte	0x1
 189 0032 08       		.byte	0x8
 190 0033 A2000000 		.4byte	.LASF1
 191 0037 02       		.uleb128 0x2
 192 0038 02       		.byte	0x2
 193 0039 05       		.byte	0x5
 194 003a 48010000 		.4byte	.LASF2
 195 003e 02       		.uleb128 0x2
 196 003f 02       		.byte	0x2
 197 0040 07       		.byte	0x7
 198 0041 CB000000 		.4byte	.LASF3
 199 0045 02       		.uleb128 0x2
 200 0046 04       		.byte	0x4
 201 0047 05       		.byte	0x5
 202 0048 B5000000 		.4byte	.LASF4
 203 004c 02       		.uleb128 0x2
 204 004d 04       		.byte	0x4
 205 004e 07       		.byte	0x7
 206 004f 79000000 		.4byte	.LASF5
 207 0053 02       		.uleb128 0x2
 208 0054 08       		.byte	0x8
 209 0055 05       		.byte	0x5
 210 0056 00000000 		.4byte	.LASF6
 211 005a 02       		.uleb128 0x2
 212 005b 08       		.byte	0x8
 213 005c 07       		.byte	0x7
 214 005d 8B000000 		.4byte	.LASF7
 215 0061 03       		.uleb128 0x3
 216 0062 04       		.byte	0x4
 217 0063 05       		.byte	0x5
 218 0064 696E7400 		.ascii	"int\000"
 219 0068 02       		.uleb128 0x2
 220 0069 04       		.byte	0x4
ARM GAS  C:\Users\MICKKI~1\AppData\Local\Temp\ccu1L5tb.s 			page 9


 221 006a 07       		.byte	0x7
 222 006b 15000000 		.4byte	.LASF8
 223 006f 04       		.uleb128 0x4
 224 0070 0E000000 		.4byte	.LASF12
 225 0074 02       		.byte	0x2
 226 0075 5D       		.byte	0x5d
 227 0076 4C000000 		.4byte	0x4c
 228 007a 02       		.uleb128 0x2
 229 007b 04       		.byte	0x4
 230 007c 04       		.byte	0x4
 231 007d 1C010000 		.4byte	.LASF9
 232 0081 02       		.uleb128 0x2
 233 0082 08       		.byte	0x8
 234 0083 04       		.byte	0x4
 235 0084 BE000000 		.4byte	.LASF10
 236 0088 02       		.uleb128 0x2
 237 0089 01       		.byte	0x1
 238 008a 08       		.byte	0x8
 239 008b B0000000 		.4byte	.LASF11
 240 008f 04       		.uleb128 0x4
 241 0090 C5000000 		.4byte	.LASF13
 242 0094 02       		.byte	0x2
 243 0095 F2       		.byte	0xf2
 244 0096 9A000000 		.4byte	0x9a
 245 009a 05       		.uleb128 0x5
 246 009b 6F000000 		.4byte	0x6f
 247 009f 02       		.uleb128 0x2
 248 00a0 04       		.byte	0x4
 249 00a1 07       		.byte	0x7
 250 00a2 A6010000 		.4byte	.LASF14
 251 00a6 06       		.uleb128 0x6
 252 00a7 01       		.byte	0x1
 253 00a8 22000000 		.4byte	.LASF18
 254 00ac 01       		.byte	0x1
 255 00ad A2       		.byte	0xa2
 256 00ae 01       		.byte	0x1
 257 00af 00000000 		.4byte	.LFB0
 258 00b3 88000000 		.4byte	.LFE0
 259 00b7 00000000 		.4byte	.LLST0
 260 00bb 01       		.byte	0x1
 261 00bc 07       		.uleb128 0x7
 262 00bd 01       		.byte	0x1
 263 00be 22010000 		.4byte	.LASF19
 264 00c2 01       		.byte	0x1
 265 00c3 E2       		.byte	0xe2
 266 00c4 01       		.byte	0x1
 267 00c5 00000000 		.4byte	.LFB1
 268 00c9 3C000000 		.4byte	.LFE1
 269 00cd 2C000000 		.4byte	.LLST1
 270 00d1 01       		.byte	0x1
 271 00d2 08       		.uleb128 0x8
 272 00d3 0F010000 		.4byte	.LASF20
 273 00d7 01       		.byte	0x1
 274 00d8 E2       		.byte	0xe2
 275 00d9 6F000000 		.4byte	0x6f
 276 00dd 02       		.byte	0x2
 277 00de 91       		.byte	0x91
ARM GAS  C:\Users\MICKKI~1\AppData\Local\Temp\ccu1L5tb.s 			page 10


 278 00df 6C       		.sleb128 -20
 279 00e0 09       		.uleb128 0x9
 280 00e1 40010000 		.4byte	.LASF21
 281 00e5 01       		.byte	0x1
 282 00e6 E4       		.byte	0xe4
 283 00e7 6F000000 		.4byte	0x6f
 284 00eb 02       		.byte	0x2
 285 00ec 91       		.byte	0x91
 286 00ed 74       		.sleb128 -12
 287 00ee 00       		.byte	0
 288 00ef 00       		.byte	0
 289              		.section	.debug_abbrev,"",%progbits
 290              	.Ldebug_abbrev0:
 291 0000 01       		.uleb128 0x1
 292 0001 11       		.uleb128 0x11
 293 0002 01       		.byte	0x1
 294 0003 25       		.uleb128 0x25
 295 0004 0E       		.uleb128 0xe
 296 0005 13       		.uleb128 0x13
 297 0006 0B       		.uleb128 0xb
 298 0007 03       		.uleb128 0x3
 299 0008 0E       		.uleb128 0xe
 300 0009 1B       		.uleb128 0x1b
 301 000a 0E       		.uleb128 0xe
 302 000b 55       		.uleb128 0x55
 303 000c 06       		.uleb128 0x6
 304 000d 11       		.uleb128 0x11
 305 000e 01       		.uleb128 0x1
 306 000f 52       		.uleb128 0x52
 307 0010 01       		.uleb128 0x1
 308 0011 10       		.uleb128 0x10
 309 0012 06       		.uleb128 0x6
 310 0013 00       		.byte	0
 311 0014 00       		.byte	0
 312 0015 02       		.uleb128 0x2
 313 0016 24       		.uleb128 0x24
 314 0017 00       		.byte	0
 315 0018 0B       		.uleb128 0xb
 316 0019 0B       		.uleb128 0xb
 317 001a 3E       		.uleb128 0x3e
 318 001b 0B       		.uleb128 0xb
 319 001c 03       		.uleb128 0x3
 320 001d 0E       		.uleb128 0xe
 321 001e 00       		.byte	0
 322 001f 00       		.byte	0
 323 0020 03       		.uleb128 0x3
 324 0021 24       		.uleb128 0x24
 325 0022 00       		.byte	0
 326 0023 0B       		.uleb128 0xb
 327 0024 0B       		.uleb128 0xb
 328 0025 3E       		.uleb128 0x3e
 329 0026 0B       		.uleb128 0xb
 330 0027 03       		.uleb128 0x3
 331 0028 08       		.uleb128 0x8
 332 0029 00       		.byte	0
 333 002a 00       		.byte	0
 334 002b 04       		.uleb128 0x4
ARM GAS  C:\Users\MICKKI~1\AppData\Local\Temp\ccu1L5tb.s 			page 11


 335 002c 16       		.uleb128 0x16
 336 002d 00       		.byte	0
 337 002e 03       		.uleb128 0x3
 338 002f 0E       		.uleb128 0xe
 339 0030 3A       		.uleb128 0x3a
 340 0031 0B       		.uleb128 0xb
 341 0032 3B       		.uleb128 0x3b
 342 0033 0B       		.uleb128 0xb
 343 0034 49       		.uleb128 0x49
 344 0035 13       		.uleb128 0x13
 345 0036 00       		.byte	0
 346 0037 00       		.byte	0
 347 0038 05       		.uleb128 0x5
 348 0039 35       		.uleb128 0x35
 349 003a 00       		.byte	0
 350 003b 49       		.uleb128 0x49
 351 003c 13       		.uleb128 0x13
 352 003d 00       		.byte	0
 353 003e 00       		.byte	0
 354 003f 06       		.uleb128 0x6
 355 0040 2E       		.uleb128 0x2e
 356 0041 00       		.byte	0
 357 0042 3F       		.uleb128 0x3f
 358 0043 0C       		.uleb128 0xc
 359 0044 03       		.uleb128 0x3
 360 0045 0E       		.uleb128 0xe
 361 0046 3A       		.uleb128 0x3a
 362 0047 0B       		.uleb128 0xb
 363 0048 3B       		.uleb128 0x3b
 364 0049 0B       		.uleb128 0xb
 365 004a 27       		.uleb128 0x27
 366 004b 0C       		.uleb128 0xc
 367 004c 11       		.uleb128 0x11
 368 004d 01       		.uleb128 0x1
 369 004e 12       		.uleb128 0x12
 370 004f 01       		.uleb128 0x1
 371 0050 40       		.uleb128 0x40
 372 0051 06       		.uleb128 0x6
 373 0052 9742     		.uleb128 0x2117
 374 0054 0C       		.uleb128 0xc
 375 0055 00       		.byte	0
 376 0056 00       		.byte	0
 377 0057 07       		.uleb128 0x7
 378 0058 2E       		.uleb128 0x2e
 379 0059 01       		.byte	0x1
 380 005a 3F       		.uleb128 0x3f
 381 005b 0C       		.uleb128 0xc
 382 005c 03       		.uleb128 0x3
 383 005d 0E       		.uleb128 0xe
 384 005e 3A       		.uleb128 0x3a
 385 005f 0B       		.uleb128 0xb
 386 0060 3B       		.uleb128 0x3b
 387 0061 0B       		.uleb128 0xb
 388 0062 27       		.uleb128 0x27
 389 0063 0C       		.uleb128 0xc
 390 0064 11       		.uleb128 0x11
 391 0065 01       		.uleb128 0x1
ARM GAS  C:\Users\MICKKI~1\AppData\Local\Temp\ccu1L5tb.s 			page 12


 392 0066 12       		.uleb128 0x12
 393 0067 01       		.uleb128 0x1
 394 0068 40       		.uleb128 0x40
 395 0069 06       		.uleb128 0x6
 396 006a 9742     		.uleb128 0x2117
 397 006c 0C       		.uleb128 0xc
 398 006d 00       		.byte	0
 399 006e 00       		.byte	0
 400 006f 08       		.uleb128 0x8
 401 0070 05       		.uleb128 0x5
 402 0071 00       		.byte	0
 403 0072 03       		.uleb128 0x3
 404 0073 0E       		.uleb128 0xe
 405 0074 3A       		.uleb128 0x3a
 406 0075 0B       		.uleb128 0xb
 407 0076 3B       		.uleb128 0x3b
 408 0077 0B       		.uleb128 0xb
 409 0078 49       		.uleb128 0x49
 410 0079 13       		.uleb128 0x13
 411 007a 02       		.uleb128 0x2
 412 007b 0A       		.uleb128 0xa
 413 007c 00       		.byte	0
 414 007d 00       		.byte	0
 415 007e 09       		.uleb128 0x9
 416 007f 34       		.uleb128 0x34
 417 0080 00       		.byte	0
 418 0081 03       		.uleb128 0x3
 419 0082 0E       		.uleb128 0xe
 420 0083 3A       		.uleb128 0x3a
 421 0084 0B       		.uleb128 0xb
 422 0085 3B       		.uleb128 0x3b
 423 0086 0B       		.uleb128 0xb
 424 0087 49       		.uleb128 0x49
 425 0088 13       		.uleb128 0x13
 426 0089 02       		.uleb128 0x2
 427 008a 0A       		.uleb128 0xa
 428 008b 00       		.byte	0
 429 008c 00       		.byte	0
 430 008d 00       		.byte	0
 431              		.section	.debug_loc,"",%progbits
 432              	.Ldebug_loc0:
 433              	.LLST0:
 434 0000 00000000 		.4byte	.LFB0
 435 0004 02000000 		.4byte	.LCFI0
 436 0008 0200     		.2byte	0x2
 437 000a 7D       		.byte	0x7d
 438 000b 00       		.sleb128 0
 439 000c 02000000 		.4byte	.LCFI0
 440 0010 04000000 		.4byte	.LCFI1
 441 0014 0200     		.2byte	0x2
 442 0016 7D       		.byte	0x7d
 443 0017 08       		.sleb128 8
 444 0018 04000000 		.4byte	.LCFI1
 445 001c 88000000 		.4byte	.LFE0
 446 0020 0200     		.2byte	0x2
 447 0022 77       		.byte	0x77
 448 0023 08       		.sleb128 8
ARM GAS  C:\Users\MICKKI~1\AppData\Local\Temp\ccu1L5tb.s 			page 13


 449 0024 00000000 		.4byte	0
 450 0028 00000000 		.4byte	0
 451              	.LLST1:
 452 002c 00000000 		.4byte	.LFB1
 453 0030 02000000 		.4byte	.LCFI2
 454 0034 0200     		.2byte	0x2
 455 0036 7D       		.byte	0x7d
 456 0037 00       		.sleb128 0
 457 0038 02000000 		.4byte	.LCFI2
 458 003c 04000000 		.4byte	.LCFI3
 459 0040 0200     		.2byte	0x2
 460 0042 7D       		.byte	0x7d
 461 0043 08       		.sleb128 8
 462 0044 04000000 		.4byte	.LCFI3
 463 0048 06000000 		.4byte	.LCFI4
 464 004c 0200     		.2byte	0x2
 465 004e 7D       		.byte	0x7d
 466 004f 18       		.sleb128 24
 467 0050 06000000 		.4byte	.LCFI4
 468 0054 3C000000 		.4byte	.LFE1
 469 0058 0200     		.2byte	0x2
 470 005a 77       		.byte	0x77
 471 005b 18       		.sleb128 24
 472 005c 00000000 		.4byte	0
 473 0060 00000000 		.4byte	0
 474              		.section	.debug_aranges,"",%progbits
 475 0000 24000000 		.4byte	0x24
 476 0004 0200     		.2byte	0x2
 477 0006 00000000 		.4byte	.Ldebug_info0
 478 000a 04       		.byte	0x4
 479 000b 00       		.byte	0
 480 000c 0000     		.2byte	0
 481 000e 0000     		.2byte	0
 482 0010 00000000 		.4byte	.LFB0
 483 0014 88000000 		.4byte	.LFE0-.LFB0
 484 0018 00000000 		.4byte	.LFB1
 485 001c 3C000000 		.4byte	.LFE1-.LFB1
 486 0020 00000000 		.4byte	0
 487 0024 00000000 		.4byte	0
 488              		.section	.debug_ranges,"",%progbits
 489              	.Ldebug_ranges0:
 490 0000 00000000 		.4byte	.LFB0
 491 0004 88000000 		.4byte	.LFE0
 492 0008 00000000 		.4byte	.LFB1
 493 000c 3C000000 		.4byte	.LFE1
 494 0010 00000000 		.4byte	0
 495 0014 00000000 		.4byte	0
 496              		.section	.debug_line,"",%progbits
 497              	.Ldebug_line0:
 498 0000 84000000 		.section	.debug_str,"MS",%progbits,1
 498      02004800 
 498      00000201 
 498      FB0E0D00 
 498      01010101 
 499              	.LASF6:
 500 0000 6C6F6E67 		.ascii	"long long int\000"
 500      206C6F6E 
ARM GAS  C:\Users\MICKKI~1\AppData\Local\Temp\ccu1L5tb.s 			page 14


 500      6720696E 
 500      7400
 501              	.LASF12:
 502 000e 75696E74 		.ascii	"uint32\000"
 502      333200
 503              	.LASF8:
 504 0015 756E7369 		.ascii	"unsigned int\000"
 504      676E6564 
 504      20696E74 
 504      00
 505              	.LASF18:
 506 0022 5350495F 		.ascii	"SPI_1_SpiInit\000"
 506      315F5370 
 506      69496E69 
 506      7400
 507              	.LASF15:
 508 0030 474E5520 		.ascii	"GNU C 4.7.3 20130312 (release) [ARM/embedded-4_7-br"
 508      4320342E 
 508      372E3320 
 508      32303133 
 508      30333132 
 509 0063 616E6368 		.ascii	"anch revision 196615]\000"
 509      20726576 
 509      6973696F 
 509      6E203139 
 509      36363135 
 510              	.LASF5:
 511 0079 6C6F6E67 		.ascii	"long unsigned int\000"
 511      20756E73 
 511      69676E65 
 511      6420696E 
 511      7400
 512              	.LASF7:
 513 008b 6C6F6E67 		.ascii	"long long unsigned int\000"
 513      206C6F6E 
 513      6720756E 
 513      7369676E 
 513      65642069 
 514              	.LASF1:
 515 00a2 756E7369 		.ascii	"unsigned char\000"
 515      676E6564 
 515      20636861 
 515      7200
 516              	.LASF11:
 517 00b0 63686172 		.ascii	"char\000"
 517      00
 518              	.LASF4:
 519 00b5 6C6F6E67 		.ascii	"long int\000"
 519      20696E74 
 519      00
 520              	.LASF10:
 521 00be 646F7562 		.ascii	"double\000"
 521      6C6500
 522              	.LASF13:
 523 00c5 72656733 		.ascii	"reg32\000"
 523      3200
 524              	.LASF3:
ARM GAS  C:\Users\MICKKI~1\AppData\Local\Temp\ccu1L5tb.s 			page 15


 525 00cb 73686F72 		.ascii	"short unsigned int\000"
 525      7420756E 
 525      7369676E 
 525      65642069 
 525      6E7400
 526              	.LASF0:
 527 00de 7369676E 		.ascii	"signed char\000"
 527      65642063 
 527      68617200 
 528              	.LASF16:
 529 00ea 2E5C4765 		.ascii	".\\Generated_Source\\PSoC4\\SPI_1_SPI.c\000"
 529      6E657261 
 529      7465645F 
 529      536F7572 
 529      63655C50 
 530              	.LASF20:
 531 010f 61637469 		.ascii	"activeSelect\000"
 531      76655365 
 531      6C656374 
 531      00
 532              	.LASF9:
 533 011c 666C6F61 		.ascii	"float\000"
 533      7400
 534              	.LASF19:
 535 0122 5350495F 		.ascii	"SPI_1_SpiSetActiveSlaveSelect\000"
 535      315F5370 
 535      69536574 
 535      41637469 
 535      7665536C 
 536              	.LASF21:
 537 0140 73706943 		.ascii	"spiCtrl\000"
 537      74726C00 
 538              	.LASF2:
 539 0148 73686F72 		.ascii	"short int\000"
 539      7420696E 
 539      7400
 540              	.LASF17:
 541 0152 5C5C7073 		.ascii	"\\\\psf\\Home\\Desktop\\E3PRJ3\\Implementering\\SW\\"
 541      665C486F 
 541      6D655C44 
 541      65736B74 
 541      6F705C45 
 542 017e 5350495C 		.ascii	"SPI\\PSoC4_SPI\\SPI_slave\\SPI_slave.cydsn\000"
 542      50536F43 
 542      345F5350 
 542      495C5350 
 542      495F736C 
 543              	.LASF14:
 544 01a6 73697A65 		.ascii	"sizetype\000"
 544      74797065 
 544      00
 545              		.ident	"GCC: (GNU Tools for ARM Embedded Processors) 4.7.3 20130312 (release) [ARM/embedded-4_7-br
