ARM GAS  C:\Users\MICKKI~1\AppData\Local\Temp\ccW49C5w.s 			page 1


   1              		.cpu cortex-m0
   2              		.fpu softvfp
   3              		.eabi_attribute 20, 1
   4              		.eabi_attribute 21, 1
   5              		.eabi_attribute 23, 3
   6              		.eabi_attribute 24, 1
   7              		.eabi_attribute 25, 1
   8              		.eabi_attribute 26, 1
   9              		.eabi_attribute 30, 6
  10              		.eabi_attribute 34, 0
  11              		.eabi_attribute 18, 4
  12              		.code	16
  13              		.file	"SPIS_1.c"
  14              		.text
  15              	.Ltext0:
  16              		.cfi_sections	.debug_frame
  17              		.global	SPIS_1_initVar
  18              		.bss
  19              		.type	SPIS_1_initVar, %object
  20              		.size	SPIS_1_initVar, 1
  21              	SPIS_1_initVar:
  22 0000 00       		.space	1
  23              		.global	SPIS_1_customIntrHandler
  24 0001 000000   		.align	2
  25              		.type	SPIS_1_customIntrHandler, %object
  26              		.size	SPIS_1_customIntrHandler, 4
  27              	SPIS_1_customIntrHandler:
  28 0004 00000000 		.space	4
  29              		.section	.text.SPIS_1_Init,"ax",%progbits
  30              		.align	2
  31              		.global	SPIS_1_Init
  32              		.code	16
  33              		.thumb_func
  34              		.type	SPIS_1_Init, %function
  35              	SPIS_1_Init:
  36              	.LFB0:
  37              		.file 1 ".\\Generated_Source\\PSoC4\\SPIS_1.c"
   1:.\Generated_Source\PSoC4/SPIS_1.c **** /*******************************************************************************
   2:.\Generated_Source\PSoC4/SPIS_1.c **** * File Name: SPIS_1.c
   3:.\Generated_Source\PSoC4/SPIS_1.c **** * Version 1.20
   4:.\Generated_Source\PSoC4/SPIS_1.c **** *
   5:.\Generated_Source\PSoC4/SPIS_1.c **** * Description:
   6:.\Generated_Source\PSoC4/SPIS_1.c **** *  This file provides the source code to the API for the SCB Component.
   7:.\Generated_Source\PSoC4/SPIS_1.c **** *
   8:.\Generated_Source\PSoC4/SPIS_1.c **** * Note:
   9:.\Generated_Source\PSoC4/SPIS_1.c **** *
  10:.\Generated_Source\PSoC4/SPIS_1.c **** *******************************************************************************
  11:.\Generated_Source\PSoC4/SPIS_1.c **** * Copyright 2013-2014, Cypress Semiconductor Corporation.  All rights reserved.
  12:.\Generated_Source\PSoC4/SPIS_1.c **** * You may use this file only in accordance with the license, terms, conditions,
  13:.\Generated_Source\PSoC4/SPIS_1.c **** * disclaimers, and limitations in the end user license agreement accompanying
  14:.\Generated_Source\PSoC4/SPIS_1.c **** * the software package with which this file was provided.
  15:.\Generated_Source\PSoC4/SPIS_1.c **** *******************************************************************************/
  16:.\Generated_Source\PSoC4/SPIS_1.c **** 
  17:.\Generated_Source\PSoC4/SPIS_1.c **** #include "SPIS_1_PVT.h"
  18:.\Generated_Source\PSoC4/SPIS_1.c **** 
  19:.\Generated_Source\PSoC4/SPIS_1.c **** #if(SPIS_1_SCB_MODE_I2C_INC)
  20:.\Generated_Source\PSoC4/SPIS_1.c ****     #include "SPIS_1_I2C_PVT.h"
ARM GAS  C:\Users\MICKKI~1\AppData\Local\Temp\ccW49C5w.s 			page 2


  21:.\Generated_Source\PSoC4/SPIS_1.c **** #endif /* (SPIS_1_SCB_MODE_I2C_INC) */
  22:.\Generated_Source\PSoC4/SPIS_1.c **** 
  23:.\Generated_Source\PSoC4/SPIS_1.c **** #if(SPIS_1_SCB_MODE_EZI2C_INC)
  24:.\Generated_Source\PSoC4/SPIS_1.c ****     #include "SPIS_1_EZI2C_PVT.h"
  25:.\Generated_Source\PSoC4/SPIS_1.c **** #endif /* (SPIS_1_SCB_MODE_EZI2C_INC) */
  26:.\Generated_Source\PSoC4/SPIS_1.c **** 
  27:.\Generated_Source\PSoC4/SPIS_1.c **** #if(SPIS_1_SCB_MODE_SPI_INC || SPIS_1_SCB_MODE_UART_INC)
  28:.\Generated_Source\PSoC4/SPIS_1.c ****     #include "SPIS_1_SPI_UART_PVT.h"
  29:.\Generated_Source\PSoC4/SPIS_1.c **** #endif /* (SPIS_1_SCB_MODE_SPI_INC || SPIS_1_SCB_MODE_UART_INC) */
  30:.\Generated_Source\PSoC4/SPIS_1.c **** 
  31:.\Generated_Source\PSoC4/SPIS_1.c **** 
  32:.\Generated_Source\PSoC4/SPIS_1.c **** /***************************************
  33:.\Generated_Source\PSoC4/SPIS_1.c **** *    Run Time Configuration Vars
  34:.\Generated_Source\PSoC4/SPIS_1.c **** ***************************************/
  35:.\Generated_Source\PSoC4/SPIS_1.c **** 
  36:.\Generated_Source\PSoC4/SPIS_1.c **** /* Stores internal component configuration for unconfigured mode */
  37:.\Generated_Source\PSoC4/SPIS_1.c **** #if(SPIS_1_SCB_MODE_UNCONFIG_CONST_CFG)
  38:.\Generated_Source\PSoC4/SPIS_1.c ****     /* Common config vars */
  39:.\Generated_Source\PSoC4/SPIS_1.c ****     uint8 SPIS_1_scbMode = SPIS_1_SCB_MODE_UNCONFIG;
  40:.\Generated_Source\PSoC4/SPIS_1.c ****     uint8 SPIS_1_scbEnableWake;
  41:.\Generated_Source\PSoC4/SPIS_1.c ****     uint8 SPIS_1_scbEnableIntr;
  42:.\Generated_Source\PSoC4/SPIS_1.c **** 
  43:.\Generated_Source\PSoC4/SPIS_1.c ****     /* I2C config vars */
  44:.\Generated_Source\PSoC4/SPIS_1.c ****     uint8 SPIS_1_mode;
  45:.\Generated_Source\PSoC4/SPIS_1.c ****     uint8 SPIS_1_acceptAddr;
  46:.\Generated_Source\PSoC4/SPIS_1.c **** 
  47:.\Generated_Source\PSoC4/SPIS_1.c ****     /* SPI/UART config vars */
  48:.\Generated_Source\PSoC4/SPIS_1.c ****     volatile uint8 * SPIS_1_rxBuffer;
  49:.\Generated_Source\PSoC4/SPIS_1.c ****     uint8  SPIS_1_rxDataBits;
  50:.\Generated_Source\PSoC4/SPIS_1.c ****     uint32 SPIS_1_rxBufferSize;
  51:.\Generated_Source\PSoC4/SPIS_1.c **** 
  52:.\Generated_Source\PSoC4/SPIS_1.c ****     volatile uint8 * SPIS_1_txBuffer;
  53:.\Generated_Source\PSoC4/SPIS_1.c ****     uint8  SPIS_1_txDataBits;
  54:.\Generated_Source\PSoC4/SPIS_1.c ****     uint32 SPIS_1_txBufferSize;
  55:.\Generated_Source\PSoC4/SPIS_1.c **** 
  56:.\Generated_Source\PSoC4/SPIS_1.c ****     /* EZI2C config vars */
  57:.\Generated_Source\PSoC4/SPIS_1.c ****     uint8 SPIS_1_numberOfAddr;
  58:.\Generated_Source\PSoC4/SPIS_1.c ****     uint8 SPIS_1_subAddrSize;
  59:.\Generated_Source\PSoC4/SPIS_1.c **** #endif /* (SPIS_1_SCB_MODE_UNCONFIG_CONST_CFG) */
  60:.\Generated_Source\PSoC4/SPIS_1.c **** 
  61:.\Generated_Source\PSoC4/SPIS_1.c **** 
  62:.\Generated_Source\PSoC4/SPIS_1.c **** /***************************************
  63:.\Generated_Source\PSoC4/SPIS_1.c **** *     Common SCB Vars
  64:.\Generated_Source\PSoC4/SPIS_1.c **** ***************************************/
  65:.\Generated_Source\PSoC4/SPIS_1.c **** 
  66:.\Generated_Source\PSoC4/SPIS_1.c **** uint8 SPIS_1_initVar = 0u;
  67:.\Generated_Source\PSoC4/SPIS_1.c **** 
  68:.\Generated_Source\PSoC4/SPIS_1.c **** #if !defined (CY_REMOVE_SPIS_1_CUSTOM_INTR_HANDLER)
  69:.\Generated_Source\PSoC4/SPIS_1.c ****     cyisraddress SPIS_1_customIntrHandler = NULL;
  70:.\Generated_Source\PSoC4/SPIS_1.c **** #endif /* !defined (CY_REMOVE_SPIS_1_CUSTOM_INTR_HANDLER) */
  71:.\Generated_Source\PSoC4/SPIS_1.c **** 
  72:.\Generated_Source\PSoC4/SPIS_1.c **** 
  73:.\Generated_Source\PSoC4/SPIS_1.c **** /***************************************
  74:.\Generated_Source\PSoC4/SPIS_1.c **** *    Private Function Prototypes
  75:.\Generated_Source\PSoC4/SPIS_1.c **** ***************************************/
  76:.\Generated_Source\PSoC4/SPIS_1.c **** 
  77:.\Generated_Source\PSoC4/SPIS_1.c **** static void SPIS_1_ScbEnableIntr(void);
ARM GAS  C:\Users\MICKKI~1\AppData\Local\Temp\ccW49C5w.s 			page 3


  78:.\Generated_Source\PSoC4/SPIS_1.c **** static void SPIS_1_ScbModeStop(void);
  79:.\Generated_Source\PSoC4/SPIS_1.c **** 
  80:.\Generated_Source\PSoC4/SPIS_1.c **** 
  81:.\Generated_Source\PSoC4/SPIS_1.c **** /*******************************************************************************
  82:.\Generated_Source\PSoC4/SPIS_1.c **** * Function Name: SPIS_1_Init
  83:.\Generated_Source\PSoC4/SPIS_1.c **** ********************************************************************************
  84:.\Generated_Source\PSoC4/SPIS_1.c **** *
  85:.\Generated_Source\PSoC4/SPIS_1.c **** * Summary:
  86:.\Generated_Source\PSoC4/SPIS_1.c **** *  Initializes the SCB component to operate in one of the selected configurations:
  87:.\Generated_Source\PSoC4/SPIS_1.c **** *  I2C, SPI, UART or EZ I2C.
  88:.\Generated_Source\PSoC4/SPIS_1.c **** *  When the configuration is set to “Unconfigured SCB”, this function does
  89:.\Generated_Source\PSoC4/SPIS_1.c **** *  not do any initialization. Use mode-specific initialization APIs instead:
  90:.\Generated_Source\PSoC4/SPIS_1.c **** *  SCB_I2CInit, SCB_SpiInit, SCB_UartInit or SCB_EzI2CInit.
  91:.\Generated_Source\PSoC4/SPIS_1.c **** *
  92:.\Generated_Source\PSoC4/SPIS_1.c **** * Parameters:
  93:.\Generated_Source\PSoC4/SPIS_1.c **** *  None
  94:.\Generated_Source\PSoC4/SPIS_1.c **** *
  95:.\Generated_Source\PSoC4/SPIS_1.c **** * Return:
  96:.\Generated_Source\PSoC4/SPIS_1.c **** *  None
  97:.\Generated_Source\PSoC4/SPIS_1.c **** *
  98:.\Generated_Source\PSoC4/SPIS_1.c **** *******************************************************************************/
  99:.\Generated_Source\PSoC4/SPIS_1.c **** void SPIS_1_Init(void)
 100:.\Generated_Source\PSoC4/SPIS_1.c **** {
  38              		.loc 1 100 0
  39              		.cfi_startproc
  40 0000 80B5     		push	{r7, lr}
  41              	.LCFI0:
  42              		.cfi_def_cfa_offset 8
  43              		.cfi_offset 7, -8
  44              		.cfi_offset 14, -4
  45 0002 00AF     		add	r7, sp, #0
  46              	.LCFI1:
  47              		.cfi_def_cfa_register 7
 101:.\Generated_Source\PSoC4/SPIS_1.c **** #if(SPIS_1_SCB_MODE_UNCONFIG_CONST_CFG)
 102:.\Generated_Source\PSoC4/SPIS_1.c ****     if(SPIS_1_SCB_MODE_UNCONFIG_RUNTM_CFG)
 103:.\Generated_Source\PSoC4/SPIS_1.c ****     {
 104:.\Generated_Source\PSoC4/SPIS_1.c ****         SPIS_1_initVar = 0u; /* Clear init var */
 105:.\Generated_Source\PSoC4/SPIS_1.c ****     }
 106:.\Generated_Source\PSoC4/SPIS_1.c ****     else
 107:.\Generated_Source\PSoC4/SPIS_1.c ****     {
 108:.\Generated_Source\PSoC4/SPIS_1.c ****         /* Initialization was done before call */
 109:.\Generated_Source\PSoC4/SPIS_1.c ****     }
 110:.\Generated_Source\PSoC4/SPIS_1.c **** 
 111:.\Generated_Source\PSoC4/SPIS_1.c **** #elif(SPIS_1_SCB_MODE_I2C_CONST_CFG)
 112:.\Generated_Source\PSoC4/SPIS_1.c ****     SPIS_1_I2CInit();
 113:.\Generated_Source\PSoC4/SPIS_1.c **** 
 114:.\Generated_Source\PSoC4/SPIS_1.c **** #elif(SPIS_1_SCB_MODE_SPI_CONST_CFG)
 115:.\Generated_Source\PSoC4/SPIS_1.c ****     SPIS_1_SpiInit();
  48              		.loc 1 115 0
  49 0004 FFF7FEFF 		bl	SPIS_1_SpiInit
 116:.\Generated_Source\PSoC4/SPIS_1.c **** 
 117:.\Generated_Source\PSoC4/SPIS_1.c **** #elif(SPIS_1_SCB_MODE_UART_CONST_CFG)
 118:.\Generated_Source\PSoC4/SPIS_1.c ****     SPIS_1_UartInit();
 119:.\Generated_Source\PSoC4/SPIS_1.c **** 
 120:.\Generated_Source\PSoC4/SPIS_1.c **** #elif(SPIS_1_SCB_MODE_EZI2C_CONST_CFG)
 121:.\Generated_Source\PSoC4/SPIS_1.c ****     SPIS_1_EzI2CInit();
 122:.\Generated_Source\PSoC4/SPIS_1.c **** 
ARM GAS  C:\Users\MICKKI~1\AppData\Local\Temp\ccW49C5w.s 			page 4


 123:.\Generated_Source\PSoC4/SPIS_1.c **** #endif /* (SPIS_1_SCB_MODE_UNCONFIG_CONST_CFG) */
 124:.\Generated_Source\PSoC4/SPIS_1.c **** }
  50              		.loc 1 124 0
  51 0008 BD46     		mov	sp, r7
  52              		@ sp needed for prologue
  53 000a 80BD     		pop	{r7, pc}
  54              		.cfi_endproc
  55              	.LFE0:
  56              		.size	SPIS_1_Init, .-SPIS_1_Init
  57              		.section	.text.SPIS_1_Enable,"ax",%progbits
  58              		.align	2
  59              		.global	SPIS_1_Enable
  60              		.code	16
  61              		.thumb_func
  62              		.type	SPIS_1_Enable, %function
  63              	SPIS_1_Enable:
  64              	.LFB1:
 125:.\Generated_Source\PSoC4/SPIS_1.c **** 
 126:.\Generated_Source\PSoC4/SPIS_1.c **** 
 127:.\Generated_Source\PSoC4/SPIS_1.c **** /*******************************************************************************
 128:.\Generated_Source\PSoC4/SPIS_1.c **** * Function Name: SPIS_1_Enable
 129:.\Generated_Source\PSoC4/SPIS_1.c **** ********************************************************************************
 130:.\Generated_Source\PSoC4/SPIS_1.c **** *
 131:.\Generated_Source\PSoC4/SPIS_1.c **** * Summary:
 132:.\Generated_Source\PSoC4/SPIS_1.c **** *  Enables the SCB component operation.
 133:.\Generated_Source\PSoC4/SPIS_1.c **** *  The SCB configuration should be not changed when the component is enabled.
 134:.\Generated_Source\PSoC4/SPIS_1.c **** *  Any configuration changes should be made after disabling the component.
 135:.\Generated_Source\PSoC4/SPIS_1.c **** *
 136:.\Generated_Source\PSoC4/SPIS_1.c **** * Parameters:
 137:.\Generated_Source\PSoC4/SPIS_1.c **** *  None
 138:.\Generated_Source\PSoC4/SPIS_1.c **** *
 139:.\Generated_Source\PSoC4/SPIS_1.c **** * Return:
 140:.\Generated_Source\PSoC4/SPIS_1.c **** *  None
 141:.\Generated_Source\PSoC4/SPIS_1.c **** *
 142:.\Generated_Source\PSoC4/SPIS_1.c **** *******************************************************************************/
 143:.\Generated_Source\PSoC4/SPIS_1.c **** void SPIS_1_Enable(void)
 144:.\Generated_Source\PSoC4/SPIS_1.c **** {
  65              		.loc 1 144 0
  66              		.cfi_startproc
  67 0000 80B5     		push	{r7, lr}
  68              	.LCFI2:
  69              		.cfi_def_cfa_offset 8
  70              		.cfi_offset 7, -8
  71              		.cfi_offset 14, -4
  72 0002 00AF     		add	r7, sp, #0
  73              	.LCFI3:
  74              		.cfi_def_cfa_register 7
 145:.\Generated_Source\PSoC4/SPIS_1.c **** #if(SPIS_1_SCB_MODE_UNCONFIG_CONST_CFG)
 146:.\Generated_Source\PSoC4/SPIS_1.c ****     /* Enable SCB block, only if it is already configured */
 147:.\Generated_Source\PSoC4/SPIS_1.c ****     if(!SPIS_1_SCB_MODE_UNCONFIG_RUNTM_CFG)
 148:.\Generated_Source\PSoC4/SPIS_1.c ****     {
 149:.\Generated_Source\PSoC4/SPIS_1.c ****         SPIS_1_CTRL_REG |= SPIS_1_CTRL_ENABLED;
 150:.\Generated_Source\PSoC4/SPIS_1.c **** 
 151:.\Generated_Source\PSoC4/SPIS_1.c ****         SPIS_1_ScbEnableIntr();
 152:.\Generated_Source\PSoC4/SPIS_1.c ****     }
 153:.\Generated_Source\PSoC4/SPIS_1.c **** #else
 154:.\Generated_Source\PSoC4/SPIS_1.c ****     SPIS_1_CTRL_REG |= SPIS_1_CTRL_ENABLED;
ARM GAS  C:\Users\MICKKI~1\AppData\Local\Temp\ccW49C5w.s 			page 5


  75              		.loc 1 154 0
  76 0004 054B     		ldr	r3, .L3
  77 0006 054A     		ldr	r2, .L3
  78 0008 1268     		ldr	r2, [r2]
  79 000a 8021     		mov	r1, #128
  80 000c 0906     		lsl	r1, r1, #24
  81 000e 0A43     		orr	r2, r1
  82 0010 1A60     		str	r2, [r3]
 155:.\Generated_Source\PSoC4/SPIS_1.c **** 
 156:.\Generated_Source\PSoC4/SPIS_1.c ****     SPIS_1_ScbEnableIntr();
  83              		.loc 1 156 0
  84 0012 FFF7FEFF 		bl	SPIS_1_ScbEnableIntr
 157:.\Generated_Source\PSoC4/SPIS_1.c **** #endif /* (SPIS_1_SCB_MODE_UNCONFIG_CONST_CFG) */
 158:.\Generated_Source\PSoC4/SPIS_1.c **** }
  85              		.loc 1 158 0
  86 0016 BD46     		mov	sp, r7
  87              		@ sp needed for prologue
  88 0018 80BD     		pop	{r7, pc}
  89              	.L4:
  90 001a C046     		.align	2
  91              	.L3:
  92 001c 00000740 		.word	1074200576
  93              		.cfi_endproc
  94              	.LFE1:
  95              		.size	SPIS_1_Enable, .-SPIS_1_Enable
  96              		.section	.text.SPIS_1_Start,"ax",%progbits
  97              		.align	2
  98              		.global	SPIS_1_Start
  99              		.code	16
 100              		.thumb_func
 101              		.type	SPIS_1_Start, %function
 102              	SPIS_1_Start:
 103              	.LFB2:
 159:.\Generated_Source\PSoC4/SPIS_1.c **** 
 160:.\Generated_Source\PSoC4/SPIS_1.c **** 
 161:.\Generated_Source\PSoC4/SPIS_1.c **** /*******************************************************************************
 162:.\Generated_Source\PSoC4/SPIS_1.c **** * Function Name: SPIS_1_Start
 163:.\Generated_Source\PSoC4/SPIS_1.c **** ********************************************************************************
 164:.\Generated_Source\PSoC4/SPIS_1.c **** *
 165:.\Generated_Source\PSoC4/SPIS_1.c **** * Summary:
 166:.\Generated_Source\PSoC4/SPIS_1.c **** *  Invokes SCB_Init() and SCB_Enable().
 167:.\Generated_Source\PSoC4/SPIS_1.c **** *  After this function call, the component is enabled and ready for operation.
 168:.\Generated_Source\PSoC4/SPIS_1.c **** *  When configuration is set to “Unconfigured SCB”, the component must first be
 169:.\Generated_Source\PSoC4/SPIS_1.c **** *  initialized to operate in one of the following configurations: I2C, SPI, UART
 170:.\Generated_Source\PSoC4/SPIS_1.c **** *  or EZ I2C. Otherwise this function does not enable the component.
 171:.\Generated_Source\PSoC4/SPIS_1.c **** *
 172:.\Generated_Source\PSoC4/SPIS_1.c **** * Parameters:
 173:.\Generated_Source\PSoC4/SPIS_1.c **** *  None
 174:.\Generated_Source\PSoC4/SPIS_1.c **** *
 175:.\Generated_Source\PSoC4/SPIS_1.c **** * Return:
 176:.\Generated_Source\PSoC4/SPIS_1.c **** *  None
 177:.\Generated_Source\PSoC4/SPIS_1.c **** *
 178:.\Generated_Source\PSoC4/SPIS_1.c **** * Global variables:
 179:.\Generated_Source\PSoC4/SPIS_1.c **** *  SPIS_1_initVar - used to check initial configuration, modified
 180:.\Generated_Source\PSoC4/SPIS_1.c **** *  on first function call.
 181:.\Generated_Source\PSoC4/SPIS_1.c **** *
 182:.\Generated_Source\PSoC4/SPIS_1.c **** *******************************************************************************/
ARM GAS  C:\Users\MICKKI~1\AppData\Local\Temp\ccW49C5w.s 			page 6


 183:.\Generated_Source\PSoC4/SPIS_1.c **** void SPIS_1_Start(void)
 184:.\Generated_Source\PSoC4/SPIS_1.c **** {
 104              		.loc 1 184 0
 105              		.cfi_startproc
 106 0000 80B5     		push	{r7, lr}
 107              	.LCFI4:
 108              		.cfi_def_cfa_offset 8
 109              		.cfi_offset 7, -8
 110              		.cfi_offset 14, -4
 111 0002 00AF     		add	r7, sp, #0
 112              	.LCFI5:
 113              		.cfi_def_cfa_register 7
 185:.\Generated_Source\PSoC4/SPIS_1.c ****     if(0u == SPIS_1_initVar)
 114              		.loc 1 185 0
 115 0004 064B     		ldr	r3, .L7
 116 0006 1B78     		ldrb	r3, [r3]
 117 0008 002B     		cmp	r3, #0
 118 000a 04D1     		bne	.L6
 186:.\Generated_Source\PSoC4/SPIS_1.c ****     {
 187:.\Generated_Source\PSoC4/SPIS_1.c ****         SPIS_1_Init();
 119              		.loc 1 187 0
 120 000c FFF7FEFF 		bl	SPIS_1_Init
 188:.\Generated_Source\PSoC4/SPIS_1.c ****         SPIS_1_initVar = 1u; /* Component was initialized */
 121              		.loc 1 188 0
 122 0010 034B     		ldr	r3, .L7
 123 0012 0122     		mov	r2, #1
 124 0014 1A70     		strb	r2, [r3]
 125              	.L6:
 189:.\Generated_Source\PSoC4/SPIS_1.c ****     }
 190:.\Generated_Source\PSoC4/SPIS_1.c **** 
 191:.\Generated_Source\PSoC4/SPIS_1.c ****     SPIS_1_Enable();
 126              		.loc 1 191 0
 127 0016 FFF7FEFF 		bl	SPIS_1_Enable
 192:.\Generated_Source\PSoC4/SPIS_1.c **** }
 128              		.loc 1 192 0
 129 001a BD46     		mov	sp, r7
 130              		@ sp needed for prologue
 131 001c 80BD     		pop	{r7, pc}
 132              	.L8:
 133 001e C046     		.align	2
 134              	.L7:
 135 0020 00000000 		.word	SPIS_1_initVar
 136              		.cfi_endproc
 137              	.LFE2:
 138              		.size	SPIS_1_Start, .-SPIS_1_Start
 139              		.section	.text.SPIS_1_Stop,"ax",%progbits
 140              		.align	2
 141              		.global	SPIS_1_Stop
 142              		.code	16
 143              		.thumb_func
 144              		.type	SPIS_1_Stop, %function
 145              	SPIS_1_Stop:
 146              	.LFB3:
 193:.\Generated_Source\PSoC4/SPIS_1.c **** 
 194:.\Generated_Source\PSoC4/SPIS_1.c **** 
 195:.\Generated_Source\PSoC4/SPIS_1.c **** /*******************************************************************************
 196:.\Generated_Source\PSoC4/SPIS_1.c **** * Function Name: SPIS_1_Stop
ARM GAS  C:\Users\MICKKI~1\AppData\Local\Temp\ccW49C5w.s 			page 7


 197:.\Generated_Source\PSoC4/SPIS_1.c **** ********************************************************************************
 198:.\Generated_Source\PSoC4/SPIS_1.c **** *
 199:.\Generated_Source\PSoC4/SPIS_1.c **** * Summary:
 200:.\Generated_Source\PSoC4/SPIS_1.c **** *  Disables the SCB component and its interrupt.
 201:.\Generated_Source\PSoC4/SPIS_1.c **** *
 202:.\Generated_Source\PSoC4/SPIS_1.c **** * Parameters:
 203:.\Generated_Source\PSoC4/SPIS_1.c **** *  None
 204:.\Generated_Source\PSoC4/SPIS_1.c **** *
 205:.\Generated_Source\PSoC4/SPIS_1.c **** * Return:
 206:.\Generated_Source\PSoC4/SPIS_1.c **** *  None
 207:.\Generated_Source\PSoC4/SPIS_1.c **** *
 208:.\Generated_Source\PSoC4/SPIS_1.c **** *******************************************************************************/
 209:.\Generated_Source\PSoC4/SPIS_1.c **** void SPIS_1_Stop(void)
 210:.\Generated_Source\PSoC4/SPIS_1.c **** {
 147              		.loc 1 210 0
 148              		.cfi_startproc
 149 0000 80B5     		push	{r7, lr}
 150              	.LCFI6:
 151              		.cfi_def_cfa_offset 8
 152              		.cfi_offset 7, -8
 153              		.cfi_offset 14, -4
 154 0002 00AF     		add	r7, sp, #0
 155              	.LCFI7:
 156              		.cfi_def_cfa_register 7
 211:.\Generated_Source\PSoC4/SPIS_1.c **** #if(SPIS_1_SCB_IRQ_INTERNAL)
 212:.\Generated_Source\PSoC4/SPIS_1.c ****     SPIS_1_DisableInt();
 157              		.loc 1 212 0
 158 0004 0B20     		mov	r0, #11
 159 0006 FFF7FEFF 		bl	CyIntDisable
 213:.\Generated_Source\PSoC4/SPIS_1.c **** #endif /* (SPIS_1_SCB_IRQ_INTERNAL) */
 214:.\Generated_Source\PSoC4/SPIS_1.c **** 
 215:.\Generated_Source\PSoC4/SPIS_1.c ****     SPIS_1_CTRL_REG &= (uint32) ~SPIS_1_CTRL_ENABLED;  /* Disable SCB block */
 160              		.loc 1 215 0
 161 000a 064B     		ldr	r3, .L10
 162 000c 054A     		ldr	r2, .L10
 163 000e 1268     		ldr	r2, [r2]
 164 0010 5200     		lsl	r2, r2, #1
 165 0012 5208     		lsr	r2, r2, #1
 166 0014 1A60     		str	r2, [r3]
 216:.\Generated_Source\PSoC4/SPIS_1.c **** 
 217:.\Generated_Source\PSoC4/SPIS_1.c **** #if(SPIS_1_SCB_IRQ_INTERNAL)
 218:.\Generated_Source\PSoC4/SPIS_1.c ****     SPIS_1_ClearPendingInt();
 167              		.loc 1 218 0
 168 0016 0B20     		mov	r0, #11
 169 0018 FFF7FEFF 		bl	CyIntClearPending
 219:.\Generated_Source\PSoC4/SPIS_1.c **** #endif /* (SPIS_1_SCB_IRQ_INTERNAL) */
 220:.\Generated_Source\PSoC4/SPIS_1.c **** 
 221:.\Generated_Source\PSoC4/SPIS_1.c ****     SPIS_1_ScbModeStop(); /* Calls scbMode specific Stop function */
 170              		.loc 1 221 0
 171 001c FFF7FEFF 		bl	SPIS_1_ScbModeStop
 222:.\Generated_Source\PSoC4/SPIS_1.c **** }
 172              		.loc 1 222 0
 173 0020 BD46     		mov	sp, r7
 174              		@ sp needed for prologue
 175 0022 80BD     		pop	{r7, pc}
 176              	.L11:
 177              		.align	2
ARM GAS  C:\Users\MICKKI~1\AppData\Local\Temp\ccW49C5w.s 			page 8


 178              	.L10:
 179 0024 00000740 		.word	1074200576
 180              		.cfi_endproc
 181              	.LFE3:
 182              		.size	SPIS_1_Stop, .-SPIS_1_Stop
 183              		.section	.text.SPIS_1_SetCustomInterruptHandler,"ax",%progbits
 184              		.align	2
 185              		.global	SPIS_1_SetCustomInterruptHandler
 186              		.code	16
 187              		.thumb_func
 188              		.type	SPIS_1_SetCustomInterruptHandler, %function
 189              	SPIS_1_SetCustomInterruptHandler:
 190              	.LFB4:
 223:.\Generated_Source\PSoC4/SPIS_1.c **** 
 224:.\Generated_Source\PSoC4/SPIS_1.c **** 
 225:.\Generated_Source\PSoC4/SPIS_1.c **** /*******************************************************************************
 226:.\Generated_Source\PSoC4/SPIS_1.c **** * Function Name: SPIS_1_SetCustomInterruptHandler
 227:.\Generated_Source\PSoC4/SPIS_1.c **** ********************************************************************************
 228:.\Generated_Source\PSoC4/SPIS_1.c **** *
 229:.\Generated_Source\PSoC4/SPIS_1.c **** * Summary:
 230:.\Generated_Source\PSoC4/SPIS_1.c **** *  Registers a function to be called by the internal interrupt handler.
 231:.\Generated_Source\PSoC4/SPIS_1.c **** *  First the function that is registered is called, then the internal interrupt
 232:.\Generated_Source\PSoC4/SPIS_1.c **** *  handler performs any operations such as software buffer management functions
 233:.\Generated_Source\PSoC4/SPIS_1.c **** *  before the interrupt returns.  It is the user's responsibility not to break the
 234:.\Generated_Source\PSoC4/SPIS_1.c **** *  software buffer operations. Only one custom handler is supported, which is
 235:.\Generated_Source\PSoC4/SPIS_1.c **** *  the function provided by the most recent call.
 236:.\Generated_Source\PSoC4/SPIS_1.c **** *  At initialization time no custom handler is registered.
 237:.\Generated_Source\PSoC4/SPIS_1.c **** *
 238:.\Generated_Source\PSoC4/SPIS_1.c **** * Parameters:
 239:.\Generated_Source\PSoC4/SPIS_1.c **** *  func: Pointer to the function to register.
 240:.\Generated_Source\PSoC4/SPIS_1.c **** *        The value NULL indicates to remove the current custom interrupt
 241:.\Generated_Source\PSoC4/SPIS_1.c **** *        handler.
 242:.\Generated_Source\PSoC4/SPIS_1.c **** *
 243:.\Generated_Source\PSoC4/SPIS_1.c **** * Return:
 244:.\Generated_Source\PSoC4/SPIS_1.c **** *  None
 245:.\Generated_Source\PSoC4/SPIS_1.c **** *
 246:.\Generated_Source\PSoC4/SPIS_1.c **** *******************************************************************************/
 247:.\Generated_Source\PSoC4/SPIS_1.c **** void SPIS_1_SetCustomInterruptHandler(cyisraddress func)
 248:.\Generated_Source\PSoC4/SPIS_1.c **** {
 191              		.loc 1 248 0
 192              		.cfi_startproc
 193 0000 80B5     		push	{r7, lr}
 194              	.LCFI8:
 195              		.cfi_def_cfa_offset 8
 196              		.cfi_offset 7, -8
 197              		.cfi_offset 14, -4
 198 0002 82B0     		sub	sp, sp, #8
 199              	.LCFI9:
 200              		.cfi_def_cfa_offset 16
 201 0004 00AF     		add	r7, sp, #0
 202              	.LCFI10:
 203              		.cfi_def_cfa_register 7
 204 0006 7860     		str	r0, [r7, #4]
 249:.\Generated_Source\PSoC4/SPIS_1.c **** #if !defined (CY_REMOVE_SPIS_1_CUSTOM_INTR_HANDLER)
 250:.\Generated_Source\PSoC4/SPIS_1.c ****     SPIS_1_customIntrHandler = func; /* Register interrupt handler */
 205              		.loc 1 250 0
 206 0008 024B     		ldr	r3, .L13
ARM GAS  C:\Users\MICKKI~1\AppData\Local\Temp\ccW49C5w.s 			page 9


 207 000a 7A68     		ldr	r2, [r7, #4]
 208 000c 1A60     		str	r2, [r3]
 251:.\Generated_Source\PSoC4/SPIS_1.c **** #else
 252:.\Generated_Source\PSoC4/SPIS_1.c ****     if(NULL != func)
 253:.\Generated_Source\PSoC4/SPIS_1.c ****     {
 254:.\Generated_Source\PSoC4/SPIS_1.c ****         /* Suppress compiler warning */
 255:.\Generated_Source\PSoC4/SPIS_1.c ****     }
 256:.\Generated_Source\PSoC4/SPIS_1.c **** #endif /* !defined (CY_REMOVE_SPIS_1_CUSTOM_INTR_HANDLER) */
 257:.\Generated_Source\PSoC4/SPIS_1.c **** }
 209              		.loc 1 257 0
 210 000e BD46     		mov	sp, r7
 211 0010 02B0     		add	sp, sp, #8
 212              		@ sp needed for prologue
 213 0012 80BD     		pop	{r7, pc}
 214              	.L14:
 215              		.align	2
 216              	.L13:
 217 0014 00000000 		.word	SPIS_1_customIntrHandler
 218              		.cfi_endproc
 219              	.LFE4:
 220              		.size	SPIS_1_SetCustomInterruptHandler, .-SPIS_1_SetCustomInterruptHandler
 221              		.section	.text.SPIS_1_ScbEnableIntr,"ax",%progbits
 222              		.align	2
 223              		.code	16
 224              		.thumb_func
 225              		.type	SPIS_1_ScbEnableIntr, %function
 226              	SPIS_1_ScbEnableIntr:
 227              	.LFB5:
 258:.\Generated_Source\PSoC4/SPIS_1.c **** 
 259:.\Generated_Source\PSoC4/SPIS_1.c **** 
 260:.\Generated_Source\PSoC4/SPIS_1.c **** /*******************************************************************************
 261:.\Generated_Source\PSoC4/SPIS_1.c **** * Function Name: SPIS_1_ScbModeEnableIntr
 262:.\Generated_Source\PSoC4/SPIS_1.c **** ********************************************************************************
 263:.\Generated_Source\PSoC4/SPIS_1.c **** *
 264:.\Generated_Source\PSoC4/SPIS_1.c **** * Summary:
 265:.\Generated_Source\PSoC4/SPIS_1.c **** *  Enables an interrupt for a specific mode.
 266:.\Generated_Source\PSoC4/SPIS_1.c **** *
 267:.\Generated_Source\PSoC4/SPIS_1.c **** * Parameters:
 268:.\Generated_Source\PSoC4/SPIS_1.c **** *  None
 269:.\Generated_Source\PSoC4/SPIS_1.c **** *
 270:.\Generated_Source\PSoC4/SPIS_1.c **** * Return:
 271:.\Generated_Source\PSoC4/SPIS_1.c **** *  None
 272:.\Generated_Source\PSoC4/SPIS_1.c **** *
 273:.\Generated_Source\PSoC4/SPIS_1.c **** *******************************************************************************/
 274:.\Generated_Source\PSoC4/SPIS_1.c **** static void SPIS_1_ScbEnableIntr(void)
 275:.\Generated_Source\PSoC4/SPIS_1.c **** {
 228              		.loc 1 275 0
 229              		.cfi_startproc
 230 0000 80B5     		push	{r7, lr}
 231              	.LCFI11:
 232              		.cfi_def_cfa_offset 8
 233              		.cfi_offset 7, -8
 234              		.cfi_offset 14, -4
 235 0002 00AF     		add	r7, sp, #0
 236              	.LCFI12:
 237              		.cfi_def_cfa_register 7
 276:.\Generated_Source\PSoC4/SPIS_1.c **** #if(SPIS_1_SCB_IRQ_INTERNAL)
ARM GAS  C:\Users\MICKKI~1\AppData\Local\Temp\ccW49C5w.s 			page 10


 277:.\Generated_Source\PSoC4/SPIS_1.c ****     #if(SPIS_1_SCB_MODE_UNCONFIG_CONST_CFG)
 278:.\Generated_Source\PSoC4/SPIS_1.c ****         /* Enable interrupt in the NVIC */
 279:.\Generated_Source\PSoC4/SPIS_1.c ****         if(0u != SPIS_1_scbEnableIntr)
 280:.\Generated_Source\PSoC4/SPIS_1.c ****         {
 281:.\Generated_Source\PSoC4/SPIS_1.c ****             SPIS_1_EnableInt();
 282:.\Generated_Source\PSoC4/SPIS_1.c ****         }
 283:.\Generated_Source\PSoC4/SPIS_1.c ****     #else
 284:.\Generated_Source\PSoC4/SPIS_1.c ****         SPIS_1_EnableInt();
 238              		.loc 1 284 0
 239 0004 0B20     		mov	r0, #11
 240 0006 FFF7FEFF 		bl	CyIntEnable
 285:.\Generated_Source\PSoC4/SPIS_1.c **** 
 286:.\Generated_Source\PSoC4/SPIS_1.c ****     #endif /* (SPIS_1_SCB_MODE_UNCONFIG_CONST_CFG) */
 287:.\Generated_Source\PSoC4/SPIS_1.c **** #endif /* (SPIS_1_SCB_IRQ_INTERNAL) */
 288:.\Generated_Source\PSoC4/SPIS_1.c **** }
 241              		.loc 1 288 0
 242 000a BD46     		mov	sp, r7
 243              		@ sp needed for prologue
 244 000c 80BD     		pop	{r7, pc}
 245              		.cfi_endproc
 246              	.LFE5:
 247              		.size	SPIS_1_ScbEnableIntr, .-SPIS_1_ScbEnableIntr
 248 000e C046     		.section	.text.SPIS_1_ScbModeStop,"ax",%progbits
 249              		.align	2
 250              		.code	16
 251              		.thumb_func
 252              		.type	SPIS_1_ScbModeStop, %function
 253              	SPIS_1_ScbModeStop:
 254              	.LFB6:
 289:.\Generated_Source\PSoC4/SPIS_1.c **** 
 290:.\Generated_Source\PSoC4/SPIS_1.c **** 
 291:.\Generated_Source\PSoC4/SPIS_1.c **** /*******************************************************************************
 292:.\Generated_Source\PSoC4/SPIS_1.c **** * Function Name: SPIS_1_ScbModeStop
 293:.\Generated_Source\PSoC4/SPIS_1.c **** ********************************************************************************
 294:.\Generated_Source\PSoC4/SPIS_1.c **** *
 295:.\Generated_Source\PSoC4/SPIS_1.c **** * Summary:
 296:.\Generated_Source\PSoC4/SPIS_1.c **** *  Calls the Stop function for a specific operation mode.
 297:.\Generated_Source\PSoC4/SPIS_1.c **** *
 298:.\Generated_Source\PSoC4/SPIS_1.c **** * Parameters:
 299:.\Generated_Source\PSoC4/SPIS_1.c **** *  None
 300:.\Generated_Source\PSoC4/SPIS_1.c **** *
 301:.\Generated_Source\PSoC4/SPIS_1.c **** * Return:
 302:.\Generated_Source\PSoC4/SPIS_1.c **** *  None
 303:.\Generated_Source\PSoC4/SPIS_1.c **** *
 304:.\Generated_Source\PSoC4/SPIS_1.c **** *******************************************************************************/
 305:.\Generated_Source\PSoC4/SPIS_1.c **** static void SPIS_1_ScbModeStop(void)
 306:.\Generated_Source\PSoC4/SPIS_1.c **** {
 255              		.loc 1 306 0
 256              		.cfi_startproc
 257 0000 80B5     		push	{r7, lr}
 258              	.LCFI13:
 259              		.cfi_def_cfa_offset 8
 260              		.cfi_offset 7, -8
 261              		.cfi_offset 14, -4
 262 0002 00AF     		add	r7, sp, #0
 263              	.LCFI14:
 264              		.cfi_def_cfa_register 7
ARM GAS  C:\Users\MICKKI~1\AppData\Local\Temp\ccW49C5w.s 			page 11


 307:.\Generated_Source\PSoC4/SPIS_1.c **** #if(SPIS_1_SCB_MODE_UNCONFIG_CONST_CFG)
 308:.\Generated_Source\PSoC4/SPIS_1.c ****     if(SPIS_1_SCB_MODE_I2C_RUNTM_CFG)
 309:.\Generated_Source\PSoC4/SPIS_1.c ****     {
 310:.\Generated_Source\PSoC4/SPIS_1.c ****         SPIS_1_I2CStop();
 311:.\Generated_Source\PSoC4/SPIS_1.c ****     }
 312:.\Generated_Source\PSoC4/SPIS_1.c ****     else if(SPIS_1_SCB_MODE_EZI2C_RUNTM_CFG)
 313:.\Generated_Source\PSoC4/SPIS_1.c ****     {
 314:.\Generated_Source\PSoC4/SPIS_1.c ****         SPIS_1_EzI2CStop();
 315:.\Generated_Source\PSoC4/SPIS_1.c ****     }
 316:.\Generated_Source\PSoC4/SPIS_1.c ****     else
 317:.\Generated_Source\PSoC4/SPIS_1.c ****     {
 318:.\Generated_Source\PSoC4/SPIS_1.c ****         /* Do nohing for other modes */
 319:.\Generated_Source\PSoC4/SPIS_1.c ****     }
 320:.\Generated_Source\PSoC4/SPIS_1.c **** #elif(SPIS_1_SCB_MODE_I2C_CONST_CFG)
 321:.\Generated_Source\PSoC4/SPIS_1.c ****     SPIS_1_I2CStop();
 322:.\Generated_Source\PSoC4/SPIS_1.c **** 
 323:.\Generated_Source\PSoC4/SPIS_1.c **** #elif(SPIS_1_SCB_MODE_EZI2C_CONST_CFG)
 324:.\Generated_Source\PSoC4/SPIS_1.c ****     SPIS_1_EzI2CStop();
 325:.\Generated_Source\PSoC4/SPIS_1.c **** 
 326:.\Generated_Source\PSoC4/SPIS_1.c **** #endif /* (SPIS_1_SCB_MODE_UNCONFIG_CONST_CFG) */
 327:.\Generated_Source\PSoC4/SPIS_1.c **** }
 265              		.loc 1 327 0
 266 0004 BD46     		mov	sp, r7
 267              		@ sp needed for prologue
 268 0006 80BD     		pop	{r7, pc}
 269              		.cfi_endproc
 270              	.LFE6:
 271              		.size	SPIS_1_ScbModeStop, .-SPIS_1_ScbModeStop
 272              		.text
 273              	.Letext0:
 274              		.file 2 "./Generated_Source/PSoC4/cytypes.h"
 275              		.section	.debug_info,"",%progbits
 276              	.Ldebug_info0:
 277 0000 93010000 		.4byte	0x193
 278 0004 0200     		.2byte	0x2
 279 0006 00000000 		.4byte	.Ldebug_abbrev0
 280 000a 04       		.byte	0x4
 281 000b 01       		.uleb128 0x1
 282 000c C3010000 		.4byte	.LASF25
 283 0010 01       		.byte	0x1
 284 0011 AF000000 		.4byte	.LASF26
 285 0015 6B010000 		.4byte	.LASF27
 286 0019 00000000 		.4byte	.Ldebug_ranges0+0
 287 001d 00000000 		.4byte	0
 288 0021 00000000 		.4byte	0
 289 0025 00000000 		.4byte	.Ldebug_line0
 290 0029 02       		.uleb128 0x2
 291 002a 01       		.byte	0x1
 292 002b 06       		.byte	0x6
 293 002c 15020000 		.4byte	.LASF0
 294 0030 02       		.uleb128 0x2
 295 0031 01       		.byte	0x1
 296 0032 08       		.byte	0x8
 297 0033 4E000000 		.4byte	.LASF1
 298 0037 02       		.uleb128 0x2
 299 0038 02       		.byte	0x2
 300 0039 05       		.byte	0x5
ARM GAS  C:\Users\MICKKI~1\AppData\Local\Temp\ccW49C5w.s 			page 12


 301 003a B9010000 		.4byte	.LASF2
 302 003e 02       		.uleb128 0x2
 303 003f 02       		.byte	0x2
 304 0040 07       		.byte	0x7
 305 0041 29000000 		.4byte	.LASF3
 306 0045 02       		.uleb128 0x2
 307 0046 04       		.byte	0x4
 308 0047 05       		.byte	0x5
 309 0048 0C020000 		.4byte	.LASF4
 310 004c 02       		.uleb128 0x2
 311 004d 04       		.byte	0x4
 312 004e 07       		.byte	0x7
 313 004f 6F000000 		.4byte	.LASF5
 314 0053 02       		.uleb128 0x2
 315 0054 08       		.byte	0x8
 316 0055 05       		.byte	0x5
 317 0056 58010000 		.4byte	.LASF6
 318 005a 02       		.uleb128 0x2
 319 005b 08       		.byte	0x8
 320 005c 07       		.byte	0x7
 321 005d 0A010000 		.4byte	.LASF7
 322 0061 03       		.uleb128 0x3
 323 0062 04       		.byte	0x4
 324 0063 05       		.byte	0x5
 325 0064 696E7400 		.ascii	"int\000"
 326 0068 02       		.uleb128 0x2
 327 0069 04       		.byte	0x4
 328 006a 07       		.byte	0x7
 329 006b D8000000 		.4byte	.LASF8
 330 006f 04       		.uleb128 0x4
 331 0070 81000000 		.4byte	.LASF9
 332 0074 02       		.byte	0x2
 333 0075 5B       		.byte	0x5b
 334 0076 30000000 		.4byte	0x30
 335 007a 04       		.uleb128 0x4
 336 007b D1000000 		.4byte	.LASF10
 337 007f 02       		.byte	0x2
 338 0080 5D       		.byte	0x5d
 339 0081 4C000000 		.4byte	0x4c
 340 0085 02       		.uleb128 0x2
 341 0086 04       		.byte	0x4
 342 0087 04       		.byte	0x4
 343 0088 48000000 		.4byte	.LASF11
 344 008c 02       		.uleb128 0x2
 345 008d 08       		.byte	0x8
 346 008e 04       		.byte	0x4
 347 008f A3000000 		.4byte	.LASF12
 348 0093 02       		.uleb128 0x2
 349 0094 01       		.byte	0x1
 350 0095 08       		.byte	0x8
 351 0096 66010000 		.4byte	.LASF13
 352 009a 04       		.uleb128 0x4
 353 009b 00000000 		.4byte	.LASF14
 354 009f 02       		.byte	0x2
 355 00a0 F2       		.byte	0xf2
 356 00a1 A5000000 		.4byte	0xa5
 357 00a5 05       		.uleb128 0x5
ARM GAS  C:\Users\MICKKI~1\AppData\Local\Temp\ccW49C5w.s 			page 13


 358 00a6 7A000000 		.4byte	0x7a
 359 00aa 06       		.uleb128 0x6
 360 00ab 42010000 		.4byte	.LASF15
 361 00af 02       		.byte	0x2
 362 00b0 0201     		.2byte	0x102
 363 00b2 B6000000 		.4byte	0xb6
 364 00b6 07       		.uleb128 0x7
 365 00b7 04       		.byte	0x4
 366 00b8 BC000000 		.4byte	0xbc
 367 00bc 08       		.uleb128 0x8
 368 00bd 01       		.byte	0x1
 369 00be 02       		.uleb128 0x2
 370 00bf 04       		.byte	0x4
 371 00c0 07       		.byte	0x7
 372 00c1 4F010000 		.4byte	.LASF16
 373 00c5 09       		.uleb128 0x9
 374 00c6 01       		.byte	0x1
 375 00c7 3C000000 		.4byte	.LASF17
 376 00cb 01       		.byte	0x1
 377 00cc 63       		.byte	0x63
 378 00cd 01       		.byte	0x1
 379 00ce 00000000 		.4byte	.LFB0
 380 00d2 0C000000 		.4byte	.LFE0
 381 00d6 00000000 		.4byte	.LLST0
 382 00da 01       		.byte	0x1
 383 00db 09       		.uleb128 0x9
 384 00dc 01       		.byte	0x1
 385 00dd 1B000000 		.4byte	.LASF18
 386 00e1 01       		.byte	0x1
 387 00e2 8F       		.byte	0x8f
 388 00e3 01       		.byte	0x1
 389 00e4 00000000 		.4byte	.LFB1
 390 00e8 20000000 		.4byte	.LFE1
 391 00ec 2C000000 		.4byte	.LLST1
 392 00f0 01       		.byte	0x1
 393 00f1 09       		.uleb128 0x9
 394 00f2 01       		.byte	0x1
 395 00f3 87000000 		.4byte	.LASF19
 396 00f7 01       		.byte	0x1
 397 00f8 B7       		.byte	0xb7
 398 00f9 01       		.byte	0x1
 399 00fa 00000000 		.4byte	.LFB2
 400 00fe 24000000 		.4byte	.LFE2
 401 0102 58000000 		.4byte	.LLST2
 402 0106 01       		.byte	0x1
 403 0107 09       		.uleb128 0x9
 404 0108 01       		.byte	0x1
 405 0109 FE000000 		.4byte	.LASF20
 406 010d 01       		.byte	0x1
 407 010e D1       		.byte	0xd1
 408 010f 01       		.byte	0x1
 409 0110 00000000 		.4byte	.LFB3
 410 0114 28000000 		.4byte	.LFE3
 411 0118 84000000 		.4byte	.LLST3
 412 011c 01       		.byte	0x1
 413 011d 0A       		.uleb128 0xa
 414 011e 01       		.byte	0x1
ARM GAS  C:\Users\MICKKI~1\AppData\Local\Temp\ccW49C5w.s 			page 14


 415 011f 21010000 		.4byte	.LASF28
 416 0123 01       		.byte	0x1
 417 0124 F7       		.byte	0xf7
 418 0125 01       		.byte	0x1
 419 0126 00000000 		.4byte	.LFB4
 420 012a 18000000 		.4byte	.LFE4
 421 012e B0000000 		.4byte	.LLST4
 422 0132 01       		.byte	0x1
 423 0133 46010000 		.4byte	0x146
 424 0137 0B       		.uleb128 0xb
 425 0138 AA000000 		.4byte	.LASF29
 426 013c 01       		.byte	0x1
 427 013d F7       		.byte	0xf7
 428 013e AA000000 		.4byte	0xaa
 429 0142 02       		.byte	0x2
 430 0143 91       		.byte	0x91
 431 0144 74       		.sleb128 -12
 432 0145 00       		.byte	0
 433 0146 0C       		.uleb128 0xc
 434 0147 06000000 		.4byte	.LASF21
 435 014b 01       		.byte	0x1
 436 014c 1201     		.2byte	0x112
 437 014e 01       		.byte	0x1
 438 014f 00000000 		.4byte	.LFB5
 439 0153 0E000000 		.4byte	.LFE5
 440 0157 E8000000 		.4byte	.LLST5
 441 015b 01       		.byte	0x1
 442 015c 0D       		.uleb128 0xd
 443 015d 5C000000 		.4byte	.LASF22
 444 0161 01       		.byte	0x1
 445 0162 3101     		.2byte	0x131
 446 0164 01       		.byte	0x1
 447 0165 00000000 		.4byte	.LFB6
 448 0169 08000000 		.4byte	.LFE6
 449 016d 14010000 		.4byte	.LLST6
 450 0171 01       		.byte	0x1
 451 0172 0E       		.uleb128 0xe
 452 0173 94000000 		.4byte	.LASF23
 453 0177 01       		.byte	0x1
 454 0178 42       		.byte	0x42
 455 0179 6F000000 		.4byte	0x6f
 456 017d 01       		.byte	0x1
 457 017e 05       		.byte	0x5
 458 017f 03       		.byte	0x3
 459 0180 00000000 		.4byte	SPIS_1_initVar
 460 0184 0E       		.uleb128 0xe
 461 0185 E5000000 		.4byte	.LASF24
 462 0189 01       		.byte	0x1
 463 018a 45       		.byte	0x45
 464 018b AA000000 		.4byte	0xaa
 465 018f 01       		.byte	0x1
 466 0190 05       		.byte	0x5
 467 0191 03       		.byte	0x3
 468 0192 00000000 		.4byte	SPIS_1_customIntrHandler
 469 0196 00       		.byte	0
 470              		.section	.debug_abbrev,"",%progbits
 471              	.Ldebug_abbrev0:
ARM GAS  C:\Users\MICKKI~1\AppData\Local\Temp\ccW49C5w.s 			page 15


 472 0000 01       		.uleb128 0x1
 473 0001 11       		.uleb128 0x11
 474 0002 01       		.byte	0x1
 475 0003 25       		.uleb128 0x25
 476 0004 0E       		.uleb128 0xe
 477 0005 13       		.uleb128 0x13
 478 0006 0B       		.uleb128 0xb
 479 0007 03       		.uleb128 0x3
 480 0008 0E       		.uleb128 0xe
 481 0009 1B       		.uleb128 0x1b
 482 000a 0E       		.uleb128 0xe
 483 000b 55       		.uleb128 0x55
 484 000c 06       		.uleb128 0x6
 485 000d 11       		.uleb128 0x11
 486 000e 01       		.uleb128 0x1
 487 000f 52       		.uleb128 0x52
 488 0010 01       		.uleb128 0x1
 489 0011 10       		.uleb128 0x10
 490 0012 06       		.uleb128 0x6
 491 0013 00       		.byte	0
 492 0014 00       		.byte	0
 493 0015 02       		.uleb128 0x2
 494 0016 24       		.uleb128 0x24
 495 0017 00       		.byte	0
 496 0018 0B       		.uleb128 0xb
 497 0019 0B       		.uleb128 0xb
 498 001a 3E       		.uleb128 0x3e
 499 001b 0B       		.uleb128 0xb
 500 001c 03       		.uleb128 0x3
 501 001d 0E       		.uleb128 0xe
 502 001e 00       		.byte	0
 503 001f 00       		.byte	0
 504 0020 03       		.uleb128 0x3
 505 0021 24       		.uleb128 0x24
 506 0022 00       		.byte	0
 507 0023 0B       		.uleb128 0xb
 508 0024 0B       		.uleb128 0xb
 509 0025 3E       		.uleb128 0x3e
 510 0026 0B       		.uleb128 0xb
 511 0027 03       		.uleb128 0x3
 512 0028 08       		.uleb128 0x8
 513 0029 00       		.byte	0
 514 002a 00       		.byte	0
 515 002b 04       		.uleb128 0x4
 516 002c 16       		.uleb128 0x16
 517 002d 00       		.byte	0
 518 002e 03       		.uleb128 0x3
 519 002f 0E       		.uleb128 0xe
 520 0030 3A       		.uleb128 0x3a
 521 0031 0B       		.uleb128 0xb
 522 0032 3B       		.uleb128 0x3b
 523 0033 0B       		.uleb128 0xb
 524 0034 49       		.uleb128 0x49
 525 0035 13       		.uleb128 0x13
 526 0036 00       		.byte	0
 527 0037 00       		.byte	0
 528 0038 05       		.uleb128 0x5
ARM GAS  C:\Users\MICKKI~1\AppData\Local\Temp\ccW49C5w.s 			page 16


 529 0039 35       		.uleb128 0x35
 530 003a 00       		.byte	0
 531 003b 49       		.uleb128 0x49
 532 003c 13       		.uleb128 0x13
 533 003d 00       		.byte	0
 534 003e 00       		.byte	0
 535 003f 06       		.uleb128 0x6
 536 0040 16       		.uleb128 0x16
 537 0041 00       		.byte	0
 538 0042 03       		.uleb128 0x3
 539 0043 0E       		.uleb128 0xe
 540 0044 3A       		.uleb128 0x3a
 541 0045 0B       		.uleb128 0xb
 542 0046 3B       		.uleb128 0x3b
 543 0047 05       		.uleb128 0x5
 544 0048 49       		.uleb128 0x49
 545 0049 13       		.uleb128 0x13
 546 004a 00       		.byte	0
 547 004b 00       		.byte	0
 548 004c 07       		.uleb128 0x7
 549 004d 0F       		.uleb128 0xf
 550 004e 00       		.byte	0
 551 004f 0B       		.uleb128 0xb
 552 0050 0B       		.uleb128 0xb
 553 0051 49       		.uleb128 0x49
 554 0052 13       		.uleb128 0x13
 555 0053 00       		.byte	0
 556 0054 00       		.byte	0
 557 0055 08       		.uleb128 0x8
 558 0056 15       		.uleb128 0x15
 559 0057 00       		.byte	0
 560 0058 27       		.uleb128 0x27
 561 0059 0C       		.uleb128 0xc
 562 005a 00       		.byte	0
 563 005b 00       		.byte	0
 564 005c 09       		.uleb128 0x9
 565 005d 2E       		.uleb128 0x2e
 566 005e 00       		.byte	0
 567 005f 3F       		.uleb128 0x3f
 568 0060 0C       		.uleb128 0xc
 569 0061 03       		.uleb128 0x3
 570 0062 0E       		.uleb128 0xe
 571 0063 3A       		.uleb128 0x3a
 572 0064 0B       		.uleb128 0xb
 573 0065 3B       		.uleb128 0x3b
 574 0066 0B       		.uleb128 0xb
 575 0067 27       		.uleb128 0x27
 576 0068 0C       		.uleb128 0xc
 577 0069 11       		.uleb128 0x11
 578 006a 01       		.uleb128 0x1
 579 006b 12       		.uleb128 0x12
 580 006c 01       		.uleb128 0x1
 581 006d 40       		.uleb128 0x40
 582 006e 06       		.uleb128 0x6
 583 006f 9642     		.uleb128 0x2116
 584 0071 0C       		.uleb128 0xc
 585 0072 00       		.byte	0
ARM GAS  C:\Users\MICKKI~1\AppData\Local\Temp\ccW49C5w.s 			page 17


 586 0073 00       		.byte	0
 587 0074 0A       		.uleb128 0xa
 588 0075 2E       		.uleb128 0x2e
 589 0076 01       		.byte	0x1
 590 0077 3F       		.uleb128 0x3f
 591 0078 0C       		.uleb128 0xc
 592 0079 03       		.uleb128 0x3
 593 007a 0E       		.uleb128 0xe
 594 007b 3A       		.uleb128 0x3a
 595 007c 0B       		.uleb128 0xb
 596 007d 3B       		.uleb128 0x3b
 597 007e 0B       		.uleb128 0xb
 598 007f 27       		.uleb128 0x27
 599 0080 0C       		.uleb128 0xc
 600 0081 11       		.uleb128 0x11
 601 0082 01       		.uleb128 0x1
 602 0083 12       		.uleb128 0x12
 603 0084 01       		.uleb128 0x1
 604 0085 40       		.uleb128 0x40
 605 0086 06       		.uleb128 0x6
 606 0087 9742     		.uleb128 0x2117
 607 0089 0C       		.uleb128 0xc
 608 008a 01       		.uleb128 0x1
 609 008b 13       		.uleb128 0x13
 610 008c 00       		.byte	0
 611 008d 00       		.byte	0
 612 008e 0B       		.uleb128 0xb
 613 008f 05       		.uleb128 0x5
 614 0090 00       		.byte	0
 615 0091 03       		.uleb128 0x3
 616 0092 0E       		.uleb128 0xe
 617 0093 3A       		.uleb128 0x3a
 618 0094 0B       		.uleb128 0xb
 619 0095 3B       		.uleb128 0x3b
 620 0096 0B       		.uleb128 0xb
 621 0097 49       		.uleb128 0x49
 622 0098 13       		.uleb128 0x13
 623 0099 02       		.uleb128 0x2
 624 009a 0A       		.uleb128 0xa
 625 009b 00       		.byte	0
 626 009c 00       		.byte	0
 627 009d 0C       		.uleb128 0xc
 628 009e 2E       		.uleb128 0x2e
 629 009f 00       		.byte	0
 630 00a0 03       		.uleb128 0x3
 631 00a1 0E       		.uleb128 0xe
 632 00a2 3A       		.uleb128 0x3a
 633 00a3 0B       		.uleb128 0xb
 634 00a4 3B       		.uleb128 0x3b
 635 00a5 05       		.uleb128 0x5
 636 00a6 27       		.uleb128 0x27
 637 00a7 0C       		.uleb128 0xc
 638 00a8 11       		.uleb128 0x11
 639 00a9 01       		.uleb128 0x1
 640 00aa 12       		.uleb128 0x12
 641 00ab 01       		.uleb128 0x1
 642 00ac 40       		.uleb128 0x40
ARM GAS  C:\Users\MICKKI~1\AppData\Local\Temp\ccW49C5w.s 			page 18


 643 00ad 06       		.uleb128 0x6
 644 00ae 9642     		.uleb128 0x2116
 645 00b0 0C       		.uleb128 0xc
 646 00b1 00       		.byte	0
 647 00b2 00       		.byte	0
 648 00b3 0D       		.uleb128 0xd
 649 00b4 2E       		.uleb128 0x2e
 650 00b5 00       		.byte	0
 651 00b6 03       		.uleb128 0x3
 652 00b7 0E       		.uleb128 0xe
 653 00b8 3A       		.uleb128 0x3a
 654 00b9 0B       		.uleb128 0xb
 655 00ba 3B       		.uleb128 0x3b
 656 00bb 05       		.uleb128 0x5
 657 00bc 27       		.uleb128 0x27
 658 00bd 0C       		.uleb128 0xc
 659 00be 11       		.uleb128 0x11
 660 00bf 01       		.uleb128 0x1
 661 00c0 12       		.uleb128 0x12
 662 00c1 01       		.uleb128 0x1
 663 00c2 40       		.uleb128 0x40
 664 00c3 06       		.uleb128 0x6
 665 00c4 9742     		.uleb128 0x2117
 666 00c6 0C       		.uleb128 0xc
 667 00c7 00       		.byte	0
 668 00c8 00       		.byte	0
 669 00c9 0E       		.uleb128 0xe
 670 00ca 34       		.uleb128 0x34
 671 00cb 00       		.byte	0
 672 00cc 03       		.uleb128 0x3
 673 00cd 0E       		.uleb128 0xe
 674 00ce 3A       		.uleb128 0x3a
 675 00cf 0B       		.uleb128 0xb
 676 00d0 3B       		.uleb128 0x3b
 677 00d1 0B       		.uleb128 0xb
 678 00d2 49       		.uleb128 0x49
 679 00d3 13       		.uleb128 0x13
 680 00d4 3F       		.uleb128 0x3f
 681 00d5 0C       		.uleb128 0xc
 682 00d6 02       		.uleb128 0x2
 683 00d7 0A       		.uleb128 0xa
 684 00d8 00       		.byte	0
 685 00d9 00       		.byte	0
 686 00da 00       		.byte	0
 687              		.section	.debug_loc,"",%progbits
 688              	.Ldebug_loc0:
 689              	.LLST0:
 690 0000 00000000 		.4byte	.LFB0
 691 0004 02000000 		.4byte	.LCFI0
 692 0008 0200     		.2byte	0x2
 693 000a 7D       		.byte	0x7d
 694 000b 00       		.sleb128 0
 695 000c 02000000 		.4byte	.LCFI0
 696 0010 04000000 		.4byte	.LCFI1
 697 0014 0200     		.2byte	0x2
 698 0016 7D       		.byte	0x7d
 699 0017 08       		.sleb128 8
ARM GAS  C:\Users\MICKKI~1\AppData\Local\Temp\ccW49C5w.s 			page 19


 700 0018 04000000 		.4byte	.LCFI1
 701 001c 0C000000 		.4byte	.LFE0
 702 0020 0200     		.2byte	0x2
 703 0022 77       		.byte	0x77
 704 0023 08       		.sleb128 8
 705 0024 00000000 		.4byte	0
 706 0028 00000000 		.4byte	0
 707              	.LLST1:
 708 002c 00000000 		.4byte	.LFB1
 709 0030 02000000 		.4byte	.LCFI2
 710 0034 0200     		.2byte	0x2
 711 0036 7D       		.byte	0x7d
 712 0037 00       		.sleb128 0
 713 0038 02000000 		.4byte	.LCFI2
 714 003c 04000000 		.4byte	.LCFI3
 715 0040 0200     		.2byte	0x2
 716 0042 7D       		.byte	0x7d
 717 0043 08       		.sleb128 8
 718 0044 04000000 		.4byte	.LCFI3
 719 0048 20000000 		.4byte	.LFE1
 720 004c 0200     		.2byte	0x2
 721 004e 77       		.byte	0x77
 722 004f 08       		.sleb128 8
 723 0050 00000000 		.4byte	0
 724 0054 00000000 		.4byte	0
 725              	.LLST2:
 726 0058 00000000 		.4byte	.LFB2
 727 005c 02000000 		.4byte	.LCFI4
 728 0060 0200     		.2byte	0x2
 729 0062 7D       		.byte	0x7d
 730 0063 00       		.sleb128 0
 731 0064 02000000 		.4byte	.LCFI4
 732 0068 04000000 		.4byte	.LCFI5
 733 006c 0200     		.2byte	0x2
 734 006e 7D       		.byte	0x7d
 735 006f 08       		.sleb128 8
 736 0070 04000000 		.4byte	.LCFI5
 737 0074 24000000 		.4byte	.LFE2
 738 0078 0200     		.2byte	0x2
 739 007a 77       		.byte	0x77
 740 007b 08       		.sleb128 8
 741 007c 00000000 		.4byte	0
 742 0080 00000000 		.4byte	0
 743              	.LLST3:
 744 0084 00000000 		.4byte	.LFB3
 745 0088 02000000 		.4byte	.LCFI6
 746 008c 0200     		.2byte	0x2
 747 008e 7D       		.byte	0x7d
 748 008f 00       		.sleb128 0
 749 0090 02000000 		.4byte	.LCFI6
 750 0094 04000000 		.4byte	.LCFI7
 751 0098 0200     		.2byte	0x2
 752 009a 7D       		.byte	0x7d
 753 009b 08       		.sleb128 8
 754 009c 04000000 		.4byte	.LCFI7
 755 00a0 28000000 		.4byte	.LFE3
 756 00a4 0200     		.2byte	0x2
ARM GAS  C:\Users\MICKKI~1\AppData\Local\Temp\ccW49C5w.s 			page 20


 757 00a6 77       		.byte	0x77
 758 00a7 08       		.sleb128 8
 759 00a8 00000000 		.4byte	0
 760 00ac 00000000 		.4byte	0
 761              	.LLST4:
 762 00b0 00000000 		.4byte	.LFB4
 763 00b4 02000000 		.4byte	.LCFI8
 764 00b8 0200     		.2byte	0x2
 765 00ba 7D       		.byte	0x7d
 766 00bb 00       		.sleb128 0
 767 00bc 02000000 		.4byte	.LCFI8
 768 00c0 04000000 		.4byte	.LCFI9
 769 00c4 0200     		.2byte	0x2
 770 00c6 7D       		.byte	0x7d
 771 00c7 08       		.sleb128 8
 772 00c8 04000000 		.4byte	.LCFI9
 773 00cc 06000000 		.4byte	.LCFI10
 774 00d0 0200     		.2byte	0x2
 775 00d2 7D       		.byte	0x7d
 776 00d3 10       		.sleb128 16
 777 00d4 06000000 		.4byte	.LCFI10
 778 00d8 18000000 		.4byte	.LFE4
 779 00dc 0200     		.2byte	0x2
 780 00de 77       		.byte	0x77
 781 00df 10       		.sleb128 16
 782 00e0 00000000 		.4byte	0
 783 00e4 00000000 		.4byte	0
 784              	.LLST5:
 785 00e8 00000000 		.4byte	.LFB5
 786 00ec 02000000 		.4byte	.LCFI11
 787 00f0 0200     		.2byte	0x2
 788 00f2 7D       		.byte	0x7d
 789 00f3 00       		.sleb128 0
 790 00f4 02000000 		.4byte	.LCFI11
 791 00f8 04000000 		.4byte	.LCFI12
 792 00fc 0200     		.2byte	0x2
 793 00fe 7D       		.byte	0x7d
 794 00ff 08       		.sleb128 8
 795 0100 04000000 		.4byte	.LCFI12
 796 0104 0E000000 		.4byte	.LFE5
 797 0108 0200     		.2byte	0x2
 798 010a 77       		.byte	0x77
 799 010b 08       		.sleb128 8
 800 010c 00000000 		.4byte	0
 801 0110 00000000 		.4byte	0
 802              	.LLST6:
 803 0114 00000000 		.4byte	.LFB6
 804 0118 02000000 		.4byte	.LCFI13
 805 011c 0200     		.2byte	0x2
 806 011e 7D       		.byte	0x7d
 807 011f 00       		.sleb128 0
 808 0120 02000000 		.4byte	.LCFI13
 809 0124 04000000 		.4byte	.LCFI14
 810 0128 0200     		.2byte	0x2
 811 012a 7D       		.byte	0x7d
 812 012b 08       		.sleb128 8
 813 012c 04000000 		.4byte	.LCFI14
ARM GAS  C:\Users\MICKKI~1\AppData\Local\Temp\ccW49C5w.s 			page 21


 814 0130 08000000 		.4byte	.LFE6
 815 0134 0200     		.2byte	0x2
 816 0136 77       		.byte	0x77
 817 0137 08       		.sleb128 8
 818 0138 00000000 		.4byte	0
 819 013c 00000000 		.4byte	0
 820              		.section	.debug_aranges,"",%progbits
 821 0000 4C000000 		.4byte	0x4c
 822 0004 0200     		.2byte	0x2
 823 0006 00000000 		.4byte	.Ldebug_info0
 824 000a 04       		.byte	0x4
 825 000b 00       		.byte	0
 826 000c 0000     		.2byte	0
 827 000e 0000     		.2byte	0
 828 0010 00000000 		.4byte	.LFB0
 829 0014 0C000000 		.4byte	.LFE0-.LFB0
 830 0018 00000000 		.4byte	.LFB1
 831 001c 20000000 		.4byte	.LFE1-.LFB1
 832 0020 00000000 		.4byte	.LFB2
 833 0024 24000000 		.4byte	.LFE2-.LFB2
 834 0028 00000000 		.4byte	.LFB3
 835 002c 28000000 		.4byte	.LFE3-.LFB3
 836 0030 00000000 		.4byte	.LFB4
 837 0034 18000000 		.4byte	.LFE4-.LFB4
 838 0038 00000000 		.4byte	.LFB5
 839 003c 0E000000 		.4byte	.LFE5-.LFB5
 840 0040 00000000 		.4byte	.LFB6
 841 0044 08000000 		.4byte	.LFE6-.LFB6
 842 0048 00000000 		.4byte	0
 843 004c 00000000 		.4byte	0
 844              		.section	.debug_ranges,"",%progbits
 845              	.Ldebug_ranges0:
 846 0000 00000000 		.4byte	.LFB0
 847 0004 0C000000 		.4byte	.LFE0
 848 0008 00000000 		.4byte	.LFB1
 849 000c 20000000 		.4byte	.LFE1
 850 0010 00000000 		.4byte	.LFB2
 851 0014 24000000 		.4byte	.LFE2
 852 0018 00000000 		.4byte	.LFB3
 853 001c 28000000 		.4byte	.LFE3
 854 0020 00000000 		.4byte	.LFB4
 855 0024 18000000 		.4byte	.LFE4
 856 0028 00000000 		.4byte	.LFB5
 857 002c 0E000000 		.4byte	.LFE5
 858 0030 00000000 		.4byte	.LFB6
 859 0034 08000000 		.4byte	.LFE6
 860 0038 00000000 		.4byte	0
 861 003c 00000000 		.4byte	0
 862              		.section	.debug_line,"",%progbits
 863              	.Ldebug_line0:
 864 0000 D9000000 		.section	.debug_str,"MS",%progbits,1
 864      02004500 
 864      00000201 
 864      FB0E0D00 
 864      01010101 
 865              	.LASF14:
 866 0000 72656733 		.ascii	"reg32\000"
ARM GAS  C:\Users\MICKKI~1\AppData\Local\Temp\ccW49C5w.s 			page 22


 866      3200
 867              	.LASF21:
 868 0006 53504953 		.ascii	"SPIS_1_ScbEnableIntr\000"
 868      5F315F53 
 868      6362456E 
 868      61626C65 
 868      496E7472 
 869              	.LASF18:
 870 001b 53504953 		.ascii	"SPIS_1_Enable\000"
 870      5F315F45 
 870      6E61626C 
 870      6500
 871              	.LASF3:
 872 0029 73686F72 		.ascii	"short unsigned int\000"
 872      7420756E 
 872      7369676E 
 872      65642069 
 872      6E7400
 873              	.LASF17:
 874 003c 53504953 		.ascii	"SPIS_1_Init\000"
 874      5F315F49 
 874      6E697400 
 875              	.LASF11:
 876 0048 666C6F61 		.ascii	"float\000"
 876      7400
 877              	.LASF1:
 878 004e 756E7369 		.ascii	"unsigned char\000"
 878      676E6564 
 878      20636861 
 878      7200
 879              	.LASF22:
 880 005c 53504953 		.ascii	"SPIS_1_ScbModeStop\000"
 880      5F315F53 
 880      63624D6F 
 880      64655374 
 880      6F7000
 881              	.LASF5:
 882 006f 6C6F6E67 		.ascii	"long unsigned int\000"
 882      20756E73 
 882      69676E65 
 882      6420696E 
 882      7400
 883              	.LASF9:
 884 0081 75696E74 		.ascii	"uint8\000"
 884      3800
 885              	.LASF19:
 886 0087 53504953 		.ascii	"SPIS_1_Start\000"
 886      5F315F53 
 886      74617274 
 886      00
 887              	.LASF23:
 888 0094 53504953 		.ascii	"SPIS_1_initVar\000"
 888      5F315F69 
 888      6E697456 
 888      617200
 889              	.LASF12:
 890 00a3 646F7562 		.ascii	"double\000"
ARM GAS  C:\Users\MICKKI~1\AppData\Local\Temp\ccW49C5w.s 			page 23


 890      6C6500
 891              	.LASF29:
 892 00aa 66756E63 		.ascii	"func\000"
 892      00
 893              	.LASF26:
 894 00af 2E5C4765 		.ascii	".\\Generated_Source\\PSoC4\\SPIS_1.c\000"
 894      6E657261 
 894      7465645F 
 894      536F7572 
 894      63655C50 
 895              	.LASF10:
 896 00d1 75696E74 		.ascii	"uint32\000"
 896      333200
 897              	.LASF8:
 898 00d8 756E7369 		.ascii	"unsigned int\000"
 898      676E6564 
 898      20696E74 
 898      00
 899              	.LASF24:
 900 00e5 53504953 		.ascii	"SPIS_1_customIntrHandler\000"
 900      5F315F63 
 900      7573746F 
 900      6D496E74 
 900      7248616E 
 901              	.LASF20:
 902 00fe 53504953 		.ascii	"SPIS_1_Stop\000"
 902      5F315F53 
 902      746F7000 
 903              	.LASF7:
 904 010a 6C6F6E67 		.ascii	"long long unsigned int\000"
 904      206C6F6E 
 904      6720756E 
 904      7369676E 
 904      65642069 
 905              	.LASF28:
 906 0121 53504953 		.ascii	"SPIS_1_SetCustomInterruptHandler\000"
 906      5F315F53 
 906      65744375 
 906      73746F6D 
 906      496E7465 
 907              	.LASF15:
 908 0142 63796973 		.ascii	"cyisraddress\000"
 908      72616464 
 908      72657373 
 908      00
 909              	.LASF16:
 910 014f 73697A65 		.ascii	"sizetype\000"
 910      74797065 
 910      00
 911              	.LASF6:
 912 0158 6C6F6E67 		.ascii	"long long int\000"
 912      206C6F6E 
 912      6720696E 
 912      7400
 913              	.LASF13:
 914 0166 63686172 		.ascii	"char\000"
 914      00
ARM GAS  C:\Users\MICKKI~1\AppData\Local\Temp\ccW49C5w.s 			page 24


 915              	.LASF27:
 916 016b 5A3A5C44 		.ascii	"Z:\\Desktop\\E3PRJ3\\Implementering\\SW\\SPI\\PSoC4"
 916      65736B74 
 916      6F705C45 
 916      3350524A 
 916      335C496D 
 917 0198 5F535049 		.ascii	"_SPI\\SPI_slave\\SPI_handler.cydsn\000"
 917      5C535049 
 917      5F736C61 
 917      76655C53 
 917      50495F68 
 918              	.LASF2:
 919 01b9 73686F72 		.ascii	"short int\000"
 919      7420696E 
 919      7400
 920              	.LASF25:
 921 01c3 474E5520 		.ascii	"GNU C 4.7.3 20130312 (release) [ARM/embedded-4_7-br"
 921      4320342E 
 921      372E3320 
 921      32303133 
 921      30333132 
 922 01f6 616E6368 		.ascii	"anch revision 196615]\000"
 922      20726576 
 922      6973696F 
 922      6E203139 
 922      36363135 
 923              	.LASF4:
 924 020c 6C6F6E67 		.ascii	"long int\000"
 924      20696E74 
 924      00
 925              	.LASF0:
 926 0215 7369676E 		.ascii	"signed char\000"
 926      65642063 
 926      68617200 
 927              		.ident	"GCC: (GNU Tools for ARM Embedded Processors) 4.7.3 20130312 (release) [ARM/embedded-4_7-br
