Loading plugins phase: Elapsed time ==> 0s.339ms
Initializing data phase: Elapsed time ==> 2s.299ms
<CYPRESSTAG name="CyDsfit arguments...">
cydsfit arguments: -.fdsnotice -.fdswarpdepfile=warp_dependencies.txt -.fdselabdepfile=elab_dependencies.txt -.fdsbldfile=generated_files.txt -p C:\Enhed\Enhed.cydsn\Enhed.cyprj -d CY8C4245AXI-483 -s C:\Enhed\Enhed.cydsn\Generated_Source\PSoC4 -- -yv2 -v3 -ygs -q10 -o2 -.fftcfgtype=LE</CYPRESSTAG>
<CYPRESSTAG name="Design elaboration results...">
</CYPRESSTAG>
Elaboration phase: Elapsed time ==> 15s.029ms
<CYPRESSTAG name="HDL generation results...">
</CYPRESSTAG>
HDL generation phase: Elapsed time ==> 0s.219ms
<CYPRESSTAG name="Synthesis results...">

     | | | | | | |
   _________________
  -|               |-
  -|               |-
  -|               |-
  -|    CYPRESS    |-
  -|               |-
  -|               |-   Warp Verilog Synthesis Compiler: Version 6.3 IR 41
  -|               |-   Copyright (C) 1991-2001 Cypress Semiconductor
   |_______________|
     | | | | | | |

======================================================================
Compiling:  Enhed.v
Program  :   C:\Program Files (x86)\Cypress\PSoC Creator\3.0\PSoC Creator\warp\bin/warp.exe
Options  :    -yv2 -v3 -ygs -q10 -o2 -.fftcfgtype=LE -ya -.fftprj=C:\Enhed\Enhed.cydsn\Enhed.cyprj -dcpsoc3 Enhed.v -verilog
======================================================================

======================================================================
Compiling:  Enhed.v
Program  :   C:\Program Files (x86)\Cypress\PSoC Creator\3.0\PSoC Creator\warp\bin/warp.exe
Options  :    -yv2 -v3 -ygs -q10 -o2 -.fftcfgtype=LE -ya -.fftprj=C:\Enhed\Enhed.cydsn\Enhed.cyprj -dcpsoc3 Enhed.v -verilog
======================================================================

======================================================================
Compiling:  Enhed.v
Program  :   vlogfe
Options  :    -yv2 -v3 -ygs -q10 -o2 -.fftcfgtype=LE -ya -.fftprj=C:\Enhed\Enhed.cydsn\Enhed.cyprj -dcpsoc3 -verilog Enhed.v
======================================================================

vlogfe V6.3 IR 41:  Verilog parser
Fri Dec 05 12:34:43 2014


======================================================================
Compiling:  Enhed.v
Program  :   vpp
Options  :    -yv2 -q10 Enhed.v
======================================================================

vpp V6.3 IR 41:  Verilog Pre-Processor
Fri Dec 05 12:34:43 2014

Flattening file 'C:\Program Files (x86)\Cypress\PSoC Creator\3.0\PSoC Creator\warp\..\psoc\content\cyprimitives\CyPrimitives.cylib\cy_virtualmux_v1_0\cy_virtualmux_v1_0.v'
Flattening file 'C:\Program Files (x86)\Cypress\PSoC Creator\3.0\PSoC Creator\warp\..\psoc\content\cyprimitives\CyPrimitives.cylib\cy_analog_virtualmux_v1_0\cy_analog_virtualmux_v1_0.v'
Flattening file 'C:\Program Files (x86)\Cypress\PSoC Creator\3.0\PSoC Creator\warp\..\psoc\content\cyprimitives\CyPrimitives.cylib\ZeroTerminal\ZeroTerminal.v'
Flattening file 'C:\Program Files (x86)\Cypress\PSoC Creator\3.0\PSoC Creator\warp\..\psoc\content\cycomponentlibrary\CyComponentLibrary.cylib\Bus_Connect_v1_10\Bus_Connect_v1_10.v'
Flattening file 'C:\Program Files (x86)\Cypress\PSoC Creator\3.0\PSoC Creator\warp\lib\common\cypress.v'
Flattening file 'C:\Program Files (x86)\Cypress\PSoC Creator\3.0\PSoC Creator\warp\lib\common\cy_psoc3_inc.v'
Flattening file 'C:\Program Files (x86)\Cypress\PSoC Creator\3.0\PSoC Creator\warp\..\psoc\content\cyprimitives\CyPrimitives.cylib\or_v1_0\or_v1_0.v'
Flattening file 'C:\Program Files (x86)\Cypress\PSoC Creator\3.0\PSoC Creator\warp\..\psoc\content\cycomponentlibrary\CyComponentLibrary.cylib\B_Timer_v2_60\B_Timer_v2_60.v'
Flattening file 'C:\Program Files (x86)\Cypress\PSoC Creator\3.0\PSoC Creator\warp\lib\common\cypress.v'

vpp:  No errors.

Library 'work' => directory 'lcpsoc3'
General_symbol_table
General_symbol_table
Linking 'C:\Program Files (x86)\Cypress\PSoC Creator\3.0\PSoC Creator\warp\lib\common\std.vhd'.
Linking 'C:\Program Files (x86)\Cypress\PSoC Creator\3.0\PSoC Creator\warp\lib\common\cypress.vhd'.
Linking 'C:\Program Files (x86)\Cypress\PSoC Creator\3.0\PSoC Creator\warp\lib\common\work\cypress.vif'.
Linking 'C:\Program Files (x86)\Cypress\PSoC Creator\3.0\PSoC Creator\warp\lib\ieee\work\stdlogic.vif'.
Linking 'C:\Program Files (x86)\Cypress\PSoC Creator\3.0\PSoC Creator\warp\lib\common\stdlogic\lpmpkg.vif'.
Linking 'C:\Program Files (x86)\Cypress\PSoC Creator\3.0\PSoC Creator\warp\lib\common\stdlogic\rtlpkg.vif'.
Linking 'C:\Program Files (x86)\Cypress\PSoC Creator\3.0\PSoC Creator\warp\lib\common\stdlogic\mod_cnst.vif'.
Linking 'C:\Program Files (x86)\Cypress\PSoC Creator\3.0\PSoC Creator\warp\lib\common\stdlogic\mod_mthv.vif'.
Linking 'C:\Program Files (x86)\Cypress\PSoC Creator\3.0\PSoC Creator\warp\lib\common\stdlogic\mod_genv.vif'.
Using control file 'Enhed.ctl'.
C:\Program Files (x86)\Cypress\PSoC Creator\3.0\PSoC Creator\warp\..\psoc\content\cycomponentlibrary\CyComponentLibrary.cylib\B_Timer_v2_60\B_Timer_v2_60.v (line 368, col 46):  Note: Substituting module 'cmp_vv_vv' for '='.
C:\Program Files (x86)\Cypress\PSoC Creator\3.0\PSoC Creator\warp\..\psoc\content\cycomponentlibrary\CyComponentLibrary.cylib\B_Timer_v2_60\B_Timer_v2_60.v (line 374, col 62):  Note: Substituting module 'add_vv_vv' for '+'.
Linking 'C:\Program Files (x86)\Cypress\PSoC Creator\3.0\PSoC Creator\warp\lib\common\stdlogic\cy_psoc3pkg.vif'.
Linking 'C:\Program Files (x86)\Cypress\PSoC Creator\3.0\PSoC Creator\warp\lib\common\stdlogic\cy_psoc3.vif'.

vlogfe:  No errors.


======================================================================
Compiling:  Enhed.v
Program  :   tovif
Options  :    -yv2 -v3 -ygs -q10 -o2 -.fftcfgtype=LE -ya -.fftprj=C:\Enhed\Enhed.cydsn\Enhed.cyprj -dcpsoc3 -verilog Enhed.v
======================================================================

tovif V6.3 IR 41:  High-level synthesis
Fri Dec 05 12:34:43 2014

Linking 'C:\Program Files (x86)\Cypress\PSoC Creator\3.0\PSoC Creator\warp\lib\common\std.vhd'.
Linking 'C:\Program Files (x86)\Cypress\PSoC Creator\3.0\PSoC Creator\warp\lib\common\cypress.vhd'.
Linking 'C:\Program Files (x86)\Cypress\PSoC Creator\3.0\PSoC Creator\warp\lib\common\work\cypress.vif'.
Linking 'C:\Program Files (x86)\Cypress\PSoC Creator\3.0\PSoC Creator\warp\lib\ieee\work\stdlogic.vif'.
Linking 'C:\Program Files (x86)\Cypress\PSoC Creator\3.0\PSoC Creator\warp\lib\common\stdlogic\lpmpkg.vif'.
Linking 'C:\Program Files (x86)\Cypress\PSoC Creator\3.0\PSoC Creator\warp\lib\common\stdlogic\rtlpkg.vif'.
Linking 'C:\Program Files (x86)\Cypress\PSoC Creator\3.0\PSoC Creator\warp\lib\common\stdlogic\mod_cnst.vif'.
Linking 'C:\Program Files (x86)\Cypress\PSoC Creator\3.0\PSoC Creator\warp\lib\common\stdlogic\mod_mthv.vif'.
Linking 'C:\Program Files (x86)\Cypress\PSoC Creator\3.0\PSoC Creator\warp\lib\common\stdlogic\mod_genv.vif'.
Linking 'C:\Enhed\Enhed.cydsn\codegentemp\Enhed.ctl'.
Linking 'C:\Program Files (x86)\Cypress\PSoC Creator\3.0\PSoC Creator\psoc\content\cyprimitives\CyPrimitives.cylib\cy_virtualmux_v1_0\cy_virtualmux_v1_0.v'.
Linking 'C:\Enhed\Enhed.cydsn\codegentemp\Enhed.v'.
Linking 'C:\Program Files (x86)\Cypress\PSoC Creator\3.0\PSoC Creator\psoc\content\cyprimitives\CyPrimitives.cylib\cy_analog_virtualmux_v1_0\cy_analog_virtualmux_v1_0.v'.
Linking 'C:\Program Files (x86)\Cypress\PSoC Creator\3.0\PSoC Creator\psoc\content\cyprimitives\CyPrimitives.cylib\ZeroTerminal\ZeroTerminal.v'.
Linking 'C:\Program Files (x86)\Cypress\PSoC Creator\3.0\PSoC Creator\psoc\content\cycomponentlibrary\CyComponentLibrary.cylib\Bus_Connect_v1_10\Bus_Connect_v1_10.v'.
Linking 'C:\Program Files (x86)\Cypress\PSoC Creator\3.0\PSoC Creator\warp\lib\common\cypress.v'.
Linking 'C:\Program Files (x86)\Cypress\PSoC Creator\3.0\PSoC Creator\warp\lib\common\cy_psoc3_inc.v'.
Linking 'C:\Program Files (x86)\Cypress\PSoC Creator\3.0\PSoC Creator\psoc\content\cyprimitives\CyPrimitives.cylib\or_v1_0\or_v1_0.v'.
Linking 'C:\Program Files (x86)\Cypress\PSoC Creator\3.0\PSoC Creator\psoc\content\cycomponentlibrary\CyComponentLibrary.cylib\B_Timer_v2_60\B_Timer_v2_60.v'.
Linking 'C:\Program Files (x86)\Cypress\PSoC Creator\3.0\PSoC Creator\warp\lib\common\stdlogic\cy_psoc3pkg.vif'.
Linking 'C:\Program Files (x86)\Cypress\PSoC Creator\3.0\PSoC Creator\warp\lib\common\stdlogic\cy_psoc3.vif'.

tovif:  No errors.


======================================================================
Compiling:  Enhed.v
Program  :   topld
Options  :    -yv2 -v3 -ygs -q10 -o2 -.fftcfgtype=LE -ya -.fftprj=C:\Enhed\Enhed.cydsn\Enhed.cyprj -dcpsoc3 -verilog Enhed.v
======================================================================

topld V6.3 IR 41:  Synthesis and optimization
Fri Dec 05 12:34:45 2014

Linking 'C:\Program Files (x86)\Cypress\PSoC Creator\3.0\PSoC Creator\warp\lib\common\std.vhd'.
Linking 'C:\Program Files (x86)\Cypress\PSoC Creator\3.0\PSoC Creator\warp\lib\common\cypress.vhd'.
Linking 'C:\Program Files (x86)\Cypress\PSoC Creator\3.0\PSoC Creator\warp\lib\common\work\cypress.vif'.
Linking 'C:\Program Files (x86)\Cypress\PSoC Creator\3.0\PSoC Creator\warp\lib\ieee\work\stdlogic.vif'.
Linking 'C:\Program Files (x86)\Cypress\PSoC Creator\3.0\PSoC Creator\warp\lib\common\stdlogic\lpmpkg.vif'.
Linking 'C:\Program Files (x86)\Cypress\PSoC Creator\3.0\PSoC Creator\warp\lib\common\stdlogic\rtlpkg.vif'.
Linking 'C:\Program Files (x86)\Cypress\PSoC Creator\3.0\PSoC Creator\warp\lib\common\stdlogic\mod_cnst.vif'.
Linking 'C:\Program Files (x86)\Cypress\PSoC Creator\3.0\PSoC Creator\warp\lib\common\stdlogic\mod_mthv.vif'.
Linking 'C:\Program Files (x86)\Cypress\PSoC Creator\3.0\PSoC Creator\warp\lib\common\stdlogic\mod_genv.vif'.
Linking 'C:\Enhed\Enhed.cydsn\codegentemp\Enhed.ctl'.
Linking 'C:\Program Files (x86)\Cypress\PSoC Creator\3.0\PSoC Creator\psoc\content\cyprimitives\CyPrimitives.cylib\cy_virtualmux_v1_0\cy_virtualmux_v1_0.v'.
Linking 'C:\Enhed\Enhed.cydsn\codegentemp\Enhed.v'.
Linking 'C:\Program Files (x86)\Cypress\PSoC Creator\3.0\PSoC Creator\psoc\content\cyprimitives\CyPrimitives.cylib\cy_analog_virtualmux_v1_0\cy_analog_virtualmux_v1_0.v'.
Linking 'C:\Program Files (x86)\Cypress\PSoC Creator\3.0\PSoC Creator\psoc\content\cyprimitives\CyPrimitives.cylib\ZeroTerminal\ZeroTerminal.v'.
Linking 'C:\Program Files (x86)\Cypress\PSoC Creator\3.0\PSoC Creator\psoc\content\cycomponentlibrary\CyComponentLibrary.cylib\Bus_Connect_v1_10\Bus_Connect_v1_10.v'.
Linking 'C:\Program Files (x86)\Cypress\PSoC Creator\3.0\PSoC Creator\warp\lib\common\cypress.v'.
Linking 'C:\Program Files (x86)\Cypress\PSoC Creator\3.0\PSoC Creator\warp\lib\common\cy_psoc3_inc.v'.
Linking 'C:\Program Files (x86)\Cypress\PSoC Creator\3.0\PSoC Creator\psoc\content\cyprimitives\CyPrimitives.cylib\or_v1_0\or_v1_0.v'.
Linking 'C:\Program Files (x86)\Cypress\PSoC Creator\3.0\PSoC Creator\psoc\content\cycomponentlibrary\CyComponentLibrary.cylib\B_Timer_v2_60\B_Timer_v2_60.v'.
Linking 'C:\Program Files (x86)\Cypress\PSoC Creator\3.0\PSoC Creator\warp\lib\common\stdlogic\cy_psoc3pkg.vif'.
Linking 'C:\Program Files (x86)\Cypress\PSoC Creator\3.0\PSoC Creator\warp\lib\common\stdlogic\cy_psoc3.vif'.
Linking 'C:\Program Files (x86)\Cypress\PSoC Creator\3.0\PSoC Creator\warp\lib\lcpsoc3\stdlogic\cpsoc3.vif'.

----------------------------------------------------------
Detecting unused logic.
----------------------------------------------------------
    User names
	\ADC_SAR_Seq_0:Net_3093\
	\ADC_SAR_Seq_0:Net_3090\
	\SPIS_1:Net_459\
	\SPIS_1:Net_676\
	\SPIS_1:Net_416\
	\SPIS_1:Net_682\
	\SPIS_1:Net_427\
	Net_6
	\logDataTimer:TimerUDB:ctrl_ten\
	\logDataTimer:TimerUDB:ctrl_cmode_0\
	\logDataTimer:TimerUDB:ctrl_tmode_1\
	\logDataTimer:TimerUDB:ctrl_tmode_0\
	\logDataTimer:TimerUDB:ctrl_ic_1\
	\logDataTimer:TimerUDB:ctrl_ic_0\
	Net_44
	\logDataTimer:TimerUDB:zeros_3\
	\logDataTimer:TimerUDB:zeros_2\
	\waterTimer:TimerUDB:ctrl_ten\
	\waterTimer:TimerUDB:ctrl_cmode_0\
	\waterTimer:TimerUDB:ctrl_tmode_1\
	\waterTimer:TimerUDB:ctrl_tmode_0\
	\waterTimer:TimerUDB:ctrl_ic_1\
	\waterTimer:TimerUDB:ctrl_ic_0\
	Net_31
	\waterTimer:TimerUDB:zeros_3\
	\waterTimer:TimerUDB:zeros_2\


Deleted 26 User equations/components.
Deleted 0 Synthesized equations/components.

------------------------------------------------------
Alias Detection
------------------------------------------------------
Aliasing \ADC_SAR_Seq_0:Net_1963_1\ to \ADC_SAR_Seq_0:Net_26\
Aliasing \ADC_SAR_Seq_0:Net_1963_0\ to \ADC_SAR_Seq_0:Net_26\
Aliasing \ADC_SAR_Seq_0:Net_11\ to \ADC_SAR_Seq_0:Net_26\
Aliasing \ADC_SAR_Seq_0:Net_14\ to \ADC_SAR_Seq_0:Net_26\
Aliasing \ADC_SAR_Seq_0:Net_13\ to \ADC_SAR_Seq_0:Net_26\
Aliasing \ADC_SAR_Seq_0:soc\ to \ADC_SAR_Seq_0:Net_26\
Aliasing \ADC_SAR_Seq_0:Net_15\ to \ADC_SAR_Seq_0:Net_26\
Aliasing zero to \ADC_SAR_Seq_0:Net_26\
Aliasing one to tmpOE__P_FT1_net_0
Aliasing tmpOE__P_FT2_net_0 to tmpOE__P_FT1_net_0
Aliasing tmpOE__P_VP_net_0 to tmpOE__P_FT1_net_0
Aliasing \SPIS_1:tmpOE__ss_s_net_0\ to tmpOE__P_FT1_net_0
Aliasing \SPIS_1:Net_452\ to \ADC_SAR_Seq_0:Net_26\
Aliasing \SPIS_1:Net_245\ to \ADC_SAR_Seq_0:Net_26\
Aliasing \SPIS_1:tmpOE__miso_s_net_0\ to tmpOE__P_FT1_net_0
Aliasing \SPIS_1:tmpOE__sclk_s_net_0\ to tmpOE__P_FT1_net_0
Aliasing \SPIS_1:tmpOE__mosi_s_net_0\ to tmpOE__P_FT1_net_0
Aliasing tmpOE__GREEN_LED_net_0 to tmpOE__P_FT1_net_0
Aliasing tmpOE__RED_LED_net_0 to tmpOE__P_FT1_net_0
Aliasing tmpOE__BLUE_LED_net_0 to tmpOE__P_FT1_net_0
Aliasing tmpOE__P_PIR_net_0 to tmpOE__P_FT1_net_0
Aliasing \logDataTimer:TimerUDB:ctrl_cmode_1\ to \ADC_SAR_Seq_0:Net_26\
Aliasing \logDataTimer:TimerUDB:trigger_enable\ to tmpOE__P_FT1_net_0
Aliasing \logDataTimer:TimerUDB:status_6\ to \ADC_SAR_Seq_0:Net_26\
Aliasing \logDataTimer:TimerUDB:status_5\ to \ADC_SAR_Seq_0:Net_26\
Aliasing \logDataTimer:TimerUDB:status_4\ to \ADC_SAR_Seq_0:Net_26\
Aliasing \logDataTimer:TimerUDB:status_0\ to \logDataTimer:TimerUDB:tc_i\
Aliasing Net_12 to \ADC_SAR_Seq_0:Net_26\
Aliasing \waterTimer:TimerUDB:ctrl_cmode_1\ to \ADC_SAR_Seq_0:Net_26\
Aliasing \waterTimer:TimerUDB:trigger_enable\ to tmpOE__P_FT1_net_0
Aliasing \waterTimer:TimerUDB:status_6\ to \ADC_SAR_Seq_0:Net_26\
Aliasing \waterTimer:TimerUDB:status_5\ to \ADC_SAR_Seq_0:Net_26\
Aliasing \waterTimer:TimerUDB:status_4\ to \ADC_SAR_Seq_0:Net_26\
Aliasing \waterTimer:TimerUDB:status_0\ to \waterTimer:TimerUDB:tc_i\
Aliasing Net_20 to \ADC_SAR_Seq_0:Net_26\
Aliasing \logDataTimer:TimerUDB:capture_last\\D\ to \ADC_SAR_Seq_0:Net_26\
Aliasing \logDataTimer:TimerUDB:hwEnable_reg\\D\ to \logDataTimer:TimerUDB:run_mode\
Aliasing \logDataTimer:TimerUDB:capture_out_reg_i\\D\ to \logDataTimer:TimerUDB:capt_fifo_load_int\
Aliasing \waterTimer:TimerUDB:capture_last\\D\ to \ADC_SAR_Seq_0:Net_26\
Aliasing \waterTimer:TimerUDB:hwEnable_reg\\D\ to \waterTimer:TimerUDB:run_mode\
Aliasing \waterTimer:TimerUDB:capture_out_reg_i\\D\ to \waterTimer:TimerUDB:capt_fifo_load_int\
Removing Rhs of wire \ADC_SAR_Seq_0:Net_17\[5] = \ADC_SAR_Seq_0:Net_1845\[35]
Removing Lhs of wire \ADC_SAR_Seq_0:Net_1963_1\[28] = \ADC_SAR_Seq_0:Net_26\[27]
Removing Lhs of wire \ADC_SAR_Seq_0:Net_1963_0\[29] = \ADC_SAR_Seq_0:Net_26\[27]
Removing Lhs of wire \ADC_SAR_Seq_0:Net_11\[30] = \ADC_SAR_Seq_0:Net_26\[27]
Removing Lhs of wire \ADC_SAR_Seq_0:Net_14\[31] = \ADC_SAR_Seq_0:Net_26\[27]
Removing Lhs of wire \ADC_SAR_Seq_0:Net_13\[32] = \ADC_SAR_Seq_0:Net_26\[27]
Removing Lhs of wire \ADC_SAR_Seq_0:soc\[33] = \ADC_SAR_Seq_0:Net_26\[27]
Removing Lhs of wire \ADC_SAR_Seq_0:Net_15\[34] = \ADC_SAR_Seq_0:Net_26\[27]
Removing Rhs of wire zero[210] = \ADC_SAR_Seq_0:Net_26\[27]
Removing Lhs of wire one[214] = tmpOE__P_FT1_net_0[209]
Removing Lhs of wire tmpOE__P_FT2_net_0[217] = tmpOE__P_FT1_net_0[209]
Removing Lhs of wire tmpOE__P_VP_net_0[223] = tmpOE__P_FT1_net_0[209]
Removing Lhs of wire \SPIS_1:tmpOE__ss_s_net_0\[232] = tmpOE__P_FT1_net_0[209]
Removing Lhs of wire \SPIS_1:Net_652\[237] = \SPIS_1:Net_458\[233]
Removing Lhs of wire \SPIS_1:Net_452\[238] = zero[210]
Removing Lhs of wire \SPIS_1:Net_245\[240] = zero[210]
Removing Lhs of wire \SPIS_1:Net_654\[242] = zero[210]
Removing Lhs of wire \SPIS_1:Net_655\[245] = \SPIS_1:Net_284\[229]
Removing Rhs of wire \SPIS_1:Net_653\[246] = \SPIS_1:Net_387\[247]
Removing Rhs of wire \SPIS_1:Net_651\[248] = \SPIS_1:Net_252\[249]
Removing Lhs of wire \SPIS_1:Net_663\[250] = zero[210]
Removing Lhs of wire \SPIS_1:tmpOE__miso_s_net_0\[252] = tmpOE__P_FT1_net_0[209]
Removing Lhs of wire \SPIS_1:tmpOE__sclk_s_net_0\[263] = tmpOE__P_FT1_net_0[209]
Removing Lhs of wire \SPIS_1:tmpOE__mosi_s_net_0\[268] = tmpOE__P_FT1_net_0[209]
Removing Lhs of wire tmpOE__GREEN_LED_net_0[283] = tmpOE__P_FT1_net_0[209]
Removing Lhs of wire tmpOE__RED_LED_net_0[289] = tmpOE__P_FT1_net_0[209]
Removing Lhs of wire tmpOE__BLUE_LED_net_0[295] = tmpOE__P_FT1_net_0[209]
Removing Lhs of wire tmpOE__P_PIR_net_0[303] = tmpOE__P_FT1_net_0[209]
Removing Lhs of wire \logDataTimer:TimerUDB:ctrl_enable\[321] = \logDataTimer:TimerUDB:control_7\[313]
Removing Lhs of wire \logDataTimer:TimerUDB:ctrl_cmode_1\[323] = zero[210]
Removing Rhs of wire \logDataTimer:TimerUDB:timer_enable\[332] = \logDataTimer:TimerUDB:runmode_enable\[345]
Removing Rhs of wire \logDataTimer:TimerUDB:run_mode\[333] = \logDataTimer:TimerUDB:hwEnable\[334]
Removing Lhs of wire \logDataTimer:TimerUDB:run_mode\[333] = \logDataTimer:TimerUDB:control_7\[313]
Removing Lhs of wire \logDataTimer:TimerUDB:trigger_enable\[336] = tmpOE__P_FT1_net_0[209]
Removing Lhs of wire \logDataTimer:TimerUDB:tc_i\[338] = \logDataTimer:TimerUDB:status_tc\[335]
Removing Rhs of wire Net_148[341] = \logDataTimer:TimerUDB:tc_reg_i\[339]
Removing Lhs of wire \logDataTimer:TimerUDB:capt_fifo_load_int\[344] = \logDataTimer:TimerUDB:capt_fifo_load\[331]
Removing Lhs of wire \logDataTimer:TimerUDB:status_6\[347] = zero[210]
Removing Lhs of wire \logDataTimer:TimerUDB:status_5\[348] = zero[210]
Removing Lhs of wire \logDataTimer:TimerUDB:status_4\[349] = zero[210]
Removing Lhs of wire \logDataTimer:TimerUDB:status_0\[350] = \logDataTimer:TimerUDB:status_tc\[335]
Removing Lhs of wire \logDataTimer:TimerUDB:status_1\[351] = \logDataTimer:TimerUDB:capt_fifo_load\[331]
Removing Rhs of wire \logDataTimer:TimerUDB:status_2\[352] = \logDataTimer:TimerUDB:fifo_full\[353]
Removing Rhs of wire \logDataTimer:TimerUDB:status_3\[354] = \logDataTimer:TimerUDB:fifo_nempty\[355]
Removing Lhs of wire Net_12[357] = zero[210]
Removing Lhs of wire \logDataTimer:TimerUDB:cs_addr_2\[359] = zero[210]
Removing Lhs of wire \logDataTimer:TimerUDB:cs_addr_1\[360] = \logDataTimer:TimerUDB:trig_reg\[346]
Removing Lhs of wire \logDataTimer:TimerUDB:cs_addr_0\[361] = \logDataTimer:TimerUDB:per_zero\[337]
Removing Lhs of wire \waterTimer:TimerUDB:ctrl_enable\[456] = \waterTimer:TimerUDB:control_7\[448]
Removing Lhs of wire \waterTimer:TimerUDB:ctrl_cmode_1\[458] = zero[210]
Removing Rhs of wire \waterTimer:TimerUDB:timer_enable\[467] = \waterTimer:TimerUDB:runmode_enable\[480]
Removing Rhs of wire \waterTimer:TimerUDB:run_mode\[468] = \waterTimer:TimerUDB:hwEnable\[469]
Removing Lhs of wire \waterTimer:TimerUDB:run_mode\[468] = \waterTimer:TimerUDB:control_7\[448]
Removing Lhs of wire \waterTimer:TimerUDB:trigger_enable\[471] = tmpOE__P_FT1_net_0[209]
Removing Lhs of wire \waterTimer:TimerUDB:tc_i\[473] = \waterTimer:TimerUDB:status_tc\[470]
Removing Rhs of wire Net_42[476] = \waterTimer:TimerUDB:tc_reg_i\[474]
Removing Lhs of wire \waterTimer:TimerUDB:capt_fifo_load_int\[479] = \waterTimer:TimerUDB:capt_fifo_load\[466]
Removing Lhs of wire \waterTimer:TimerUDB:status_6\[482] = zero[210]
Removing Lhs of wire \waterTimer:TimerUDB:status_5\[483] = zero[210]
Removing Lhs of wire \waterTimer:TimerUDB:status_4\[484] = zero[210]
Removing Lhs of wire \waterTimer:TimerUDB:status_0\[485] = \waterTimer:TimerUDB:status_tc\[470]
Removing Lhs of wire \waterTimer:TimerUDB:status_1\[486] = \waterTimer:TimerUDB:capt_fifo_load\[466]
Removing Rhs of wire \waterTimer:TimerUDB:status_2\[487] = \waterTimer:TimerUDB:fifo_full\[488]
Removing Rhs of wire \waterTimer:TimerUDB:status_3\[489] = \waterTimer:TimerUDB:fifo_nempty\[490]
Removing Lhs of wire Net_20[492] = zero[210]
Removing Lhs of wire \waterTimer:TimerUDB:cs_addr_2\[494] = zero[210]
Removing Lhs of wire \waterTimer:TimerUDB:cs_addr_1\[495] = \waterTimer:TimerUDB:trig_reg\[481]
Removing Lhs of wire \waterTimer:TimerUDB:cs_addr_0\[496] = \waterTimer:TimerUDB:per_zero\[472]
Removing Lhs of wire \logDataTimer:TimerUDB:capture_last\\D\[581] = zero[210]
Removing Lhs of wire \logDataTimer:TimerUDB:tc_reg_i\\D\[582] = \logDataTimer:TimerUDB:status_tc\[335]
Removing Lhs of wire \logDataTimer:TimerUDB:hwEnable_reg\\D\[583] = \logDataTimer:TimerUDB:control_7\[313]
Removing Lhs of wire \logDataTimer:TimerUDB:capture_out_reg_i\\D\[584] = \logDataTimer:TimerUDB:capt_fifo_load\[331]
Removing Lhs of wire \waterTimer:TimerUDB:capture_last\\D\[585] = zero[210]
Removing Lhs of wire \waterTimer:TimerUDB:tc_reg_i\\D\[586] = \waterTimer:TimerUDB:status_tc\[470]
Removing Lhs of wire \waterTimer:TimerUDB:hwEnable_reg\\D\[587] = \waterTimer:TimerUDB:control_7\[448]
Removing Lhs of wire \waterTimer:TimerUDB:capture_out_reg_i\\D\[588] = \waterTimer:TimerUDB:capt_fifo_load\[466]

------------------------------------------------------
Aliased 0 equations, 76 wires.
------------------------------------------------------

----------------------------------------------------------
Circuit simplification
----------------------------------------------------------

Substituting virtuals - pass 1:

Note:  Expanding virtual equation for 'zero' (cost = 0):
zero <=  ('0') ;

Note:  Expanding virtual equation for 'tmpOE__P_FT1_net_0' (cost = 0):
tmpOE__P_FT1_net_0 <=  ('1') ;

Note:  Expanding virtual equation for '\logDataTimer:TimerUDB:fifo_load_polarized\' (cost = 0):
\logDataTimer:TimerUDB:fifo_load_polarized\ <=  ('0') ;

Note:  Expanding virtual equation for '\logDataTimer:TimerUDB:timer_enable\' (cost = 0):
\logDataTimer:TimerUDB:timer_enable\ <= (\logDataTimer:TimerUDB:control_7\);

Note:  Expanding virtual equation for '\waterTimer:TimerUDB:fifo_load_polarized\' (cost = 0):
\waterTimer:TimerUDB:fifo_load_polarized\ <=  ('0') ;

Note:  Expanding virtual equation for '\waterTimer:TimerUDB:timer_enable\' (cost = 0):
\waterTimer:TimerUDB:timer_enable\ <= (\waterTimer:TimerUDB:control_7\);


Substituting virtuals - pass 2:


----------------------------------------------------------
Circuit simplification results:

	Expanded 6 signals.
	Turned 0 signals into soft nodes.
	Maximum default expansion cost was set at 3.
----------------------------------------------------------

------------------------------------------------------
Alias Detection
------------------------------------------------------
Aliasing \logDataTimer:TimerUDB:capt_fifo_load\ to zero
Aliasing \waterTimer:TimerUDB:capt_fifo_load\ to zero
Removing Lhs of wire \logDataTimer:TimerUDB:capt_fifo_load\[331] = zero[210]
Removing Lhs of wire \logDataTimer:TimerUDB:trig_reg\[346] = \logDataTimer:TimerUDB:control_7\[313]
Removing Lhs of wire \waterTimer:TimerUDB:capt_fifo_load\[466] = zero[210]
Removing Lhs of wire \waterTimer:TimerUDB:trig_reg\[481] = \waterTimer:TimerUDB:control_7\[448]

------------------------------------------------------
Aliased 0 equations, 4 wires.
------------------------------------------------------

----------------------------------------------------------
Circuit simplification
----------------------------------------------------------

Eliminating unused logic - pass 1:


Eliminating unused logic - pass 2:


Substituting virtuals - pass 1:


----------------------------------------------------------
Circuit simplification results:

	Expanded 0 signals.
	Turned 0 signals into soft nodes.
	Maximum default expansion cost was set at 3.
----------------------------------------------------------

topld:  No errors.

CYPRESS_DIR    : C:\Program Files (x86)\Cypress\PSoC Creator\3.0\PSoC Creator\warp
Warp Program   : C:\Program Files (x86)\Cypress\PSoC Creator\3.0\PSoC Creator\warp\bin/warp.exe
Warp Arguments : -yv2 -v3 -ygs -q10 -o2 -.fftcfgtype=LE -ya -.fftprj=C:\Enhed\Enhed.cydsn\Enhed.cyprj -dcpsoc3 Enhed.v -verilog
</CYPRESSTAG>
Warp synthesis phase: Elapsed time ==> 3s.089ms
<CYPRESSTAG name="Fitter results...">
<CYPRESSTAG name="Fitter startup details...">
cyp3fit: V3.0.0.3140, Family: PSoC3, Started at: Friday, 05 December 2014 12:34:46
Options: -yv2 -v3 -ygs -q10 -o2 -.fftcfgtype=LE -ya -.fftprj=C:\Enhed\Enhed.cydsn\Enhed.cyprj -d CY8C4245AXI-483 Enhed.v -verilog
</CYPRESSTAG>
<CYPRESSTAG name="Design parsing">
Design parsing phase: Elapsed time ==> 0s.029ms
</CYPRESSTAG>
<CYPRESSTAG name="Tech mapping">
<CYPRESSTAG name="Initial Mapping" icon="FILE_RPT_TECHM">
    Converted constant MacroCell: \logDataTimer:TimerUDB:capture_last\ from registered to combinatorial
    Converted constant MacroCell: \logDataTimer:TimerUDB:capture_out_reg_i\ from registered to combinatorial
    Converted constant MacroCell: \waterTimer:TimerUDB:capture_last\ from registered to combinatorial
    Converted constant MacroCell: \waterTimer:TimerUDB:capture_out_reg_i\ from registered to combinatorial
Assigning clock timer_clock to clock HFCLK because it is a pass-through
Assigning clock timer_clock_1 to clock HFCLK because it is a pass-through

Removing unused cells resulting from optimization
    Removed unused cell/equation '\logDataTimer:TimerUDB:capture_last\:macrocell'
    Removed unused cell/equation '\logDataTimer:TimerUDB:capture_out_reg_i\:macrocell'
    Removed unused cell/equation '\logDataTimer:TimerUDB:hwEnable_reg\:macrocell'
    Removed unused cell/equation '\waterTimer:TimerUDB:capture_last\:macrocell'
    Removed unused cell/equation '\waterTimer:TimerUDB:capture_out_reg_i\:macrocell'
    Removed unused cell/equation '\waterTimer:TimerUDB:hwEnable_reg\:macrocell'
Done removing unused cells.
<CYPRESSTAG name="Global Clock Selection" icon="FILE_RPT_TECHM">
    Fixed Function Clock 2: Automatic-assigning  clock 'SPIS_1_SCBCLK'. Signal=\SPIS_1:Net_284_ff2\
    Fixed Function Clock 7: Automatic-assigning  clock 'ADC_SAR_Seq_0_intClock'. Signal=\ADC_SAR_Seq_0:Net_17_ff7\
<CYPRESSTAG name="UDB Clock/Enable Remapping Results">
    UDB Clk/Enable \logDataTimer:TimerUDB:clock_enable_block\: with output requested to be synchronous
        ClockIn: HFCLK was determined to be a global clock that is synchronous to HFCLK
        EnableIn: Constant 1 was determined to be synchronous to ClockIn
        ClockOut: HFCLK, EnableOut: Constant 1
    UDB Clk/Enable \logDataTimer:TimerUDB:sCTRLReg:SyncCtl:cy_psoc3_udb_Ctl_Clk_Sync\: with output requested to be synchronous
        ClockIn: HFCLK was determined to be a global clock that is synchronous to HFCLK
        EnableIn: Constant 1 was determined to be synchronous to ClockIn
        ClockOut: HFCLK, EnableOut: Constant 1
    UDB Clk/Enable \waterTimer:TimerUDB:clock_enable_block\: with output requested to be synchronous
        ClockIn: HFCLK was determined to be a global clock that is synchronous to HFCLK
        EnableIn: Constant 1 was determined to be synchronous to ClockIn
        ClockOut: HFCLK, EnableOut: Constant 1
    UDB Clk/Enable \waterTimer:TimerUDB:sCTRLReg:SyncCtl:cy_psoc3_udb_Ctl_Clk_Sync\: with output requested to be synchronous
        ClockIn: HFCLK was determined to be a global clock that is synchronous to HFCLK
        EnableIn: Constant 1 was determined to be synchronous to ClockIn
        ClockOut: HFCLK, EnableOut: Constant 1
</CYPRESSTAG>
</CYPRESSTAG>

Removing unused cells resulting from optimization
    Removed unused cell/equation '__ZERO__:macrocell'
Done removing unused cells.
<CYPRESSTAG name="Duplicate Macrocell detection">
</CYPRESSTAG>
</CYPRESSTAG>
<CYPRESSTAG name="Duplicate Macrocell detection">
</CYPRESSTAG>
<CYPRESSTAG name="Design Equations" icon="FILE_RPT_EQUATION">

------------------------------------------------------------
Design Equations
------------------------------------------------------------
    <CYPRESSTAG name="Pin listing">

    ------------------------------------------------------------
    Pin listing
    ------------------------------------------------------------

    Pin : Name = BLUE_LED(0)
        Attributes:
            In Group/Port: True
            In Sync Option: AUTO
            Out Sync Option: NOSYNC
            Interrupt generated: False
            Interrupt mode: NONE
            Drive mode: CMOS_OUT
            VTrip: EITHER
            Slew: FAST
            Input Sync needed: False
            Output Sync needed: False
            SC shield enabled: False
            POR State: ANY
            LCD Mode: COMMON
            Register Mode: RegComb
            CaSense Mode: NEITHER
            Treat as pin: True
            Is OE Registered: False
            Uses Analog: False
            Can contain Digital: True
            Is SIO: False
            SIO Output Buf: NONREGULATED
            SIO Input Buf: SINGLE_ENDED
            SIO HiFreq: LOW
            SIO Hyst: DISABLED
            SIO Vtrip: MULTIPLIER_0_5
            SIO RefSel: VCC_IO
            Required Capabilitites: DIGITAL
            Initial Value: 1
            IO Voltage: 0
        PORT MAP (
            pa_out => BLUE_LED(0)__PA ,
            pad => BLUE_LED(0)_PAD );
        Properties:
        {
        }

    Pin : Name = GREEN_LED(0)
        Attributes:
            In Group/Port: True
            In Sync Option: AUTO
            Out Sync Option: NOSYNC
            Interrupt generated: False
            Interrupt mode: NONE
            Drive mode: CMOS_OUT
            VTrip: EITHER
            Slew: FAST
            Input Sync needed: False
            Output Sync needed: False
            SC shield enabled: False
            POR State: ANY
            LCD Mode: COMMON
            Register Mode: RegComb
            CaSense Mode: NEITHER
            Treat as pin: True
            Is OE Registered: False
            Uses Analog: False
            Can contain Digital: True
            Is SIO: False
            SIO Output Buf: NONREGULATED
            SIO Input Buf: SINGLE_ENDED
            SIO HiFreq: LOW
            SIO Hyst: DISABLED
            SIO Vtrip: MULTIPLIER_0_5
            SIO RefSel: VCC_IO
            Required Capabilitites: DIGITAL
            Initial Value: 1
            IO Voltage: 0
        PORT MAP (
            pa_out => GREEN_LED(0)__PA ,
            pad => GREEN_LED(0)_PAD );
        Properties:
        {
        }

    Pin : Name = P_FT1(0)
        Attributes:
            In Group/Port: True
            In Sync Option: AUTO
            Out Sync Option: AUTO
            Interrupt generated: False
            Interrupt mode: NONE
            Drive mode: HI_Z_ANALOG
            VTrip: EITHER
            Slew: FAST
            Input Sync needed: False
            Output Sync needed: False
            SC shield enabled: False
            POR State: ANY
            LCD Mode: COMMON
            Register Mode: RegComb
            CaSense Mode: NEITHER
            Treat as pin: True
            Is OE Registered: False
            Uses Analog: True
            Can contain Digital: False
            Is SIO: False
            SIO Output Buf: NONREGULATED
            SIO Input Buf: SINGLE_ENDED
            SIO HiFreq: LOW
            SIO Hyst: DISABLED
            SIO Vtrip: MULTIPLIER_0_5
            SIO RefSel: VCC_IO
            Required Capabilitites: ANALOG
            Initial Value: 1
            IO Voltage: 0
        PORT MAP (
            pa_out => P_FT1(0)__PA ,
            analog_term => \ADC_SAR_Seq_0:Net_2020\ ,
            pad => P_FT1(0)_PAD );
        Properties:
        {
        }

    Pin : Name = P_FT2(0)
        Attributes:
            In Group/Port: True
            In Sync Option: AUTO
            Out Sync Option: NOSYNC
            Interrupt generated: False
            Interrupt mode: NONE
            Drive mode: CMOS_OUT
            VTrip: EITHER
            Slew: FAST
            Input Sync needed: False
            Output Sync needed: False
            SC shield enabled: False
            POR State: ANY
            LCD Mode: COMMON
            Register Mode: RegComb
            CaSense Mode: NEITHER
            Treat as pin: True
            Is OE Registered: False
            Uses Analog: False
            Can contain Digital: True
            Is SIO: False
            SIO Output Buf: NONREGULATED
            SIO Input Buf: SINGLE_ENDED
            SIO HiFreq: LOW
            SIO Hyst: DISABLED
            SIO Vtrip: MULTIPLIER_0_5
            SIO RefSel: VCC_IO
            Required Capabilitites: DIGITAL
            Initial Value: 0
            IO Voltage: 0
        PORT MAP (
            pa_out => P_FT2(0)__PA ,
            pad => P_FT2(0)_PAD );
        Properties:
        {
        }

    Pin : Name = P_PIR(0)
        Attributes:
            In Group/Port: True
            In Sync Option: SYNC
            Out Sync Option: AUTO
            Interrupt generated: False
            Interrupt mode: NONE
            Drive mode: RES_PULL_DOWN
            VTrip: CMOS
            Slew: FAST
            Input Sync needed: True
            Output Sync needed: False
            SC shield enabled: False
            POR State: ANY
            LCD Mode: COMMON
            Register Mode: RegComb
            CaSense Mode: NEITHER
            Treat as pin: True
            Is OE Registered: False
            Uses Analog: False
            Can contain Digital: True
            Is SIO: False
            SIO Output Buf: NONREGULATED
            SIO Input Buf: SINGLE_ENDED
            SIO HiFreq: LOW
            SIO Hyst: DISABLED
            SIO Vtrip: MULTIPLIER_0_5
            SIO RefSel: VCC_IO
            Required Capabilitites: DIGITAL, ROUTABLE
            Initial Value: 0
            IO Voltage: 0
        PORT MAP (
            pa_out => P_PIR(0)__PA ,
            fb => Net_21 ,
            pad => P_PIR(0)_PAD );
        Properties:
        {
        }

    Pin : Name = P_VP(0)
        Attributes:
            In Group/Port: True
            In Sync Option: AUTO
            Out Sync Option: NOSYNC
            Interrupt generated: False
            Interrupt mode: NONE
            Drive mode: CMOS_OUT
            VTrip: EITHER
            Slew: FAST
            Input Sync needed: False
            Output Sync needed: False
            SC shield enabled: False
            POR State: ANY
            LCD Mode: COMMON
            Register Mode: RegComb
            CaSense Mode: NEITHER
            Treat as pin: True
            Is OE Registered: False
            Uses Analog: False
            Can contain Digital: True
            Is SIO: False
            SIO Output Buf: NONREGULATED
            SIO Input Buf: SINGLE_ENDED
            SIO HiFreq: LOW
            SIO Hyst: DISABLED
            SIO Vtrip: MULTIPLIER_0_5
            SIO RefSel: VCC_IO
            Required Capabilitites: DIGITAL
            Initial Value: 0
            IO Voltage: 0
        PORT MAP (
            pa_out => P_VP(0)__PA ,
            pad => P_VP(0)_PAD );
        Properties:
        {
        }

    Pin : Name = RED_LED(0)
        Attributes:
            In Group/Port: True
            In Sync Option: AUTO
            Out Sync Option: NOSYNC
            Interrupt generated: False
            Interrupt mode: NONE
            Drive mode: CMOS_OUT
            VTrip: EITHER
            Slew: FAST
            Input Sync needed: False
            Output Sync needed: False
            SC shield enabled: False
            POR State: ANY
            LCD Mode: COMMON
            Register Mode: RegComb
            CaSense Mode: NEITHER
            Treat as pin: True
            Is OE Registered: False
            Uses Analog: False
            Can contain Digital: True
            Is SIO: False
            SIO Output Buf: NONREGULATED
            SIO Input Buf: SINGLE_ENDED
            SIO HiFreq: LOW
            SIO Hyst: DISABLED
            SIO Vtrip: MULTIPLIER_0_5
            SIO RefSel: VCC_IO
            Required Capabilitites: DIGITAL
            Initial Value: 1
            IO Voltage: 0
        PORT MAP (
            pa_out => RED_LED(0)__PA ,
            pad => RED_LED(0)_PAD );
        Properties:
        {
        }

    Pin : Name = \SPIS_1:miso_s(0)\
        Attributes:
            In Group/Port: True
            In Sync Option: NOSYNC
            Out Sync Option: NOSYNC
            Interrupt generated: False
            Interrupt mode: NONE
            Drive mode: CMOS_OUT
            VTrip: CMOS
            Slew: FAST
            Input Sync needed: False
            Output Sync needed: False
            SC shield enabled: False
            POR State: ANY
            LCD Mode: COMMON
            Register Mode: RegComb
            CaSense Mode: NEITHER
            Treat as pin: True
            Is OE Registered: False
            Uses Analog: False
            Can contain Digital: True
            Is SIO: False
            SIO Output Buf: NONREGULATED
            SIO Input Buf: SINGLE_ENDED
            SIO HiFreq: LOW
            SIO Hyst: DISABLED
            SIO Vtrip: MULTIPLIER_0_5
            SIO RefSel: VCC_IO
            Required Capabilitites: DIGITAL, SPI_MISO
            Initial Value: 1
            IO Voltage: 0
        PORT MAP (
            pa_out => \SPIS_1:miso_s(0)\__PA ,
            input => \SPIS_1:Net_703\ ,
            pad => \SPIS_1:miso_s(0)_PAD\ );
        Properties:
        {
        }

    Pin : Name = \SPIS_1:mosi_s(0)\
        Attributes:
            In Group/Port: True
            In Sync Option: NOSYNC
            Out Sync Option: AUTO
            Interrupt generated: False
            Interrupt mode: NONE
            Drive mode: HI_Z_DIGITAL
            VTrip: CMOS
            Slew: FAST
            Input Sync needed: False
            Output Sync needed: False
            SC shield enabled: False
            POR State: ANY
            LCD Mode: COMMON
            Register Mode: RegComb
            CaSense Mode: NEITHER
            Treat as pin: True
            Is OE Registered: False
            Uses Analog: False
            Can contain Digital: True
            Is SIO: False
            SIO Output Buf: NONREGULATED
            SIO Input Buf: SINGLE_ENDED
            SIO HiFreq: LOW
            SIO Hyst: DISABLED
            SIO Vtrip: MULTIPLIER_0_5
            SIO RefSel: VCC_IO
            Required Capabilitites: DIGITAL, SPI_MOSI
            Initial Value: 0
            IO Voltage: 0
        PORT MAP (
            pa_out => \SPIS_1:mosi_s(0)\__PA ,
            fb => \SPIS_1:Net_651\ ,
            pad => \SPIS_1:mosi_s(0)_PAD\ );
        Properties:
        {
        }

    Pin : Name = \SPIS_1:sclk_s(0)\
        Attributes:
            In Group/Port: True
            In Sync Option: NOSYNC
            Out Sync Option: AUTO
            Interrupt generated: False
            Interrupt mode: NONE
            Drive mode: HI_Z_DIGITAL
            VTrip: CMOS
            Slew: FAST
            Input Sync needed: False
            Output Sync needed: False
            SC shield enabled: False
            POR State: ANY
            LCD Mode: COMMON
            Register Mode: RegComb
            CaSense Mode: NEITHER
            Treat as pin: True
            Is OE Registered: False
            Uses Analog: False
            Can contain Digital: True
            Is SIO: False
            SIO Output Buf: NONREGULATED
            SIO Input Buf: SINGLE_ENDED
            SIO HiFreq: LOW
            SIO Hyst: DISABLED
            SIO Vtrip: MULTIPLIER_0_5
            SIO RefSel: VCC_IO
            Required Capabilitites: DIGITAL, SPI_SCLK
            Initial Value: 0
            IO Voltage: 0
        PORT MAP (
            pa_out => \SPIS_1:sclk_s(0)\__PA ,
            fb => \SPIS_1:Net_653\ ,
            pad => \SPIS_1:sclk_s(0)_PAD\ );
        Properties:
        {
        }

    Pin : Name = \SPIS_1:ss_s(0)\
        Attributes:
            In Group/Port: True
            In Sync Option: NOSYNC
            Out Sync Option: AUTO
            Interrupt generated: False
            Interrupt mode: NONE
            Drive mode: HI_Z_DIGITAL
            VTrip: CMOS
            Slew: FAST
            Input Sync needed: False
            Output Sync needed: False
            SC shield enabled: False
            POR State: ANY
            LCD Mode: COMMON
            Register Mode: RegComb
            CaSense Mode: NEITHER
            Treat as pin: True
            Is OE Registered: False
            Uses Analog: False
            Can contain Digital: True
            Is SIO: False
            SIO Output Buf: NONREGULATED
            SIO Input Buf: SINGLE_ENDED
            SIO HiFreq: LOW
            SIO Hyst: DISABLED
            SIO Vtrip: MULTIPLIER_0_5
            SIO RefSel: VCC_IO
            Required Capabilitites: DIGITAL, SPI_SS
            Initial Value: 0
            IO Voltage: 0
        PORT MAP (
            pa_out => \SPIS_1:ss_s(0)\__PA ,
            fb => \SPIS_1:Net_458\ ,
            pad => \SPIS_1:ss_s(0)_PAD\ );
        Properties:
        {
        }
    </CYPRESSTAG>
    <CYPRESSTAG name="Macrocell listing" icon="FILE_RPT_EQUATION">

    ------------------------------------------------------------
    Macrocell listing
    ------------------------------------------------------------

    MacroCell: Name=Net_148, Mode=(D-Register)
        Total # of inputs        : 2
        Total # of product terms : 1
        List of special equations: 
            Clock  = (ClockBlock_HFCLK) => Global
            Clock Enable: True
        Main Equation            : 1 pterm
        (
              \logDataTimer:TimerUDB:control_7\ * 
              \logDataTimer:TimerUDB:per_zero\
        );
        Output = Net_148 (fanout=1)

    MacroCell: Name=Net_42, Mode=(D-Register)
        Total # of inputs        : 2
        Total # of product terms : 1
        List of special equations: 
            Clock  = (ClockBlock_HFCLK) => Global
            Clock Enable: True
        Main Equation            : 1 pterm
        (
              \waterTimer:TimerUDB:control_7\ * 
              \waterTimer:TimerUDB:per_zero\
        );
        Output = Net_42 (fanout=1)

    MacroCell: Name=\logDataTimer:TimerUDB:status_tc\, Mode=(Combinatorial)
        Total # of inputs        : 2
        Total # of product terms : 1
            Clock Enable: True
        Main Equation            : 1 pterm
        (
              \logDataTimer:TimerUDB:control_7\ * 
              \logDataTimer:TimerUDB:per_zero\
        );
        Output = \logDataTimer:TimerUDB:status_tc\ (fanout=1)

    MacroCell: Name=\waterTimer:TimerUDB:status_tc\, Mode=(Combinatorial)
        Total # of inputs        : 2
        Total # of product terms : 1
            Clock Enable: True
        Main Equation            : 1 pterm
        (
              \waterTimer:TimerUDB:control_7\ * 
              \waterTimer:TimerUDB:per_zero\
        );
        Output = \waterTimer:TimerUDB:status_tc\ (fanout=1)
    </CYPRESSTAG>
    <CYPRESSTAG name="Datapath listing">

    ------------------------------------------------------------
    Datapath listing
    ------------------------------------------------------------

    datapathcell: Name =\logDataTimer:TimerUDB:sT16:timerdp:u0\
        PORT MAP (
            clock => ClockBlock_HFCLK ,
            cs_addr_1 => \logDataTimer:TimerUDB:control_7\ ,
            cs_addr_0 => \logDataTimer:TimerUDB:per_zero\ ,
            chain_out => \logDataTimer:TimerUDB:sT16:timerdp:carry\ );
        Properties:
        {
            a0_init = "00000000"
            a1_init = "00000000"
            ce0_sync = 1
            ce1_sync = 1
            cl0_sync = 1
            cl1_sync = 1
            cmsb_sync = 1
            co_msb_sync = 1
            cy_dpconfig = "0000000001000000000000000100000001000000010000000000000010000000000000001000000000000000100000000000000010000000000000001000000011111111000000001111111111111111000000000000000000000001000000000000000000011000"
            d0_init = "00000000"
            d1_init = "00000000"
            f0_blk_sync = 1
            f0_bus_sync = 1
            f1_blk_sync = 1
            f1_bus_sync = 1
            ff0_sync = 1
            ff1_sync = 1
            ov_msb_sync = 1
            so_sync = 1
            z0_sync = 1
            z1_sync = 1
        }
        Clock Polarity: Active High
        Clock Enable: True
        Next in chain : \logDataTimer:TimerUDB:sT16:timerdp:u1\

    datapathcell: Name =\logDataTimer:TimerUDB:sT16:timerdp:u1\
        PORT MAP (
            clock => ClockBlock_HFCLK ,
            cs_addr_1 => \logDataTimer:TimerUDB:control_7\ ,
            cs_addr_0 => \logDataTimer:TimerUDB:per_zero\ ,
            z0_comb => \logDataTimer:TimerUDB:per_zero\ ,
            f0_bus_stat_comb => \logDataTimer:TimerUDB:status_3\ ,
            f0_blk_stat_comb => \logDataTimer:TimerUDB:status_2\ ,
            chain_in => \logDataTimer:TimerUDB:sT16:timerdp:carry\ );
        Properties:
        {
            a0_init = "00000000"
            a1_init = "00000000"
            ce0_sync = 1
            ce1_sync = 1
            cl0_sync = 1
            cl1_sync = 1
            cmsb_sync = 1
            co_msb_sync = 1
            cy_dpconfig = "0000000001000000000000000100000001000000010000000000000010000000000000001000000000000000100000000000000010000000000000001000000011111111000000001111111111111111100000110000000000000001000000110000000000011000"
            d0_init = "00000000"
            d1_init = "00000000"
            f0_blk_sync = 1
            f0_bus_sync = 1
            f1_blk_sync = 1
            f1_bus_sync = 1
            ff0_sync = 1
            ff1_sync = 1
            ov_msb_sync = 1
            so_sync = 1
            z0_sync = 1
            z1_sync = 1
        }
        Clock Polarity: Active High
        Clock Enable: True
        Previous in chain : \logDataTimer:TimerUDB:sT16:timerdp:u0\

    datapathcell: Name =\waterTimer:TimerUDB:sT16:timerdp:u0\
        PORT MAP (
            clock => ClockBlock_HFCLK ,
            cs_addr_1 => \waterTimer:TimerUDB:control_7\ ,
            cs_addr_0 => \waterTimer:TimerUDB:per_zero\ ,
            chain_out => \waterTimer:TimerUDB:sT16:timerdp:carry\ );
        Properties:
        {
            a0_init = "00000000"
            a1_init = "00000000"
            ce0_sync = 1
            ce1_sync = 1
            cl0_sync = 1
            cl1_sync = 1
            cmsb_sync = 1
            co_msb_sync = 1
            cy_dpconfig = "0000000001000000000000000100000001000000010000000000000010000000000000001000000000000000100000000000000010000000000000001000000011111111000000001111111111111111000000000000000000000001000000000000000000011000"
            d0_init = "00000000"
            d1_init = "00000000"
            f0_blk_sync = 1
            f0_bus_sync = 1
            f1_blk_sync = 1
            f1_bus_sync = 1
            ff0_sync = 1
            ff1_sync = 1
            ov_msb_sync = 1
            so_sync = 1
            z0_sync = 1
            z1_sync = 1
        }
        Clock Polarity: Active High
        Clock Enable: True
        Next in chain : \waterTimer:TimerUDB:sT16:timerdp:u1\

    datapathcell: Name =\waterTimer:TimerUDB:sT16:timerdp:u1\
        PORT MAP (
            clock => ClockBlock_HFCLK ,
            cs_addr_1 => \waterTimer:TimerUDB:control_7\ ,
            cs_addr_0 => \waterTimer:TimerUDB:per_zero\ ,
            z0_comb => \waterTimer:TimerUDB:per_zero\ ,
            f0_bus_stat_comb => \waterTimer:TimerUDB:status_3\ ,
            f0_blk_stat_comb => \waterTimer:TimerUDB:status_2\ ,
            chain_in => \waterTimer:TimerUDB:sT16:timerdp:carry\ );
        Properties:
        {
            a0_init = "00000000"
            a1_init = "00000000"
            ce0_sync = 1
            ce1_sync = 1
            cl0_sync = 1
            cl1_sync = 1
            cmsb_sync = 1
            co_msb_sync = 1
            cy_dpconfig = "0000000001000000000000000100000001000000010000000000000010000000000000001000000000000000100000000000000010000000000000001000000011111111000000001111111111111111100000110000000000000001000000110000000000011000"
            d0_init = "00000000"
            d1_init = "00000000"
            f0_blk_sync = 1
            f0_bus_sync = 1
            f1_blk_sync = 1
            f1_bus_sync = 1
            ff0_sync = 1
            ff1_sync = 1
            ov_msb_sync = 1
            so_sync = 1
            z0_sync = 1
            z1_sync = 1
        }
        Clock Polarity: Active High
        Clock Enable: True
        Previous in chain : \waterTimer:TimerUDB:sT16:timerdp:u0\
    </CYPRESSTAG>
    <CYPRESSTAG name="Status register listing">
    </CYPRESSTAG>
    <CYPRESSTAG name="StatusI register listing">

    ------------------------------------------------------------
    StatusI register listing
    ------------------------------------------------------------

    statusicell: Name =\logDataTimer:TimerUDB:rstSts:stsreg\
        PORT MAP (
            clock => ClockBlock_HFCLK ,
            status_3 => \logDataTimer:TimerUDB:status_3\ ,
            status_2 => \logDataTimer:TimerUDB:status_2\ ,
            status_0 => \logDataTimer:TimerUDB:status_tc\ );
        Properties:
        {
            cy_force_order = 1
            cy_int_mask = "1111111"
            cy_md_select = "0000011"
        }
        Clock Polarity: Active High
        Clock Enable: True

    statusicell: Name =\waterTimer:TimerUDB:rstSts:stsreg\
        PORT MAP (
            clock => ClockBlock_HFCLK ,
            status_3 => \waterTimer:TimerUDB:status_3\ ,
            status_2 => \waterTimer:TimerUDB:status_2\ ,
            status_0 => \waterTimer:TimerUDB:status_tc\ );
        Properties:
        {
            cy_force_order = 1
            cy_int_mask = "1111111"
            cy_md_select = "0000011"
        }
        Clock Polarity: Active High
        Clock Enable: True
    </CYPRESSTAG>
    <CYPRESSTAG name="Sync listing">
    </CYPRESSTAG>
    <CYPRESSTAG name="Control register listing">

    ------------------------------------------------------------
    Control register listing
    ------------------------------------------------------------

    controlcell: Name =\logDataTimer:TimerUDB:sCTRLReg:SyncCtl:ctrlreg\
        PORT MAP (
            clock => ClockBlock_HFCLK ,
            control_7 => \logDataTimer:TimerUDB:control_7\ ,
            control_6 => \logDataTimer:TimerUDB:control_6\ ,
            control_5 => \logDataTimer:TimerUDB:control_5\ ,
            control_4 => \logDataTimer:TimerUDB:control_4\ ,
            control_3 => \logDataTimer:TimerUDB:control_3\ ,
            control_2 => \logDataTimer:TimerUDB:control_2\ ,
            control_1 => \logDataTimer:TimerUDB:control_1\ ,
            control_0 => \logDataTimer:TimerUDB:control_0\ );
        Properties:
        {
            cy_ctrl_mode_0 = "11111111"
            cy_ctrl_mode_1 = "00000000"
            cy_ext_reset = 0
            cy_force_order = 1
            cy_init_value = "00000000"
        }
        Clock Polarity: Active High
        Clock Enable: True

    controlcell: Name =\waterTimer:TimerUDB:sCTRLReg:SyncCtl:ctrlreg\
        PORT MAP (
            clock => ClockBlock_HFCLK ,
            control_7 => \waterTimer:TimerUDB:control_7\ ,
            control_6 => \waterTimer:TimerUDB:control_6\ ,
            control_5 => \waterTimer:TimerUDB:control_5\ ,
            control_4 => \waterTimer:TimerUDB:control_4\ ,
            control_3 => \waterTimer:TimerUDB:control_3\ ,
            control_2 => \waterTimer:TimerUDB:control_2\ ,
            control_1 => \waterTimer:TimerUDB:control_1\ ,
            control_0 => \waterTimer:TimerUDB:control_0\ );
        Properties:
        {
            cy_ctrl_mode_0 = "11111111"
            cy_ctrl_mode_1 = "00000000"
            cy_ext_reset = 0
            cy_force_order = 1
            cy_init_value = "00000000"
        }
        Clock Polarity: Active High
        Clock Enable: True
    </CYPRESSTAG>
    <CYPRESSTAG name="Count7 listing">
    </CYPRESSTAG>
    <CYPRESSTAG name="DRQ listing">
    </CYPRESSTAG>
    <CYPRESSTAG name="Interrupt listing">

    ------------------------------------------------------------
    Interrupt listing
    ------------------------------------------------------------

    interrupt: Name =\ADC_SAR_Seq_0:IRQ\
        PORT MAP (
            interrupt => \ADC_SAR_Seq_0:Net_2273\ );
        Properties:
        {
            int_type = "10"
        }

    interrupt: Name =\SPIS_1:SCB_IRQ\
        PORT MAP (
            interrupt => Net_7 );
        Properties:
        {
            int_type = "10"
        }

    interrupt: Name =isr_pir
        PORT MAP (
            interrupt => Net_21 );
        Properties:
        {
            int_type = "10"
        }

    interrupt: Name =logDataInterrupt
        PORT MAP (
            interrupt => Net_148 );
        Properties:
        {
            int_type = "10"
        }

    interrupt: Name =waterInterrupt
        PORT MAP (
            interrupt => Net_42 );
        Properties:
        {
            int_type = "10"
        }
    </CYPRESSTAG>
</CYPRESSTAG>
<CYPRESSTAG name="Technology mapping summary" expanded>

------------------------------------------------------------
Technology mapping summary
------------------------------------------------------------

Resource Type                 : Used : Free :  Max :  % Used
============================================================
Digital clock dividers        :    0 :    4 :    4 :   0.00%
Pins                          :   13 :   23 :   36 :  36.11%
UDB Macrocells                :    4 :   28 :   32 :  12.50%
UDB Unique Pterms             :    2 :   62 :   64 :   3.13%
UDB Total Pterms              :    4 :      :      : 
UDB Datapath Cells            :    4 :    0 :    4 : 100.00%
UDB Status Cells              :    2 :    2 :    4 :  50.00%
            StatusI Registers :    2 
UDB Control Cells             :    2 :    2 :    4 :  50.00%
            Control Registers :    2 
Interrupts                    :    5 :   27 :   32 :  15.63%
Comparator/Opamp Fixed Blocks :    0 :    2 :    2 :   0.00%
SAR Fixed Blocks              :    1 :    0 :    1 : 100.00%
CSD Fixed Blocks              :    0 :    1 :    1 :   0.00%
CapSense Blocks               :    0 :    1 :    1 :   0.00%
8-bit CapSense IDACs          :    0 :    1 :    1 :   0.00%
7-bit CapSense IDACs          :    0 :    1 :    1 :   0.00%
Temperature Sensor            :    0 :    1 :    1 :   0.00%
Low Power Comparator          :    0 :    2 :    2 :   0.00%
TCPWM Blocks                  :    0 :    4 :    4 :   0.00%
Serial Communication Blocks   :    1 :    1 :    2 :  50.00%
Segment LCD Blocks            :    0 :    1 :    1 :   0.00%
</CYPRESSTAG>
Technology Mapping: Elapsed time ==> 0s.169ms
Info: mpr.M0037: Unused pieces of the design have been optimized out. See the Tech mapping section of the report file for details. (App=cydsfit)
Tech mapping phase: Elapsed time ==> 0s.189ms
</CYPRESSTAG>
<CYPRESSTAG name="Analog Placement">
<CYPRESSTAG name="Analog Placement">
Elapsed time ==> 0.0095630s
</CYPRESSTAG>
Analog Placement phase: Elapsed time ==> 0s.069ms
</CYPRESSTAG>
<CYPRESSTAG name="Analog Routing">
<CYPRESSTAG name="Analog Routing">
Route success=True, Iterations=1 Elapsed=0.0008063 secs
</CYPRESSTAG>
Analog Routing phase: Elapsed time ==> 0s.000ms
</CYPRESSTAG>
<CYPRESSTAG name="Analog Code Generation">
============ Analog Final Answer Routes ============
Dump of CyAnalogRoutingResultsDB
Map of net to items {
  Net: \ADC_SAR_Seq_0:Net_124\ {
  }
  Net: \ADC_SAR_Seq_0:Net_2020\ {
    p2_5
    SARMUX0_sw5
    sarmux_vplus
  }
  Net: \ADC_SAR_Seq_0:Net_3016\ {
  }
  Net: \ADC_SAR_Seq_0:Net_3046\ {
  }
  Net: \ADC_SAR_Seq_0:Net_8\ {
  }
}
Map of item to net {
  p2_5                                             -> \ADC_SAR_Seq_0:Net_2020\
  SARMUX0_sw5                                      -> \ADC_SAR_Seq_0:Net_2020\
  sarmux_vplus                                     -> \ADC_SAR_Seq_0:Net_2020\
}
Mux Info {
}
Analog Code Generation phase: Elapsed time ==> 0s.129ms
</CYPRESSTAG>
<CYPRESSTAG name="Digital Placement">
<CYPRESSTAG name="Detailed placement messages">
I2076: Total run-time: 0.5 sec.

</CYPRESSTAG>
<CYPRESSTAG name="PLD Packing">
<CYPRESSTAG name="PLD Packing Summary" expanded>

------------------------------------------------------------
PLD Packing Summary
------------------------------------------------------------
            Resource Type : Used : Free :  Max :  % Used
    ====================================================
                     PLDs :    2 :    6 :    8 :  25.00%

<CYPRESSTAG name="PLD Statistics">

        PLD Resource Type :     Average/LAB
    =======================================
                   Inputs :            2.00
                   Pterms :            1.00
               Macrocells :            2.00
</CYPRESSTAG>
<CYPRESSTAG name="Packed PLD Contents">
Packed PLD Contents not displayed at this verbose level.</CYPRESSTAG>
</CYPRESSTAG>
PLD Packing: Elapsed time ==> 0s.009ms
</CYPRESSTAG>
<CYPRESSTAG name="Partitioning">
<CYPRESSTAG name="Initial Partitioning Summary">
Initial Partitioning Summary not displayed at this verbose level.</CYPRESSTAG>
<CYPRESSTAG name="Final Partitioning Summary">
Final Partitioning Summary not displayed at this verbose level.</CYPRESSTAG>
Partitioning: Elapsed time ==> 0s.009ms
</CYPRESSTAG>
<CYPRESSTAG name="Simulated Annealing">
Annealing: Elapsed time ==> 0s.009ms
<CYPRESSTAG name="Simulated Annealing Results">
The seed used for moves was 114161200.
Inital cost was 56, final cost is 56 (0.00% improvement).</CYPRESSTAG>
</CYPRESSTAG>
<CYPRESSTAG name="Final Placement Summary">

------------------------------------------------------------
Final Placement Summary
------------------------------------------------------------

       Resource Type :      Count : Avg Inputs : Avg Outputs
    ========================================================
                 UDB :          4 :       1.00 :       1.00
<CYPRESSTAG name="Final Placement Details">
<CYPRESSTAG name="Component Details">

------------------------------------------------------------
Component Placement Details
------------------------------------------------------------
UDB [UDB=(0,0)] contents:
LAB@[UDB=(0,0)][LB=0] #macrocells=2, #inputs=2, #pterms=1
{
    [McSlotId=0]:     MacroCell: Name=Net_42, Mode=(D-Register) @ [UDB=(0,0)][LB=0][MC=0]
        Total # of inputs        : 2
        Total # of product terms : 1
        List of special equations: 
            Clock  = (ClockBlock_HFCLK) => Global
            Clock Enable: True
        Main Equation            : 1 pterm
        (
              \waterTimer:TimerUDB:control_7\ * 
              \waterTimer:TimerUDB:per_zero\
        );
        Output = Net_42 (fanout=1)
        Properties               : 
        {
        }

    [McSlotId=1]:     MacroCell: Name=\waterTimer:TimerUDB:status_tc\, Mode=(Combinatorial) @ [UDB=(0,0)][LB=0][MC=1]
        Total # of inputs        : 2
        Total # of product terms : 1
            Clock Enable: True
        Main Equation            : 1 pterm
        (
              \waterTimer:TimerUDB:control_7\ * 
              \waterTimer:TimerUDB:per_zero\
        );
        Output = \waterTimer:TimerUDB:status_tc\ (fanout=1)
        Properties               : 
        {
        }

    [McSlotId=2]: (empty)
    [McSlotId=3]: (empty)
}

datapathcell: Name =\waterTimer:TimerUDB:sT16:timerdp:u1\
    PORT MAP (
        clock => ClockBlock_HFCLK ,
        cs_addr_1 => \waterTimer:TimerUDB:control_7\ ,
        cs_addr_0 => \waterTimer:TimerUDB:per_zero\ ,
        z0_comb => \waterTimer:TimerUDB:per_zero\ ,
        f0_bus_stat_comb => \waterTimer:TimerUDB:status_3\ ,
        f0_blk_stat_comb => \waterTimer:TimerUDB:status_2\ ,
        chain_in => \waterTimer:TimerUDB:sT16:timerdp:carry\ );
    Properties:
    {
        a0_init = "00000000"
        a1_init = "00000000"
        ce0_sync = 1
        ce1_sync = 1
        cl0_sync = 1
        cl1_sync = 1
        cmsb_sync = 1
        co_msb_sync = 1
        cy_dpconfig = "0000000001000000000000000100000001000000010000000000000010000000000000001000000000000000100000000000000010000000000000001000000011111111000000001111111111111111100000110000000000000001000000110000000000011000"
        d0_init = "00000000"
        d1_init = "00000000"
        f0_blk_sync = 1
        f0_bus_sync = 1
        f1_blk_sync = 1
        f1_bus_sync = 1
        ff0_sync = 1
        ff1_sync = 1
        ov_msb_sync = 1
        so_sync = 1
        z0_sync = 1
        z1_sync = 1
    }
    Clock Polarity: Active High
    Clock Enable: True
    Previous in chain : \waterTimer:TimerUDB:sT16:timerdp:u0\

statusicell: Name =\waterTimer:TimerUDB:rstSts:stsreg\
    PORT MAP (
        clock => ClockBlock_HFCLK ,
        status_3 => \waterTimer:TimerUDB:status_3\ ,
        status_2 => \waterTimer:TimerUDB:status_2\ ,
        status_0 => \waterTimer:TimerUDB:status_tc\ );
    Properties:
    {
        cy_force_order = 1
        cy_int_mask = "1111111"
        cy_md_select = "0000011"
    }
    Clock Polarity: Active High
    Clock Enable: True

controlcell: Name =\waterTimer:TimerUDB:sCTRLReg:SyncCtl:ctrlreg\
    PORT MAP (
        clock => ClockBlock_HFCLK ,
        control_7 => \waterTimer:TimerUDB:control_7\ ,
        control_6 => \waterTimer:TimerUDB:control_6\ ,
        control_5 => \waterTimer:TimerUDB:control_5\ ,
        control_4 => \waterTimer:TimerUDB:control_4\ ,
        control_3 => \waterTimer:TimerUDB:control_3\ ,
        control_2 => \waterTimer:TimerUDB:control_2\ ,
        control_1 => \waterTimer:TimerUDB:control_1\ ,
        control_0 => \waterTimer:TimerUDB:control_0\ );
    Properties:
    {
        cy_ctrl_mode_0 = "11111111"
        cy_ctrl_mode_1 = "00000000"
        cy_ext_reset = 0
        cy_force_order = 1
        cy_init_value = "00000000"
    }
    Clock Polarity: Active High
    Clock Enable: True

UDB [UDB=(0,1)] contents:
datapathcell: Name =\logDataTimer:TimerUDB:sT16:timerdp:u0\
    PORT MAP (
        clock => ClockBlock_HFCLK ,
        cs_addr_1 => \logDataTimer:TimerUDB:control_7\ ,
        cs_addr_0 => \logDataTimer:TimerUDB:per_zero\ ,
        chain_out => \logDataTimer:TimerUDB:sT16:timerdp:carry\ );
    Properties:
    {
        a0_init = "00000000"
        a1_init = "00000000"
        ce0_sync = 1
        ce1_sync = 1
        cl0_sync = 1
        cl1_sync = 1
        cmsb_sync = 1
        co_msb_sync = 1
        cy_dpconfig = "0000000001000000000000000100000001000000010000000000000010000000000000001000000000000000100000000000000010000000000000001000000011111111000000001111111111111111000000000000000000000001000000000000000000011000"
        d0_init = "00000000"
        d1_init = "00000000"
        f0_blk_sync = 1
        f0_bus_sync = 1
        f1_blk_sync = 1
        f1_bus_sync = 1
        ff0_sync = 1
        ff1_sync = 1
        ov_msb_sync = 1
        so_sync = 1
        z0_sync = 1
        z1_sync = 1
    }
    Clock Polarity: Active High
    Clock Enable: True
    Next in chain : \logDataTimer:TimerUDB:sT16:timerdp:u1\

UDB [UDB=(1,0)] contents:
datapathcell: Name =\waterTimer:TimerUDB:sT16:timerdp:u0\
    PORT MAP (
        clock => ClockBlock_HFCLK ,
        cs_addr_1 => \waterTimer:TimerUDB:control_7\ ,
        cs_addr_0 => \waterTimer:TimerUDB:per_zero\ ,
        chain_out => \waterTimer:TimerUDB:sT16:timerdp:carry\ );
    Properties:
    {
        a0_init = "00000000"
        a1_init = "00000000"
        ce0_sync = 1
        ce1_sync = 1
        cl0_sync = 1
        cl1_sync = 1
        cmsb_sync = 1
        co_msb_sync = 1
        cy_dpconfig = "0000000001000000000000000100000001000000010000000000000010000000000000001000000000000000100000000000000010000000000000001000000011111111000000001111111111111111000000000000000000000001000000000000000000011000"
        d0_init = "00000000"
        d1_init = "00000000"
        f0_blk_sync = 1
        f0_bus_sync = 1
        f1_blk_sync = 1
        f1_bus_sync = 1
        ff0_sync = 1
        ff1_sync = 1
        ov_msb_sync = 1
        so_sync = 1
        z0_sync = 1
        z1_sync = 1
    }
    Clock Polarity: Active High
    Clock Enable: True
    Next in chain : \waterTimer:TimerUDB:sT16:timerdp:u1\

UDB [UDB=(1,1)] contents:
LAB@[UDB=(1,1)][LB=0] #macrocells=2, #inputs=2, #pterms=1
{
    [McSlotId=0]:     MacroCell: Name=Net_148, Mode=(D-Register) @ [UDB=(1,1)][LB=0][MC=0]
        Total # of inputs        : 2
        Total # of product terms : 1
        List of special equations: 
            Clock  = (ClockBlock_HFCLK) => Global
            Clock Enable: True
        Main Equation            : 1 pterm
        (
              \logDataTimer:TimerUDB:control_7\ * 
              \logDataTimer:TimerUDB:per_zero\
        );
        Output = Net_148 (fanout=1)
        Properties               : 
        {
        }

    [McSlotId=1]:     MacroCell: Name=\logDataTimer:TimerUDB:status_tc\, Mode=(Combinatorial) @ [UDB=(1,1)][LB=0][MC=1]
        Total # of inputs        : 2
        Total # of product terms : 1
            Clock Enable: True
        Main Equation            : 1 pterm
        (
              \logDataTimer:TimerUDB:control_7\ * 
              \logDataTimer:TimerUDB:per_zero\
        );
        Output = \logDataTimer:TimerUDB:status_tc\ (fanout=1)
        Properties               : 
        {
        }

    [McSlotId=2]: (empty)
    [McSlotId=3]: (empty)
}

datapathcell: Name =\logDataTimer:TimerUDB:sT16:timerdp:u1\
    PORT MAP (
        clock => ClockBlock_HFCLK ,
        cs_addr_1 => \logDataTimer:TimerUDB:control_7\ ,
        cs_addr_0 => \logDataTimer:TimerUDB:per_zero\ ,
        z0_comb => \logDataTimer:TimerUDB:per_zero\ ,
        f0_bus_stat_comb => \logDataTimer:TimerUDB:status_3\ ,
        f0_blk_stat_comb => \logDataTimer:TimerUDB:status_2\ ,
        chain_in => \logDataTimer:TimerUDB:sT16:timerdp:carry\ );
    Properties:
    {
        a0_init = "00000000"
        a1_init = "00000000"
        ce0_sync = 1
        ce1_sync = 1
        cl0_sync = 1
        cl1_sync = 1
        cmsb_sync = 1
        co_msb_sync = 1
        cy_dpconfig = "0000000001000000000000000100000001000000010000000000000010000000000000001000000000000000100000000000000010000000000000001000000011111111000000001111111111111111100000110000000000000001000000110000000000011000"
        d0_init = "00000000"
        d1_init = "00000000"
        f0_blk_sync = 1
        f0_bus_sync = 1
        f1_blk_sync = 1
        f1_bus_sync = 1
        ff0_sync = 1
        ff1_sync = 1
        ov_msb_sync = 1
        so_sync = 1
        z0_sync = 1
        z1_sync = 1
    }
    Clock Polarity: Active High
    Clock Enable: True
    Previous in chain : \logDataTimer:TimerUDB:sT16:timerdp:u0\

statusicell: Name =\logDataTimer:TimerUDB:rstSts:stsreg\
    PORT MAP (
        clock => ClockBlock_HFCLK ,
        status_3 => \logDataTimer:TimerUDB:status_3\ ,
        status_2 => \logDataTimer:TimerUDB:status_2\ ,
        status_0 => \logDataTimer:TimerUDB:status_tc\ );
    Properties:
    {
        cy_force_order = 1
        cy_int_mask = "1111111"
        cy_md_select = "0000011"
    }
    Clock Polarity: Active High
    Clock Enable: True

controlcell: Name =\logDataTimer:TimerUDB:sCTRLReg:SyncCtl:ctrlreg\
    PORT MAP (
        clock => ClockBlock_HFCLK ,
        control_7 => \logDataTimer:TimerUDB:control_7\ ,
        control_6 => \logDataTimer:TimerUDB:control_6\ ,
        control_5 => \logDataTimer:TimerUDB:control_5\ ,
        control_4 => \logDataTimer:TimerUDB:control_4\ ,
        control_3 => \logDataTimer:TimerUDB:control_3\ ,
        control_2 => \logDataTimer:TimerUDB:control_2\ ,
        control_1 => \logDataTimer:TimerUDB:control_1\ ,
        control_0 => \logDataTimer:TimerUDB:control_0\ );
    Properties:
    {
        cy_ctrl_mode_0 = "11111111"
        cy_ctrl_mode_1 = "00000000"
        cy_ext_reset = 0
        cy_force_order = 1
        cy_init_value = "00000000"
    }
    Clock Polarity: Active High
    Clock Enable: True

Intr hod @ [IntrHod=(0)]: 
  Intr@ [IntrHod=(0)][IntrId=(0)] 
    interrupt: Name =isr_pir
        PORT MAP (
            interrupt => Net_21 );
        Properties:
        {
            int_type = "10"
        }
  Intr@ [IntrHod=(0)][IntrId=(2)] 
    interrupt: Name =logDataInterrupt
        PORT MAP (
            interrupt => Net_148 );
        Properties:
        {
            int_type = "10"
        }
  Intr@ [IntrHod=(0)][IntrId=(3)] 
    interrupt: Name =waterInterrupt
        PORT MAP (
            interrupt => Net_42 );
        Properties:
        {
            int_type = "10"
        }
  Intr@ [IntrHod=(0)][IntrId=(11)] 
    interrupt: Name =\SPIS_1:SCB_IRQ\
        PORT MAP (
            interrupt => Net_7 );
        Properties:
        {
            int_type = "10"
        }
  Intr@ [IntrHod=(0)][IntrId=(14)] 
    interrupt: Name =\ADC_SAR_Seq_0:IRQ\
        PORT MAP (
            interrupt => \ADC_SAR_Seq_0:Net_2273\ );
        Properties:
        {
            int_type = "10"
        }
Port 0 contains the following IO cells:
[IoId=0]: 
Pin : Name = P_FT2(0)
    Attributes:
        In Group/Port: True
        In Sync Option: AUTO
        Out Sync Option: NOSYNC
        Interrupt generated: False
        Interrupt mode: NONE
        Drive mode: CMOS_OUT
        VTrip: EITHER
        Slew: FAST
        Input Sync needed: False
        Output Sync needed: False
        SC shield enabled: False
        POR State: ANY
        LCD Mode: COMMON
        Register Mode: RegComb
        CaSense Mode: NEITHER
        Treat as pin: True
        Is OE Registered: False
        Uses Analog: False
        Can contain Digital: True
        Is SIO: False
        SIO Output Buf: NONREGULATED
        SIO Input Buf: SINGLE_ENDED
        SIO HiFreq: LOW
        SIO Hyst: DISABLED
        SIO Vtrip: MULTIPLIER_0_5
        SIO RefSel: VCC_IO
        Required Capabilitites: DIGITAL
        Initial Value: 0
        IO Voltage: 0
    PORT MAP (
        pa_out => P_FT2(0)__PA ,
        pad => P_FT2(0)_PAD );
    Properties:
    {
    }

[IoId=2]: 
Pin : Name = GREEN_LED(0)
    Attributes:
        In Group/Port: True
        In Sync Option: AUTO
        Out Sync Option: NOSYNC
        Interrupt generated: False
        Interrupt mode: NONE
        Drive mode: CMOS_OUT
        VTrip: EITHER
        Slew: FAST
        Input Sync needed: False
        Output Sync needed: False
        SC shield enabled: False
        POR State: ANY
        LCD Mode: COMMON
        Register Mode: RegComb
        CaSense Mode: NEITHER
        Treat as pin: True
        Is OE Registered: False
        Uses Analog: False
        Can contain Digital: True
        Is SIO: False
        SIO Output Buf: NONREGULATED
        SIO Input Buf: SINGLE_ENDED
        SIO HiFreq: LOW
        SIO Hyst: DISABLED
        SIO Vtrip: MULTIPLIER_0_5
        SIO RefSel: VCC_IO
        Required Capabilitites: DIGITAL
        Initial Value: 1
        IO Voltage: 0
    PORT MAP (
        pa_out => GREEN_LED(0)__PA ,
        pad => GREEN_LED(0)_PAD );
    Properties:
    {
    }

[IoId=3]: 
Pin : Name = BLUE_LED(0)
    Attributes:
        In Group/Port: True
        In Sync Option: AUTO
        Out Sync Option: NOSYNC
        Interrupt generated: False
        Interrupt mode: NONE
        Drive mode: CMOS_OUT
        VTrip: EITHER
        Slew: FAST
        Input Sync needed: False
        Output Sync needed: False
        SC shield enabled: False
        POR State: ANY
        LCD Mode: COMMON
        Register Mode: RegComb
        CaSense Mode: NEITHER
        Treat as pin: True
        Is OE Registered: False
        Uses Analog: False
        Can contain Digital: True
        Is SIO: False
        SIO Output Buf: NONREGULATED
        SIO Input Buf: SINGLE_ENDED
        SIO HiFreq: LOW
        SIO Hyst: DISABLED
        SIO Vtrip: MULTIPLIER_0_5
        SIO RefSel: VCC_IO
        Required Capabilitites: DIGITAL
        Initial Value: 1
        IO Voltage: 0
    PORT MAP (
        pa_out => BLUE_LED(0)__PA ,
        pad => BLUE_LED(0)_PAD );
    Properties:
    {
    }

[IoId=6]: 
Pin : Name = \SPIS_1:sclk_s(0)\
    Attributes:
        In Group/Port: True
        In Sync Option: NOSYNC
        Out Sync Option: AUTO
        Interrupt generated: False
        Interrupt mode: NONE
        Drive mode: HI_Z_DIGITAL
        VTrip: CMOS
        Slew: FAST
        Input Sync needed: False
        Output Sync needed: False
        SC shield enabled: False
        POR State: ANY
        LCD Mode: COMMON
        Register Mode: RegComb
        CaSense Mode: NEITHER
        Treat as pin: True
        Is OE Registered: False
        Uses Analog: False
        Can contain Digital: True
        Is SIO: False
        SIO Output Buf: NONREGULATED
        SIO Input Buf: SINGLE_ENDED
        SIO HiFreq: LOW
        SIO Hyst: DISABLED
        SIO Vtrip: MULTIPLIER_0_5
        SIO RefSel: VCC_IO
        Required Capabilitites: DIGITAL, SPI_SCLK
        Initial Value: 0
        IO Voltage: 0
    PORT MAP (
        pa_out => \SPIS_1:sclk_s(0)\__PA ,
        fb => \SPIS_1:Net_653\ ,
        pad => \SPIS_1:sclk_s(0)_PAD\ );
    Properties:
    {
    }

[IoId=7]: 
Pin : Name = \SPIS_1:ss_s(0)\
    Attributes:
        In Group/Port: True
        In Sync Option: NOSYNC
        Out Sync Option: AUTO
        Interrupt generated: False
        Interrupt mode: NONE
        Drive mode: HI_Z_DIGITAL
        VTrip: CMOS
        Slew: FAST
        Input Sync needed: False
        Output Sync needed: False
        SC shield enabled: False
        POR State: ANY
        LCD Mode: COMMON
        Register Mode: RegComb
        CaSense Mode: NEITHER
        Treat as pin: True
        Is OE Registered: False
        Uses Analog: False
        Can contain Digital: True
        Is SIO: False
        SIO Output Buf: NONREGULATED
        SIO Input Buf: SINGLE_ENDED
        SIO HiFreq: LOW
        SIO Hyst: DISABLED
        SIO Vtrip: MULTIPLIER_0_5
        SIO RefSel: VCC_IO
        Required Capabilitites: DIGITAL, SPI_SS
        Initial Value: 0
        IO Voltage: 0
    PORT MAP (
        pa_out => \SPIS_1:ss_s(0)\__PA ,
        fb => \SPIS_1:Net_458\ ,
        pad => \SPIS_1:ss_s(0)_PAD\ );
    Properties:
    {
    }

Port 1 contains the following IO cells:
[IoId=1]: 
Pin : Name = P_PIR(0)
    Attributes:
        In Group/Port: True
        In Sync Option: SYNC
        Out Sync Option: AUTO
        Interrupt generated: False
        Interrupt mode: NONE
        Drive mode: RES_PULL_DOWN
        VTrip: CMOS
        Slew: FAST
        Input Sync needed: True
        Output Sync needed: False
        SC shield enabled: False
        POR State: ANY
        LCD Mode: COMMON
        Register Mode: RegComb
        CaSense Mode: NEITHER
        Treat as pin: True
        Is OE Registered: False
        Uses Analog: False
        Can contain Digital: True
        Is SIO: False
        SIO Output Buf: NONREGULATED
        SIO Input Buf: SINGLE_ENDED
        SIO HiFreq: LOW
        SIO Hyst: DISABLED
        SIO Vtrip: MULTIPLIER_0_5
        SIO RefSel: VCC_IO
        Required Capabilitites: DIGITAL, ROUTABLE
        Initial Value: 0
        IO Voltage: 0
    PORT MAP (
        pa_out => P_PIR(0)__PA ,
        fb => Net_21 ,
        pad => P_PIR(0)_PAD );
    Properties:
    {
    }

[IoId=6]: 
Pin : Name = RED_LED(0)
    Attributes:
        In Group/Port: True
        In Sync Option: AUTO
        Out Sync Option: NOSYNC
        Interrupt generated: False
        Interrupt mode: NONE
        Drive mode: CMOS_OUT
        VTrip: EITHER
        Slew: FAST
        Input Sync needed: False
        Output Sync needed: False
        SC shield enabled: False
        POR State: ANY
        LCD Mode: COMMON
        Register Mode: RegComb
        CaSense Mode: NEITHER
        Treat as pin: True
        Is OE Registered: False
        Uses Analog: False
        Can contain Digital: True
        Is SIO: False
        SIO Output Buf: NONREGULATED
        SIO Input Buf: SINGLE_ENDED
        SIO HiFreq: LOW
        SIO Hyst: DISABLED
        SIO Vtrip: MULTIPLIER_0_5
        SIO RefSel: VCC_IO
        Required Capabilitites: DIGITAL
        Initial Value: 1
        IO Voltage: 0
    PORT MAP (
        pa_out => RED_LED(0)__PA ,
        pad => RED_LED(0)_PAD );
    Properties:
    {
    }

Port 2 contains the following IO cells:
[IoId=0]: 
Pin : Name = P_VP(0)
    Attributes:
        In Group/Port: True
        In Sync Option: AUTO
        Out Sync Option: NOSYNC
        Interrupt generated: False
        Interrupt mode: NONE
        Drive mode: CMOS_OUT
        VTrip: EITHER
        Slew: FAST
        Input Sync needed: False
        Output Sync needed: False
        SC shield enabled: False
        POR State: ANY
        LCD Mode: COMMON
        Register Mode: RegComb
        CaSense Mode: NEITHER
        Treat as pin: True
        Is OE Registered: False
        Uses Analog: False
        Can contain Digital: True
        Is SIO: False
        SIO Output Buf: NONREGULATED
        SIO Input Buf: SINGLE_ENDED
        SIO HiFreq: LOW
        SIO Hyst: DISABLED
        SIO Vtrip: MULTIPLIER_0_5
        SIO RefSel: VCC_IO
        Required Capabilitites: DIGITAL
        Initial Value: 0
        IO Voltage: 0
    PORT MAP (
        pa_out => P_VP(0)__PA ,
        pad => P_VP(0)_PAD );
    Properties:
    {
    }

[IoId=5]: 
Pin : Name = P_FT1(0)
    Attributes:
        In Group/Port: True
        In Sync Option: AUTO
        Out Sync Option: AUTO
        Interrupt generated: False
        Interrupt mode: NONE
        Drive mode: HI_Z_ANALOG
        VTrip: EITHER
        Slew: FAST
        Input Sync needed: False
        Output Sync needed: False
        SC shield enabled: False
        POR State: ANY
        LCD Mode: COMMON
        Register Mode: RegComb
        CaSense Mode: NEITHER
        Treat as pin: True
        Is OE Registered: False
        Uses Analog: True
        Can contain Digital: False
        Is SIO: False
        SIO Output Buf: NONREGULATED
        SIO Input Buf: SINGLE_ENDED
        SIO HiFreq: LOW
        SIO Hyst: DISABLED
        SIO Vtrip: MULTIPLIER_0_5
        SIO RefSel: VCC_IO
        Required Capabilitites: ANALOG
        Initial Value: 1
        IO Voltage: 0
    PORT MAP (
        pa_out => P_FT1(0)__PA ,
        analog_term => \ADC_SAR_Seq_0:Net_2020\ ,
        pad => P_FT1(0)_PAD );
    Properties:
    {
    }

Port 3 contains the following IO cells:
[IoId=0]: 
Pin : Name = \SPIS_1:mosi_s(0)\
    Attributes:
        In Group/Port: True
        In Sync Option: NOSYNC
        Out Sync Option: AUTO
        Interrupt generated: False
        Interrupt mode: NONE
        Drive mode: HI_Z_DIGITAL
        VTrip: CMOS
        Slew: FAST
        Input Sync needed: False
        Output Sync needed: False
        SC shield enabled: False
        POR State: ANY
        LCD Mode: COMMON
        Register Mode: RegComb
        CaSense Mode: NEITHER
        Treat as pin: True
        Is OE Registered: False
        Uses Analog: False
        Can contain Digital: True
        Is SIO: False
        SIO Output Buf: NONREGULATED
        SIO Input Buf: SINGLE_ENDED
        SIO HiFreq: LOW
        SIO Hyst: DISABLED
        SIO Vtrip: MULTIPLIER_0_5
        SIO RefSel: VCC_IO
        Required Capabilitites: DIGITAL, SPI_MOSI
        Initial Value: 0
        IO Voltage: 0
    PORT MAP (
        pa_out => \SPIS_1:mosi_s(0)\__PA ,
        fb => \SPIS_1:Net_651\ ,
        pad => \SPIS_1:mosi_s(0)_PAD\ );
    Properties:
    {
    }

[IoId=1]: 
Pin : Name = \SPIS_1:miso_s(0)\
    Attributes:
        In Group/Port: True
        In Sync Option: NOSYNC
        Out Sync Option: NOSYNC
        Interrupt generated: False
        Interrupt mode: NONE
        Drive mode: CMOS_OUT
        VTrip: CMOS
        Slew: FAST
        Input Sync needed: False
        Output Sync needed: False
        SC shield enabled: False
        POR State: ANY
        LCD Mode: COMMON
        Register Mode: RegComb
        CaSense Mode: NEITHER
        Treat as pin: True
        Is OE Registered: False
        Uses Analog: False
        Can contain Digital: True
        Is SIO: False
        SIO Output Buf: NONREGULATED
        SIO Input Buf: SINGLE_ENDED
        SIO HiFreq: LOW
        SIO Hyst: DISABLED
        SIO Vtrip: MULTIPLIER_0_5
        SIO RefSel: VCC_IO
        Required Capabilitites: DIGITAL, SPI_MISO
        Initial Value: 1
        IO Voltage: 0
    PORT MAP (
        pa_out => \SPIS_1:miso_s(0)\__PA ,
        input => \SPIS_1:Net_703\ ,
        pad => \SPIS_1:miso_s(0)_PAD\ );
    Properties:
    {
    }

Port 4 is empty
Fixed Function block hod @ [FFB(Clock,0)]: 
    M0S8 Clock Block @ [FFB(Clock,0)]: 
    m0s8clockblockcell: Name =ClockBlock
        PORT MAP (
            lfclk => ClockBlock_LFCLK ,
            ilo => ClockBlock_ILO ,
            sysclk => ClockBlock_SYSCLK ,
            ext => ClockBlock_EXTCLK ,
            imo => ClockBlock_IMO ,
            hfclk => ClockBlock_HFCLK ,
            ff_div_2 => \SPIS_1:Net_284_ff2\ ,
            ff_div_7 => \ADC_SAR_Seq_0:Net_17_ff7\ );
        Properties:
        {
        }
Fixed Function block hod @ [FFB(PM,0)]: empty
Fixed Function block hod @ [FFB(SPC,0)]: empty
Fixed Function block hod @ [FFB(WDT,0)]: empty
Fixed Function block hod @ [FFB(FSS,0)]: empty
Fixed Function block hod @ [FFB(LPCOMP,0)]: empty
Fixed Function block hod @ [FFB(SCB,0)]: 
    Scb Block @ [FFB(SCB,1)]: 
    m0s8scbcell: Name =\SPIS_1:SCB\
        PORT MAP (
            clock => \SPIS_1:Net_284_ff2\ ,
            interrupt => Net_7 ,
            tx => \SPIS_1:Net_656\ ,
            mosi_m => \SPIS_1:Net_660\ ,
            select_m_3 => \SPIS_1:ss_3\ ,
            select_m_2 => \SPIS_1:ss_2\ ,
            select_m_1 => \SPIS_1:ss_1\ ,
            select_m_0 => \SPIS_1:ss_0\ ,
            sclk_m => \SPIS_1:Net_687\ ,
            mosi_s => \SPIS_1:Net_651\ ,
            miso_s => \SPIS_1:Net_703\ ,
            select_s => \SPIS_1:Net_458\ ,
            sclk_s => \SPIS_1:Net_653\ );
        Properties:
        {
            cy_registers = ""
            scb_mode = 1
        }
Fixed Function block hod @ [FFB(CSD,0)]: empty
Fixed Function block hod @ [FFB(CSIDAC8,0)]: empty
Fixed Function block hod @ [FFB(CSIDAC7,0)]: empty
Fixed Function block hod @ [FFB(TCPWM,0)]: empty
Fixed Function block hod @ [FFB(OA,0)]: empty
Fixed Function block hod @ [FFB(TEMP,0)]: empty
Fixed Function block hod @ [FFB(SARADC,0)]: 
    PSoC4 SARADC @ <No Location>: 
Fixed Function block hod @ [FFB(M0S8LCD,0)]: empty
Fixed Function block hod @ [FFB(CLK_GEN,0)]: 
    M0S8 Clock Gen Block @ [FFB(CLK_GEN,0)]: 
    m0s8clockgenblockcell: Name =ClockGenBlock
        PORT MAP (
             );
        Properties:
        {
        }
Fixed Function block hod @ [FFB(LPCOMPBLOCK,0)]: empty
Fixed Function block hod @ [FFB(CTBMBLOCK,0)]: empty
Fixed Function block hod @ [FFB(ANAPUMP,0)]: empty
</CYPRESSTAG>
<CYPRESSTAG name="Port Configuration Details">

------------------------------------------------------------
Port Configuration report
------------------------------------------------------------
     |     |       | Interrupt |                  |                    | 
Port | Pin | Fixed |      Type |       Drive Mode |               Name | Connections
-----+-----+-------+-----------+------------------+--------------------+---------------------------------
   0 |   0 |     * |      NONE |         CMOS_OUT |           P_FT2(0) | 
     |   2 |     * |      NONE |         CMOS_OUT |       GREEN_LED(0) | 
     |   3 |     * |      NONE |         CMOS_OUT |        BLUE_LED(0) | 
     |   6 |     * |      NONE |     HI_Z_DIGITAL | \SPIS_1:sclk_s(0)\ | FB(\SPIS_1:Net_653\)
     |   7 |     * |      NONE |     HI_Z_DIGITAL |   \SPIS_1:ss_s(0)\ | FB(\SPIS_1:Net_458\)
-----+-----+-------+-----------+------------------+--------------------+---------------------------------
   1 |   1 |     * |      NONE |    RES_PULL_DOWN |           P_PIR(0) | FB(Net_21)
     |   6 |     * |      NONE |         CMOS_OUT |         RED_LED(0) | 
-----+-----+-------+-----------+------------------+--------------------+---------------------------------
   2 |   0 |     * |      NONE |         CMOS_OUT |            P_VP(0) | 
     |   5 |     * |      NONE |      HI_Z_ANALOG |           P_FT1(0) | Analog(\ADC_SAR_Seq_0:Net_2020\)
-----+-----+-------+-----------+------------------+--------------------+---------------------------------
   3 |   0 |     * |      NONE |     HI_Z_DIGITAL | \SPIS_1:mosi_s(0)\ | FB(\SPIS_1:Net_651\)
     |   1 |     * |      NONE |         CMOS_OUT | \SPIS_1:miso_s(0)\ | In(\SPIS_1:Net_703\)
---------------------------------------------------------------------------------------------------------
</CYPRESSTAG>
</CYPRESSTAG>
</CYPRESSTAG>
Digital component placer commit/Report: Elapsed time ==> 0s.000ms
Digital Placement phase: Elapsed time ==> 0s.859ms
</CYPRESSTAG>
<CYPRESSTAG name="Digital Routing">
Routing successful.
Digital Routing phase: Elapsed time ==> 0s.739ms
</CYPRESSTAG>
<CYPRESSTAG name="Bitstream and API generation">
Bitstream and API generation phase: Elapsed time ==> 0s.119ms
</CYPRESSTAG>
<CYPRESSTAG name="Bitstream verification">
Bitstream verification phase: Elapsed time ==> 0s.029ms
</CYPRESSTAG>
<CYPRESSTAG name="Static timing analysis">
Timing report is in Enhed_timing.html.
Static timing analysis phase: Elapsed time ==> 0s.289ms
</CYPRESSTAG>
<CYPRESSTAG name="Data reporting">
Data reporting phase: Elapsed time ==> 0s.000ms
</CYPRESSTAG>
<CYPRESSTAG name="Database update...">
Design database save phase: Elapsed time ==> 0s.209ms
</CYPRESSTAG>
cydsfit: Elapsed time ==> 2s.689ms
</CYPRESSTAG>
Fitter phase: Elapsed time ==> 2s.729ms
API generation phase: Elapsed time ==> 4s.269ms
Dependency generation phase: Elapsed time ==> 0s.000ms
Cleanup phase: Elapsed time ==> 0s.000ms
