ARM GAS  C:\Users\SIMONK~1\AppData\Local\Temp\ccYH7N8U.s 			page 1


   1              		.cpu cortex-m0
   2              		.fpu softvfp
   3              		.eabi_attribute 20, 1
   4              		.eabi_attribute 21, 1
   5              		.eabi_attribute 23, 3
   6              		.eabi_attribute 24, 1
   7              		.eabi_attribute 25, 1
   8              		.eabi_attribute 26, 1
   9              		.eabi_attribute 30, 6
  10              		.eabi_attribute 34, 0
  11              		.eabi_attribute 18, 4
  12              		.code	16
  13              		.file	"main.c"
  14              		.text
  15              	.Ltext0:
  16              		.cfi_sections	.debug_frame
  17              		.section	.text.main,"ax",%progbits
  18              		.align	2
  19              		.global	main
  20              		.code	16
  21              		.thumb_func
  22              		.type	main, %function
  23              	main:
  24              	.LFB33:
  25              		.file 1 ".\\main.c"
   1:.\main.c      **** /* ========================================
   2:.\main.c      ****  *
   3:.\main.c      ****  * Copyright YOUR COMPANY, THE YEAR
   4:.\main.c      ****  * All Rights Reserved
   5:.\main.c      ****  * UNPUBLISHED, LICENSED SOFTWARE.
   6:.\main.c      ****  *
   7:.\main.c      ****  * CONFIDENTIAL AND PROPRIETARY INFORMATION
   8:.\main.c      ****  * WHICH IS THE PROPERTY OF your company.
   9:.\main.c      ****  *
  10:.\main.c      ****  * ========================================
  11:.\main.c      **** */
  12:.\main.c      **** #include <project.h>
  13:.\main.c      **** #include "movement.h"
  14:.\main.c      **** 
  15:.\main.c      **** 
  16:.\main.c      **** 
  17:.\main.c      **** int main()
  18:.\main.c      **** {
  26              		.loc 1 18 0
  27              		.cfi_startproc
  28 0000 80B5     		push	{r7, lr}
  29              	.LCFI0:
  30              		.cfi_def_cfa_offset 8
  31              		.cfi_offset 7, -8
  32              		.cfi_offset 14, -4
  33 0002 00AF     		add	r7, sp, #0
  34              	.LCFI1:
  35              		.cfi_def_cfa_register 7
  19:.\main.c      ****     /* Place your initialization/startup code here (e.g. MyInst_Start()) */
  20:.\main.c      **** 
  21:.\main.c      ****     CyGlobalIntEnable; /* Uncomment this line to enable global interrupts. */
  36              		.loc 1 21 0
ARM GAS  C:\Users\SIMONK~1\AppData\Local\Temp\ccYH7N8U.s 			page 2


  37              	@ 21 ".\main.c" 1
  38 0004 62B6     		CPSIE   i
  39              	@ 0 "" 2
  22:.\main.c      ****     
  23:.\main.c      ****     isr_pir_StartEx(P_PIR);
  40              		.loc 1 23 0
  41              		.code	16
  42 0006 024B     		ldr	r3, .L3
  43 0008 181C     		mov	r0, r3
  44 000a FFF7FEFF 		bl	isr_pir_StartEx
  45              	.L2:
  24:.\main.c      ****     
  25:.\main.c      ****     for(;;)
  26:.\main.c      ****     {
  27:.\main.c      ****         /* Place your application code here. */
  28:.\main.c      ****     }
  46              		.loc 1 28 0 discriminator 1
  47 000e FEE7     		b	.L2
  48              	.L4:
  49              		.align	2
  50              	.L3:
  51 0010 00000000 		.word	P_PIR
  52              		.cfi_endproc
  53              	.LFE33:
  54              		.size	main, .-main
  55              		.text
  56              	.Letext0:
  57              		.section	.debug_info,"",%progbits
  58              	.Ldebug_info0:
  59 0000 A1000000 		.4byte	0xa1
  60 0004 0200     		.2byte	0x2
  61 0006 00000000 		.4byte	.Ldebug_abbrev0
  62 000a 04       		.byte	0x4
  63 000b 01       		.uleb128 0x1
  64 000c 20000000 		.4byte	.LASF13
  65 0010 01       		.byte	0x1
  66 0011 3E010000 		.4byte	.LASF14
  67 0015 DE000000 		.4byte	.LASF15
  68 0019 00000000 		.4byte	.Ldebug_ranges0+0
  69 001d 00000000 		.4byte	0
  70 0021 00000000 		.4byte	0
  71 0025 00000000 		.4byte	.Ldebug_line0
  72 0029 02       		.uleb128 0x2
  73 002a 01       		.byte	0x1
  74 002b 06       		.byte	0x6
  75 002c D2000000 		.4byte	.LASF0
  76 0030 02       		.uleb128 0x2
  77 0031 01       		.byte	0x1
  78 0032 08       		.byte	0x8
  79 0033 92000000 		.4byte	.LASF1
  80 0037 02       		.uleb128 0x2
  81 0038 02       		.byte	0x2
  82 0039 05       		.byte	0x5
  83 003a AE000000 		.4byte	.LASF2
  84 003e 02       		.uleb128 0x2
  85 003f 02       		.byte	0x2
  86 0040 07       		.byte	0x7
ARM GAS  C:\Users\SIMONK~1\AppData\Local\Temp\ccYH7N8U.s 			page 3


  87 0041 BF000000 		.4byte	.LASF3
  88 0045 02       		.uleb128 0x2
  89 0046 04       		.byte	0x4
  90 0047 05       		.byte	0x5
  91 0048 A5000000 		.4byte	.LASF4
  92 004c 02       		.uleb128 0x2
  93 004d 04       		.byte	0x4
  94 004e 07       		.byte	0x7
  95 004f 69000000 		.4byte	.LASF5
  96 0053 02       		.uleb128 0x2
  97 0054 08       		.byte	0x8
  98 0055 05       		.byte	0x5
  99 0056 00000000 		.4byte	.LASF6
 100 005a 02       		.uleb128 0x2
 101 005b 08       		.byte	0x8
 102 005c 07       		.byte	0x7
 103 005d 7B000000 		.4byte	.LASF7
 104 0061 03       		.uleb128 0x3
 105 0062 04       		.byte	0x4
 106 0063 05       		.byte	0x5
 107 0064 696E7400 		.ascii	"int\000"
 108 0068 02       		.uleb128 0x2
 109 0069 04       		.byte	0x4
 110 006a 07       		.byte	0x7
 111 006b 0E000000 		.4byte	.LASF8
 112 006f 02       		.uleb128 0x2
 113 0070 04       		.byte	0x4
 114 0071 04       		.byte	0x4
 115 0072 38010000 		.4byte	.LASF9
 116 0076 02       		.uleb128 0x2
 117 0077 08       		.byte	0x8
 118 0078 04       		.byte	0x4
 119 0079 B8000000 		.4byte	.LASF10
 120 007d 02       		.uleb128 0x2
 121 007e 01       		.byte	0x1
 122 007f 08       		.byte	0x8
 123 0080 A0000000 		.4byte	.LASF11
 124 0084 02       		.uleb128 0x2
 125 0085 04       		.byte	0x4
 126 0086 07       		.byte	0x7
 127 0087 47010000 		.4byte	.LASF12
 128 008b 04       		.uleb128 0x4
 129 008c 01       		.byte	0x1
 130 008d 1B000000 		.4byte	.LASF16
 131 0091 01       		.byte	0x1
 132 0092 11       		.byte	0x11
 133 0093 61000000 		.4byte	0x61
 134 0097 00000000 		.4byte	.LFB33
 135 009b 14000000 		.4byte	.LFE33
 136 009f 00000000 		.4byte	.LLST0
 137 00a3 01       		.byte	0x1
 138 00a4 00       		.byte	0
 139              		.section	.debug_abbrev,"",%progbits
 140              	.Ldebug_abbrev0:
 141 0000 01       		.uleb128 0x1
 142 0001 11       		.uleb128 0x11
 143 0002 01       		.byte	0x1
ARM GAS  C:\Users\SIMONK~1\AppData\Local\Temp\ccYH7N8U.s 			page 4


 144 0003 25       		.uleb128 0x25
 145 0004 0E       		.uleb128 0xe
 146 0005 13       		.uleb128 0x13
 147 0006 0B       		.uleb128 0xb
 148 0007 03       		.uleb128 0x3
 149 0008 0E       		.uleb128 0xe
 150 0009 1B       		.uleb128 0x1b
 151 000a 0E       		.uleb128 0xe
 152 000b 55       		.uleb128 0x55
 153 000c 06       		.uleb128 0x6
 154 000d 11       		.uleb128 0x11
 155 000e 01       		.uleb128 0x1
 156 000f 52       		.uleb128 0x52
 157 0010 01       		.uleb128 0x1
 158 0011 10       		.uleb128 0x10
 159 0012 06       		.uleb128 0x6
 160 0013 00       		.byte	0
 161 0014 00       		.byte	0
 162 0015 02       		.uleb128 0x2
 163 0016 24       		.uleb128 0x24
 164 0017 00       		.byte	0
 165 0018 0B       		.uleb128 0xb
 166 0019 0B       		.uleb128 0xb
 167 001a 3E       		.uleb128 0x3e
 168 001b 0B       		.uleb128 0xb
 169 001c 03       		.uleb128 0x3
 170 001d 0E       		.uleb128 0xe
 171 001e 00       		.byte	0
 172 001f 00       		.byte	0
 173 0020 03       		.uleb128 0x3
 174 0021 24       		.uleb128 0x24
 175 0022 00       		.byte	0
 176 0023 0B       		.uleb128 0xb
 177 0024 0B       		.uleb128 0xb
 178 0025 3E       		.uleb128 0x3e
 179 0026 0B       		.uleb128 0xb
 180 0027 03       		.uleb128 0x3
 181 0028 08       		.uleb128 0x8
 182 0029 00       		.byte	0
 183 002a 00       		.byte	0
 184 002b 04       		.uleb128 0x4
 185 002c 2E       		.uleb128 0x2e
 186 002d 00       		.byte	0
 187 002e 3F       		.uleb128 0x3f
 188 002f 0C       		.uleb128 0xc
 189 0030 03       		.uleb128 0x3
 190 0031 0E       		.uleb128 0xe
 191 0032 3A       		.uleb128 0x3a
 192 0033 0B       		.uleb128 0xb
 193 0034 3B       		.uleb128 0x3b
 194 0035 0B       		.uleb128 0xb
 195 0036 49       		.uleb128 0x49
 196 0037 13       		.uleb128 0x13
 197 0038 11       		.uleb128 0x11
 198 0039 01       		.uleb128 0x1
 199 003a 12       		.uleb128 0x12
 200 003b 01       		.uleb128 0x1
ARM GAS  C:\Users\SIMONK~1\AppData\Local\Temp\ccYH7N8U.s 			page 5


 201 003c 40       		.uleb128 0x40
 202 003d 06       		.uleb128 0x6
 203 003e 9642     		.uleb128 0x2116
 204 0040 0C       		.uleb128 0xc
 205 0041 00       		.byte	0
 206 0042 00       		.byte	0
 207 0043 00       		.byte	0
 208              		.section	.debug_loc,"",%progbits
 209              	.Ldebug_loc0:
 210              	.LLST0:
 211 0000 00000000 		.4byte	.LFB33
 212 0004 02000000 		.4byte	.LCFI0
 213 0008 0200     		.2byte	0x2
 214 000a 7D       		.byte	0x7d
 215 000b 00       		.sleb128 0
 216 000c 02000000 		.4byte	.LCFI0
 217 0010 04000000 		.4byte	.LCFI1
 218 0014 0200     		.2byte	0x2
 219 0016 7D       		.byte	0x7d
 220 0017 08       		.sleb128 8
 221 0018 04000000 		.4byte	.LCFI1
 222 001c 14000000 		.4byte	.LFE33
 223 0020 0200     		.2byte	0x2
 224 0022 77       		.byte	0x77
 225 0023 08       		.sleb128 8
 226 0024 00000000 		.4byte	0
 227 0028 00000000 		.4byte	0
 228              		.section	.debug_aranges,"",%progbits
 229 0000 1C000000 		.4byte	0x1c
 230 0004 0200     		.2byte	0x2
 231 0006 00000000 		.4byte	.Ldebug_info0
 232 000a 04       		.byte	0x4
 233 000b 00       		.byte	0
 234 000c 0000     		.2byte	0
 235 000e 0000     		.2byte	0
 236 0010 00000000 		.4byte	.LFB33
 237 0014 14000000 		.4byte	.LFE33-.LFB33
 238 0018 00000000 		.4byte	0
 239 001c 00000000 		.4byte	0
 240              		.section	.debug_ranges,"",%progbits
 241              	.Ldebug_ranges0:
 242 0000 00000000 		.4byte	.LFB33
 243 0004 14000000 		.4byte	.LFE33
 244 0008 00000000 		.4byte	0
 245 000c 00000000 		.4byte	0
 246              		.section	.debug_line,"",%progbits
 247              	.Ldebug_line0:
 248 0000 3B000000 		.section	.debug_str,"MS",%progbits,1
 248      02001F00 
 248      00000201 
 248      FB0E0D00 
 248      01010101 
 249              	.LASF6:
 250 0000 6C6F6E67 		.ascii	"long long int\000"
 250      206C6F6E 
 250      6720696E 
 250      7400
ARM GAS  C:\Users\SIMONK~1\AppData\Local\Temp\ccYH7N8U.s 			page 6


 251              	.LASF8:
 252 000e 756E7369 		.ascii	"unsigned int\000"
 252      676E6564 
 252      20696E74 
 252      00
 253              	.LASF16:
 254 001b 6D61696E 		.ascii	"main\000"
 254      00
 255              	.LASF13:
 256 0020 474E5520 		.ascii	"GNU C 4.7.3 20130312 (release) [ARM/embedded-4_7-br"
 256      4320342E 
 256      372E3320 
 256      32303133 
 256      30333132 
 257 0053 616E6368 		.ascii	"anch revision 196615]\000"
 257      20726576 
 257      6973696F 
 257      6E203139 
 257      36363135 
 258              	.LASF5:
 259 0069 6C6F6E67 		.ascii	"long unsigned int\000"
 259      20756E73 
 259      69676E65 
 259      6420696E 
 259      7400
 260              	.LASF7:
 261 007b 6C6F6E67 		.ascii	"long long unsigned int\000"
 261      206C6F6E 
 261      6720756E 
 261      7369676E 
 261      65642069 
 262              	.LASF1:
 263 0092 756E7369 		.ascii	"unsigned char\000"
 263      676E6564 
 263      20636861 
 263      7200
 264              	.LASF11:
 265 00a0 63686172 		.ascii	"char\000"
 265      00
 266              	.LASF4:
 267 00a5 6C6F6E67 		.ascii	"long int\000"
 267      20696E74 
 267      00
 268              	.LASF2:
 269 00ae 73686F72 		.ascii	"short int\000"
 269      7420696E 
 269      7400
 270              	.LASF10:
 271 00b8 646F7562 		.ascii	"double\000"
 271      6C6500
 272              	.LASF3:
 273 00bf 73686F72 		.ascii	"short unsigned int\000"
 273      7420756E 
 273      7369676E 
 273      65642069 
 273      6E7400
 274              	.LASF0:
ARM GAS  C:\Users\SIMONK~1\AppData\Local\Temp\ccYH7N8U.s 			page 7


 275 00d2 7369676E 		.ascii	"signed char\000"
 275      65642063 
 275      68617200 
 276              	.LASF15:
 277 00de 433A5C55 		.ascii	"C:\\Users\\Simon Kirchheiner\\Documents\\Skole\\Sta"
 277      73657273 
 277      5C53696D 
 277      6F6E204B 
 277      69726368 
 278 010c 65726B73 		.ascii	"erkstroem S3\\S3\\PIR\\Design01\\Design01.cydsn\000"
 278      74726F65 
 278      6D205333 
 278      5C53335C 
 278      5049525C 
 279              	.LASF9:
 280 0138 666C6F61 		.ascii	"float\000"
 280      7400
 281              	.LASF14:
 282 013e 2E5C6D61 		.ascii	".\\main.c\000"
 282      696E2E63 
 282      00
 283              	.LASF12:
 284 0147 73697A65 		.ascii	"sizetype\000"
 284      74797065 
 284      00
 285              		.ident	"GCC: (GNU Tools for ARM Embedded Processors) 4.7.3 20130312 (release) [ARM/embedded-4_7-br
