--------------- Build Started: 11/30/2014 16:02:46 Project: controllers, Configuration: ARM GCC 4.7.3 Debug ---------------
cydsfit.exe "-.appdatapath" "C:\Users\Bjørn\AppData\Local\Cypress Semiconductor\PSoC Creator\3.0" "-.fdsnotice" "-.fdswarpdepfile=warp_dependencies.txt" "-.fdselabdepfile=elab_dependencies.txt" "-.fdsbldfile=generated_files.txt" "-p" "C:\controllers\controllers.cydsn\controllers.cyprj" "-d" "CY8C4245AXI-483" "-s" "C:\controllers\controllers.cydsn\Generated_Source\PSoC4" "--" "-yv2" "-v3" "-ygs" "-q10" "-o2" "-.fftcfgtype=LE"
Elaborating Design...
HDL Generation ...
Synthesis ...
Place and Route ...
Tech mapping ...
Info: mpr.M0037: Unused pieces of the design have been optimized out. See the Tech mapping section of the report file for details. (App=cydsfit)
Analog Placement ...
Analog Routing ...
Analog Code Generation ...
Digital Placement ...
Digital Routing ...
Bitstream Generation ...
Static timing analysis ...
API Generation ...
Dependency Generation ...
Clean Temporary Files ...
arm-none-eabi-gcc.exe -I. -I./Generated_Source/PSoC4 -Wno-main -mcpu=cortex-m0 -mthumb -Wall -g -D DEBUG -Wa,-alh=.\CortexM0\ARM_GCC_473\Debug\test_controllers.lst -ffunction-sections -c .\test_controllers.c -o .\CortexM0\ARM_GCC_473\Debug\test_controllers.o
.\test_controllers.c: In function 'main':
.\test_controllers.c:33:9: warning: variable 'ret' set but not used [-Wunused-but-set-variable]
arm-none-eabi-gcc.exe -I. -I./Generated_Source/PSoC4 -Wno-main -mcpu=cortex-m0 -mthumb -Wall -g -D DEBUG -Wa,-alh=.\CortexM0\ARM_GCC_473\Debug\loadData.lst -ffunction-sections -c .\loadData.c -o .\CortexM0\ARM_GCC_473\Debug\loadData.o
arm-none-eabi-gcc.exe -I. -I./Generated_Source/PSoC4 -Wno-main -mcpu=cortex-m0 -mthumb -Wall -g -D DEBUG -Wa,-alh=.\CortexM0\ARM_GCC_473\Debug\humiSensor.lst -ffunction-sections -c .\humiSensor.c -o .\CortexM0\ARM_GCC_473\Debug\humiSensor.o
arm-none-eabi-gcc.exe -I. -I./Generated_Source/PSoC4 -Wno-main -mcpu=cortex-m0 -mthumb -Wall -g -D DEBUG -Wa,-alh=.\CortexM0\ARM_GCC_473\Debug\sensorPackage.lst -ffunction-sections -c .\sensorPackage.c -o .\CortexM0\ARM_GCC_473\Debug\sensorPackage.o
arm-none-eabi-gcc.exe -I. -I./Generated_Source/PSoC4 -Wno-main -mcpu=cortex-m0 -mthumb -Wall -g -D DEBUG -Wa,-alh=.\CortexM0\ARM_GCC_473\Debug\sprinkler.lst -ffunction-sections -c .\sprinkler.c -o .\CortexM0\ARM_GCC_473\Debug\sprinkler.o
arm-none-eabi-gcc.exe -I. -I./Generated_Source/PSoC4 -Wno-main -mcpu=cortex-m0 -mthumb -Wall -g -D DEBUG -Wa,-alh=.\CortexM0\ARM_GCC_473\Debug\tempSensor.lst -ffunction-sections -c .\tempSensor.c -o .\CortexM0\ARM_GCC_473\Debug\tempSensor.o
arm-none-eabi-gcc.exe -I. -I./Generated_Source/PSoC4 -Wno-main -mcpu=cortex-m0 -mthumb -Wall -g -D DEBUG -Wa,-alh=.\CortexM0\ARM_GCC_473\Debug\cyfitter_cfg.lst -ffunction-sections -c .\Generated_Source\PSoC4\cyfitter_cfg.c -o .\CortexM0\ARM_GCC_473\Debug\cyfitter_cfg.o
arm-none-eabi-gcc.exe -I. -I./Generated_Source/PSoC4 -Wno-main -mcpu=cortex-m0 -mthumb -Wall -g -D DEBUG -Wa,-alh=.\CortexM0\ARM_GCC_473\Debug\waterTimer.lst -ffunction-sections -c .\Generated_Source\PSoC4\waterTimer.c -o .\CortexM0\ARM_GCC_473\Debug\waterTimer.o
arm-none-eabi-gcc.exe -I. -I./Generated_Source/PSoC4 -Wno-main -mcpu=cortex-m0 -mthumb -Wall -g -D DEBUG -Wa,-alh=.\CortexM0\ARM_GCC_473\Debug\waterTimer_PM.lst -ffunction-sections -c .\Generated_Source\PSoC4\waterTimer_PM.c -o .\CortexM0\ARM_GCC_473\Debug\waterTimer_PM.o
arm-none-eabi-ar.exe -rs .\CortexM0\ARM_GCC_473\Debug\controllers.a .\CortexM0\ARM_GCC_473\Debug\cyfitter_cfg.o .\CortexM0\ARM_GCC_473\Debug\CyBootAsmGnu.o .\CortexM0\ARM_GCC_473\Debug\CyFlash.o .\CortexM0\ARM_GCC_473\Debug\CyLib.o .\CortexM0\ARM_GCC_473\Debug\cyPm.o .\CortexM0\ARM_GCC_473\Debug\cyutils.o .\CortexM0\ARM_GCC_473\Debug\logDataTimer.o .\CortexM0\ARM_GCC_473\Debug\logDataTimer_PM.o .\CortexM0\ARM_GCC_473\Debug\waterTimer.o .\CortexM0\ARM_GCC_473\Debug\waterTimer_PM.o .\CortexM0\ARM_GCC_473\Debug\logDataInterrupt.o .\CortexM0\ARM_GCC_473\Debug\waterInterrupt.o .\CortexM0\ARM_GCC_473\Debug\ADC_in.o .\CortexM0\ARM_GCC_473\Debug\SLC.o .\CortexM0\ARM_GCC_473\Debug\water_pin.o .\CortexM0\ARM_GCC_473\Debug\ADC_SAR_Seq_0.o .\CortexM0\ARM_GCC_473\Debug\ADC_SAR_Seq_0_PM.o .\CortexM0\ARM_GCC_473\Debug\ADC_SAR_Seq_0_INT.o .\CortexM0\ARM_GCC_473\Debug\ADC_SAR_Seq_0_intClock.o .\CortexM0\ARM_GCC_473\Debug\ADC_SAR_Seq_0_IRQ.o
arm-none-eabi-ar.exe: creating .\CortexM0\ARM_GCC_473\Debug\controllers.a
arm-none-eabi-gcc.exe -mthumb -march=armv6-m -T .\Generated_Source\PSoC4\cm0gcc.ld -g -Wl,-Map,.\CortexM0\ARM_GCC_473\Debug\controllers.map -specs=nano.specs -Wl,--gc-sections -u _printf_float -Wl,--start-group -o .\CortexM0\ARM_GCC_473\Debug\controllers.elf .\CortexM0\ARM_GCC_473\Debug\test_controllers.o .\CortexM0\ARM_GCC_473\Debug\loadData.o .\CortexM0\ARM_GCC_473\Debug\buffer.o .\CortexM0\ARM_GCC_473\Debug\parameters.o .\CortexM0\ARM_GCC_473\Debug\humiSensor.o .\CortexM0\ARM_GCC_473\Debug\sensorPackage.o .\CortexM0\ARM_GCC_473\Debug\sprinkler.o .\CortexM0\ARM_GCC_473\Debug\tempSensor.o .\CortexM0\ARM_GCC_473\Debug\cymetadata.o .\CortexM0\ARM_GCC_473\Debug\Cm0Start.o .\CortexM0\ARM_GCC_473\Debug\controllers.a "C:\Program Files (x86)\Cypress\PSoC Creator\3.0\PSoC Creator\psoc\content\cycomponentlibrary\CyComponentLibrary.cylib\CortexM0\ARM_GCC_473\Debug\CyComponentLibrary.a" -Wl,--end-group
cyelftool.exe -C C:\controllers\controllers.cydsn\CortexM0\ARM_GCC_473\Debug\controllers.elf --flash_size 32768 --flash_row_size 128
cyelftool.exe -S C:\controllers\controllers.cydsn\CortexM0\ARM_GCC_473\Debug\controllers.elf
Flash used: 23020 of 32768 bytes (70,3 %).
SRAM used: 1732 of 4096 bytes (42,3 %).
--------------- Build Succeeded: 11/30/2014 16:03:00 ---------------
