ARM GAS  C:\Users\MICKKI~1\AppData\Local\Temp\cc0xlmNK.s 			page 1


   1              		.cpu cortex-m0
   2              		.fpu softvfp
   3              		.eabi_attribute 20, 1
   4              		.eabi_attribute 21, 1
   5              		.eabi_attribute 23, 3
   6              		.eabi_attribute 24, 1
   7              		.eabi_attribute 25, 1
   8              		.eabi_attribute 26, 1
   9              		.eabi_attribute 30, 6
  10              		.eabi_attribute 34, 0
  11              		.eabi_attribute 18, 4
  12              		.code	16
  13              		.file	"cyfitter_cfg.c"
  14              		.text
  15              	.Ltext0:
  16              		.cfi_sections	.debug_frame
  17              		.section	.text.CYMEMZERO,"ax",%progbits
  18              		.align	2
  19              		.code	16
  20              		.thumb_func
  21              		.type	CYMEMZERO, %function
  22              	CYMEMZERO:
  23              	.LFB0:
  24              		.file 1 ".\\Generated_Source\\PSoC4\\cyfitter_cfg.c"
   1:.\Generated_Source\PSoC4/cyfitter_cfg.c **** /*******************************************************************************
   2:.\Generated_Source\PSoC4/cyfitter_cfg.c **** * FILENAME: cyfitter_cfg.c
   3:.\Generated_Source\PSoC4/cyfitter_cfg.c **** * PSoC Creator 3.0 SP1
   4:.\Generated_Source\PSoC4/cyfitter_cfg.c **** *
   5:.\Generated_Source\PSoC4/cyfitter_cfg.c **** * Description:
   6:.\Generated_Source\PSoC4/cyfitter_cfg.c **** * This file is automatically generated by PSoC Creator with device 
   7:.\Generated_Source\PSoC4/cyfitter_cfg.c **** * initialization code.  Except for the user defined sections in
   8:.\Generated_Source\PSoC4/cyfitter_cfg.c **** * CyClockStartupError(), this file should not be modified.
   9:.\Generated_Source\PSoC4/cyfitter_cfg.c **** *
  10:.\Generated_Source\PSoC4/cyfitter_cfg.c **** ********************************************************************************
  11:.\Generated_Source\PSoC4/cyfitter_cfg.c **** * Copyright 2013, Cypress Semiconductor Corporation.  All rights reserved.
  12:.\Generated_Source\PSoC4/cyfitter_cfg.c **** * You may use this file only in accordance with the license, terms, conditions, 
  13:.\Generated_Source\PSoC4/cyfitter_cfg.c **** * disclaimers, and limitations in the end user license agreement accompanying 
  14:.\Generated_Source\PSoC4/cyfitter_cfg.c **** * the software package with which this file was provided.
  15:.\Generated_Source\PSoC4/cyfitter_cfg.c **** ********************************************************************************/
  16:.\Generated_Source\PSoC4/cyfitter_cfg.c **** 
  17:.\Generated_Source\PSoC4/cyfitter_cfg.c **** #include <string.h>
  18:.\Generated_Source\PSoC4/cyfitter_cfg.c **** #include <cytypes.h>
  19:.\Generated_Source\PSoC4/cyfitter_cfg.c **** #include <cydevice_trm.h>
  20:.\Generated_Source\PSoC4/cyfitter_cfg.c **** #include <cyfitter.h>
  21:.\Generated_Source\PSoC4/cyfitter_cfg.c **** #include <CyLib.h>
  22:.\Generated_Source\PSoC4/cyfitter_cfg.c **** #include <cyfitter_cfg.h>
  23:.\Generated_Source\PSoC4/cyfitter_cfg.c **** 
  24:.\Generated_Source\PSoC4/cyfitter_cfg.c **** 
  25:.\Generated_Source\PSoC4/cyfitter_cfg.c **** #if defined(__GNUC__) || defined(__ARMCC_VERSION)
  26:.\Generated_Source\PSoC4/cyfitter_cfg.c ****     #define CYPACKED 
  27:.\Generated_Source\PSoC4/cyfitter_cfg.c ****     #define CYPACKED_ATTR __attribute__ ((packed))
  28:.\Generated_Source\PSoC4/cyfitter_cfg.c ****     #define CYALIGNED __attribute__ ((aligned))
  29:.\Generated_Source\PSoC4/cyfitter_cfg.c ****     #define CY_CFG_UNUSED __attribute__ ((unused))
  30:.\Generated_Source\PSoC4/cyfitter_cfg.c ****     #define CY_CFG_SECTION __attribute__ ((section(".psocinit")))
  31:.\Generated_Source\PSoC4/cyfitter_cfg.c ****     
  32:.\Generated_Source\PSoC4/cyfitter_cfg.c ****     #if defined(__ARMCC_VERSION)
  33:.\Generated_Source\PSoC4/cyfitter_cfg.c ****         #define CY_CFG_MEMORY_BARRIER() __memory_changed()
ARM GAS  C:\Users\MICKKI~1\AppData\Local\Temp\cc0xlmNK.s 			page 2


  34:.\Generated_Source\PSoC4/cyfitter_cfg.c ****     #else
  35:.\Generated_Source\PSoC4/cyfitter_cfg.c ****         #define CY_CFG_MEMORY_BARRIER() __sync_synchronize()
  36:.\Generated_Source\PSoC4/cyfitter_cfg.c ****     #endif
  37:.\Generated_Source\PSoC4/cyfitter_cfg.c ****     
  38:.\Generated_Source\PSoC4/cyfitter_cfg.c **** #elif defined(__ICCARM__)
  39:.\Generated_Source\PSoC4/cyfitter_cfg.c ****     #include <intrinsics.h>
  40:.\Generated_Source\PSoC4/cyfitter_cfg.c **** 
  41:.\Generated_Source\PSoC4/cyfitter_cfg.c ****     #define CYPACKED __packed
  42:.\Generated_Source\PSoC4/cyfitter_cfg.c ****     #define CYPACKED_ATTR 
  43:.\Generated_Source\PSoC4/cyfitter_cfg.c ****     #define CYALIGNED _Pragma("data_alignment=4")
  44:.\Generated_Source\PSoC4/cyfitter_cfg.c ****     #define CY_CFG_UNUSED _Pragma("diag_suppress=Pe177")
  45:.\Generated_Source\PSoC4/cyfitter_cfg.c ****     #define CY_CFG_SECTION _Pragma("location=\".psocinit\"")
  46:.\Generated_Source\PSoC4/cyfitter_cfg.c ****     
  47:.\Generated_Source\PSoC4/cyfitter_cfg.c ****     #define CY_CFG_MEMORY_BARRIER() __DMB()
  48:.\Generated_Source\PSoC4/cyfitter_cfg.c ****     
  49:.\Generated_Source\PSoC4/cyfitter_cfg.c **** #else
  50:.\Generated_Source\PSoC4/cyfitter_cfg.c ****     #error Unsupported toolchain
  51:.\Generated_Source\PSoC4/cyfitter_cfg.c **** #endif
  52:.\Generated_Source\PSoC4/cyfitter_cfg.c **** 
  53:.\Generated_Source\PSoC4/cyfitter_cfg.c **** 
  54:.\Generated_Source\PSoC4/cyfitter_cfg.c **** CY_CFG_UNUSED
  55:.\Generated_Source\PSoC4/cyfitter_cfg.c **** static void CYMEMZERO(void *s, size_t n);
  56:.\Generated_Source\PSoC4/cyfitter_cfg.c **** CY_CFG_UNUSED
  57:.\Generated_Source\PSoC4/cyfitter_cfg.c **** static void CYMEMZERO(void *s, size_t n)
  58:.\Generated_Source\PSoC4/cyfitter_cfg.c **** {
  25              		.loc 1 58 0
  26              		.cfi_startproc
  27 0000 80B5     		push	{r7, lr}
  28              	.LCFI0:
  29              		.cfi_def_cfa_offset 8
  30              		.cfi_offset 7, -8
  31              		.cfi_offset 14, -4
  32 0002 82B0     		sub	sp, sp, #8
  33              	.LCFI1:
  34              		.cfi_def_cfa_offset 16
  35 0004 00AF     		add	r7, sp, #0
  36              	.LCFI2:
  37              		.cfi_def_cfa_register 7
  38 0006 7860     		str	r0, [r7, #4]
  39 0008 3960     		str	r1, [r7]
  59:.\Generated_Source\PSoC4/cyfitter_cfg.c **** 	(void)memset(s, 0, n);
  40              		.loc 1 59 0
  41 000a 7A68     		ldr	r2, [r7, #4]
  42 000c 3B68     		ldr	r3, [r7]
  43 000e 101C     		mov	r0, r2
  44 0010 0021     		mov	r1, #0
  45 0012 1A1C     		mov	r2, r3
  46 0014 FFF7FEFF 		bl	memset
  60:.\Generated_Source\PSoC4/cyfitter_cfg.c **** }
  47              		.loc 1 60 0
  48 0018 BD46     		mov	sp, r7
  49 001a 02B0     		add	sp, sp, #8
  50              		@ sp needed for prologue
  51 001c 80BD     		pop	{r7, pc}
  52              		.cfi_endproc
  53              	.LFE0:
  54              		.size	CYMEMZERO, .-CYMEMZERO
ARM GAS  C:\Users\MICKKI~1\AppData\Local\Temp\cc0xlmNK.s 			page 3


  55 001e C046     		.section	.text.CYCONFIGCPY,"ax",%progbits
  56              		.align	2
  57              		.code	16
  58              		.thumb_func
  59              		.type	CYCONFIGCPY, %function
  60              	CYCONFIGCPY:
  61              	.LFB1:
  61:.\Generated_Source\PSoC4/cyfitter_cfg.c **** CY_CFG_UNUSED
  62:.\Generated_Source\PSoC4/cyfitter_cfg.c **** static void CYCONFIGCPY(void *dest, const void *src, size_t n);
  63:.\Generated_Source\PSoC4/cyfitter_cfg.c **** CY_CFG_UNUSED
  64:.\Generated_Source\PSoC4/cyfitter_cfg.c **** static void CYCONFIGCPY(void *dest, const void *src, size_t n)
  65:.\Generated_Source\PSoC4/cyfitter_cfg.c **** {
  62              		.loc 1 65 0
  63              		.cfi_startproc
  64 0000 80B5     		push	{r7, lr}
  65              	.LCFI3:
  66              		.cfi_def_cfa_offset 8
  67              		.cfi_offset 7, -8
  68              		.cfi_offset 14, -4
  69 0002 84B0     		sub	sp, sp, #16
  70              	.LCFI4:
  71              		.cfi_def_cfa_offset 24
  72 0004 00AF     		add	r7, sp, #0
  73              	.LCFI5:
  74              		.cfi_def_cfa_register 7
  75 0006 F860     		str	r0, [r7, #12]
  76 0008 B960     		str	r1, [r7, #8]
  77 000a 7A60     		str	r2, [r7, #4]
  66:.\Generated_Source\PSoC4/cyfitter_cfg.c **** 	(void)memcpy(dest, src, n);
  78              		.loc 1 66 0
  79 000c F968     		ldr	r1, [r7, #12]
  80 000e BA68     		ldr	r2, [r7, #8]
  81 0010 7B68     		ldr	r3, [r7, #4]
  82 0012 081C     		mov	r0, r1
  83 0014 111C     		mov	r1, r2
  84 0016 1A1C     		mov	r2, r3
  85 0018 FFF7FEFF 		bl	memcpy
  67:.\Generated_Source\PSoC4/cyfitter_cfg.c **** }
  86              		.loc 1 67 0
  87 001c BD46     		mov	sp, r7
  88 001e 04B0     		add	sp, sp, #16
  89              		@ sp needed for prologue
  90 0020 80BD     		pop	{r7, pc}
  91              		.cfi_endproc
  92              	.LFE1:
  93              		.size	CYCONFIGCPY, .-CYCONFIGCPY
  94 0022 C046     		.section	.text.CYCONFIGCPYCODE,"ax",%progbits
  95              		.align	2
  96              		.code	16
  97              		.thumb_func
  98              		.type	CYCONFIGCPYCODE, %function
  99              	CYCONFIGCPYCODE:
 100              	.LFB2:
  68:.\Generated_Source\PSoC4/cyfitter_cfg.c **** CY_CFG_UNUSED
  69:.\Generated_Source\PSoC4/cyfitter_cfg.c **** static void CYCONFIGCPYCODE(void *dest, const void *src, size_t n);
  70:.\Generated_Source\PSoC4/cyfitter_cfg.c **** CY_CFG_UNUSED
  71:.\Generated_Source\PSoC4/cyfitter_cfg.c **** static void CYCONFIGCPYCODE(void *dest, const void *src, size_t n)
ARM GAS  C:\Users\MICKKI~1\AppData\Local\Temp\cc0xlmNK.s 			page 4


  72:.\Generated_Source\PSoC4/cyfitter_cfg.c **** {
 101              		.loc 1 72 0
 102              		.cfi_startproc
 103 0000 80B5     		push	{r7, lr}
 104              	.LCFI6:
 105              		.cfi_def_cfa_offset 8
 106              		.cfi_offset 7, -8
 107              		.cfi_offset 14, -4
 108 0002 84B0     		sub	sp, sp, #16
 109              	.LCFI7:
 110              		.cfi_def_cfa_offset 24
 111 0004 00AF     		add	r7, sp, #0
 112              	.LCFI8:
 113              		.cfi_def_cfa_register 7
 114 0006 F860     		str	r0, [r7, #12]
 115 0008 B960     		str	r1, [r7, #8]
 116 000a 7A60     		str	r2, [r7, #4]
  73:.\Generated_Source\PSoC4/cyfitter_cfg.c **** 	(void)memcpy(dest, src, n);
 117              		.loc 1 73 0
 118 000c F968     		ldr	r1, [r7, #12]
 119 000e BA68     		ldr	r2, [r7, #8]
 120 0010 7B68     		ldr	r3, [r7, #4]
 121 0012 081C     		mov	r0, r1
 122 0014 111C     		mov	r1, r2
 123 0016 1A1C     		mov	r2, r3
 124 0018 FFF7FEFF 		bl	memcpy
  74:.\Generated_Source\PSoC4/cyfitter_cfg.c **** }
 125              		.loc 1 74 0
 126 001c BD46     		mov	sp, r7
 127 001e 04B0     		add	sp, sp, #16
 128              		@ sp needed for prologue
 129 0020 80BD     		pop	{r7, pc}
 130              		.cfi_endproc
 131              	.LFE2:
 132              		.size	CYCONFIGCPYCODE, .-CYCONFIGCPYCODE
 133 0022 C046     		.section	.psocinit,"ax",%progbits
 134              		.align	2
 135              		.code	16
 136              		.thumb_func
 137              		.type	SetIMOBGTrims, %function
 138              	SetIMOBGTrims:
 139              	.LFB3:
  75:.\Generated_Source\PSoC4/cyfitter_cfg.c **** 
  76:.\Generated_Source\PSoC4/cyfitter_cfg.c **** 
  77:.\Generated_Source\PSoC4/cyfitter_cfg.c **** 
  78:.\Generated_Source\PSoC4/cyfitter_cfg.c **** /* Clock startup error codes                                                   */
  79:.\Generated_Source\PSoC4/cyfitter_cfg.c **** #define CYCLOCKSTART_NO_ERROR    0u
  80:.\Generated_Source\PSoC4/cyfitter_cfg.c **** #define CYCLOCKSTART_XTAL_ERROR  1u
  81:.\Generated_Source\PSoC4/cyfitter_cfg.c **** #define CYCLOCKSTART_32KHZ_ERROR 2u
  82:.\Generated_Source\PSoC4/cyfitter_cfg.c **** #define CYCLOCKSTART_PLL_ERROR   3u
  83:.\Generated_Source\PSoC4/cyfitter_cfg.c **** 
  84:.\Generated_Source\PSoC4/cyfitter_cfg.c **** #ifdef CY_NEED_CYCLOCKSTARTUPERROR
  85:.\Generated_Source\PSoC4/cyfitter_cfg.c **** /*******************************************************************************
  86:.\Generated_Source\PSoC4/cyfitter_cfg.c **** * Function Name: CyClockStartupError
  87:.\Generated_Source\PSoC4/cyfitter_cfg.c **** ********************************************************************************
  88:.\Generated_Source\PSoC4/cyfitter_cfg.c **** * Summary:
  89:.\Generated_Source\PSoC4/cyfitter_cfg.c **** *  If an error is encountered during clock configuration (crystal startup error,
ARM GAS  C:\Users\MICKKI~1\AppData\Local\Temp\cc0xlmNK.s 			page 5


  90:.\Generated_Source\PSoC4/cyfitter_cfg.c **** *  PLL lock error, etc.), the system will end up here.  Unless reimplemented by
  91:.\Generated_Source\PSoC4/cyfitter_cfg.c **** *  the customer, this function will stop in an infinite loop.
  92:.\Generated_Source\PSoC4/cyfitter_cfg.c **** *
  93:.\Generated_Source\PSoC4/cyfitter_cfg.c **** * Parameters:
  94:.\Generated_Source\PSoC4/cyfitter_cfg.c **** *   void
  95:.\Generated_Source\PSoC4/cyfitter_cfg.c **** *
  96:.\Generated_Source\PSoC4/cyfitter_cfg.c **** * Return:
  97:.\Generated_Source\PSoC4/cyfitter_cfg.c **** *   void
  98:.\Generated_Source\PSoC4/cyfitter_cfg.c **** *
  99:.\Generated_Source\PSoC4/cyfitter_cfg.c **** *******************************************************************************/
 100:.\Generated_Source\PSoC4/cyfitter_cfg.c **** CY_CFG_UNUSED
 101:.\Generated_Source\PSoC4/cyfitter_cfg.c **** static void CyClockStartupError(uint8 errorCode);
 102:.\Generated_Source\PSoC4/cyfitter_cfg.c **** CY_CFG_UNUSED
 103:.\Generated_Source\PSoC4/cyfitter_cfg.c **** static void CyClockStartupError(uint8 errorCode)
 104:.\Generated_Source\PSoC4/cyfitter_cfg.c **** {
 105:.\Generated_Source\PSoC4/cyfitter_cfg.c ****     /* To remove the compiler warning if errorCode not used.                */
 106:.\Generated_Source\PSoC4/cyfitter_cfg.c ****     errorCode = errorCode;
 107:.\Generated_Source\PSoC4/cyfitter_cfg.c **** 
 108:.\Generated_Source\PSoC4/cyfitter_cfg.c ****     /* `#START CyClockStartupError` */
 109:.\Generated_Source\PSoC4/cyfitter_cfg.c **** 
 110:.\Generated_Source\PSoC4/cyfitter_cfg.c ****     /* If we have a clock startup error (bad MHz crystal, PLL lock, etc.),  */
 111:.\Generated_Source\PSoC4/cyfitter_cfg.c ****     /* we will end up here to allow the customer to implement something to  */
 112:.\Generated_Source\PSoC4/cyfitter_cfg.c ****     /* deal with the clock condition.                                       */
 113:.\Generated_Source\PSoC4/cyfitter_cfg.c **** 
 114:.\Generated_Source\PSoC4/cyfitter_cfg.c ****     /* `#END` */
 115:.\Generated_Source\PSoC4/cyfitter_cfg.c **** 
 116:.\Generated_Source\PSoC4/cyfitter_cfg.c ****     /* If nothing else, stop here since the clocks have not started         */
 117:.\Generated_Source\PSoC4/cyfitter_cfg.c ****     /* correctly.                                                           */
 118:.\Generated_Source\PSoC4/cyfitter_cfg.c ****     while(1) {}
 119:.\Generated_Source\PSoC4/cyfitter_cfg.c **** }
 120:.\Generated_Source\PSoC4/cyfitter_cfg.c **** #endif
 121:.\Generated_Source\PSoC4/cyfitter_cfg.c **** 
 122:.\Generated_Source\PSoC4/cyfitter_cfg.c **** 
 123:.\Generated_Source\PSoC4/cyfitter_cfg.c **** /*******************************************************************************
 124:.\Generated_Source\PSoC4/cyfitter_cfg.c **** * Function Name: SetIMOBGTrims
 125:.\Generated_Source\PSoC4/cyfitter_cfg.c **** ********************************************************************************
 126:.\Generated_Source\PSoC4/cyfitter_cfg.c **** *
 127:.\Generated_Source\PSoC4/cyfitter_cfg.c **** * Summary:
 128:.\Generated_Source\PSoC4/cyfitter_cfg.c **** *   Performs the configuration of the bandgap trim for the IMO based on the given
 129:.\Generated_Source\PSoC4/cyfitter_cfg.c **** *   expected frequency of the IMO. 
 130:.\Generated_Source\PSoC4/cyfitter_cfg.c **** *
 131:.\Generated_Source\PSoC4/cyfitter_cfg.c **** * Parameters:
 132:.\Generated_Source\PSoC4/cyfitter_cfg.c **** *   imoFreq: Frequency for operation of the IMO.
 133:.\Generated_Source\PSoC4/cyfitter_cfg.c **** *
 134:.\Generated_Source\PSoC4/cyfitter_cfg.c **** * Return:
 135:.\Generated_Source\PSoC4/cyfitter_cfg.c **** *   void
 136:.\Generated_Source\PSoC4/cyfitter_cfg.c **** *
 137:.\Generated_Source\PSoC4/cyfitter_cfg.c **** *******************************************************************************/
 138:.\Generated_Source\PSoC4/cyfitter_cfg.c **** static void SetIMOBGTrims(uint8 imoFreq);
 139:.\Generated_Source\PSoC4/cyfitter_cfg.c **** CY_CFG_SECTION
 140:.\Generated_Source\PSoC4/cyfitter_cfg.c **** static void SetIMOBGTrims(uint8 imoFreq)
 141:.\Generated_Source\PSoC4/cyfitter_cfg.c **** {
 140              		.loc 1 141 0
 141              		.cfi_startproc
 142 0000 80B5     		push	{r7, lr}
 143              	.LCFI9:
 144              		.cfi_def_cfa_offset 8
ARM GAS  C:\Users\MICKKI~1\AppData\Local\Temp\cc0xlmNK.s 			page 6


 145              		.cfi_offset 7, -8
 146              		.cfi_offset 14, -4
 147 0002 84B0     		sub	sp, sp, #16
 148              	.LCFI10:
 149              		.cfi_def_cfa_offset 24
 150 0004 00AF     		add	r7, sp, #0
 151              	.LCFI11:
 152              		.cfi_def_cfa_register 7
 153 0006 021C     		mov	r2, r0
 154 0008 FB1D     		add	r3, r7, #7
 155 000a 1A70     		strb	r2, [r3]
 142:.\Generated_Source\PSoC4/cyfitter_cfg.c **** 	CYPACKED typedef struct {
 143:.\Generated_Source\PSoC4/cyfitter_cfg.c **** 		uint8 freq;
 144:.\Generated_Source\PSoC4/cyfitter_cfg.c **** 		uint8 absolute;
 145:.\Generated_Source\PSoC4/cyfitter_cfg.c **** 		uint8 tmpco;
 146:.\Generated_Source\PSoC4/cyfitter_cfg.c **** 	} CYPACKED_ATTR imo_trim_entry_t;
 147:.\Generated_Source\PSoC4/cyfitter_cfg.c **** 
 148:.\Generated_Source\PSoC4/cyfitter_cfg.c **** 	CYPACKED typedef struct {
 149:.\Generated_Source\PSoC4/cyfitter_cfg.c **** 		imo_trim_entry_t entries[4];
 150:.\Generated_Source\PSoC4/cyfitter_cfg.c **** 	} CYPACKED_ATTR imo_trim_table_t;
 151:.\Generated_Source\PSoC4/cyfitter_cfg.c **** 
 152:.\Generated_Source\PSoC4/cyfitter_cfg.c **** 	static const imo_trim_table_t *imo_trim_table = (const imo_trim_table_t *)CYREG_SFLASH_IMO_MAXF0;
 153:.\Generated_Source\PSoC4/cyfitter_cfg.c **** 	static const uint32 IMO_TRIM_FREQ_TABLE_ENTRIES = sizeof(imo_trim_table->entries)/sizeof(imo_trim_
 154:.\Generated_Source\PSoC4/cyfitter_cfg.c **** 
 155:.\Generated_Source\PSoC4/cyfitter_cfg.c **** 	int32 imoTrimIndex;
 156:.\Generated_Source\PSoC4/cyfitter_cfg.c **** 	uint8 setAbs;
 157:.\Generated_Source\PSoC4/cyfitter_cfg.c **** 	uint8 setTmpCo;
 158:.\Generated_Source\PSoC4/cyfitter_cfg.c **** 
 159:.\Generated_Source\PSoC4/cyfitter_cfg.c **** 	/* Traverse the SFLASH IMO frequency-dependent bandgap trim table to
 160:.\Generated_Source\PSoC4/cyfitter_cfg.c **** 	 * locate the appropriate value to trim the IMO bandgap based on freq. */
 161:.\Generated_Source\PSoC4/cyfitter_cfg.c **** 	setAbs = CY_GET_REG8((const void *)CYREG_SFLASH_IMO_ABS4);
 156              		.loc 1 161 0
 157 000c 224A     		ldr	r2, .L8
 158 000e 3B1C     		mov	r3, r7
 159 0010 0B33     		add	r3, r3, #11
 160 0012 1278     		ldrb	r2, [r2]
 161 0014 1A70     		strb	r2, [r3]
 162:.\Generated_Source\PSoC4/cyfitter_cfg.c **** 	setTmpCo = CY_GET_REG8((const void *)CYREG_SFLASH_IMO_TMPCO4);
 162              		.loc 1 162 0
 163 0016 214A     		ldr	r2, .L8+4
 164 0018 3B1C     		mov	r3, r7
 165 001a 0A33     		add	r3, r3, #10
 166 001c 1278     		ldrb	r2, [r2]
 167 001e 1A70     		strb	r2, [r3]
 163:.\Generated_Source\PSoC4/cyfitter_cfg.c **** 	for (imoTrimIndex = ((int32)IMO_TRIM_FREQ_TABLE_ENTRIES)-1;
 168              		.loc 1 163 0
 169 0020 1F4B     		ldr	r3, .L8+8
 170 0022 1B68     		ldr	r3, [r3]
 171 0024 013B     		sub	r3, r3, #1
 172 0026 FB60     		str	r3, [r7, #12]
 173 0028 1AE0     		b	.L5
 174              	.L7:
 164:.\Generated_Source\PSoC4/cyfitter_cfg.c **** 	     (imoTrimIndex >= 0) && (imoFreq <= imo_trim_table->entries[imoTrimIndex].freq);
 165:.\Generated_Source\PSoC4/cyfitter_cfg.c **** 	     imoTrimIndex--)
 166:.\Generated_Source\PSoC4/cyfitter_cfg.c **** 	{
 167:.\Generated_Source\PSoC4/cyfitter_cfg.c **** 		setAbs = imo_trim_table->entries[imoTrimIndex].absolute;
 175              		.loc 1 167 0
ARM GAS  C:\Users\MICKKI~1\AppData\Local\Temp\cc0xlmNK.s 			page 7


 176 002a 1E4B     		ldr	r3, .L8+12
 177 002c 1868     		ldr	r0, [r3]
 178 002e 391C     		mov	r1, r7
 179 0030 0B31     		add	r1, r1, #11
 180 0032 FA68     		ldr	r2, [r7, #12]
 181 0034 131C     		mov	r3, r2
 182 0036 5B00     		lsl	r3, r3, #1
 183 0038 9B18     		add	r3, r3, r2
 184 003a C318     		add	r3, r0, r3
 185 003c 0133     		add	r3, r3, #1
 186 003e 1B78     		ldrb	r3, [r3]
 187 0040 0B70     		strb	r3, [r1]
 168:.\Generated_Source\PSoC4/cyfitter_cfg.c **** 		setTmpCo = imo_trim_table->entries[imoTrimIndex].tmpco;
 188              		.loc 1 168 0
 189 0042 184B     		ldr	r3, .L8+12
 190 0044 1868     		ldr	r0, [r3]
 191 0046 391C     		mov	r1, r7
 192 0048 0A31     		add	r1, r1, #10
 193 004a FA68     		ldr	r2, [r7, #12]
 194 004c 131C     		mov	r3, r2
 195 004e 5B00     		lsl	r3, r3, #1
 196 0050 9B18     		add	r3, r3, r2
 197 0052 C318     		add	r3, r0, r3
 198 0054 0233     		add	r3, r3, #2
 199 0056 1B78     		ldrb	r3, [r3]
 200 0058 0B70     		strb	r3, [r1]
 165:.\Generated_Source\PSoC4/cyfitter_cfg.c **** 	     imoTrimIndex--)
 201              		.loc 1 165 0
 202 005a FB68     		ldr	r3, [r7, #12]
 203 005c 013B     		sub	r3, r3, #1
 204 005e FB60     		str	r3, [r7, #12]
 205              	.L5:
 163:.\Generated_Source\PSoC4/cyfitter_cfg.c **** 	for (imoTrimIndex = ((int32)IMO_TRIM_FREQ_TABLE_ENTRIES)-1;
 206              		.loc 1 163 0 discriminator 1
 207 0060 FB68     		ldr	r3, [r7, #12]
 208 0062 002B     		cmp	r3, #0
 209 0064 0ADB     		blt	.L6
 164:.\Generated_Source\PSoC4/cyfitter_cfg.c **** 	     (imoTrimIndex >= 0) && (imoFreq <= imo_trim_table->entries[imoTrimIndex].freq);
 210              		.loc 1 164 0
 211 0066 0F4B     		ldr	r3, .L8+12
 212 0068 1968     		ldr	r1, [r3]
 213 006a FA68     		ldr	r2, [r7, #12]
 214 006c 131C     		mov	r3, r2
 215 006e 5B00     		lsl	r3, r3, #1
 216 0070 9B18     		add	r3, r3, r2
 217 0072 5B5C     		ldrb	r3, [r3, r1]
 218 0074 FA1D     		add	r2, r7, #7
 219 0076 1278     		ldrb	r2, [r2]
 220 0078 9A42     		cmp	r2, r3
 221 007a D6D9     		bls	.L7
 222              	.L6:
 169:.\Generated_Source\PSoC4/cyfitter_cfg.c **** 	}
 170:.\Generated_Source\PSoC4/cyfitter_cfg.c **** 
 171:.\Generated_Source\PSoC4/cyfitter_cfg.c **** 	CY_SET_REG32((void *)CYREG_PWR_BG_TRIM4, setAbs);
 223              		.loc 1 171 0
 224 007c 0A4B     		ldr	r3, .L8+16
 225 007e 3A1C     		mov	r2, r7
ARM GAS  C:\Users\MICKKI~1\AppData\Local\Temp\cc0xlmNK.s 			page 8


 226 0080 0B32     		add	r2, r2, #11
 227 0082 1278     		ldrb	r2, [r2]
 228 0084 1A60     		str	r2, [r3]
 172:.\Generated_Source\PSoC4/cyfitter_cfg.c **** 	CY_SET_REG32((void *)CYREG_PWR_BG_TRIM5, setTmpCo);
 229              		.loc 1 172 0
 230 0086 094B     		ldr	r3, .L8+20
 231 0088 3A1C     		mov	r2, r7
 232 008a 0A32     		add	r2, r2, #10
 233 008c 1278     		ldrb	r2, [r2]
 234 008e 1A60     		str	r2, [r3]
 173:.\Generated_Source\PSoC4/cyfitter_cfg.c **** }
 235              		.loc 1 173 0
 236 0090 BD46     		mov	sp, r7
 237 0092 04B0     		add	sp, sp, #16
 238              		@ sp needed for prologue
 239 0094 80BD     		pop	{r7, pc}
 240              	.L9:
 241 0096 C046     		.align	2
 242              	.L8:
 243 0098 CCF1FF0F 		.word	268431820
 244 009c CDF1FF0F 		.word	268431821
 245 00a0 0C000000 		.word	IMO_TRIM_FREQ_TABLE_ENTRIES.4621
 246 00a4 00000000 		.word	imo_trim_table.4620
 247 00a8 1CFF0B40 		.word	1074528028
 248 00ac 20FF0B40 		.word	1074528032
 249              		.cfi_endproc
 250              	.LFE3:
 251              		.size	SetIMOBGTrims, .-SetIMOBGTrims
 252              		.align	2
 253              		.code	16
 254              		.thumb_func
 255              		.type	ClockSetup, %function
 256              	ClockSetup:
 257              	.LFB4:
 174:.\Generated_Source\PSoC4/cyfitter_cfg.c **** 
 175:.\Generated_Source\PSoC4/cyfitter_cfg.c **** 
 176:.\Generated_Source\PSoC4/cyfitter_cfg.c **** 
 177:.\Generated_Source\PSoC4/cyfitter_cfg.c **** /*******************************************************************************
 178:.\Generated_Source\PSoC4/cyfitter_cfg.c **** * Function Name: ClockSetup
 179:.\Generated_Source\PSoC4/cyfitter_cfg.c **** ********************************************************************************
 180:.\Generated_Source\PSoC4/cyfitter_cfg.c **** *
 181:.\Generated_Source\PSoC4/cyfitter_cfg.c **** * Summary:
 182:.\Generated_Source\PSoC4/cyfitter_cfg.c **** *   Performs the initialization of all of the clocks in the device based on the
 183:.\Generated_Source\PSoC4/cyfitter_cfg.c **** *   settings in the Clock tab of the DWR.  This includes enabling the requested
 184:.\Generated_Source\PSoC4/cyfitter_cfg.c **** *   clocks and setting the necessary dividers to produce the desired frequency. 
 185:.\Generated_Source\PSoC4/cyfitter_cfg.c **** *
 186:.\Generated_Source\PSoC4/cyfitter_cfg.c **** * Parameters:
 187:.\Generated_Source\PSoC4/cyfitter_cfg.c **** *   void
 188:.\Generated_Source\PSoC4/cyfitter_cfg.c **** *
 189:.\Generated_Source\PSoC4/cyfitter_cfg.c **** * Return:
 190:.\Generated_Source\PSoC4/cyfitter_cfg.c **** *   void
 191:.\Generated_Source\PSoC4/cyfitter_cfg.c **** *
 192:.\Generated_Source\PSoC4/cyfitter_cfg.c **** *******************************************************************************/
 193:.\Generated_Source\PSoC4/cyfitter_cfg.c **** static void ClockSetup(void);
 194:.\Generated_Source\PSoC4/cyfitter_cfg.c **** CY_CFG_SECTION
 195:.\Generated_Source\PSoC4/cyfitter_cfg.c **** static void ClockSetup(void)
 196:.\Generated_Source\PSoC4/cyfitter_cfg.c **** {
ARM GAS  C:\Users\MICKKI~1\AppData\Local\Temp\cc0xlmNK.s 			page 9


 258              		.loc 1 196 0
 259              		.cfi_startproc
 260 00b0 80B5     		push	{r7, lr}
 261              	.LCFI12:
 262              		.cfi_def_cfa_offset 8
 263              		.cfi_offset 7, -8
 264              		.cfi_offset 14, -4
 265 00b2 00AF     		add	r7, sp, #0
 266              	.LCFI13:
 267              		.cfi_def_cfa_register 7
 197:.\Generated_Source\PSoC4/cyfitter_cfg.c **** 	/* Enable HALF_EN before trimming for the flash accelerator. */
 198:.\Generated_Source\PSoC4/cyfitter_cfg.c **** 	CY_SET_REG32((void CYXDATA *)(CYREG_CLK_SELECT), (CY_GET_REG32((void *)CYREG_CLK_SELECT) | 0x00040
 268              		.loc 1 198 0
 269 00b4 184B     		ldr	r3, .L11
 270 00b6 184A     		ldr	r2, .L11
 271 00b8 1268     		ldr	r2, [r2]
 272 00ba 8021     		mov	r1, #128
 273 00bc C902     		lsl	r1, r1, #11
 274 00be 0A43     		orr	r2, r1
 275 00c0 1A60     		str	r2, [r3]
 199:.\Generated_Source\PSoC4/cyfitter_cfg.c **** 
 200:.\Generated_Source\PSoC4/cyfitter_cfg.c **** 	/* Trim IMO BG based on desired frequency. */
 201:.\Generated_Source\PSoC4/cyfitter_cfg.c **** 	SetIMOBGTrims(24u);
 276              		.loc 1 201 0
 277 00c2 1820     		mov	r0, #24
 278 00c4 FFF79CFF 		bl	SetIMOBGTrims
 202:.\Generated_Source\PSoC4/cyfitter_cfg.c **** 
 203:.\Generated_Source\PSoC4/cyfitter_cfg.c **** 	/* Going less than or equal to 24MHz, so update the clock speed then adjust trim value. */
 204:.\Generated_Source\PSoC4/cyfitter_cfg.c **** 	CY_SET_REG32((void CYXDATA *)(CYREG_CLK_IMO_TRIM2), (25u));
 279              		.loc 1 204 0
 280 00c8 144B     		ldr	r3, .L11+4
 281 00ca 1922     		mov	r2, #25
 282 00cc 1A60     		str	r2, [r3]
 205:.\Generated_Source\PSoC4/cyfitter_cfg.c **** 	CyDelayCycles(5u);
 283              		.loc 1 205 0
 284 00ce 0520     		mov	r0, #5
 285 00d0 FFF7FEFF 		bl	CyDelayCycles
 206:.\Generated_Source\PSoC4/cyfitter_cfg.c **** 	CY_SET_REG32((void CYXDATA *)(CYREG_CLK_IMO_TRIM1), (CY_GET_REG8((void *)CYREG_SFLASH_IMO_TRIM21))
 286              		.loc 1 206 0
 287 00d4 124B     		ldr	r3, .L11+8
 288 00d6 134A     		ldr	r2, .L11+12
 289 00d8 1278     		ldrb	r2, [r2]
 290 00da D2B2     		uxtb	r2, r2
 291 00dc 1A60     		str	r2, [r3]
 207:.\Generated_Source\PSoC4/cyfitter_cfg.c **** 	CyDelayUs(5u);
 292              		.loc 1 207 0
 293 00de 0520     		mov	r0, #5
 294 00e0 FFF7FEFF 		bl	CyDelayUs
 208:.\Generated_Source\PSoC4/cyfitter_cfg.c **** 
 209:.\Generated_Source\PSoC4/cyfitter_cfg.c **** 	/* Disable HALF_EN since it is not required at this IMO frequency. */
 210:.\Generated_Source\PSoC4/cyfitter_cfg.c **** 	CY_SET_REG32((void CYXDATA *)(CYREG_CLK_SELECT), (CY_GET_REG32((void *)CYREG_CLK_SELECT) & 0xFFFBF
 295              		.loc 1 210 0
 296 00e4 0C4B     		ldr	r3, .L11
 297 00e6 0C4A     		ldr	r2, .L11
 298 00e8 1168     		ldr	r1, [r2]
 299 00ea 0F4A     		ldr	r2, .L11+16
 300 00ec 0A40     		and	r2, r1
ARM GAS  C:\Users\MICKKI~1\AppData\Local\Temp\cc0xlmNK.s 			page 10


 301 00ee 1A60     		str	r2, [r3]
 211:.\Generated_Source\PSoC4/cyfitter_cfg.c **** 
 212:.\Generated_Source\PSoC4/cyfitter_cfg.c **** 	/* CYDEV_CLK_SELECT00 Starting address: CYDEV_CLK_SELECT00 */
 213:.\Generated_Source\PSoC4/cyfitter_cfg.c **** 	CY_SET_XTND_REG32((void CYFAR *)(CYREG_CLK_SELECT02), 0x00000010u);
 302              		.loc 1 213 0
 303 00f0 0E4B     		ldr	r3, .L11+20
 304 00f2 1022     		mov	r2, #16
 305 00f4 1A60     		str	r2, [r3]
 214:.\Generated_Source\PSoC4/cyfitter_cfg.c **** 	CY_SET_XTND_REG32((void CYFAR *)(CYREG_CLK_SELECT03), 0x00000010u);
 306              		.loc 1 214 0
 307 00f6 0E4B     		ldr	r3, .L11+24
 308 00f8 1022     		mov	r2, #16
 309 00fa 1A60     		str	r2, [r3]
 215:.\Generated_Source\PSoC4/cyfitter_cfg.c **** 
 216:.\Generated_Source\PSoC4/cyfitter_cfg.c **** 	/* CYDEV_CLK_IMO_CONFIG Starting address: CYDEV_CLK_IMO_CONFIG */
 217:.\Generated_Source\PSoC4/cyfitter_cfg.c **** 	CY_SET_XTND_REG32((void CYFAR *)(CYREG_CLK_IMO_CONFIG), 0x80000000u);
 310              		.loc 1 217 0
 311 00fc 0D4B     		ldr	r3, .L11+28
 312 00fe 8022     		mov	r2, #128
 313 0100 1206     		lsl	r2, r2, #24
 314 0102 1A60     		str	r2, [r3]
 218:.\Generated_Source\PSoC4/cyfitter_cfg.c **** 
 219:.\Generated_Source\PSoC4/cyfitter_cfg.c **** 	/* CYDEV_CLK_ILO_CONFIG Starting address: CYDEV_CLK_ILO_CONFIG */
 220:.\Generated_Source\PSoC4/cyfitter_cfg.c **** 	CY_SET_XTND_REG32((void CYFAR *)(CYREG_CLK_ILO_CONFIG), 0x80000000u);
 315              		.loc 1 220 0
 316 0104 0C4B     		ldr	r3, .L11+32
 317 0106 8022     		mov	r2, #128
 318 0108 1206     		lsl	r2, r2, #24
 319 010a 1A60     		str	r2, [r3]
 221:.\Generated_Source\PSoC4/cyfitter_cfg.c **** 
 222:.\Generated_Source\PSoC4/cyfitter_cfg.c **** 	/* CYDEV_CLK_DIVIDER_A00 Starting address: CYDEV_CLK_DIVIDER_A00 */
 223:.\Generated_Source\PSoC4/cyfitter_cfg.c **** 	CY_SET_XTND_REG32((void CYFAR *)(CYREG_CLK_DIVIDER_A00), 0x80000001u);
 320              		.loc 1 223 0
 321 010c 0B4B     		ldr	r3, .L11+36
 322 010e 0C4A     		ldr	r2, .L11+40
 323 0110 1A60     		str	r2, [r3]
 224:.\Generated_Source\PSoC4/cyfitter_cfg.c **** 
 225:.\Generated_Source\PSoC4/cyfitter_cfg.c **** }
 324              		.loc 1 225 0
 325 0112 BD46     		mov	sp, r7
 326              		@ sp needed for prologue
 327 0114 80BD     		pop	{r7, pc}
 328              	.L12:
 329 0116 C046     		.align	2
 330              	.L11:
 331 0118 00010B40 		.word	1074462976
 332 011c 2CFF0B40 		.word	1074528044
 333 0120 28FF0B40 		.word	1074528040
 334 0124 E5F1FF0F 		.word	268431845
 335 0128 FFFFFBFF 		.word	-262145
 336 012c 08020240 		.word	1073873416
 337 0130 0C020240 		.word	1073873420
 338 0134 08010B40 		.word	1074462984
 339 0138 04010B40 		.word	1074462980
 340 013c 00000240 		.word	1073872896
 341 0140 01000080 		.word	-2147483647
 342              		.cfi_endproc
ARM GAS  C:\Users\MICKKI~1\AppData\Local\Temp\cc0xlmNK.s 			page 11


 343              	.LFE4:
 344              		.size	ClockSetup, .-ClockSetup
 345              		.section	.text.AnalogSetDefault,"ax",%progbits
 346              		.align	2
 347              		.code	16
 348              		.thumb_func
 349              		.type	AnalogSetDefault, %function
 350              	AnalogSetDefault:
 351              	.LFB5:
 226:.\Generated_Source\PSoC4/cyfitter_cfg.c **** 
 227:.\Generated_Source\PSoC4/cyfitter_cfg.c **** 
 228:.\Generated_Source\PSoC4/cyfitter_cfg.c **** /* Analog API Functions */
 229:.\Generated_Source\PSoC4/cyfitter_cfg.c **** 
 230:.\Generated_Source\PSoC4/cyfitter_cfg.c **** 
 231:.\Generated_Source\PSoC4/cyfitter_cfg.c **** /*******************************************************************************
 232:.\Generated_Source\PSoC4/cyfitter_cfg.c **** * Function Name: AnalogSetDefault
 233:.\Generated_Source\PSoC4/cyfitter_cfg.c **** ********************************************************************************
 234:.\Generated_Source\PSoC4/cyfitter_cfg.c **** *
 235:.\Generated_Source\PSoC4/cyfitter_cfg.c **** * Summary:
 236:.\Generated_Source\PSoC4/cyfitter_cfg.c **** *  Sets up the analog portions of the chip to default values based on chip
 237:.\Generated_Source\PSoC4/cyfitter_cfg.c **** *  configuration options from the project.
 238:.\Generated_Source\PSoC4/cyfitter_cfg.c **** *
 239:.\Generated_Source\PSoC4/cyfitter_cfg.c **** * Parameters:
 240:.\Generated_Source\PSoC4/cyfitter_cfg.c **** *  void
 241:.\Generated_Source\PSoC4/cyfitter_cfg.c **** *
 242:.\Generated_Source\PSoC4/cyfitter_cfg.c **** * Return:
 243:.\Generated_Source\PSoC4/cyfitter_cfg.c **** *  void
 244:.\Generated_Source\PSoC4/cyfitter_cfg.c **** *
 245:.\Generated_Source\PSoC4/cyfitter_cfg.c **** *******************************************************************************/
 246:.\Generated_Source\PSoC4/cyfitter_cfg.c **** static void AnalogSetDefault(void);
 247:.\Generated_Source\PSoC4/cyfitter_cfg.c **** static void AnalogSetDefault(void)
 248:.\Generated_Source\PSoC4/cyfitter_cfg.c **** {
 352              		.loc 1 248 0
 353              		.cfi_startproc
 354 0000 80B5     		push	{r7, lr}
 355              	.LCFI14:
 356              		.cfi_def_cfa_offset 8
 357              		.cfi_offset 7, -8
 358              		.cfi_offset 14, -4
 359 0002 00AF     		add	r7, sp, #0
 360              	.LCFI15:
 361              		.cfi_def_cfa_register 7
 249:.\Generated_Source\PSoC4/cyfitter_cfg.c **** }
 362              		.loc 1 249 0
 363 0004 BD46     		mov	sp, r7
 364              		@ sp needed for prologue
 365 0006 80BD     		pop	{r7, pc}
 366              		.cfi_endproc
 367              	.LFE5:
 368              		.size	AnalogSetDefault, .-AnalogSetDefault
 369              		.section	.psocinit
 370              		.align	2
 371              		.global	cyfitter_cfg
 372              		.code	16
 373              		.thumb_func
 374              		.type	cyfitter_cfg, %function
 375              	cyfitter_cfg:
ARM GAS  C:\Users\MICKKI~1\AppData\Local\Temp\cc0xlmNK.s 			page 12


 376              	.LFB6:
 250:.\Generated_Source\PSoC4/cyfitter_cfg.c **** 
 251:.\Generated_Source\PSoC4/cyfitter_cfg.c **** #define CY_AMUX_UNUSED CYREG_CM0_ROM_DWT
 252:.\Generated_Source\PSoC4/cyfitter_cfg.c **** 
 253:.\Generated_Source\PSoC4/cyfitter_cfg.c **** 
 254:.\Generated_Source\PSoC4/cyfitter_cfg.c **** /*******************************************************************************
 255:.\Generated_Source\PSoC4/cyfitter_cfg.c **** * Function Name: cyfitter_cfg
 256:.\Generated_Source\PSoC4/cyfitter_cfg.c **** ********************************************************************************
 257:.\Generated_Source\PSoC4/cyfitter_cfg.c **** * Summary:
 258:.\Generated_Source\PSoC4/cyfitter_cfg.c **** *  This function is called by the start-up code for the selected device. It
 259:.\Generated_Source\PSoC4/cyfitter_cfg.c **** *  performs all of the necessary device configuration based on the design
 260:.\Generated_Source\PSoC4/cyfitter_cfg.c **** *  settings.  This includes settings from the Design Wide Resources (DWR) such
 261:.\Generated_Source\PSoC4/cyfitter_cfg.c **** *  as Clocks and Pins as well as any component configuration that is necessary.
 262:.\Generated_Source\PSoC4/cyfitter_cfg.c **** *
 263:.\Generated_Source\PSoC4/cyfitter_cfg.c **** * Parameters:  
 264:.\Generated_Source\PSoC4/cyfitter_cfg.c **** *   void
 265:.\Generated_Source\PSoC4/cyfitter_cfg.c **** *
 266:.\Generated_Source\PSoC4/cyfitter_cfg.c **** * Return:
 267:.\Generated_Source\PSoC4/cyfitter_cfg.c **** *   void
 268:.\Generated_Source\PSoC4/cyfitter_cfg.c **** *
 269:.\Generated_Source\PSoC4/cyfitter_cfg.c **** *******************************************************************************/
 270:.\Generated_Source\PSoC4/cyfitter_cfg.c **** CY_CFG_SECTION
 271:.\Generated_Source\PSoC4/cyfitter_cfg.c **** void cyfitter_cfg(void)
 272:.\Generated_Source\PSoC4/cyfitter_cfg.c **** {
 377              		.loc 1 272 0
 378              		.cfi_startproc
 379 0144 80B5     		push	{r7, lr}
 380              	.LCFI16:
 381              		.cfi_def_cfa_offset 8
 382              		.cfi_offset 7, -8
 383              		.cfi_offset 14, -4
 384 0146 82B0     		sub	sp, sp, #8
 385              	.LCFI17:
 386              		.cfi_def_cfa_offset 16
 387 0148 00AF     		add	r7, sp, #0
 388              	.LCFI18:
 389              		.cfi_def_cfa_register 7
 273:.\Generated_Source\PSoC4/cyfitter_cfg.c **** 	/* Disable interrupts by default. Let user enable if/when they want. */
 274:.\Generated_Source\PSoC4/cyfitter_cfg.c **** 	CyGlobalIntDisable;
 390              		.loc 1 274 0
 391              	@ 274 ".\Generated_Source\PSoC4\cyfitter_cfg.c" 1
 392 014a 72B6     		CPSID   i
 393              	@ 0 "" 2
 394              		.code	16
 395              	.LBB2:
 275:.\Generated_Source\PSoC4/cyfitter_cfg.c **** 
 276:.\Generated_Source\PSoC4/cyfitter_cfg.c **** 	{
 277:.\Generated_Source\PSoC4/cyfitter_cfg.c **** 
 278:.\Generated_Source\PSoC4/cyfitter_cfg.c **** 		CYPACKED typedef struct {
 279:.\Generated_Source\PSoC4/cyfitter_cfg.c **** 			void CYFAR *address;
 280:.\Generated_Source\PSoC4/cyfitter_cfg.c **** 			uint16 size;
 281:.\Generated_Source\PSoC4/cyfitter_cfg.c **** 		} CYPACKED_ATTR cfg_memset_t;
 282:.\Generated_Source\PSoC4/cyfitter_cfg.c **** 
 283:.\Generated_Source\PSoC4/cyfitter_cfg.c **** 		static const cfg_memset_t CYCODE cfg_memset_list [] = {
 284:.\Generated_Source\PSoC4/cyfitter_cfg.c **** 			/* address, size */
 285:.\Generated_Source\PSoC4/cyfitter_cfg.c **** 			{(void CYFAR *)(CYDEV_UDB_P0_U0_BASE), 1024u},
 286:.\Generated_Source\PSoC4/cyfitter_cfg.c **** 			{(void CYFAR *)(CYDEV_UDB_DSI0_BASE), 1024u},
ARM GAS  C:\Users\MICKKI~1\AppData\Local\Temp\cc0xlmNK.s 			page 13


 287:.\Generated_Source\PSoC4/cyfitter_cfg.c **** 		};
 288:.\Generated_Source\PSoC4/cyfitter_cfg.c **** 
 289:.\Generated_Source\PSoC4/cyfitter_cfg.c **** 		uint8 CYDATA i;
 290:.\Generated_Source\PSoC4/cyfitter_cfg.c **** 
 291:.\Generated_Source\PSoC4/cyfitter_cfg.c **** 		/* Zero out critical memory blocks before beginning configuration */
 292:.\Generated_Source\PSoC4/cyfitter_cfg.c **** 		for (i = 0u; i < (sizeof(cfg_memset_list)/sizeof(cfg_memset_list[0])); i++)
 396              		.loc 1 292 0
 397 014c FB1D     		add	r3, r7, #7
 398 014e 0022     		mov	r2, #0
 399 0150 1A70     		strb	r2, [r3]
 400 0152 23E0     		b	.L15
 401              	.L16:
 402              	.LBB3:
 293:.\Generated_Source\PSoC4/cyfitter_cfg.c **** 		{
 294:.\Generated_Source\PSoC4/cyfitter_cfg.c **** 			const cfg_memset_t CYCODE * CYDATA ms = &cfg_memset_list[i];
 403              		.loc 1 294 0 discriminator 2
 404 0154 FB1D     		add	r3, r7, #7
 405 0156 1A78     		ldrb	r2, [r3]
 406 0158 131C     		mov	r3, r2
 407 015a 5B00     		lsl	r3, r3, #1
 408 015c 9B18     		add	r3, r3, r2
 409 015e 5B00     		lsl	r3, r3, #1
 410 0160 2A4A     		ldr	r2, .L17
 411 0162 9B18     		add	r3, r3, r2
 412 0164 3B60     		str	r3, [r7]
 295:.\Generated_Source\PSoC4/cyfitter_cfg.c **** 			CYMEMZERO(ms->address, (uint32)(ms->size));
 413              		.loc 1 295 0 discriminator 2
 414 0166 3B68     		ldr	r3, [r7]
 415 0168 1A78     		ldrb	r2, [r3]
 416 016a 5978     		ldrb	r1, [r3, #1]
 417 016c 0902     		lsl	r1, r1, #8
 418 016e 0A43     		orr	r2, r1
 419 0170 9978     		ldrb	r1, [r3, #2]
 420 0172 0904     		lsl	r1, r1, #16
 421 0174 0A43     		orr	r2, r1
 422 0176 DB78     		ldrb	r3, [r3, #3]
 423 0178 1B06     		lsl	r3, r3, #24
 424 017a 1343     		orr	r3, r2
 425 017c 1A1C     		mov	r2, r3
 426 017e 3B68     		ldr	r3, [r7]
 427 0180 1979     		ldrb	r1, [r3, #4]
 428 0182 5B79     		ldrb	r3, [r3, #5]
 429 0184 1B02     		lsl	r3, r3, #8
 430 0186 0B43     		orr	r3, r1
 431 0188 9BB2     		uxth	r3, r3
 432 018a 101C     		mov	r0, r2
 433 018c 191C     		mov	r1, r3
 434 018e FFF7FEFF 		bl	CYMEMZERO
 435              	.LBE3:
 292:.\Generated_Source\PSoC4/cyfitter_cfg.c **** 		for (i = 0u; i < (sizeof(cfg_memset_list)/sizeof(cfg_memset_list[0])); i++)
 436              		.loc 1 292 0 discriminator 2
 437 0192 FB1D     		add	r3, r7, #7
 438 0194 FA1D     		add	r2, r7, #7
 439 0196 1278     		ldrb	r2, [r2]
 440 0198 0132     		add	r2, r2, #1
 441 019a 1A70     		strb	r2, [r3]
 442              	.L15:
ARM GAS  C:\Users\MICKKI~1\AppData\Local\Temp\cc0xlmNK.s 			page 14


 292:.\Generated_Source\PSoC4/cyfitter_cfg.c **** 		for (i = 0u; i < (sizeof(cfg_memset_list)/sizeof(cfg_memset_list[0])); i++)
 443              		.loc 1 292 0 is_stmt 0 discriminator 1
 444 019c FB1D     		add	r3, r7, #7
 445 019e 1B78     		ldrb	r3, [r3]
 446 01a0 012B     		cmp	r3, #1
 447 01a2 D7D9     		bls	.L16
 296:.\Generated_Source\PSoC4/cyfitter_cfg.c **** 		}
 297:.\Generated_Source\PSoC4/cyfitter_cfg.c **** 
 298:.\Generated_Source\PSoC4/cyfitter_cfg.c **** 		/* HSIOM Starting address: CYDEV_HSIOM_BASE */
 299:.\Generated_Source\PSoC4/cyfitter_cfg.c **** 		CY_SET_XTND_REG32((void CYFAR *)(CYDEV_HSIOM_BASE), 0xFF000000u);
 448              		.loc 1 299 0 is_stmt 1
 449 01a4 1A4B     		ldr	r3, .L17+4
 450 01a6 FF22     		mov	r2, #255
 451 01a8 1206     		lsl	r2, r2, #24
 452 01aa 1A60     		str	r2, [r3]
 300:.\Generated_Source\PSoC4/cyfitter_cfg.c **** 		CY_SET_XTND_REG32((void CYFAR *)(CYREG_HSIOM_PORT_SEL3), 0x0000EEFFu);
 453              		.loc 1 300 0
 454 01ac 194B     		ldr	r3, .L17+8
 455 01ae 1A4A     		ldr	r2, .L17+12
 456 01b0 1A60     		str	r2, [r3]
 301:.\Generated_Source\PSoC4/cyfitter_cfg.c **** 
 302:.\Generated_Source\PSoC4/cyfitter_cfg.c **** 		/* IOPINS0_0 Starting address: CYDEV_PRT0_DR */
 303:.\Generated_Source\PSoC4/cyfitter_cfg.c **** 		CY_SET_XTND_REG32((void CYFAR *)(CYREG_PRT0_PC), 0x00240000u);
 457              		.loc 1 303 0
 458 01b2 1A4B     		ldr	r3, .L17+16
 459 01b4 9022     		mov	r2, #144
 460 01b6 9203     		lsl	r2, r2, #14
 461 01b8 1A60     		str	r2, [r3]
 304:.\Generated_Source\PSoC4/cyfitter_cfg.c **** 
 305:.\Generated_Source\PSoC4/cyfitter_cfg.c **** 		/* IOPINS0_3 Starting address: CYDEV_PRT3_DR */
 306:.\Generated_Source\PSoC4/cyfitter_cfg.c **** 		CY_SET_XTND_REG32((void CYFAR *)(CYREG_PRT3_DR), 0x00000002u);
 462              		.loc 1 306 0
 463 01ba 194B     		ldr	r3, .L17+20
 464 01bc 0222     		mov	r2, #2
 465 01be 1A60     		str	r2, [r3]
 307:.\Generated_Source\PSoC4/cyfitter_cfg.c **** 		CY_SET_XTND_REG32((void CYFAR *)(CYREG_PRT3_PC), 0x00000DB1u);
 466              		.loc 1 307 0
 467 01c0 184B     		ldr	r3, .L17+24
 468 01c2 194A     		ldr	r2, .L17+28
 469 01c4 1A60     		str	r2, [r3]
 308:.\Generated_Source\PSoC4/cyfitter_cfg.c **** 		CY_SET_XTND_REG32((void CYFAR *)(CYREG_PRT3_PC2), 0x00000002u);
 470              		.loc 1 308 0
 471 01c6 194B     		ldr	r3, .L17+32
 472 01c8 0222     		mov	r2, #2
 473 01ca 1A60     		str	r2, [r3]
 309:.\Generated_Source\PSoC4/cyfitter_cfg.c **** 
 310:.\Generated_Source\PSoC4/cyfitter_cfg.c **** 		/* UDB_PA_0 Starting address: CYDEV_UDB_PA0_BASE */
 311:.\Generated_Source\PSoC4/cyfitter_cfg.c **** 		CY_SET_XTND_REG32((void CYFAR *)(CYDEV_UDB_PA0_BASE), 0x00990000u);
 474              		.loc 1 311 0
 475 01cc 184B     		ldr	r3, .L17+36
 476 01ce 9922     		mov	r2, #153
 477 01d0 1204     		lsl	r2, r2, #16
 478 01d2 1A60     		str	r2, [r3]
 312:.\Generated_Source\PSoC4/cyfitter_cfg.c **** 
 313:.\Generated_Source\PSoC4/cyfitter_cfg.c **** 		/* UDB_PA_3 Starting address: CYDEV_UDB_PA3_BASE */
 314:.\Generated_Source\PSoC4/cyfitter_cfg.c **** 		CY_SET_XTND_REG32((void CYFAR *)(CYDEV_UDB_PA3_BASE), 0x00990000u);
 479              		.loc 1 314 0
ARM GAS  C:\Users\MICKKI~1\AppData\Local\Temp\cc0xlmNK.s 			page 15


 480 01d4 174B     		ldr	r3, .L17+40
 481 01d6 9922     		mov	r2, #153
 482 01d8 1204     		lsl	r2, r2, #16
 483 01da 1A60     		str	r2, [r3]
 315:.\Generated_Source\PSoC4/cyfitter_cfg.c **** 
 316:.\Generated_Source\PSoC4/cyfitter_cfg.c **** 		/* Enable digital routing */
 317:.\Generated_Source\PSoC4/cyfitter_cfg.c **** 		CY_SET_XTND_REG8((void *)CYREG_UDB_UDBIF_BANK_CTL, CY_GET_XTND_REG8((void *)CYREG_UDB_UDBIF_BANK_
 484              		.loc 1 317 0
 485 01dc 164B     		ldr	r3, .L17+44
 486 01de 164A     		ldr	r2, .L17+44
 487 01e0 1278     		ldrb	r2, [r2]
 488 01e2 D2B2     		uxtb	r2, r2
 489 01e4 0221     		mov	r1, #2
 490 01e6 0A43     		orr	r2, r1
 491 01e8 D2B2     		uxtb	r2, r2
 492 01ea 1A70     		strb	r2, [r3]
 318:.\Generated_Source\PSoC4/cyfitter_cfg.c **** 
 319:.\Generated_Source\PSoC4/cyfitter_cfg.c **** 		/* Enable UDB array */
 320:.\Generated_Source\PSoC4/cyfitter_cfg.c **** 		CY_SET_XTND_REG8((void *)CYREG_UDB_UDBIF_BANK_CTL, CY_GET_XTND_REG8((void *)CYREG_UDB_UDBIF_BANK_
 493              		.loc 1 320 0
 494 01ec 124B     		ldr	r3, .L17+44
 495 01ee 124A     		ldr	r2, .L17+44
 496 01f0 1278     		ldrb	r2, [r2]
 497 01f2 D2B2     		uxtb	r2, r2
 498 01f4 0621     		mov	r1, #6
 499 01f6 0A43     		orr	r2, r1
 500 01f8 D2B2     		uxtb	r2, r2
 501 01fa 1A70     		strb	r2, [r3]
 502              	.LBE2:
 321:.\Generated_Source\PSoC4/cyfitter_cfg.c **** 	}
 322:.\Generated_Source\PSoC4/cyfitter_cfg.c **** 
 323:.\Generated_Source\PSoC4/cyfitter_cfg.c **** 	/* Setup clocks based on selections from Clock DWR */
 324:.\Generated_Source\PSoC4/cyfitter_cfg.c **** 	ClockSetup();
 503              		.loc 1 324 0
 504 01fc FFF758FF 		bl	ClockSetup
 325:.\Generated_Source\PSoC4/cyfitter_cfg.c **** 
 326:.\Generated_Source\PSoC4/cyfitter_cfg.c **** 	/* Perform basic analog initialization to defaults */
 327:.\Generated_Source\PSoC4/cyfitter_cfg.c **** 	AnalogSetDefault();
 505              		.loc 1 327 0
 506 0200 FFF7FEFF 		bl	AnalogSetDefault
 328:.\Generated_Source\PSoC4/cyfitter_cfg.c **** 
 329:.\Generated_Source\PSoC4/cyfitter_cfg.c **** }
 507              		.loc 1 329 0
 508 0204 BD46     		mov	sp, r7
 509 0206 02B0     		add	sp, sp, #8
 510              		@ sp needed for prologue
 511 0208 80BD     		pop	{r7, pc}
 512              	.L18:
 513 020a C046     		.align	2
 514              	.L17:
 515 020c 00000000 		.word	cfg_memset_list.4645
 516 0210 00000140 		.word	1073807360
 517 0214 0C000140 		.word	1073807372
 518 0218 FFEE0000 		.word	61183
 519 021c 08000440 		.word	1074003976
 520 0220 00030440 		.word	1074004736
 521 0224 08030440 		.word	1074004744
ARM GAS  C:\Users\MICKKI~1\AppData\Local\Temp\cc0xlmNK.s 			page 16


 522 0228 B10D0000 		.word	3505
 523 022c 18030440 		.word	1074004760
 524 0230 00500F40 		.word	1074745344
 525 0234 30500F40 		.word	1074745392
 526 0238 00700F40 		.word	1074753536
 527              		.cfi_endproc
 528              	.LFE6:
 529              		.size	cyfitter_cfg, .-cyfitter_cfg
 530              		.section	.rodata
 531              		.align	2
 532              		.type	cfg_memset_list.4645, %object
 533              		.size	cfg_memset_list.4645, 12
 534              	cfg_memset_list.4645:
 535 0000 00300F40 		.word	1074737152
 536 0004 0004     		.short	1024
 537 0006 00400F40 		.4byte	1074741248
 538 000a 0004     		.short	1024
 539              		.align	2
 540              		.type	IMO_TRIM_FREQ_TABLE_ENTRIES.4621, %object
 541              		.size	IMO_TRIM_FREQ_TABLE_ENTRIES.4621, 4
 542              	IMO_TRIM_FREQ_TABLE_ENTRIES.4621:
 543 000c 04000000 		.word	4
 544              		.data
 545              		.align	2
 546              		.type	imo_trim_table.4620, %object
 547              		.size	imo_trim_table.4620, 4
 548              	imo_trim_table.4620:
 549 0000 C0F1FF0F 		.word	268431808
 550              		.text
 551              	.Letext0:
 552              		.file 2 "c:\\program files\\cypress\\psoc creator\\3.0\\psoc creator\\import\\gnu_cs\\arm\\4.7.3\\
 553              		.file 3 "./Generated_Source/PSoC4/cytypes.h"
 554              		.section	.debug_info,"",%progbits
 555              	.Ldebug_info0:
 556 0000 69030000 		.4byte	0x369
 557 0004 0200     		.2byte	0x2
 558 0006 00000000 		.4byte	.Ldebug_abbrev0
 559 000a 04       		.byte	0x4
 560 000b 01       		.uleb128 0x1
 561 000c 12020000 		.4byte	.LASF43
 562 0010 01       		.byte	0x1
 563 0011 5D010000 		.4byte	.LASF44
 564 0015 AA010000 		.4byte	.LASF45
 565 0019 00000000 		.4byte	.Ldebug_ranges0+0
 566 001d 00000000 		.4byte	0
 567 0021 00000000 		.4byte	0
 568 0025 00000000 		.4byte	.Ldebug_line0
 569 0029 02       		.uleb128 0x2
 570 002a 01       		.byte	0x1
 571 002b 06       		.byte	0x6
 572 002c 82020000 		.4byte	.LASF0
 573 0030 02       		.uleb128 0x2
 574 0031 01       		.byte	0x1
 575 0032 08       		.byte	0x8
 576 0033 BF000000 		.4byte	.LASF1
 577 0037 02       		.uleb128 0x2
 578 0038 02       		.byte	0x2
ARM GAS  C:\Users\MICKKI~1\AppData\Local\Temp\cc0xlmNK.s 			page 17


 579 0039 05       		.byte	0x5
 580 003a 63000000 		.4byte	.LASF2
 581 003e 02       		.uleb128 0x2
 582 003f 02       		.byte	0x2
 583 0040 07       		.byte	0x7
 584 0041 50000000 		.4byte	.LASF3
 585 0045 03       		.uleb128 0x3
 586 0046 04       		.byte	0x4
 587 0047 05       		.byte	0x5
 588 0048 696E7400 		.ascii	"int\000"
 589 004c 02       		.uleb128 0x2
 590 004d 04       		.byte	0x4
 591 004e 07       		.byte	0x7
 592 004f 06010000 		.4byte	.LASF4
 593 0053 02       		.uleb128 0x2
 594 0054 08       		.byte	0x8
 595 0055 05       		.byte	0x5
 596 0056 97010000 		.4byte	.LASF5
 597 005a 02       		.uleb128 0x2
 598 005b 08       		.byte	0x8
 599 005c 07       		.byte	0x7
 600 005d 28010000 		.4byte	.LASF6
 601 0061 02       		.uleb128 0x2
 602 0062 04       		.byte	0x4
 603 0063 05       		.byte	0x5
 604 0064 6A020000 		.4byte	.LASF7
 605 0068 02       		.uleb128 0x2
 606 0069 04       		.byte	0x4
 607 006a 07       		.byte	0x7
 608 006b 85010000 		.4byte	.LASF8
 609 006f 04       		.uleb128 0x4
 610 0070 04       		.byte	0x4
 611 0071 02       		.uleb128 0x2
 612 0072 04       		.byte	0x4
 613 0073 07       		.byte	0x7
 614 0074 9D000000 		.4byte	.LASF9
 615 0078 02       		.uleb128 0x2
 616 0079 01       		.byte	0x1
 617 007a 08       		.byte	0x8
 618 007b A5010000 		.4byte	.LASF10
 619 007f 05       		.uleb128 0x5
 620 0080 06000000 		.4byte	.LASF11
 621 0084 02       		.byte	0x2
 622 0085 D5       		.byte	0xd5
 623 0086 4C000000 		.4byte	0x4c
 624 008a 05       		.uleb128 0x5
 625 008b 0C020000 		.4byte	.LASF12
 626 008f 03       		.byte	0x3
 627 0090 5B       		.byte	0x5b
 628 0091 30000000 		.4byte	0x30
 629 0095 05       		.uleb128 0x5
 630 0096 F8000000 		.4byte	.LASF13
 631 009a 03       		.byte	0x3
 632 009b 5C       		.byte	0x5c
 633 009c 3E000000 		.4byte	0x3e
 634 00a0 05       		.uleb128 0x5
 635 00a1 FF000000 		.4byte	.LASF14
ARM GAS  C:\Users\MICKKI~1\AppData\Local\Temp\cc0xlmNK.s 			page 18


 636 00a5 03       		.byte	0x3
 637 00a6 5D       		.byte	0x5d
 638 00a7 71000000 		.4byte	0x71
 639 00ab 05       		.uleb128 0x5
 640 00ac AF000000 		.4byte	.LASF15
 641 00b0 03       		.byte	0x3
 642 00b1 60       		.byte	0x60
 643 00b2 61000000 		.4byte	0x61
 644 00b6 02       		.uleb128 0x2
 645 00b7 04       		.byte	0x4
 646 00b8 04       		.byte	0x4
 647 00b9 7B000000 		.4byte	.LASF16
 648 00bd 02       		.uleb128 0x2
 649 00be 08       		.byte	0x8
 650 00bf 04       		.byte	0x4
 651 00c0 CD000000 		.4byte	.LASF17
 652 00c4 05       		.uleb128 0x5
 653 00c5 98000000 		.4byte	.LASF18
 654 00c9 03       		.byte	0x3
 655 00ca F0       		.byte	0xf0
 656 00cb CF000000 		.4byte	0xcf
 657 00cf 06       		.uleb128 0x6
 658 00d0 8A000000 		.4byte	0x8a
 659 00d4 05       		.uleb128 0x5
 660 00d5 00000000 		.4byte	.LASF19
 661 00d9 03       		.byte	0x3
 662 00da F2       		.byte	0xf2
 663 00db DF000000 		.4byte	0xdf
 664 00df 06       		.uleb128 0x6
 665 00e0 A0000000 		.4byte	0xa0
 666 00e4 07       		.uleb128 0x7
 667 00e5 B5000000 		.4byte	.LASF20
 668 00e9 01       		.byte	0x1
 669 00ea 39       		.byte	0x39
 670 00eb 01       		.byte	0x1
 671 00ec 00000000 		.4byte	.LFB0
 672 00f0 1E000000 		.4byte	.LFE0
 673 00f4 00000000 		.4byte	.LLST0
 674 00f8 01       		.byte	0x1
 675 00f9 16010000 		.4byte	0x116
 676 00fd 08       		.uleb128 0x8
 677 00fe 7300     		.ascii	"s\000"
 678 0100 01       		.byte	0x1
 679 0101 39       		.byte	0x39
 680 0102 6F000000 		.4byte	0x6f
 681 0106 02       		.byte	0x2
 682 0107 91       		.byte	0x91
 683 0108 74       		.sleb128 -12
 684 0109 08       		.uleb128 0x8
 685 010a 6E00     		.ascii	"n\000"
 686 010c 01       		.byte	0x1
 687 010d 39       		.byte	0x39
 688 010e 7F000000 		.4byte	0x7f
 689 0112 02       		.byte	0x2
 690 0113 91       		.byte	0x91
 691 0114 70       		.sleb128 -16
 692 0115 00       		.byte	0
ARM GAS  C:\Users\MICKKI~1\AppData\Local\Temp\cc0xlmNK.s 			page 19


 693 0116 07       		.uleb128 0x7
 694 0117 9E020000 		.4byte	.LASF21
 695 011b 01       		.byte	0x1
 696 011c 40       		.byte	0x40
 697 011d 01       		.byte	0x1
 698 011e 00000000 		.4byte	.LFB1
 699 0122 22000000 		.4byte	.LFE1
 700 0126 38000000 		.4byte	.LLST1
 701 012a 01       		.byte	0x1
 702 012b 58010000 		.4byte	0x158
 703 012f 09       		.uleb128 0x9
 704 0130 8E000000 		.4byte	.LASF22
 705 0134 01       		.byte	0x1
 706 0135 40       		.byte	0x40
 707 0136 6F000000 		.4byte	0x6f
 708 013a 02       		.byte	0x2
 709 013b 91       		.byte	0x91
 710 013c 74       		.sleb128 -12
 711 013d 08       		.uleb128 0x8
 712 013e 73726300 		.ascii	"src\000"
 713 0142 01       		.byte	0x1
 714 0143 40       		.byte	0x40
 715 0144 58010000 		.4byte	0x158
 716 0148 02       		.byte	0x2
 717 0149 91       		.byte	0x91
 718 014a 70       		.sleb128 -16
 719 014b 08       		.uleb128 0x8
 720 014c 6E00     		.ascii	"n\000"
 721 014e 01       		.byte	0x1
 722 014f 40       		.byte	0x40
 723 0150 7F000000 		.4byte	0x7f
 724 0154 02       		.byte	0x2
 725 0155 91       		.byte	0x91
 726 0156 6C       		.sleb128 -20
 727 0157 00       		.byte	0
 728 0158 0A       		.uleb128 0xa
 729 0159 04       		.byte	0x4
 730 015a 5E010000 		.4byte	0x15e
 731 015e 0B       		.uleb128 0xb
 732 015f 07       		.uleb128 0x7
 733 0160 8E020000 		.4byte	.LASF23
 734 0164 01       		.byte	0x1
 735 0165 47       		.byte	0x47
 736 0166 01       		.byte	0x1
 737 0167 00000000 		.4byte	.LFB2
 738 016b 22000000 		.4byte	.LFE2
 739 016f 70000000 		.4byte	.LLST2
 740 0173 01       		.byte	0x1
 741 0174 A1010000 		.4byte	0x1a1
 742 0178 09       		.uleb128 0x9
 743 0179 8E000000 		.4byte	.LASF22
 744 017d 01       		.byte	0x1
 745 017e 47       		.byte	0x47
 746 017f 6F000000 		.4byte	0x6f
 747 0183 02       		.byte	0x2
 748 0184 91       		.byte	0x91
 749 0185 74       		.sleb128 -12
ARM GAS  C:\Users\MICKKI~1\AppData\Local\Temp\cc0xlmNK.s 			page 20


 750 0186 08       		.uleb128 0x8
 751 0187 73726300 		.ascii	"src\000"
 752 018b 01       		.byte	0x1
 753 018c 47       		.byte	0x47
 754 018d 58010000 		.4byte	0x158
 755 0191 02       		.byte	0x2
 756 0192 91       		.byte	0x91
 757 0193 70       		.sleb128 -16
 758 0194 08       		.uleb128 0x8
 759 0195 6E00     		.ascii	"n\000"
 760 0197 01       		.byte	0x1
 761 0198 47       		.byte	0x47
 762 0199 7F000000 		.4byte	0x7f
 763 019d 02       		.byte	0x2
 764 019e 91       		.byte	0x91
 765 019f 6C       		.sleb128 -20
 766 01a0 00       		.byte	0
 767 01a1 0C       		.uleb128 0xc
 768 01a2 6D000000 		.4byte	.LASF24
 769 01a6 01       		.byte	0x1
 770 01a7 8C       		.byte	0x8c
 771 01a8 01       		.byte	0x1
 772 01a9 00000000 		.4byte	.LFB3
 773 01ad B0000000 		.4byte	.LFE3
 774 01b1 A8000000 		.4byte	.LLST3
 775 01b5 01       		.byte	0x1
 776 01b6 90020000 		.4byte	0x290
 777 01ba 09       		.uleb128 0x9
 778 01bb D4000000 		.4byte	.LASF25
 779 01bf 01       		.byte	0x1
 780 01c0 8C       		.byte	0x8c
 781 01c1 8A000000 		.4byte	0x8a
 782 01c5 02       		.byte	0x2
 783 01c6 91       		.byte	0x91
 784 01c7 6F       		.sleb128 -17
 785 01c8 0D       		.uleb128 0xd
 786 01c9 03       		.byte	0x3
 787 01ca 01       		.byte	0x1
 788 01cb 8E       		.byte	0x8e
 789 01cc FB010000 		.4byte	0x1fb
 790 01d0 0E       		.uleb128 0xe
 791 01d1 07020000 		.4byte	.LASF26
 792 01d5 01       		.byte	0x1
 793 01d6 8F       		.byte	0x8f
 794 01d7 8A000000 		.4byte	0x8a
 795 01db 02       		.byte	0x2
 796 01dc 23       		.byte	0x23
 797 01dd 00       		.uleb128 0
 798 01de 0E       		.uleb128 0xe
 799 01df FE010000 		.4byte	.LASF27
 800 01e3 01       		.byte	0x1
 801 01e4 90       		.byte	0x90
 802 01e5 8A000000 		.4byte	0x8a
 803 01e9 02       		.byte	0x2
 804 01ea 23       		.byte	0x23
 805 01eb 01       		.uleb128 0x1
 806 01ec 0E       		.uleb128 0xe
ARM GAS  C:\Users\MICKKI~1\AppData\Local\Temp\cc0xlmNK.s 			page 21


 807 01ed 4A000000 		.4byte	.LASF28
 808 01f1 01       		.byte	0x1
 809 01f2 91       		.byte	0x91
 810 01f3 8A000000 		.4byte	0x8a
 811 01f7 02       		.byte	0x2
 812 01f8 23       		.byte	0x23
 813 01f9 02       		.uleb128 0x2
 814 01fa 00       		.byte	0
 815 01fb 05       		.uleb128 0x5
 816 01fc 1E000000 		.4byte	.LASF29
 817 0200 01       		.byte	0x1
 818 0201 92       		.byte	0x92
 819 0202 C8010000 		.4byte	0x1c8
 820 0206 0D       		.uleb128 0xd
 821 0207 0C       		.byte	0xc
 822 0208 01       		.byte	0x1
 823 0209 94       		.byte	0x94
 824 020a 2D020000 		.4byte	0x22d
 825 020e 0F       		.uleb128 0xf
 826 020f FB010000 		.4byte	0x1fb
 827 0213 1E020000 		.4byte	0x21e
 828 0217 10       		.uleb128 0x10
 829 0218 68000000 		.4byte	0x68
 830 021c 03       		.byte	0x3
 831 021d 00       		.byte	0
 832 021e 0E       		.uleb128 0xe
 833 021f 73020000 		.4byte	.LASF30
 834 0223 01       		.byte	0x1
 835 0224 95       		.byte	0x95
 836 0225 0E020000 		.4byte	0x20e
 837 0229 02       		.byte	0x2
 838 022a 23       		.byte	0x23
 839 022b 00       		.uleb128 0
 840 022c 00       		.byte	0
 841 022d 05       		.uleb128 0x5
 842 022e 3F010000 		.4byte	.LASF31
 843 0232 01       		.byte	0x1
 844 0233 96       		.byte	0x96
 845 0234 06020000 		.4byte	0x206
 846 0238 11       		.uleb128 0x11
 847 0239 5B020000 		.4byte	.LASF32
 848 023d 01       		.byte	0x1
 849 023e 98       		.byte	0x98
 850 023f 49020000 		.4byte	0x249
 851 0243 05       		.byte	0x5
 852 0244 03       		.byte	0x3
 853 0245 00000000 		.4byte	imo_trim_table.4620
 854 0249 0A       		.uleb128 0xa
 855 024a 04       		.byte	0x4
 856 024b 4F020000 		.4byte	0x24f
 857 024f 12       		.uleb128 0x12
 858 0250 2D020000 		.4byte	0x22d
 859 0254 11       		.uleb128 0x11
 860 0255 DC000000 		.4byte	.LASF33
 861 0259 01       		.byte	0x1
 862 025a 99       		.byte	0x99
 863 025b 90020000 		.4byte	0x290
ARM GAS  C:\Users\MICKKI~1\AppData\Local\Temp\cc0xlmNK.s 			page 22


 864 025f 05       		.byte	0x5
 865 0260 03       		.byte	0x3
 866 0261 0C000000 		.4byte	IMO_TRIM_FREQ_TABLE_ENTRIES.4621
 867 0265 11       		.uleb128 0x11
 868 0266 81000000 		.4byte	.LASF34
 869 026a 01       		.byte	0x1
 870 026b 9B       		.byte	0x9b
 871 026c AB000000 		.4byte	0xab
 872 0270 02       		.byte	0x2
 873 0271 91       		.byte	0x91
 874 0272 74       		.sleb128 -12
 875 0273 11       		.uleb128 0x11
 876 0274 7B020000 		.4byte	.LASF35
 877 0278 01       		.byte	0x1
 878 0279 9C       		.byte	0x9c
 879 027a 8A000000 		.4byte	0x8a
 880 027e 02       		.byte	0x2
 881 027f 91       		.byte	0x91
 882 0280 73       		.sleb128 -13
 883 0281 11       		.uleb128 0x11
 884 0282 8E010000 		.4byte	.LASF36
 885 0286 01       		.byte	0x1
 886 0287 9D       		.byte	0x9d
 887 0288 8A000000 		.4byte	0x8a
 888 028c 02       		.byte	0x2
 889 028d 91       		.byte	0x91
 890 028e 72       		.sleb128 -14
 891 028f 00       		.byte	0
 892 0290 12       		.uleb128 0x12
 893 0291 A0000000 		.4byte	0xa0
 894 0295 13       		.uleb128 0x13
 895 0296 3F000000 		.4byte	.LASF37
 896 029a 01       		.byte	0x1
 897 029b C3       		.byte	0xc3
 898 029c 01       		.byte	0x1
 899 029d B0000000 		.4byte	.LFB4
 900 02a1 44010000 		.4byte	.LFE4
 901 02a5 E0000000 		.4byte	.LLST4
 902 02a9 01       		.byte	0x1
 903 02aa 14       		.uleb128 0x14
 904 02ab 0D000000 		.4byte	.LASF38
 905 02af 01       		.byte	0x1
 906 02b0 F7       		.byte	0xf7
 907 02b1 01       		.byte	0x1
 908 02b2 00000000 		.4byte	.LFB5
 909 02b6 08000000 		.4byte	.LFE5
 910 02ba 0C010000 		.4byte	.LLST5
 911 02be 01       		.byte	0x1
 912 02bf 15       		.uleb128 0x15
 913 02c0 01       		.byte	0x1
 914 02c1 13010000 		.4byte	.LASF46
 915 02c5 01       		.byte	0x1
 916 02c6 0F01     		.2byte	0x10f
 917 02c8 01       		.byte	0x1
 918 02c9 44010000 		.4byte	.LFB6
 919 02cd 3C020000 		.4byte	.LFE6
 920 02d1 38010000 		.4byte	.LLST6
ARM GAS  C:\Users\MICKKI~1\AppData\Local\Temp\cc0xlmNK.s 			page 23


 921 02d5 01       		.byte	0x1
 922 02d6 16       		.uleb128 0x16
 923 02d7 4C010000 		.4byte	.LBB2
 924 02db FC010000 		.4byte	.LBE2
 925 02df 17       		.uleb128 0x17
 926 02e0 06       		.byte	0x6
 927 02e1 01       		.byte	0x1
 928 02e2 1601     		.2byte	0x116
 929 02e4 07030000 		.4byte	0x307
 930 02e8 18       		.uleb128 0x18
 931 02e9 20010000 		.4byte	.LASF39
 932 02ed 01       		.byte	0x1
 933 02ee 1701     		.2byte	0x117
 934 02f0 6F000000 		.4byte	0x6f
 935 02f4 02       		.byte	0x2
 936 02f5 23       		.byte	0x23
 937 02f6 00       		.uleb128 0
 938 02f7 18       		.uleb128 0x18
 939 02f8 93000000 		.4byte	.LASF40
 940 02fc 01       		.byte	0x1
 941 02fd 1801     		.2byte	0x118
 942 02ff 95000000 		.4byte	0x95
 943 0303 02       		.byte	0x2
 944 0304 23       		.byte	0x23
 945 0305 04       		.uleb128 0x4
 946 0306 00       		.byte	0
 947 0307 19       		.uleb128 0x19
 948 0308 50010000 		.4byte	.LASF41
 949 030c 01       		.byte	0x1
 950 030d 1901     		.2byte	0x119
 951 030f DF020000 		.4byte	0x2df
 952 0313 0F       		.uleb128 0xf
 953 0314 07030000 		.4byte	0x307
 954 0318 23030000 		.4byte	0x323
 955 031c 10       		.uleb128 0x10
 956 031d 68000000 		.4byte	0x68
 957 0321 01       		.byte	0x1
 958 0322 00       		.byte	0
 959 0323 1A       		.uleb128 0x1a
 960 0324 2F000000 		.4byte	.LASF42
 961 0328 01       		.byte	0x1
 962 0329 1B01     		.2byte	0x11b
 963 032b 35030000 		.4byte	0x335
 964 032f 05       		.byte	0x5
 965 0330 03       		.byte	0x3
 966 0331 00000000 		.4byte	cfg_memset_list.4645
 967 0335 12       		.uleb128 0x12
 968 0336 13030000 		.4byte	0x313
 969 033a 1B       		.uleb128 0x1b
 970 033b 6900     		.ascii	"i\000"
 971 033d 01       		.byte	0x1
 972 033e 2101     		.2byte	0x121
 973 0340 8A000000 		.4byte	0x8a
 974 0344 02       		.byte	0x2
 975 0345 91       		.byte	0x91
 976 0346 77       		.sleb128 -9
 977 0347 16       		.uleb128 0x16
ARM GAS  C:\Users\MICKKI~1\AppData\Local\Temp\cc0xlmNK.s 			page 24


 978 0348 54010000 		.4byte	.LBB3
 979 034c 92010000 		.4byte	.LBE3
 980 0350 1B       		.uleb128 0x1b
 981 0351 6D7300   		.ascii	"ms\000"
 982 0354 01       		.byte	0x1
 983 0355 2601     		.2byte	0x126
 984 0357 5E030000 		.4byte	0x35e
 985 035b 02       		.byte	0x2
 986 035c 91       		.byte	0x91
 987 035d 70       		.sleb128 -16
 988 035e 0A       		.uleb128 0xa
 989 035f 04       		.byte	0x4
 990 0360 64030000 		.4byte	0x364
 991 0364 12       		.uleb128 0x12
 992 0365 07030000 		.4byte	0x307
 993 0369 00       		.byte	0
 994 036a 00       		.byte	0
 995 036b 00       		.byte	0
 996 036c 00       		.byte	0
 997              		.section	.debug_abbrev,"",%progbits
 998              	.Ldebug_abbrev0:
 999 0000 01       		.uleb128 0x1
 1000 0001 11       		.uleb128 0x11
 1001 0002 01       		.byte	0x1
 1002 0003 25       		.uleb128 0x25
 1003 0004 0E       		.uleb128 0xe
 1004 0005 13       		.uleb128 0x13
 1005 0006 0B       		.uleb128 0xb
 1006 0007 03       		.uleb128 0x3
 1007 0008 0E       		.uleb128 0xe
 1008 0009 1B       		.uleb128 0x1b
 1009 000a 0E       		.uleb128 0xe
 1010 000b 55       		.uleb128 0x55
 1011 000c 06       		.uleb128 0x6
 1012 000d 11       		.uleb128 0x11
 1013 000e 01       		.uleb128 0x1
 1014 000f 52       		.uleb128 0x52
 1015 0010 01       		.uleb128 0x1
 1016 0011 10       		.uleb128 0x10
 1017 0012 06       		.uleb128 0x6
 1018 0013 00       		.byte	0
 1019 0014 00       		.byte	0
 1020 0015 02       		.uleb128 0x2
 1021 0016 24       		.uleb128 0x24
 1022 0017 00       		.byte	0
 1023 0018 0B       		.uleb128 0xb
 1024 0019 0B       		.uleb128 0xb
 1025 001a 3E       		.uleb128 0x3e
 1026 001b 0B       		.uleb128 0xb
 1027 001c 03       		.uleb128 0x3
 1028 001d 0E       		.uleb128 0xe
 1029 001e 00       		.byte	0
 1030 001f 00       		.byte	0
 1031 0020 03       		.uleb128 0x3
 1032 0021 24       		.uleb128 0x24
 1033 0022 00       		.byte	0
 1034 0023 0B       		.uleb128 0xb
ARM GAS  C:\Users\MICKKI~1\AppData\Local\Temp\cc0xlmNK.s 			page 25


 1035 0024 0B       		.uleb128 0xb
 1036 0025 3E       		.uleb128 0x3e
 1037 0026 0B       		.uleb128 0xb
 1038 0027 03       		.uleb128 0x3
 1039 0028 08       		.uleb128 0x8
 1040 0029 00       		.byte	0
 1041 002a 00       		.byte	0
 1042 002b 04       		.uleb128 0x4
 1043 002c 0F       		.uleb128 0xf
 1044 002d 00       		.byte	0
 1045 002e 0B       		.uleb128 0xb
 1046 002f 0B       		.uleb128 0xb
 1047 0030 00       		.byte	0
 1048 0031 00       		.byte	0
 1049 0032 05       		.uleb128 0x5
 1050 0033 16       		.uleb128 0x16
 1051 0034 00       		.byte	0
 1052 0035 03       		.uleb128 0x3
 1053 0036 0E       		.uleb128 0xe
 1054 0037 3A       		.uleb128 0x3a
 1055 0038 0B       		.uleb128 0xb
 1056 0039 3B       		.uleb128 0x3b
 1057 003a 0B       		.uleb128 0xb
 1058 003b 49       		.uleb128 0x49
 1059 003c 13       		.uleb128 0x13
 1060 003d 00       		.byte	0
 1061 003e 00       		.byte	0
 1062 003f 06       		.uleb128 0x6
 1063 0040 35       		.uleb128 0x35
 1064 0041 00       		.byte	0
 1065 0042 49       		.uleb128 0x49
 1066 0043 13       		.uleb128 0x13
 1067 0044 00       		.byte	0
 1068 0045 00       		.byte	0
 1069 0046 07       		.uleb128 0x7
 1070 0047 2E       		.uleb128 0x2e
 1071 0048 01       		.byte	0x1
 1072 0049 03       		.uleb128 0x3
 1073 004a 0E       		.uleb128 0xe
 1074 004b 3A       		.uleb128 0x3a
 1075 004c 0B       		.uleb128 0xb
 1076 004d 3B       		.uleb128 0x3b
 1077 004e 0B       		.uleb128 0xb
 1078 004f 27       		.uleb128 0x27
 1079 0050 0C       		.uleb128 0xc
 1080 0051 11       		.uleb128 0x11
 1081 0052 01       		.uleb128 0x1
 1082 0053 12       		.uleb128 0x12
 1083 0054 01       		.uleb128 0x1
 1084 0055 40       		.uleb128 0x40
 1085 0056 06       		.uleb128 0x6
 1086 0057 9642     		.uleb128 0x2116
 1087 0059 0C       		.uleb128 0xc
 1088 005a 01       		.uleb128 0x1
 1089 005b 13       		.uleb128 0x13
 1090 005c 00       		.byte	0
 1091 005d 00       		.byte	0
ARM GAS  C:\Users\MICKKI~1\AppData\Local\Temp\cc0xlmNK.s 			page 26


 1092 005e 08       		.uleb128 0x8
 1093 005f 05       		.uleb128 0x5
 1094 0060 00       		.byte	0
 1095 0061 03       		.uleb128 0x3
 1096 0062 08       		.uleb128 0x8
 1097 0063 3A       		.uleb128 0x3a
 1098 0064 0B       		.uleb128 0xb
 1099 0065 3B       		.uleb128 0x3b
 1100 0066 0B       		.uleb128 0xb
 1101 0067 49       		.uleb128 0x49
 1102 0068 13       		.uleb128 0x13
 1103 0069 02       		.uleb128 0x2
 1104 006a 0A       		.uleb128 0xa
 1105 006b 00       		.byte	0
 1106 006c 00       		.byte	0
 1107 006d 09       		.uleb128 0x9
 1108 006e 05       		.uleb128 0x5
 1109 006f 00       		.byte	0
 1110 0070 03       		.uleb128 0x3
 1111 0071 0E       		.uleb128 0xe
 1112 0072 3A       		.uleb128 0x3a
 1113 0073 0B       		.uleb128 0xb
 1114 0074 3B       		.uleb128 0x3b
 1115 0075 0B       		.uleb128 0xb
 1116 0076 49       		.uleb128 0x49
 1117 0077 13       		.uleb128 0x13
 1118 0078 02       		.uleb128 0x2
 1119 0079 0A       		.uleb128 0xa
 1120 007a 00       		.byte	0
 1121 007b 00       		.byte	0
 1122 007c 0A       		.uleb128 0xa
 1123 007d 0F       		.uleb128 0xf
 1124 007e 00       		.byte	0
 1125 007f 0B       		.uleb128 0xb
 1126 0080 0B       		.uleb128 0xb
 1127 0081 49       		.uleb128 0x49
 1128 0082 13       		.uleb128 0x13
 1129 0083 00       		.byte	0
 1130 0084 00       		.byte	0
 1131 0085 0B       		.uleb128 0xb
 1132 0086 26       		.uleb128 0x26
 1133 0087 00       		.byte	0
 1134 0088 00       		.byte	0
 1135 0089 00       		.byte	0
 1136 008a 0C       		.uleb128 0xc
 1137 008b 2E       		.uleb128 0x2e
 1138 008c 01       		.byte	0x1
 1139 008d 03       		.uleb128 0x3
 1140 008e 0E       		.uleb128 0xe
 1141 008f 3A       		.uleb128 0x3a
 1142 0090 0B       		.uleb128 0xb
 1143 0091 3B       		.uleb128 0x3b
 1144 0092 0B       		.uleb128 0xb
 1145 0093 27       		.uleb128 0x27
 1146 0094 0C       		.uleb128 0xc
 1147 0095 11       		.uleb128 0x11
 1148 0096 01       		.uleb128 0x1
ARM GAS  C:\Users\MICKKI~1\AppData\Local\Temp\cc0xlmNK.s 			page 27


 1149 0097 12       		.uleb128 0x12
 1150 0098 01       		.uleb128 0x1
 1151 0099 40       		.uleb128 0x40
 1152 009a 06       		.uleb128 0x6
 1153 009b 9742     		.uleb128 0x2117
 1154 009d 0C       		.uleb128 0xc
 1155 009e 01       		.uleb128 0x1
 1156 009f 13       		.uleb128 0x13
 1157 00a0 00       		.byte	0
 1158 00a1 00       		.byte	0
 1159 00a2 0D       		.uleb128 0xd
 1160 00a3 13       		.uleb128 0x13
 1161 00a4 01       		.byte	0x1
 1162 00a5 0B       		.uleb128 0xb
 1163 00a6 0B       		.uleb128 0xb
 1164 00a7 3A       		.uleb128 0x3a
 1165 00a8 0B       		.uleb128 0xb
 1166 00a9 3B       		.uleb128 0x3b
 1167 00aa 0B       		.uleb128 0xb
 1168 00ab 01       		.uleb128 0x1
 1169 00ac 13       		.uleb128 0x13
 1170 00ad 00       		.byte	0
 1171 00ae 00       		.byte	0
 1172 00af 0E       		.uleb128 0xe
 1173 00b0 0D       		.uleb128 0xd
 1174 00b1 00       		.byte	0
 1175 00b2 03       		.uleb128 0x3
 1176 00b3 0E       		.uleb128 0xe
 1177 00b4 3A       		.uleb128 0x3a
 1178 00b5 0B       		.uleb128 0xb
 1179 00b6 3B       		.uleb128 0x3b
 1180 00b7 0B       		.uleb128 0xb
 1181 00b8 49       		.uleb128 0x49
 1182 00b9 13       		.uleb128 0x13
 1183 00ba 38       		.uleb128 0x38
 1184 00bb 0A       		.uleb128 0xa
 1185 00bc 00       		.byte	0
 1186 00bd 00       		.byte	0
 1187 00be 0F       		.uleb128 0xf
 1188 00bf 01       		.uleb128 0x1
 1189 00c0 01       		.byte	0x1
 1190 00c1 49       		.uleb128 0x49
 1191 00c2 13       		.uleb128 0x13
 1192 00c3 01       		.uleb128 0x1
 1193 00c4 13       		.uleb128 0x13
 1194 00c5 00       		.byte	0
 1195 00c6 00       		.byte	0
 1196 00c7 10       		.uleb128 0x10
 1197 00c8 21       		.uleb128 0x21
 1198 00c9 00       		.byte	0
 1199 00ca 49       		.uleb128 0x49
 1200 00cb 13       		.uleb128 0x13
 1201 00cc 2F       		.uleb128 0x2f
 1202 00cd 0B       		.uleb128 0xb
 1203 00ce 00       		.byte	0
 1204 00cf 00       		.byte	0
 1205 00d0 11       		.uleb128 0x11
ARM GAS  C:\Users\MICKKI~1\AppData\Local\Temp\cc0xlmNK.s 			page 28


 1206 00d1 34       		.uleb128 0x34
 1207 00d2 00       		.byte	0
 1208 00d3 03       		.uleb128 0x3
 1209 00d4 0E       		.uleb128 0xe
 1210 00d5 3A       		.uleb128 0x3a
 1211 00d6 0B       		.uleb128 0xb
 1212 00d7 3B       		.uleb128 0x3b
 1213 00d8 0B       		.uleb128 0xb
 1214 00d9 49       		.uleb128 0x49
 1215 00da 13       		.uleb128 0x13
 1216 00db 02       		.uleb128 0x2
 1217 00dc 0A       		.uleb128 0xa
 1218 00dd 00       		.byte	0
 1219 00de 00       		.byte	0
 1220 00df 12       		.uleb128 0x12
 1221 00e0 26       		.uleb128 0x26
 1222 00e1 00       		.byte	0
 1223 00e2 49       		.uleb128 0x49
 1224 00e3 13       		.uleb128 0x13
 1225 00e4 00       		.byte	0
 1226 00e5 00       		.byte	0
 1227 00e6 13       		.uleb128 0x13
 1228 00e7 2E       		.uleb128 0x2e
 1229 00e8 00       		.byte	0
 1230 00e9 03       		.uleb128 0x3
 1231 00ea 0E       		.uleb128 0xe
 1232 00eb 3A       		.uleb128 0x3a
 1233 00ec 0B       		.uleb128 0xb
 1234 00ed 3B       		.uleb128 0x3b
 1235 00ee 0B       		.uleb128 0xb
 1236 00ef 27       		.uleb128 0x27
 1237 00f0 0C       		.uleb128 0xc
 1238 00f1 11       		.uleb128 0x11
 1239 00f2 01       		.uleb128 0x1
 1240 00f3 12       		.uleb128 0x12
 1241 00f4 01       		.uleb128 0x1
 1242 00f5 40       		.uleb128 0x40
 1243 00f6 06       		.uleb128 0x6
 1244 00f7 9642     		.uleb128 0x2116
 1245 00f9 0C       		.uleb128 0xc
 1246 00fa 00       		.byte	0
 1247 00fb 00       		.byte	0
 1248 00fc 14       		.uleb128 0x14
 1249 00fd 2E       		.uleb128 0x2e
 1250 00fe 00       		.byte	0
 1251 00ff 03       		.uleb128 0x3
 1252 0100 0E       		.uleb128 0xe
 1253 0101 3A       		.uleb128 0x3a
 1254 0102 0B       		.uleb128 0xb
 1255 0103 3B       		.uleb128 0x3b
 1256 0104 0B       		.uleb128 0xb
 1257 0105 27       		.uleb128 0x27
 1258 0106 0C       		.uleb128 0xc
 1259 0107 11       		.uleb128 0x11
 1260 0108 01       		.uleb128 0x1
 1261 0109 12       		.uleb128 0x12
 1262 010a 01       		.uleb128 0x1
ARM GAS  C:\Users\MICKKI~1\AppData\Local\Temp\cc0xlmNK.s 			page 29


 1263 010b 40       		.uleb128 0x40
 1264 010c 06       		.uleb128 0x6
 1265 010d 9742     		.uleb128 0x2117
 1266 010f 0C       		.uleb128 0xc
 1267 0110 00       		.byte	0
 1268 0111 00       		.byte	0
 1269 0112 15       		.uleb128 0x15
 1270 0113 2E       		.uleb128 0x2e
 1271 0114 01       		.byte	0x1
 1272 0115 3F       		.uleb128 0x3f
 1273 0116 0C       		.uleb128 0xc
 1274 0117 03       		.uleb128 0x3
 1275 0118 0E       		.uleb128 0xe
 1276 0119 3A       		.uleb128 0x3a
 1277 011a 0B       		.uleb128 0xb
 1278 011b 3B       		.uleb128 0x3b
 1279 011c 05       		.uleb128 0x5
 1280 011d 27       		.uleb128 0x27
 1281 011e 0C       		.uleb128 0xc
 1282 011f 11       		.uleb128 0x11
 1283 0120 01       		.uleb128 0x1
 1284 0121 12       		.uleb128 0x12
 1285 0122 01       		.uleb128 0x1
 1286 0123 40       		.uleb128 0x40
 1287 0124 06       		.uleb128 0x6
 1288 0125 9642     		.uleb128 0x2116
 1289 0127 0C       		.uleb128 0xc
 1290 0128 00       		.byte	0
 1291 0129 00       		.byte	0
 1292 012a 16       		.uleb128 0x16
 1293 012b 0B       		.uleb128 0xb
 1294 012c 01       		.byte	0x1
 1295 012d 11       		.uleb128 0x11
 1296 012e 01       		.uleb128 0x1
 1297 012f 12       		.uleb128 0x12
 1298 0130 01       		.uleb128 0x1
 1299 0131 00       		.byte	0
 1300 0132 00       		.byte	0
 1301 0133 17       		.uleb128 0x17
 1302 0134 13       		.uleb128 0x13
 1303 0135 01       		.byte	0x1
 1304 0136 0B       		.uleb128 0xb
 1305 0137 0B       		.uleb128 0xb
 1306 0138 3A       		.uleb128 0x3a
 1307 0139 0B       		.uleb128 0xb
 1308 013a 3B       		.uleb128 0x3b
 1309 013b 05       		.uleb128 0x5
 1310 013c 01       		.uleb128 0x1
 1311 013d 13       		.uleb128 0x13
 1312 013e 00       		.byte	0
 1313 013f 00       		.byte	0
 1314 0140 18       		.uleb128 0x18
 1315 0141 0D       		.uleb128 0xd
 1316 0142 00       		.byte	0
 1317 0143 03       		.uleb128 0x3
 1318 0144 0E       		.uleb128 0xe
 1319 0145 3A       		.uleb128 0x3a
ARM GAS  C:\Users\MICKKI~1\AppData\Local\Temp\cc0xlmNK.s 			page 30


 1320 0146 0B       		.uleb128 0xb
 1321 0147 3B       		.uleb128 0x3b
 1322 0148 05       		.uleb128 0x5
 1323 0149 49       		.uleb128 0x49
 1324 014a 13       		.uleb128 0x13
 1325 014b 38       		.uleb128 0x38
 1326 014c 0A       		.uleb128 0xa
 1327 014d 00       		.byte	0
 1328 014e 00       		.byte	0
 1329 014f 19       		.uleb128 0x19
 1330 0150 16       		.uleb128 0x16
 1331 0151 00       		.byte	0
 1332 0152 03       		.uleb128 0x3
 1333 0153 0E       		.uleb128 0xe
 1334 0154 3A       		.uleb128 0x3a
 1335 0155 0B       		.uleb128 0xb
 1336 0156 3B       		.uleb128 0x3b
 1337 0157 05       		.uleb128 0x5
 1338 0158 49       		.uleb128 0x49
 1339 0159 13       		.uleb128 0x13
 1340 015a 00       		.byte	0
 1341 015b 00       		.byte	0
 1342 015c 1A       		.uleb128 0x1a
 1343 015d 34       		.uleb128 0x34
 1344 015e 00       		.byte	0
 1345 015f 03       		.uleb128 0x3
 1346 0160 0E       		.uleb128 0xe
 1347 0161 3A       		.uleb128 0x3a
 1348 0162 0B       		.uleb128 0xb
 1349 0163 3B       		.uleb128 0x3b
 1350 0164 05       		.uleb128 0x5
 1351 0165 49       		.uleb128 0x49
 1352 0166 13       		.uleb128 0x13
 1353 0167 02       		.uleb128 0x2
 1354 0168 0A       		.uleb128 0xa
 1355 0169 00       		.byte	0
 1356 016a 00       		.byte	0
 1357 016b 1B       		.uleb128 0x1b
 1358 016c 34       		.uleb128 0x34
 1359 016d 00       		.byte	0
 1360 016e 03       		.uleb128 0x3
 1361 016f 08       		.uleb128 0x8
 1362 0170 3A       		.uleb128 0x3a
 1363 0171 0B       		.uleb128 0xb
 1364 0172 3B       		.uleb128 0x3b
 1365 0173 05       		.uleb128 0x5
 1366 0174 49       		.uleb128 0x49
 1367 0175 13       		.uleb128 0x13
 1368 0176 02       		.uleb128 0x2
 1369 0177 0A       		.uleb128 0xa
 1370 0178 00       		.byte	0
 1371 0179 00       		.byte	0
 1372 017a 00       		.byte	0
 1373              		.section	.debug_loc,"",%progbits
 1374              	.Ldebug_loc0:
 1375              	.LLST0:
 1376 0000 00000000 		.4byte	.LFB0
ARM GAS  C:\Users\MICKKI~1\AppData\Local\Temp\cc0xlmNK.s 			page 31


 1377 0004 02000000 		.4byte	.LCFI0
 1378 0008 0200     		.2byte	0x2
 1379 000a 7D       		.byte	0x7d
 1380 000b 00       		.sleb128 0
 1381 000c 02000000 		.4byte	.LCFI0
 1382 0010 04000000 		.4byte	.LCFI1
 1383 0014 0200     		.2byte	0x2
 1384 0016 7D       		.byte	0x7d
 1385 0017 08       		.sleb128 8
 1386 0018 04000000 		.4byte	.LCFI1
 1387 001c 06000000 		.4byte	.LCFI2
 1388 0020 0200     		.2byte	0x2
 1389 0022 7D       		.byte	0x7d
 1390 0023 10       		.sleb128 16
 1391 0024 06000000 		.4byte	.LCFI2
 1392 0028 1E000000 		.4byte	.LFE0
 1393 002c 0200     		.2byte	0x2
 1394 002e 77       		.byte	0x77
 1395 002f 10       		.sleb128 16
 1396 0030 00000000 		.4byte	0
 1397 0034 00000000 		.4byte	0
 1398              	.LLST1:
 1399 0038 00000000 		.4byte	.LFB1
 1400 003c 02000000 		.4byte	.LCFI3
 1401 0040 0200     		.2byte	0x2
 1402 0042 7D       		.byte	0x7d
 1403 0043 00       		.sleb128 0
 1404 0044 02000000 		.4byte	.LCFI3
 1405 0048 04000000 		.4byte	.LCFI4
 1406 004c 0200     		.2byte	0x2
 1407 004e 7D       		.byte	0x7d
 1408 004f 08       		.sleb128 8
 1409 0050 04000000 		.4byte	.LCFI4
 1410 0054 06000000 		.4byte	.LCFI5
 1411 0058 0200     		.2byte	0x2
 1412 005a 7D       		.byte	0x7d
 1413 005b 18       		.sleb128 24
 1414 005c 06000000 		.4byte	.LCFI5
 1415 0060 22000000 		.4byte	.LFE1
 1416 0064 0200     		.2byte	0x2
 1417 0066 77       		.byte	0x77
 1418 0067 18       		.sleb128 24
 1419 0068 00000000 		.4byte	0
 1420 006c 00000000 		.4byte	0
 1421              	.LLST2:
 1422 0070 00000000 		.4byte	.LFB2
 1423 0074 02000000 		.4byte	.LCFI6
 1424 0078 0200     		.2byte	0x2
 1425 007a 7D       		.byte	0x7d
 1426 007b 00       		.sleb128 0
 1427 007c 02000000 		.4byte	.LCFI6
 1428 0080 04000000 		.4byte	.LCFI7
 1429 0084 0200     		.2byte	0x2
 1430 0086 7D       		.byte	0x7d
 1431 0087 08       		.sleb128 8
 1432 0088 04000000 		.4byte	.LCFI7
 1433 008c 06000000 		.4byte	.LCFI8
ARM GAS  C:\Users\MICKKI~1\AppData\Local\Temp\cc0xlmNK.s 			page 32


 1434 0090 0200     		.2byte	0x2
 1435 0092 7D       		.byte	0x7d
 1436 0093 18       		.sleb128 24
 1437 0094 06000000 		.4byte	.LCFI8
 1438 0098 22000000 		.4byte	.LFE2
 1439 009c 0200     		.2byte	0x2
 1440 009e 77       		.byte	0x77
 1441 009f 18       		.sleb128 24
 1442 00a0 00000000 		.4byte	0
 1443 00a4 00000000 		.4byte	0
 1444              	.LLST3:
 1445 00a8 00000000 		.4byte	.LFB3
 1446 00ac 02000000 		.4byte	.LCFI9
 1447 00b0 0200     		.2byte	0x2
 1448 00b2 7D       		.byte	0x7d
 1449 00b3 00       		.sleb128 0
 1450 00b4 02000000 		.4byte	.LCFI9
 1451 00b8 04000000 		.4byte	.LCFI10
 1452 00bc 0200     		.2byte	0x2
 1453 00be 7D       		.byte	0x7d
 1454 00bf 08       		.sleb128 8
 1455 00c0 04000000 		.4byte	.LCFI10
 1456 00c4 06000000 		.4byte	.LCFI11
 1457 00c8 0200     		.2byte	0x2
 1458 00ca 7D       		.byte	0x7d
 1459 00cb 18       		.sleb128 24
 1460 00cc 06000000 		.4byte	.LCFI11
 1461 00d0 B0000000 		.4byte	.LFE3
 1462 00d4 0200     		.2byte	0x2
 1463 00d6 77       		.byte	0x77
 1464 00d7 18       		.sleb128 24
 1465 00d8 00000000 		.4byte	0
 1466 00dc 00000000 		.4byte	0
 1467              	.LLST4:
 1468 00e0 B0000000 		.4byte	.LFB4
 1469 00e4 B2000000 		.4byte	.LCFI12
 1470 00e8 0200     		.2byte	0x2
 1471 00ea 7D       		.byte	0x7d
 1472 00eb 00       		.sleb128 0
 1473 00ec B2000000 		.4byte	.LCFI12
 1474 00f0 B4000000 		.4byte	.LCFI13
 1475 00f4 0200     		.2byte	0x2
 1476 00f6 7D       		.byte	0x7d
 1477 00f7 08       		.sleb128 8
 1478 00f8 B4000000 		.4byte	.LCFI13
 1479 00fc 44010000 		.4byte	.LFE4
 1480 0100 0200     		.2byte	0x2
 1481 0102 77       		.byte	0x77
 1482 0103 08       		.sleb128 8
 1483 0104 00000000 		.4byte	0
 1484 0108 00000000 		.4byte	0
 1485              	.LLST5:
 1486 010c 00000000 		.4byte	.LFB5
 1487 0110 02000000 		.4byte	.LCFI14
 1488 0114 0200     		.2byte	0x2
 1489 0116 7D       		.byte	0x7d
 1490 0117 00       		.sleb128 0
ARM GAS  C:\Users\MICKKI~1\AppData\Local\Temp\cc0xlmNK.s 			page 33


 1491 0118 02000000 		.4byte	.LCFI14
 1492 011c 04000000 		.4byte	.LCFI15
 1493 0120 0200     		.2byte	0x2
 1494 0122 7D       		.byte	0x7d
 1495 0123 08       		.sleb128 8
 1496 0124 04000000 		.4byte	.LCFI15
 1497 0128 08000000 		.4byte	.LFE5
 1498 012c 0200     		.2byte	0x2
 1499 012e 77       		.byte	0x77
 1500 012f 08       		.sleb128 8
 1501 0130 00000000 		.4byte	0
 1502 0134 00000000 		.4byte	0
 1503              	.LLST6:
 1504 0138 44010000 		.4byte	.LFB6
 1505 013c 46010000 		.4byte	.LCFI16
 1506 0140 0200     		.2byte	0x2
 1507 0142 7D       		.byte	0x7d
 1508 0143 00       		.sleb128 0
 1509 0144 46010000 		.4byte	.LCFI16
 1510 0148 48010000 		.4byte	.LCFI17
 1511 014c 0200     		.2byte	0x2
 1512 014e 7D       		.byte	0x7d
 1513 014f 08       		.sleb128 8
 1514 0150 48010000 		.4byte	.LCFI17
 1515 0154 4A010000 		.4byte	.LCFI18
 1516 0158 0200     		.2byte	0x2
 1517 015a 7D       		.byte	0x7d
 1518 015b 10       		.sleb128 16
 1519 015c 4A010000 		.4byte	.LCFI18
 1520 0160 3C020000 		.4byte	.LFE6
 1521 0164 0200     		.2byte	0x2
 1522 0166 77       		.byte	0x77
 1523 0167 10       		.sleb128 16
 1524 0168 00000000 		.4byte	0
 1525 016c 00000000 		.4byte	0
 1526              		.section	.debug_aranges,"",%progbits
 1527 0000 4C000000 		.4byte	0x4c
 1528 0004 0200     		.2byte	0x2
 1529 0006 00000000 		.4byte	.Ldebug_info0
 1530 000a 04       		.byte	0x4
 1531 000b 00       		.byte	0
 1532 000c 0000     		.2byte	0
 1533 000e 0000     		.2byte	0
 1534 0010 00000000 		.4byte	.LFB0
 1535 0014 1E000000 		.4byte	.LFE0-.LFB0
 1536 0018 00000000 		.4byte	.LFB1
 1537 001c 22000000 		.4byte	.LFE1-.LFB1
 1538 0020 00000000 		.4byte	.LFB2
 1539 0024 22000000 		.4byte	.LFE2-.LFB2
 1540 0028 00000000 		.4byte	.LFB3
 1541 002c B0000000 		.4byte	.LFE3-.LFB3
 1542 0030 B0000000 		.4byte	.LFB4
 1543 0034 94000000 		.4byte	.LFE4-.LFB4
 1544 0038 00000000 		.4byte	.LFB5
 1545 003c 08000000 		.4byte	.LFE5-.LFB5
 1546 0040 44010000 		.4byte	.LFB6
 1547 0044 F8000000 		.4byte	.LFE6-.LFB6
ARM GAS  C:\Users\MICKKI~1\AppData\Local\Temp\cc0xlmNK.s 			page 34


 1548 0048 00000000 		.4byte	0
 1549 004c 00000000 		.4byte	0
 1550              		.section	.debug_ranges,"",%progbits
 1551              	.Ldebug_ranges0:
 1552 0000 00000000 		.4byte	.LFB0
 1553 0004 1E000000 		.4byte	.LFE0
 1554 0008 00000000 		.4byte	.LFB1
 1555 000c 22000000 		.4byte	.LFE1
 1556 0010 00000000 		.4byte	.LFB2
 1557 0014 22000000 		.4byte	.LFE2
 1558 0018 00000000 		.4byte	.LFB3
 1559 001c B0000000 		.4byte	.LFE3
 1560 0020 B0000000 		.4byte	.LFB4
 1561 0024 44010000 		.4byte	.LFE4
 1562 0028 00000000 		.4byte	.LFB5
 1563 002c 08000000 		.4byte	.LFE5
 1564 0030 44010000 		.4byte	.LFB6
 1565 0034 3C020000 		.4byte	.LFE6
 1566 0038 00000000 		.4byte	0
 1567 003c 00000000 		.4byte	0
 1568              		.section	.debug_line,"",%progbits
 1569              	.Ldebug_line0:
 1570 0000 7A010000 		.section	.debug_str,"MS",%progbits,1
 1570      0200D100 
 1570      00000201 
 1570      FB0E0D00 
 1570      01010101 
 1571              	.LASF19:
 1572 0000 72656733 		.ascii	"reg32\000"
 1572      3200
 1573              	.LASF11:
 1574 0006 73697A65 		.ascii	"size_t\000"
 1574      5F7400
 1575              	.LASF38:
 1576 000d 416E616C 		.ascii	"AnalogSetDefault\000"
 1576      6F675365 
 1576      74446566 
 1576      61756C74 
 1576      00
 1577              	.LASF29:
 1578 001e 696D6F5F 		.ascii	"imo_trim_entry_t\000"
 1578      7472696D 
 1578      5F656E74 
 1578      72795F74 
 1578      00
 1579              	.LASF42:
 1580 002f 6366675F 		.ascii	"cfg_memset_list\000"
 1580      6D656D73 
 1580      65745F6C 
 1580      69737400 
 1581              	.LASF37:
 1582 003f 436C6F63 		.ascii	"ClockSetup\000"
 1582      6B536574 
 1582      757000
 1583              	.LASF28:
 1584 004a 746D7063 		.ascii	"tmpco\000"
 1584      6F00
ARM GAS  C:\Users\MICKKI~1\AppData\Local\Temp\cc0xlmNK.s 			page 35


 1585              	.LASF3:
 1586 0050 73686F72 		.ascii	"short unsigned int\000"
 1586      7420756E 
 1586      7369676E 
 1586      65642069 
 1586      6E7400
 1587              	.LASF2:
 1588 0063 73686F72 		.ascii	"short int\000"
 1588      7420696E 
 1588      7400
 1589              	.LASF24:
 1590 006d 53657449 		.ascii	"SetIMOBGTrims\000"
 1590      4D4F4247 
 1590      5472696D 
 1590      7300
 1591              	.LASF16:
 1592 007b 666C6F61 		.ascii	"float\000"
 1592      7400
 1593              	.LASF34:
 1594 0081 696D6F54 		.ascii	"imoTrimIndex\000"
 1594      72696D49 
 1594      6E646578 
 1594      00
 1595              	.LASF22:
 1596 008e 64657374 		.ascii	"dest\000"
 1596      00
 1597              	.LASF40:
 1598 0093 73697A65 		.ascii	"size\000"
 1598      00
 1599              	.LASF18:
 1600 0098 72656738 		.ascii	"reg8\000"
 1600      00
 1601              	.LASF9:
 1602 009d 6C6F6E67 		.ascii	"long unsigned int\000"
 1602      20756E73 
 1602      69676E65 
 1602      6420696E 
 1602      7400
 1603              	.LASF15:
 1604 00af 696E7433 		.ascii	"int32\000"
 1604      3200
 1605              	.LASF20:
 1606 00b5 43594D45 		.ascii	"CYMEMZERO\000"
 1606      4D5A4552 
 1606      4F00
 1607              	.LASF1:
 1608 00bf 756E7369 		.ascii	"unsigned char\000"
 1608      676E6564 
 1608      20636861 
 1608      7200
 1609              	.LASF17:
 1610 00cd 646F7562 		.ascii	"double\000"
 1610      6C6500
 1611              	.LASF25:
 1612 00d4 696D6F46 		.ascii	"imoFreq\000"
 1612      72657100 
 1613              	.LASF33:
ARM GAS  C:\Users\MICKKI~1\AppData\Local\Temp\cc0xlmNK.s 			page 36


 1614 00dc 494D4F5F 		.ascii	"IMO_TRIM_FREQ_TABLE_ENTRIES\000"
 1614      5452494D 
 1614      5F465245 
 1614      515F5441 
 1614      424C455F 
 1615              	.LASF13:
 1616 00f8 75696E74 		.ascii	"uint16\000"
 1616      313600
 1617              	.LASF14:
 1618 00ff 75696E74 		.ascii	"uint32\000"
 1618      333200
 1619              	.LASF4:
 1620 0106 756E7369 		.ascii	"unsigned int\000"
 1620      676E6564 
 1620      20696E74 
 1620      00
 1621              	.LASF46:
 1622 0113 63796669 		.ascii	"cyfitter_cfg\000"
 1622      74746572 
 1622      5F636667 
 1622      00
 1623              	.LASF39:
 1624 0120 61646472 		.ascii	"address\000"
 1624      65737300 
 1625              	.LASF6:
 1626 0128 6C6F6E67 		.ascii	"long long unsigned int\000"
 1626      206C6F6E 
 1626      6720756E 
 1626      7369676E 
 1626      65642069 
 1627              	.LASF31:
 1628 013f 696D6F5F 		.ascii	"imo_trim_table_t\000"
 1628      7472696D 
 1628      5F746162 
 1628      6C655F74 
 1628      00
 1629              	.LASF41:
 1630 0150 6366675F 		.ascii	"cfg_memset_t\000"
 1630      6D656D73 
 1630      65745F74 
 1630      00
 1631              	.LASF44:
 1632 015d 2E5C4765 		.ascii	".\\Generated_Source\\PSoC4\\cyfitter_cfg.c\000"
 1632      6E657261 
 1632      7465645F 
 1632      536F7572 
 1632      63655C50 
 1633              	.LASF8:
 1634 0185 73697A65 		.ascii	"sizetype\000"
 1634      74797065 
 1634      00
 1635              	.LASF36:
 1636 018e 73657454 		.ascii	"setTmpCo\000"
 1636      6D70436F 
 1636      00
 1637              	.LASF5:
 1638 0197 6C6F6E67 		.ascii	"long long int\000"
ARM GAS  C:\Users\MICKKI~1\AppData\Local\Temp\cc0xlmNK.s 			page 37


 1638      206C6F6E 
 1638      6720696E 
 1638      7400
 1639              	.LASF10:
 1640 01a5 63686172 		.ascii	"char\000"
 1640      00
 1641              	.LASF45:
 1642 01aa 5C5C7073 		.ascii	"\\\\psf\\Home\\Desktop\\E3PRJ3\\Implementering\\SW\\"
 1642      665C486F 
 1642      6D655C44 
 1642      65736B74 
 1642      6F705C45 
 1643 01d6 5350495C 		.ascii	"SPI\\PSoC4_SPI\\SPI_slave\\SPI_slave.cydsn\000"
 1643      50536F43 
 1643      345F5350 
 1643      495C5350 
 1643      495F736C 
 1644              	.LASF27:
 1645 01fe 6162736F 		.ascii	"absolute\000"
 1645      6C757465 
 1645      00
 1646              	.LASF26:
 1647 0207 66726571 		.ascii	"freq\000"
 1647      00
 1648              	.LASF12:
 1649 020c 75696E74 		.ascii	"uint8\000"
 1649      3800
 1650              	.LASF43:
 1651 0212 474E5520 		.ascii	"GNU C 4.7.3 20130312 (release) [ARM/embedded-4_7-br"
 1651      4320342E 
 1651      372E3320 
 1651      32303133 
 1651      30333132 
 1652 0245 616E6368 		.ascii	"anch revision 196615]\000"
 1652      20726576 
 1652      6973696F 
 1652      6E203139 
 1652      36363135 
 1653              	.LASF32:
 1654 025b 696D6F5F 		.ascii	"imo_trim_table\000"
 1654      7472696D 
 1654      5F746162 
 1654      6C6500
 1655              	.LASF7:
 1656 026a 6C6F6E67 		.ascii	"long int\000"
 1656      20696E74 
 1656      00
 1657              	.LASF30:
 1658 0273 656E7472 		.ascii	"entries\000"
 1658      69657300 
 1659              	.LASF35:
 1660 027b 73657441 		.ascii	"setAbs\000"
 1660      627300
 1661              	.LASF0:
 1662 0282 7369676E 		.ascii	"signed char\000"
 1662      65642063 
 1662      68617200 
ARM GAS  C:\Users\MICKKI~1\AppData\Local\Temp\cc0xlmNK.s 			page 38


 1663              	.LASF23:
 1664 028e 4359434F 		.ascii	"CYCONFIGCPYCODE\000"
 1664      4E464947 
 1664      43505943 
 1664      4F444500 
 1665              	.LASF21:
 1666 029e 4359434F 		.ascii	"CYCONFIGCPY\000"
 1666      4E464947 
 1666      43505900 
 1667              		.ident	"GCC: (GNU Tools for ARM Embedded Processors) 4.7.3 20130312 (release) [ARM/embedded-4_7-br
