ARM GAS  C:\Users\MICKKI~1\AppData\Local\Temp\ccLWJBAP.s 			page 1


   1              		.cpu cortex-m0
   2              		.fpu softvfp
   3              		.eabi_attribute 20, 1
   4              		.eabi_attribute 21, 1
   5              		.eabi_attribute 23, 3
   6              		.eabi_attribute 24, 1
   7              		.eabi_attribute 25, 1
   8              		.eabi_attribute 26, 1
   9              		.eabi_attribute 30, 6
  10              		.eabi_attribute 34, 0
  11              		.eabi_attribute 18, 4
  12              		.code	16
  13              		.file	"main.c"
  14              		.text
  15              	.Ltext0:
  16              		.cfi_sections	.debug_frame
  17              		.section	.text.main,"ax",%progbits
  18              		.align	2
  19              		.global	main
  20              		.code	16
  21              		.thumb_func
  22              		.type	main, %function
  23              	main:
  24              	.LFB33:
  25              		.file 1 ".\\main.c"
   1:.\main.c      **** /* ========================================
   2:.\main.c      ****  *
   3:.\main.c      ****  * Copyright YOUR COMPANY, THE YEAR
   4:.\main.c      ****  * All Rights Reserved
   5:.\main.c      ****  * UNPUBLISHED, LICENSED SOFTWARE.
   6:.\main.c      ****  *
   7:.\main.c      ****  * CONFIDENTIAL AND PROPRIETARY INFORMATION
   8:.\main.c      ****  * WHICH IS THE PROPERTY OF your company.
   9:.\main.c      ****  *
  10:.\main.c      ****  * ========================================
  11:.\main.c      **** */
  12:.\main.c      **** #include <project.h>
  13:.\main.c      **** 
  14:.\main.c      **** /* Function Prototypes */
  15:.\main.c      **** CY_ISR_PROTO(isr_spi_rx);
  16:.\main.c      **** 
  17:.\main.c      **** int main()
  18:.\main.c      **** {
  26              		.loc 1 18 0
  27              		.cfi_startproc
  28 0000 80B5     		push	{r7, lr}
  29              	.LCFI0:
  30              		.cfi_def_cfa_offset 8
  31              		.cfi_offset 7, -8
  32              		.cfi_offset 14, -4
  33 0002 00AF     		add	r7, sp, #0
  34              	.LCFI1:
  35              		.cfi_def_cfa_register 7
  19:.\main.c      ****     /* Enable global interrupts */
  20:.\main.c      ****     CyGlobalIntEnable;
  36              		.loc 1 20 0
  37              	@ 20 ".\main.c" 1
ARM GAS  C:\Users\MICKKI~1\AppData\Local\Temp\ccLWJBAP.s 			page 2


  38 0004 62B6     		CPSIE   i
  39              	@ 0 "" 2
  21:.\main.c      ****     
  22:.\main.c      ****     /* Init SPI Slave */
  23:.\main.c      **** 	SPIS_1_Start();
  40              		.loc 1 23 0
  41              		.code	16
  42 0006 FFF7FEFF 		bl	SPIS_1_Start
  24:.\main.c      **** 	SPIS_1_SetCustomInterruptHandler(isr_spi_rx);
  43              		.loc 1 24 0
  44 000a 064B     		ldr	r3, .L3
  45 000c 181C     		mov	r0, r3
  46 000e FFF7FEFF 		bl	SPIS_1_SetCustomInterruptHandler
  25:.\main.c      **** 	SPIS_1_SpiUartClearTxBuffer();
  47              		.loc 1 25 0
  48 0012 FFF7FEFF 		bl	SPIS_1_SpiUartClearTxBuffer
  26:.\main.c      ****     
  27:.\main.c      ****     /* Initialize LED */
  28:.\main.c      ****     
  29:.\main.c      ****     RED_LED_Write(1);
  49              		.loc 1 29 0
  50 0016 0120     		mov	r0, #1
  51 0018 FFF7FEFF 		bl	RED_LED_Write
  30:.\main.c      ****     GREEN_LED_Write(1);
  52              		.loc 1 30 0
  53 001c 0120     		mov	r0, #1
  54 001e FFF7FEFF 		bl	GREEN_LED_Write
  55              	.L2:
  31:.\main.c      ****     
  32:.\main.c      ****     for(;;)
  33:.\main.c      ****     {
  34:.\main.c      ****         /* Place your application code here. */
  35:.\main.c      ****     }
  56              		.loc 1 35 0 discriminator 1
  57 0022 FEE7     		b	.L2
  58              	.L4:
  59              		.align	2
  60              	.L3:
  61 0024 00000000 		.word	isr_spi_rx
  62              		.cfi_endproc
  63              	.LFE33:
  64              		.size	main, .-main
  65              		.section	.text.isr_spi_rx,"ax",%progbits
  66              		.align	2
  67              		.global	isr_spi_rx
  68              		.code	16
  69              		.thumb_func
  70              		.type	isr_spi_rx, %function
  71              	isr_spi_rx:
  72              	.LFB34:
  36:.\main.c      **** }
  37:.\main.c      **** 
  38:.\main.c      **** /*
  39:.\main.c      ****  * SPI RX ISR
  40:.\main.c      ****  * Dekoder SPI RX data og udfører kommando iht.
  41:.\main.c      ****  */
  42:.\main.c      **** CY_ISR(isr_spi_rx) {
ARM GAS  C:\Users\MICKKI~1\AppData\Local\Temp\ccLWJBAP.s 			page 3


  73              		.loc 1 42 0
  74              		.cfi_startproc
  75 0000 80B5     		push	{r7, lr}
  76              	.LCFI2:
  77              		.cfi_def_cfa_offset 8
  78              		.cfi_offset 7, -8
  79              		.cfi_offset 14, -4
  80 0002 82B0     		sub	sp, sp, #8
  81              	.LCFI3:
  82              		.cfi_def_cfa_offset 16
  83 0004 00AF     		add	r7, sp, #0
  84              	.LCFI4:
  85              		.cfi_def_cfa_register 7
  43:.\main.c      **** 
  44:.\main.c      **** 	char cmd;
  45:.\main.c      ****     
  46:.\main.c      **** 	//TP_1_Write(1); // Til måling af ISR gennemløbstid
  47:.\main.c      ****  
  48:.\main.c      **** 	cmd = SPIS_1_SpiUartReadRxData(); 
  86              		.loc 1 48 0
  87 0006 FFF7FEFF 		bl	SPIS_1_SpiUartReadRxData
  88 000a 021C     		mov	r2, r0
  89 000c FB1D     		add	r3, r7, #7
  90 000e 1A70     		strb	r2, [r3]
  49:.\main.c      ****     
  50:.\main.c      ****     /*
  51:.\main.c      **** 	 * Her switches på cmd iht. dataprotokollen
  52:.\main.c      ****      *
  53:.\main.c      ****      *  ’A’ / ’a’   0x41 / 0x61     Aktiver Enhed
  54:.\main.c      ****      *  ’D’ / ’d’   0x44 / 0x64     Deaktiver Enhed
  55:.\main.c      ****      *  ’P’ / ’p’   0x50 / 0x70     Parametre sendes til Enhed
  56:.\main.c      ****      *  ’V’ / ’v’   0x56 / 0x76     Verificer Enhed i systemet
  57:.\main.c      ****      *  ’L’ / ’l’   0x4c / 0x6c     Forespørg logdata fra Enhed
  58:.\main.c      ****      *
  59:.\main.c      ****      *  'C'         0x43 / 0x63     Clear SPI buffer    
  60:.\main.c      **** 	 */
  61:.\main.c      **** 
  62:.\main.c      **** 	switch (cmd) {
  91              		.loc 1 62 0
  92 0010 FB1D     		add	r3, r7, #7
  93 0012 1B78     		ldrb	r3, [r3]
  94 0014 413B     		sub	r3, r3, #65
  95 0016 152B     		cmp	r3, #21
  96 0018 20D8     		bhi	.L16
  97 001a 9A00     		lsl	r2, r3, #2
  98 001c 134B     		ldr	r3, .L17
  99 001e D318     		add	r3, r2, r3
 100 0020 1B68     		ldr	r3, [r3]
 101 0022 9F46     		mov	pc, r3
 102              		.section	.rodata
 103              		.align	2
 104              	.L14:
 105 0000 24000000 		.word	.L7
 106 0004 5C000000 		.word	.L16
 107 0008 58000000 		.word	.L8
 108 000c 32000000 		.word	.L9
 109 0010 5C000000 		.word	.L16
ARM GAS  C:\Users\MICKKI~1\AppData\Local\Temp\ccLWJBAP.s 			page 4


 110 0014 5C000000 		.word	.L16
 111 0018 5C000000 		.word	.L16
 112 001c 5C000000 		.word	.L16
 113 0020 5C000000 		.word	.L16
 114 0024 5C000000 		.word	.L16
 115 0028 5C000000 		.word	.L16
 116 002c 5C000000 		.word	.L16
 117 0030 5C000000 		.word	.L16
 118 0034 5C000000 		.word	.L16
 119 0038 5C000000 		.word	.L16
 120 003c 5C000000 		.word	.L16
 121 0040 5C000000 		.word	.L16
 122 0044 4C000000 		.word	.L12
 123 0048 5C000000 		.word	.L16
 124 004c 5C000000 		.word	.L16
 125 0050 5C000000 		.word	.L16
 126 0054 40000000 		.word	.L13
 127              		.section	.text.isr_spi_rx
 128              	.L7:
  63:.\main.c      ****         case 'A':
  64:.\main.c      ****                 RED_LED_Write(1);
 129              		.loc 1 64 0
 130 0024 0120     		mov	r0, #1
 131 0026 FFF7FEFF 		bl	RED_LED_Write
  65:.\main.c      ****                 GREEN_LED_Write(0);
 132              		.loc 1 65 0
 133 002a 0020     		mov	r0, #0
 134 002c FFF7FEFF 		bl	GREEN_LED_Write
  66:.\main.c      ****             break;
 135              		.loc 1 66 0
 136 0030 15E0     		b	.L15
 137              	.L9:
  67:.\main.c      ****         case 'D':
  68:.\main.c      ****                 GREEN_LED_Write(1);
 138              		.loc 1 68 0
 139 0032 0120     		mov	r0, #1
 140 0034 FFF7FEFF 		bl	GREEN_LED_Write
  69:.\main.c      ****                 RED_LED_Write(0);
 141              		.loc 1 69 0
 142 0038 0020     		mov	r0, #0
 143 003a FFF7FEFF 		bl	RED_LED_Write
  70:.\main.c      ****             break;
 144              		.loc 1 70 0
 145 003e 0EE0     		b	.L15
 146              	.L13:
  71:.\main.c      ****         case 'P':
  72:.\main.c      ****             break;
  73:.\main.c      **** 		case 'V':
  74:.\main.c      **** 				SPIS_1_SpiUartClearTxBuffer();
 147              		.loc 1 74 0
 148 0040 FFF7FEFF 		bl	SPIS_1_SpiUartClearTxBuffer
  75:.\main.c      **** 				SPIS_1_SpiUartWriteTxData('V');
 149              		.loc 1 75 0
 150 0044 5620     		mov	r0, #86
 151 0046 FFF7FEFF 		bl	SPIS_1_SpiUartWriteTxData
  76:.\main.c      **** 			break;
 152              		.loc 1 76 0
ARM GAS  C:\Users\MICKKI~1\AppData\Local\Temp\ccLWJBAP.s 			page 5


 153 004a 08E0     		b	.L15
 154              	.L12:
  77:.\main.c      ****         case 'L':
  78:.\main.c      ****             break;
  79:.\main.c      ****         case 'R':
  80:.\main.c      ****                 SPIS_1_SpiUartClearTxBuffer();
 155              		.loc 1 80 0
 156 004c FFF7FEFF 		bl	SPIS_1_SpiUartClearTxBuffer
  81:.\main.c      ****                 SPIS_1_SpiUartWriteTxData('R');
 157              		.loc 1 81 0
 158 0050 5220     		mov	r0, #82
 159 0052 FFF7FEFF 		bl	SPIS_1_SpiUartWriteTxData
  82:.\main.c      ****                 break;
 160              		.loc 1 82 0
 161 0056 02E0     		b	.L15
 162              	.L8:
  83:.\main.c      ****         case 'C':
  84:.\main.c      ****                 SPIS_1_SpiUartClearTxBuffer();
 163              		.loc 1 84 0
 164 0058 FFF7FEFF 		bl	SPIS_1_SpiUartClearTxBuffer
 165              	.L16:
  85:.\main.c      **** 		default:
  86:.\main.c      **** 			break;
 166              		.loc 1 86 0
 167 005c C046     		mov	r8, r8
 168              	.L15:
  87:.\main.c      **** 	}
  88:.\main.c      **** 	
  89:.\main.c      **** 	SPIS_1_ClearRxInterruptSource(SPIS_1_GetRxInterruptSource());
 169              		.loc 1 89 0
 170 005e 044B     		ldr	r3, .L17+4
 171 0060 034A     		ldr	r2, .L17+4
 172 0062 1268     		ldr	r2, [r2]
 173 0064 1A60     		str	r2, [r3]
  90:.\main.c      **** 	//TP_1_Write(0); // Til måling af ISR gennemløbstid
  91:.\main.c      **** }
 174              		.loc 1 91 0
 175 0066 BD46     		mov	sp, r7
 176 0068 02B0     		add	sp, sp, #8
 177              		@ sp needed for prologue
 178 006a 80BD     		pop	{r7, pc}
 179              	.L18:
 180              		.align	2
 181              	.L17:
 182 006c 00000000 		.word	.L14
 183 0070 C00F0740 		.word	1074204608
 184              		.cfi_endproc
 185              	.LFE34:
 186              		.size	isr_spi_rx, .-isr_spi_rx
 187              		.text
 188              	.Letext0:
 189              		.file 2 "./Generated_Source/PSoC4/cytypes.h"
 190              		.section	.debug_info,"",%progbits
 191              	.Ldebug_info0:
 192 0000 E1000000 		.4byte	0xe1
 193 0004 0200     		.2byte	0x2
 194 0006 00000000 		.4byte	.Ldebug_abbrev0
ARM GAS  C:\Users\MICKKI~1\AppData\Local\Temp\ccLWJBAP.s 			page 6


 195 000a 04       		.byte	0x4
 196 000b 01       		.uleb128 0x1
 197 000c 27000000 		.4byte	.LASF15
 198 0010 01       		.byte	0x1
 199 0011 3D010000 		.4byte	.LASF16
 200 0015 EB000000 		.4byte	.LASF17
 201 0019 00000000 		.4byte	.Ldebug_ranges0+0
 202 001d 00000000 		.4byte	0
 203 0021 00000000 		.4byte	0
 204 0025 00000000 		.4byte	.Ldebug_line0
 205 0029 02       		.uleb128 0x2
 206 002a 01       		.byte	0x1
 207 002b 06       		.byte	0x6
 208 002c DF000000 		.4byte	.LASF0
 209 0030 02       		.uleb128 0x2
 210 0031 01       		.byte	0x1
 211 0032 08       		.byte	0x8
 212 0033 99000000 		.4byte	.LASF1
 213 0037 02       		.uleb128 0x2
 214 0038 02       		.byte	0x2
 215 0039 05       		.byte	0x5
 216 003a B5000000 		.4byte	.LASF2
 217 003e 02       		.uleb128 0x2
 218 003f 02       		.byte	0x2
 219 0040 07       		.byte	0x7
 220 0041 CC000000 		.4byte	.LASF3
 221 0045 02       		.uleb128 0x2
 222 0046 04       		.byte	0x4
 223 0047 05       		.byte	0x5
 224 0048 AC000000 		.4byte	.LASF4
 225 004c 02       		.uleb128 0x2
 226 004d 04       		.byte	0x4
 227 004e 07       		.byte	0x7
 228 004f 70000000 		.4byte	.LASF5
 229 0053 02       		.uleb128 0x2
 230 0054 08       		.byte	0x8
 231 0055 05       		.byte	0x5
 232 0056 00000000 		.4byte	.LASF6
 233 005a 02       		.uleb128 0x2
 234 005b 08       		.byte	0x8
 235 005c 07       		.byte	0x7
 236 005d 82000000 		.4byte	.LASF7
 237 0061 03       		.uleb128 0x3
 238 0062 04       		.byte	0x4
 239 0063 05       		.byte	0x5
 240 0064 696E7400 		.ascii	"int\000"
 241 0068 02       		.uleb128 0x2
 242 0069 04       		.byte	0x4
 243 006a 07       		.byte	0x7
 244 006b 15000000 		.4byte	.LASF8
 245 006f 04       		.uleb128 0x4
 246 0070 0E000000 		.4byte	.LASF12
 247 0074 02       		.byte	0x2
 248 0075 5D       		.byte	0x5d
 249 0076 4C000000 		.4byte	0x4c
 250 007a 02       		.uleb128 0x2
 251 007b 04       		.byte	0x4
ARM GAS  C:\Users\MICKKI~1\AppData\Local\Temp\ccLWJBAP.s 			page 7


 252 007c 04       		.byte	0x4
 253 007d 37010000 		.4byte	.LASF9
 254 0081 02       		.uleb128 0x2
 255 0082 08       		.byte	0x8
 256 0083 04       		.byte	0x4
 257 0084 BF000000 		.4byte	.LASF10
 258 0088 02       		.uleb128 0x2
 259 0089 01       		.byte	0x1
 260 008a 08       		.byte	0x8
 261 008b A7000000 		.4byte	.LASF11
 262 008f 04       		.uleb128 0x4
 263 0090 C6000000 		.4byte	.LASF13
 264 0094 02       		.byte	0x2
 265 0095 F2       		.byte	0xf2
 266 0096 9A000000 		.4byte	0x9a
 267 009a 05       		.uleb128 0x5
 268 009b 6F000000 		.4byte	0x6f
 269 009f 02       		.uleb128 0x2
 270 00a0 04       		.byte	0x4
 271 00a1 07       		.byte	0x7
 272 00a2 51010000 		.4byte	.LASF14
 273 00a6 06       		.uleb128 0x6
 274 00a7 01       		.byte	0x1
 275 00a8 22000000 		.4byte	.LASF18
 276 00ac 01       		.byte	0x1
 277 00ad 11       		.byte	0x11
 278 00ae 61000000 		.4byte	0x61
 279 00b2 00000000 		.4byte	.LFB33
 280 00b6 28000000 		.4byte	.LFE33
 281 00ba 00000000 		.4byte	.LLST0
 282 00be 01       		.byte	0x1
 283 00bf 07       		.uleb128 0x7
 284 00c0 01       		.byte	0x1
 285 00c1 46010000 		.4byte	.LASF19
 286 00c5 01       		.byte	0x1
 287 00c6 2A       		.byte	0x2a
 288 00c7 01       		.byte	0x1
 289 00c8 00000000 		.4byte	.LFB34
 290 00cc 74000000 		.4byte	.LFE34
 291 00d0 2C000000 		.4byte	.LLST1
 292 00d4 01       		.byte	0x1
 293 00d5 08       		.uleb128 0x8
 294 00d6 636D6400 		.ascii	"cmd\000"
 295 00da 01       		.byte	0x1
 296 00db 2C       		.byte	0x2c
 297 00dc 88000000 		.4byte	0x88
 298 00e0 02       		.byte	0x2
 299 00e1 91       		.byte	0x91
 300 00e2 77       		.sleb128 -9
 301 00e3 00       		.byte	0
 302 00e4 00       		.byte	0
 303              		.section	.debug_abbrev,"",%progbits
 304              	.Ldebug_abbrev0:
 305 0000 01       		.uleb128 0x1
 306 0001 11       		.uleb128 0x11
 307 0002 01       		.byte	0x1
 308 0003 25       		.uleb128 0x25
ARM GAS  C:\Users\MICKKI~1\AppData\Local\Temp\ccLWJBAP.s 			page 8


 309 0004 0E       		.uleb128 0xe
 310 0005 13       		.uleb128 0x13
 311 0006 0B       		.uleb128 0xb
 312 0007 03       		.uleb128 0x3
 313 0008 0E       		.uleb128 0xe
 314 0009 1B       		.uleb128 0x1b
 315 000a 0E       		.uleb128 0xe
 316 000b 55       		.uleb128 0x55
 317 000c 06       		.uleb128 0x6
 318 000d 11       		.uleb128 0x11
 319 000e 01       		.uleb128 0x1
 320 000f 52       		.uleb128 0x52
 321 0010 01       		.uleb128 0x1
 322 0011 10       		.uleb128 0x10
 323 0012 06       		.uleb128 0x6
 324 0013 00       		.byte	0
 325 0014 00       		.byte	0
 326 0015 02       		.uleb128 0x2
 327 0016 24       		.uleb128 0x24
 328 0017 00       		.byte	0
 329 0018 0B       		.uleb128 0xb
 330 0019 0B       		.uleb128 0xb
 331 001a 3E       		.uleb128 0x3e
 332 001b 0B       		.uleb128 0xb
 333 001c 03       		.uleb128 0x3
 334 001d 0E       		.uleb128 0xe
 335 001e 00       		.byte	0
 336 001f 00       		.byte	0
 337 0020 03       		.uleb128 0x3
 338 0021 24       		.uleb128 0x24
 339 0022 00       		.byte	0
 340 0023 0B       		.uleb128 0xb
 341 0024 0B       		.uleb128 0xb
 342 0025 3E       		.uleb128 0x3e
 343 0026 0B       		.uleb128 0xb
 344 0027 03       		.uleb128 0x3
 345 0028 08       		.uleb128 0x8
 346 0029 00       		.byte	0
 347 002a 00       		.byte	0
 348 002b 04       		.uleb128 0x4
 349 002c 16       		.uleb128 0x16
 350 002d 00       		.byte	0
 351 002e 03       		.uleb128 0x3
 352 002f 0E       		.uleb128 0xe
 353 0030 3A       		.uleb128 0x3a
 354 0031 0B       		.uleb128 0xb
 355 0032 3B       		.uleb128 0x3b
 356 0033 0B       		.uleb128 0xb
 357 0034 49       		.uleb128 0x49
 358 0035 13       		.uleb128 0x13
 359 0036 00       		.byte	0
 360 0037 00       		.byte	0
 361 0038 05       		.uleb128 0x5
 362 0039 35       		.uleb128 0x35
 363 003a 00       		.byte	0
 364 003b 49       		.uleb128 0x49
 365 003c 13       		.uleb128 0x13
ARM GAS  C:\Users\MICKKI~1\AppData\Local\Temp\ccLWJBAP.s 			page 9


 366 003d 00       		.byte	0
 367 003e 00       		.byte	0
 368 003f 06       		.uleb128 0x6
 369 0040 2E       		.uleb128 0x2e
 370 0041 00       		.byte	0
 371 0042 3F       		.uleb128 0x3f
 372 0043 0C       		.uleb128 0xc
 373 0044 03       		.uleb128 0x3
 374 0045 0E       		.uleb128 0xe
 375 0046 3A       		.uleb128 0x3a
 376 0047 0B       		.uleb128 0xb
 377 0048 3B       		.uleb128 0x3b
 378 0049 0B       		.uleb128 0xb
 379 004a 49       		.uleb128 0x49
 380 004b 13       		.uleb128 0x13
 381 004c 11       		.uleb128 0x11
 382 004d 01       		.uleb128 0x1
 383 004e 12       		.uleb128 0x12
 384 004f 01       		.uleb128 0x1
 385 0050 40       		.uleb128 0x40
 386 0051 06       		.uleb128 0x6
 387 0052 9642     		.uleb128 0x2116
 388 0054 0C       		.uleb128 0xc
 389 0055 00       		.byte	0
 390 0056 00       		.byte	0
 391 0057 07       		.uleb128 0x7
 392 0058 2E       		.uleb128 0x2e
 393 0059 01       		.byte	0x1
 394 005a 3F       		.uleb128 0x3f
 395 005b 0C       		.uleb128 0xc
 396 005c 03       		.uleb128 0x3
 397 005d 0E       		.uleb128 0xe
 398 005e 3A       		.uleb128 0x3a
 399 005f 0B       		.uleb128 0xb
 400 0060 3B       		.uleb128 0x3b
 401 0061 0B       		.uleb128 0xb
 402 0062 27       		.uleb128 0x27
 403 0063 0C       		.uleb128 0xc
 404 0064 11       		.uleb128 0x11
 405 0065 01       		.uleb128 0x1
 406 0066 12       		.uleb128 0x12
 407 0067 01       		.uleb128 0x1
 408 0068 40       		.uleb128 0x40
 409 0069 06       		.uleb128 0x6
 410 006a 9642     		.uleb128 0x2116
 411 006c 0C       		.uleb128 0xc
 412 006d 00       		.byte	0
 413 006e 00       		.byte	0
 414 006f 08       		.uleb128 0x8
 415 0070 34       		.uleb128 0x34
 416 0071 00       		.byte	0
 417 0072 03       		.uleb128 0x3
 418 0073 08       		.uleb128 0x8
 419 0074 3A       		.uleb128 0x3a
 420 0075 0B       		.uleb128 0xb
 421 0076 3B       		.uleb128 0x3b
 422 0077 0B       		.uleb128 0xb
ARM GAS  C:\Users\MICKKI~1\AppData\Local\Temp\ccLWJBAP.s 			page 10


 423 0078 49       		.uleb128 0x49
 424 0079 13       		.uleb128 0x13
 425 007a 02       		.uleb128 0x2
 426 007b 0A       		.uleb128 0xa
 427 007c 00       		.byte	0
 428 007d 00       		.byte	0
 429 007e 00       		.byte	0
 430              		.section	.debug_loc,"",%progbits
 431              	.Ldebug_loc0:
 432              	.LLST0:
 433 0000 00000000 		.4byte	.LFB33
 434 0004 02000000 		.4byte	.LCFI0
 435 0008 0200     		.2byte	0x2
 436 000a 7D       		.byte	0x7d
 437 000b 00       		.sleb128 0
 438 000c 02000000 		.4byte	.LCFI0
 439 0010 04000000 		.4byte	.LCFI1
 440 0014 0200     		.2byte	0x2
 441 0016 7D       		.byte	0x7d
 442 0017 08       		.sleb128 8
 443 0018 04000000 		.4byte	.LCFI1
 444 001c 28000000 		.4byte	.LFE33
 445 0020 0200     		.2byte	0x2
 446 0022 77       		.byte	0x77
 447 0023 08       		.sleb128 8
 448 0024 00000000 		.4byte	0
 449 0028 00000000 		.4byte	0
 450              	.LLST1:
 451 002c 00000000 		.4byte	.LFB34
 452 0030 02000000 		.4byte	.LCFI2
 453 0034 0200     		.2byte	0x2
 454 0036 7D       		.byte	0x7d
 455 0037 00       		.sleb128 0
 456 0038 02000000 		.4byte	.LCFI2
 457 003c 04000000 		.4byte	.LCFI3
 458 0040 0200     		.2byte	0x2
 459 0042 7D       		.byte	0x7d
 460 0043 08       		.sleb128 8
 461 0044 04000000 		.4byte	.LCFI3
 462 0048 06000000 		.4byte	.LCFI4
 463 004c 0200     		.2byte	0x2
 464 004e 7D       		.byte	0x7d
 465 004f 10       		.sleb128 16
 466 0050 06000000 		.4byte	.LCFI4
 467 0054 74000000 		.4byte	.LFE34
 468 0058 0200     		.2byte	0x2
 469 005a 77       		.byte	0x77
 470 005b 10       		.sleb128 16
 471 005c 00000000 		.4byte	0
 472 0060 00000000 		.4byte	0
 473              		.section	.debug_aranges,"",%progbits
 474 0000 24000000 		.4byte	0x24
 475 0004 0200     		.2byte	0x2
 476 0006 00000000 		.4byte	.Ldebug_info0
 477 000a 04       		.byte	0x4
 478 000b 00       		.byte	0
 479 000c 0000     		.2byte	0
ARM GAS  C:\Users\MICKKI~1\AppData\Local\Temp\ccLWJBAP.s 			page 11


 480 000e 0000     		.2byte	0
 481 0010 00000000 		.4byte	.LFB33
 482 0014 28000000 		.4byte	.LFE33-.LFB33
 483 0018 00000000 		.4byte	.LFB34
 484 001c 74000000 		.4byte	.LFE34-.LFB34
 485 0020 00000000 		.4byte	0
 486 0024 00000000 		.4byte	0
 487              		.section	.debug_ranges,"",%progbits
 488              	.Ldebug_ranges0:
 489 0000 00000000 		.4byte	.LFB33
 490 0004 28000000 		.4byte	.LFE33
 491 0008 00000000 		.4byte	.LFB34
 492 000c 74000000 		.4byte	.LFE34
 493 0010 00000000 		.4byte	0
 494 0014 00000000 		.4byte	0
 495              		.section	.debug_line,"",%progbits
 496              	.Ldebug_line0:
 497 0000 88000000 		.section	.debug_str,"MS",%progbits,1
 497      02004500 
 497      00000201 
 497      FB0E0D00 
 497      01010101 
 498              	.LASF6:
 499 0000 6C6F6E67 		.ascii	"long long int\000"
 499      206C6F6E 
 499      6720696E 
 499      7400
 500              	.LASF12:
 501 000e 75696E74 		.ascii	"uint32\000"
 501      333200
 502              	.LASF8:
 503 0015 756E7369 		.ascii	"unsigned int\000"
 503      676E6564 
 503      20696E74 
 503      00
 504              	.LASF18:
 505 0022 6D61696E 		.ascii	"main\000"
 505      00
 506              	.LASF15:
 507 0027 474E5520 		.ascii	"GNU C 4.7.3 20130312 (release) [ARM/embedded-4_7-br"
 507      4320342E 
 507      372E3320 
 507      32303133 
 507      30333132 
 508 005a 616E6368 		.ascii	"anch revision 196615]\000"
 508      20726576 
 508      6973696F 
 508      6E203139 
 508      36363135 
 509              	.LASF5:
 510 0070 6C6F6E67 		.ascii	"long unsigned int\000"
 510      20756E73 
 510      69676E65 
 510      6420696E 
 510      7400
 511              	.LASF7:
 512 0082 6C6F6E67 		.ascii	"long long unsigned int\000"
ARM GAS  C:\Users\MICKKI~1\AppData\Local\Temp\ccLWJBAP.s 			page 12


 512      206C6F6E 
 512      6720756E 
 512      7369676E 
 512      65642069 
 513              	.LASF1:
 514 0099 756E7369 		.ascii	"unsigned char\000"
 514      676E6564 
 514      20636861 
 514      7200
 515              	.LASF11:
 516 00a7 63686172 		.ascii	"char\000"
 516      00
 517              	.LASF4:
 518 00ac 6C6F6E67 		.ascii	"long int\000"
 518      20696E74 
 518      00
 519              	.LASF2:
 520 00b5 73686F72 		.ascii	"short int\000"
 520      7420696E 
 520      7400
 521              	.LASF10:
 522 00bf 646F7562 		.ascii	"double\000"
 522      6C6500
 523              	.LASF13:
 524 00c6 72656733 		.ascii	"reg32\000"
 524      3200
 525              	.LASF3:
 526 00cc 73686F72 		.ascii	"short unsigned int\000"
 526      7420756E 
 526      7369676E 
 526      65642069 
 526      6E7400
 527              	.LASF0:
 528 00df 7369676E 		.ascii	"signed char\000"
 528      65642063 
 528      68617200 
 529              	.LASF17:
 530 00eb 5A3A5C44 		.ascii	"Z:\\Desktop\\E3PRJ3\\Implementering\\SW\\SPI\\PSoC4"
 530      65736B74 
 530      6F705C45 
 530      3350524A 
 530      335C496D 
 531 0118 5F535049 		.ascii	"_SPI\\SPI_slave\\SPI_slave.cydsn\000"
 531      5C535049 
 531      5F736C61 
 531      76655C53 
 531      50495F73 
 532              	.LASF9:
 533 0137 666C6F61 		.ascii	"float\000"
 533      7400
 534              	.LASF16:
 535 013d 2E5C6D61 		.ascii	".\\main.c\000"
 535      696E2E63 
 535      00
 536              	.LASF19:
 537 0146 6973725F 		.ascii	"isr_spi_rx\000"
 537      7370695F 
ARM GAS  C:\Users\MICKKI~1\AppData\Local\Temp\ccLWJBAP.s 			page 13


 537      727800
 538              	.LASF14:
 539 0151 73697A65 		.ascii	"sizetype\000"
 539      74797065 
 539      00
 540              		.ident	"GCC: (GNU Tools for ARM Embedded Processors) 4.7.3 20130312 (release) [ARM/embedded-4_7-br
