--------------- Clean Started: 11/20/2014 11:06:46 Project: SPI_slave, Configuration: ARM GCC 4.7.3 Debug ---------------
Deleting file ".\CortexM0\ARM_GCC_473\Debug\main.o"
Deleting file ".\CortexM0\ARM_GCC_473\Debug\SPI_handler.o"
Deleting file ".\CortexM0\ARM_GCC_473\Debug\cyfitter_cfg.o"
Deleting file ".\CortexM0\ARM_GCC_473\Debug\cymetadata.o"
Deleting file ".\CortexM0\ARM_GCC_473\Debug\Cm0Start.o"
Deleting file ".\CortexM0\ARM_GCC_473\Debug\CyBootAsmGnu.o"
Deleting file ".\CortexM0\ARM_GCC_473\Debug\CyFlash.o"
Deleting file ".\CortexM0\ARM_GCC_473\Debug\CyLib.o"
Deleting file ".\CortexM0\ARM_GCC_473\Debug\cyPm.o"
Deleting file ".\CortexM0\ARM_GCC_473\Debug\cyutils.o"
Deleting file ".\CortexM0\ARM_GCC_473\Debug\SPIS_1.o"
Deleting file ".\CortexM0\ARM_GCC_473\Debug\SPIS_1_SPI_UART.o"
Deleting file ".\CortexM0\ARM_GCC_473\Debug\SPIS_1_PM.o"
Deleting file ".\CortexM0\ARM_GCC_473\Debug\SPIS_1_SPI.o"
Deleting file ".\CortexM0\ARM_GCC_473\Debug\SPIS_1_BOOT.o"
Deleting file ".\CortexM0\ARM_GCC_473\Debug\SPIS_1_SPI_BOOT.o"
Deleting file ".\CortexM0\ARM_GCC_473\Debug\SPIS_1_SPI_UART_INT.o"
Deleting file ".\CortexM0\ARM_GCC_473\Debug\SPIS_1_ss_s.o"
Deleting file ".\CortexM0\ARM_GCC_473\Debug\SPIS_1_miso_s.o"
Deleting file ".\CortexM0\ARM_GCC_473\Debug\SPIS_1_sclk_s.o"
Deleting file ".\CortexM0\ARM_GCC_473\Debug\SPIS_1_mosi_s.o"
Deleting file ".\CortexM0\ARM_GCC_473\Debug\RED_LED.o"
Deleting file ".\CortexM0\ARM_GCC_473\Debug\GREEN_LED.o"
Deleting file ".\CortexM0\ARM_GCC_473\Debug\BLUE_LED.o"
Deleting file ".\CortexM0\ARM_GCC_473\Debug\SPI_slave.hex"
Deleting file ".\CortexM0\ARM_GCC_473\Debug\SPI_slave.elf"
Deleting file ".\CortexM0\ARM_GCC_473\Debug\SPI_slave.map"
Deleting file ".\SPI_slave.cycdx"
Deleting file ".\SPI_slave.svd"
Deleting file ".\SPI_slave.rpt"
Deleting file ".\SPI_slave_timing.html"
Deleting file ".\CortexM0\ARM_GCC_473\Debug\.deps\C_FILE.P"
Deleting file ".\CortexM0\ARM_GCC_473\Debug\.deps\ARM_C_FILE.P"
Deleting file ".\CortexM0\ARM_GCC_473\Debug\.deps\GNU_ARM_ASM_FILE.P"
--------------- Clean Succeeded: 11/20/2014 11:06:46 ---------------
