ARM GAS  C:\Users\JAKOB-~1\AppData\Local\Temp\cc4QAIYX.s 			page 1


   1              		.cpu cortex-m0
   2              		.fpu softvfp
   3              		.eabi_attribute 20, 1
   4              		.eabi_attribute 21, 1
   5              		.eabi_attribute 23, 3
   6              		.eabi_attribute 24, 1
   7              		.eabi_attribute 25, 1
   8              		.eabi_attribute 26, 1
   9              		.eabi_attribute 30, 6
  10              		.eabi_attribute 34, 0
  11              		.eabi_attribute 18, 4
  12              		.code	16
  13              		.file	"main.c"
  14              		.text
  15              	.Ltext0:
  16              		.cfi_sections	.debug_frame
  17              		.section	.text.main,"ax",%progbits
  18              		.align	2
  19              		.global	main
  20              		.code	16
  21              		.thumb_func
  22              		.type	main, %function
  23              	main:
  24              	.LFB33:
  25              		.file 1 ".\\main.c"
   1:.\main.c      **** #include <project.h>
   2:.\main.c      **** #include "sensorPackage.h"
   3:.\main.c      **** 
   4:.\main.c      **** int main()
   5:.\main.c      **** {  
  26              		.loc 1 5 0
  27              		.cfi_startproc
  28 0000 80B5     		push	{r7, lr}
  29              	.LCFI0:
  30              		.cfi_def_cfa_offset 8
  31              		.cfi_offset 7, -8
  32              		.cfi_offset 14, -4
  33 0002 82B0     		sub	sp, sp, #8
  34              	.LCFI1:
  35              		.cfi_def_cfa_offset 16
  36 0004 00AF     		add	r7, sp, #0
  37              	.LCFI2:
  38              		.cfi_def_cfa_register 7
   6:.\main.c      ****     //'Objects' initialize
   7:.\main.c      ****     sensorPackage_init(); 
  39              		.loc 1 7 0
  40 0006 FFF7FEFF 		bl	sensorPackage_init
   8:.\main.c      ****     
   9:.\main.c      ****     //Set testPin to voltage
  10:.\main.c      ****     testPin_Write(100);
  41              		.loc 1 10 0
  42 000a 6420     		mov	r0, #100
  43 000c FFF7FEFF 		bl	testPin_Write
  44              	.L2:
  45              	.LBB2:
  11:.\main.c      **** 
  12:.\main.c      ****     for(;;)//Never ending story....
ARM GAS  C:\Users\JAKOB-~1\AppData\Local\Temp\cc4QAIYX.s 			page 2


  13:.\main.c      ****     {
  14:.\main.c      ****         //Varibles to hold sensor data
  15:.\main.c      ****         float temp = 0;
  46              		.loc 1 15 0 discriminator 1
  47 0010 0023     		mov	r3, #0
  48 0012 7B60     		str	r3, [r7, #4]
  16:.\main.c      ****         float humi = 0;
  49              		.loc 1 16 0 discriminator 1
  50 0014 0023     		mov	r3, #0
  51 0016 3B60     		str	r3, [r7]
  17:.\main.c      ****         
  18:.\main.c      ****         sensorPackage_getData(&temp, &humi);  
  52              		.loc 1 18 0 discriminator 1
  53 0018 3A1D     		add	r2, r7, #4
  54 001a 3B1C     		mov	r3, r7
  55 001c 101C     		mov	r0, r2
  56 001e 191C     		mov	r1, r3
  57 0020 FFF7FEFF 		bl	sensorPackage_getData
  58              	.LBE2:
  19:.\main.c      ****     }
  59              		.loc 1 19 0 discriminator 1
  60 0024 F4E7     		b	.L2
  61              		.cfi_endproc
  62              	.LFE33:
  63              		.size	main, .-main
  64 0026 C046     		.text
  65              	.Letext0:
  66              		.section	.debug_info,"",%progbits
  67              	.Ldebug_info0:
  68 0000 C8000000 		.4byte	0xc8
  69 0004 0200     		.2byte	0x2
  70 0006 00000000 		.4byte	.Ldebug_abbrev0
  71 000a 04       		.byte	0x4
  72 000b 01       		.uleb128 0x1
  73 000c 77000000 		.4byte	.LASF15
  74 0010 01       		.byte	0x1
  75 0011 3B010000 		.4byte	.LASF16
  76 0015 1B000000 		.4byte	.LASF17
  77 0019 00000000 		.4byte	.Ldebug_ranges0+0
  78 001d 00000000 		.4byte	0
  79 0021 00000000 		.4byte	0
  80 0025 00000000 		.4byte	.Ldebug_line0
  81 0029 02       		.uleb128 0x2
  82 002a 01       		.byte	0x1
  83 002b 06       		.byte	0x6
  84 002c 29010000 		.4byte	.LASF0
  85 0030 02       		.uleb128 0x2
  86 0031 01       		.byte	0x1
  87 0032 08       		.byte	0x8
  88 0033 E9000000 		.4byte	.LASF1
  89 0037 02       		.uleb128 0x2
  90 0038 02       		.byte	0x2
  91 0039 05       		.byte	0x5
  92 003a 05010000 		.4byte	.LASF2
  93 003e 02       		.uleb128 0x2
  94 003f 02       		.byte	0x2
  95 0040 07       		.byte	0x7
ARM GAS  C:\Users\JAKOB-~1\AppData\Local\Temp\cc4QAIYX.s 			page 3


  96 0041 16010000 		.4byte	.LASF3
  97 0045 02       		.uleb128 0x2
  98 0046 04       		.byte	0x4
  99 0047 05       		.byte	0x5
 100 0048 FC000000 		.4byte	.LASF4
 101 004c 02       		.uleb128 0x2
 102 004d 04       		.byte	0x4
 103 004e 07       		.byte	0x7
 104 004f C0000000 		.4byte	.LASF5
 105 0053 02       		.uleb128 0x2
 106 0054 08       		.byte	0x8
 107 0055 05       		.byte	0x5
 108 0056 00000000 		.4byte	.LASF6
 109 005a 02       		.uleb128 0x2
 110 005b 08       		.byte	0x8
 111 005c 07       		.byte	0x7
 112 005d D2000000 		.4byte	.LASF7
 113 0061 03       		.uleb128 0x3
 114 0062 04       		.byte	0x4
 115 0063 05       		.byte	0x5
 116 0064 696E7400 		.ascii	"int\000"
 117 0068 02       		.uleb128 0x2
 118 0069 04       		.byte	0x4
 119 006a 07       		.byte	0x7
 120 006b 0E000000 		.4byte	.LASF8
 121 006f 02       		.uleb128 0x2
 122 0070 04       		.byte	0x4
 123 0071 04       		.byte	0x4
 124 0072 35010000 		.4byte	.LASF9
 125 0076 02       		.uleb128 0x2
 126 0077 08       		.byte	0x8
 127 0078 04       		.byte	0x4
 128 0079 0F010000 		.4byte	.LASF10
 129 007d 02       		.uleb128 0x2
 130 007e 01       		.byte	0x1
 131 007f 08       		.byte	0x8
 132 0080 F7000000 		.4byte	.LASF11
 133 0084 02       		.uleb128 0x2
 134 0085 04       		.byte	0x4
 135 0086 07       		.byte	0x7
 136 0087 49010000 		.4byte	.LASF12
 137 008b 04       		.uleb128 0x4
 138 008c 01       		.byte	0x1
 139 008d 72000000 		.4byte	.LASF18
 140 0091 01       		.byte	0x1
 141 0092 04       		.byte	0x4
 142 0093 61000000 		.4byte	0x61
 143 0097 00000000 		.4byte	.LFB33
 144 009b 26000000 		.4byte	.LFE33
 145 009f 00000000 		.4byte	.LLST0
 146 00a3 01       		.byte	0x1
 147 00a4 05       		.uleb128 0x5
 148 00a5 10000000 		.4byte	.LBB2
 149 00a9 24000000 		.4byte	.LBE2
 150 00ad 06       		.uleb128 0x6
 151 00ae 6D000000 		.4byte	.LASF13
 152 00b2 01       		.byte	0x1
ARM GAS  C:\Users\JAKOB-~1\AppData\Local\Temp\cc4QAIYX.s 			page 4


 153 00b3 0F       		.byte	0xf
 154 00b4 6F000000 		.4byte	0x6f
 155 00b8 02       		.byte	0x2
 156 00b9 91       		.byte	0x91
 157 00ba 74       		.sleb128 -12
 158 00bb 06       		.uleb128 0x6
 159 00bc 44010000 		.4byte	.LASF14
 160 00c0 01       		.byte	0x1
 161 00c1 10       		.byte	0x10
 162 00c2 6F000000 		.4byte	0x6f
 163 00c6 02       		.byte	0x2
 164 00c7 91       		.byte	0x91
 165 00c8 70       		.sleb128 -16
 166 00c9 00       		.byte	0
 167 00ca 00       		.byte	0
 168 00cb 00       		.byte	0
 169              		.section	.debug_abbrev,"",%progbits
 170              	.Ldebug_abbrev0:
 171 0000 01       		.uleb128 0x1
 172 0001 11       		.uleb128 0x11
 173 0002 01       		.byte	0x1
 174 0003 25       		.uleb128 0x25
 175 0004 0E       		.uleb128 0xe
 176 0005 13       		.uleb128 0x13
 177 0006 0B       		.uleb128 0xb
 178 0007 03       		.uleb128 0x3
 179 0008 0E       		.uleb128 0xe
 180 0009 1B       		.uleb128 0x1b
 181 000a 0E       		.uleb128 0xe
 182 000b 55       		.uleb128 0x55
 183 000c 06       		.uleb128 0x6
 184 000d 11       		.uleb128 0x11
 185 000e 01       		.uleb128 0x1
 186 000f 52       		.uleb128 0x52
 187 0010 01       		.uleb128 0x1
 188 0011 10       		.uleb128 0x10
 189 0012 06       		.uleb128 0x6
 190 0013 00       		.byte	0
 191 0014 00       		.byte	0
 192 0015 02       		.uleb128 0x2
 193 0016 24       		.uleb128 0x24
 194 0017 00       		.byte	0
 195 0018 0B       		.uleb128 0xb
 196 0019 0B       		.uleb128 0xb
 197 001a 3E       		.uleb128 0x3e
 198 001b 0B       		.uleb128 0xb
 199 001c 03       		.uleb128 0x3
 200 001d 0E       		.uleb128 0xe
 201 001e 00       		.byte	0
 202 001f 00       		.byte	0
 203 0020 03       		.uleb128 0x3
 204 0021 24       		.uleb128 0x24
 205 0022 00       		.byte	0
 206 0023 0B       		.uleb128 0xb
 207 0024 0B       		.uleb128 0xb
 208 0025 3E       		.uleb128 0x3e
 209 0026 0B       		.uleb128 0xb
ARM GAS  C:\Users\JAKOB-~1\AppData\Local\Temp\cc4QAIYX.s 			page 5


 210 0027 03       		.uleb128 0x3
 211 0028 08       		.uleb128 0x8
 212 0029 00       		.byte	0
 213 002a 00       		.byte	0
 214 002b 04       		.uleb128 0x4
 215 002c 2E       		.uleb128 0x2e
 216 002d 01       		.byte	0x1
 217 002e 3F       		.uleb128 0x3f
 218 002f 0C       		.uleb128 0xc
 219 0030 03       		.uleb128 0x3
 220 0031 0E       		.uleb128 0xe
 221 0032 3A       		.uleb128 0x3a
 222 0033 0B       		.uleb128 0xb
 223 0034 3B       		.uleb128 0x3b
 224 0035 0B       		.uleb128 0xb
 225 0036 49       		.uleb128 0x49
 226 0037 13       		.uleb128 0x13
 227 0038 11       		.uleb128 0x11
 228 0039 01       		.uleb128 0x1
 229 003a 12       		.uleb128 0x12
 230 003b 01       		.uleb128 0x1
 231 003c 40       		.uleb128 0x40
 232 003d 06       		.uleb128 0x6
 233 003e 9642     		.uleb128 0x2116
 234 0040 0C       		.uleb128 0xc
 235 0041 00       		.byte	0
 236 0042 00       		.byte	0
 237 0043 05       		.uleb128 0x5
 238 0044 0B       		.uleb128 0xb
 239 0045 01       		.byte	0x1
 240 0046 11       		.uleb128 0x11
 241 0047 01       		.uleb128 0x1
 242 0048 12       		.uleb128 0x12
 243 0049 01       		.uleb128 0x1
 244 004a 00       		.byte	0
 245 004b 00       		.byte	0
 246 004c 06       		.uleb128 0x6
 247 004d 34       		.uleb128 0x34
 248 004e 00       		.byte	0
 249 004f 03       		.uleb128 0x3
 250 0050 0E       		.uleb128 0xe
 251 0051 3A       		.uleb128 0x3a
 252 0052 0B       		.uleb128 0xb
 253 0053 3B       		.uleb128 0x3b
 254 0054 0B       		.uleb128 0xb
 255 0055 49       		.uleb128 0x49
 256 0056 13       		.uleb128 0x13
 257 0057 02       		.uleb128 0x2
 258 0058 0A       		.uleb128 0xa
 259 0059 00       		.byte	0
 260 005a 00       		.byte	0
 261 005b 00       		.byte	0
 262              		.section	.debug_loc,"",%progbits
 263              	.Ldebug_loc0:
 264              	.LLST0:
 265 0000 00000000 		.4byte	.LFB33
 266 0004 02000000 		.4byte	.LCFI0
ARM GAS  C:\Users\JAKOB-~1\AppData\Local\Temp\cc4QAIYX.s 			page 6


 267 0008 0200     		.2byte	0x2
 268 000a 7D       		.byte	0x7d
 269 000b 00       		.sleb128 0
 270 000c 02000000 		.4byte	.LCFI0
 271 0010 04000000 		.4byte	.LCFI1
 272 0014 0200     		.2byte	0x2
 273 0016 7D       		.byte	0x7d
 274 0017 08       		.sleb128 8
 275 0018 04000000 		.4byte	.LCFI1
 276 001c 06000000 		.4byte	.LCFI2
 277 0020 0200     		.2byte	0x2
 278 0022 7D       		.byte	0x7d
 279 0023 10       		.sleb128 16
 280 0024 06000000 		.4byte	.LCFI2
 281 0028 26000000 		.4byte	.LFE33
 282 002c 0200     		.2byte	0x2
 283 002e 77       		.byte	0x77
 284 002f 10       		.sleb128 16
 285 0030 00000000 		.4byte	0
 286 0034 00000000 		.4byte	0
 287              		.section	.debug_aranges,"",%progbits
 288 0000 1C000000 		.4byte	0x1c
 289 0004 0200     		.2byte	0x2
 290 0006 00000000 		.4byte	.Ldebug_info0
 291 000a 04       		.byte	0x4
 292 000b 00       		.byte	0
 293 000c 0000     		.2byte	0
 294 000e 0000     		.2byte	0
 295 0010 00000000 		.4byte	.LFB33
 296 0014 26000000 		.4byte	.LFE33-.LFB33
 297 0018 00000000 		.4byte	0
 298 001c 00000000 		.4byte	0
 299              		.section	.debug_ranges,"",%progbits
 300              	.Ldebug_ranges0:
 301 0000 00000000 		.4byte	.LFB33
 302 0004 26000000 		.4byte	.LFE33
 303 0008 00000000 		.4byte	0
 304 000c 00000000 		.4byte	0
 305              		.section	.debug_line,"",%progbits
 306              	.Ldebug_line0:
 307 0000 48000000 		.section	.debug_str,"MS",%progbits,1
 307      02001F00 
 307      00000201 
 307      FB0E0D00 
 307      01010101 
 308              	.LASF6:
 309 0000 6C6F6E67 		.ascii	"long long int\000"
 309      206C6F6E 
 309      6720696E 
 309      7400
 310              	.LASF8:
 311 000e 756E7369 		.ascii	"unsigned int\000"
 311      676E6564 
 311      20696E74 
 311      00
 312              	.LASF17:
 313 001b 5C5C7073 		.ascii	"\\\\psf\\Home\\Documents\\E3PRJ3\\Implementering\\S"
ARM GAS  C:\Users\JAKOB-~1\AppData\Local\Temp\cc4QAIYX.s 			page 7


 313      665C486F 
 313      6D655C44 
 313      6F63756D 
 313      656E7473 
 314 0047 575C5053 		.ascii	"W\\PSoC\\sensorPackage\\psoc_api_2.cydsn\000"
 314      6F435C73 
 314      656E736F 
 314      72506163 
 314      6B616765 
 315              	.LASF13:
 316 006d 74656D70 		.ascii	"temp\000"
 316      00
 317              	.LASF18:
 318 0072 6D61696E 		.ascii	"main\000"
 318      00
 319              	.LASF15:
 320 0077 474E5520 		.ascii	"GNU C 4.7.3 20130312 (release) [ARM/embedded-4_7-br"
 320      4320342E 
 320      372E3320 
 320      32303133 
 320      30333132 
 321 00aa 616E6368 		.ascii	"anch revision 196615]\000"
 321      20726576 
 321      6973696F 
 321      6E203139 
 321      36363135 
 322              	.LASF5:
 323 00c0 6C6F6E67 		.ascii	"long unsigned int\000"
 323      20756E73 
 323      69676E65 
 323      6420696E 
 323      7400
 324              	.LASF7:
 325 00d2 6C6F6E67 		.ascii	"long long unsigned int\000"
 325      206C6F6E 
 325      6720756E 
 325      7369676E 
 325      65642069 
 326              	.LASF1:
 327 00e9 756E7369 		.ascii	"unsigned char\000"
 327      676E6564 
 327      20636861 
 327      7200
 328              	.LASF11:
 329 00f7 63686172 		.ascii	"char\000"
 329      00
 330              	.LASF4:
 331 00fc 6C6F6E67 		.ascii	"long int\000"
 331      20696E74 
 331      00
 332              	.LASF2:
 333 0105 73686F72 		.ascii	"short int\000"
 333      7420696E 
 333      7400
 334              	.LASF10:
 335 010f 646F7562 		.ascii	"double\000"
 335      6C6500
ARM GAS  C:\Users\JAKOB-~1\AppData\Local\Temp\cc4QAIYX.s 			page 8


 336              	.LASF3:
 337 0116 73686F72 		.ascii	"short unsigned int\000"
 337      7420756E 
 337      7369676E 
 337      65642069 
 337      6E7400
 338              	.LASF0:
 339 0129 7369676E 		.ascii	"signed char\000"
 339      65642063 
 339      68617200 
 340              	.LASF9:
 341 0135 666C6F61 		.ascii	"float\000"
 341      7400
 342              	.LASF16:
 343 013b 2E5C6D61 		.ascii	".\\main.c\000"
 343      696E2E63 
 343      00
 344              	.LASF14:
 345 0144 68756D69 		.ascii	"humi\000"
 345      00
 346              	.LASF12:
 347 0149 73697A65 		.ascii	"sizetype\000"
 347      74797065 
 347      00
 348              		.ident	"GCC: (GNU Tools for ARM Embedded Processors) 4.7.3 20130312 (release) [ARM/embedded-4_7-br
