ARM GAS  C:\Users\JAKOB-~1\AppData\Local\Temp\ccRpeWaK.s 			page 1


   1              		.cpu cortex-m0
   2              		.fpu softvfp
   3              		.eabi_attribute 20, 1
   4              		.eabi_attribute 21, 1
   5              		.eabi_attribute 23, 3
   6              		.eabi_attribute 24, 1
   7              		.eabi_attribute 25, 1
   8              		.eabi_attribute 26, 1
   9              		.eabi_attribute 30, 6
  10              		.eabi_attribute 34, 0
  11              		.eabi_attribute 18, 4
  12              		.code	16
  13              		.file	"sprinkler.c"
  14              		.text
  15              	.Ltext0:
  16              		.cfi_sections	.debug_frame
  17              		.section	.text.sprinkler_init,"ax",%progbits
  18              		.align	2
  19              		.global	sprinkler_init
  20              		.code	16
  21              		.thumb_func
  22              		.type	sprinkler_init, %function
  23              	sprinkler_init:
  24              	.LFB33:
  25              		.file 1 ".\\sprinkler.c"
   1:.\sprinkler.c **** //sprinkler.c
   2:.\sprinkler.c **** //
   3:.\sprinkler.c **** //Authour: Jakob Schmidt
   4:.\sprinkler.c **** //Version: 1.0
   5:.\sprinkler.c **** //Date: 14-11-14
   6:.\sprinkler.c **** 
   7:.\sprinkler.c **** #include "sprinkler.h"
   8:.\sprinkler.c **** 
   9:.\sprinkler.c **** //Constructor implementation
  10:.\sprinkler.c **** void sprinkler_init()
  11:.\sprinkler.c **** {
  26              		.loc 1 11 0
  27              		.cfi_startproc
  28 0000 80B5     		push	{r7, lr}
  29              	.LCFI0:
  30              		.cfi_def_cfa_offset 8
  31              		.cfi_offset 7, -8
  32              		.cfi_offset 14, -4
  33 0002 00AF     		add	r7, sp, #0
  34              	.LCFI1:
  35              		.cfi_def_cfa_register 7
  12:.\sprinkler.c ****     //Do nothing
  13:.\sprinkler.c **** }
  36              		.loc 1 13 0
  37 0004 BD46     		mov	sp, r7
  38              		@ sp needed for prologue
  39 0006 80BD     		pop	{r7, pc}
  40              		.cfi_endproc
  41              	.LFE33:
  42              		.size	sprinkler_init, .-sprinkler_init
  43              		.section	.text.sprinkler_exit,"ax",%progbits
  44              		.align	2
ARM GAS  C:\Users\JAKOB-~1\AppData\Local\Temp\ccRpeWaK.s 			page 2


  45              		.global	sprinkler_exit
  46              		.code	16
  47              		.thumb_func
  48              		.type	sprinkler_exit, %function
  49              	sprinkler_exit:
  50              	.LFB34:
  14:.\sprinkler.c **** 
  15:.\sprinkler.c **** void sprinkler_exit()
  16:.\sprinkler.c **** {
  51              		.loc 1 16 0
  52              		.cfi_startproc
  53 0000 80B5     		push	{r7, lr}
  54              	.LCFI2:
  55              		.cfi_def_cfa_offset 8
  56              		.cfi_offset 7, -8
  57              		.cfi_offset 14, -4
  58 0002 00AF     		add	r7, sp, #0
  59              	.LCFI3:
  60              		.cfi_def_cfa_register 7
  17:.\sprinkler.c ****     //Do nothing
  18:.\sprinkler.c **** }
  61              		.loc 1 18 0
  62 0004 BD46     		mov	sp, r7
  63              		@ sp needed for prologue
  64 0006 80BD     		pop	{r7, pc}
  65              		.cfi_endproc
  66              	.LFE34:
  67              		.size	sprinkler_exit, .-sprinkler_exit
  68              		.section	.text.sprinkler_setValue,"ax",%progbits
  69              		.align	2
  70              		.global	sprinkler_setValue
  71              		.code	16
  72              		.thumb_func
  73              		.type	sprinkler_setValue, %function
  74              	sprinkler_setValue:
  75              	.LFB35:
  19:.\sprinkler.c **** 
  20:.\sprinkler.c **** int sprinkler_setValue(unsigned char active)
  21:.\sprinkler.c **** {   
  76              		.loc 1 21 0
  77              		.cfi_startproc
  78 0000 80B5     		push	{r7, lr}
  79              	.LCFI4:
  80              		.cfi_def_cfa_offset 8
  81              		.cfi_offset 7, -8
  82              		.cfi_offset 14, -4
  83 0002 82B0     		sub	sp, sp, #8
  84              	.LCFI5:
  85              		.cfi_def_cfa_offset 16
  86 0004 00AF     		add	r7, sp, #0
  87              	.LCFI6:
  88              		.cfi_def_cfa_register 7
  89 0006 021C     		mov	r2, r0
  90 0008 FB1D     		add	r3, r7, #7
  91 000a 1A70     		strb	r2, [r3]
  22:.\sprinkler.c ****     if(active != 1 && active != 0)
  92              		.loc 1 22 0
ARM GAS  C:\Users\JAKOB-~1\AppData\Local\Temp\ccRpeWaK.s 			page 3


  93 000c FB1D     		add	r3, r7, #7
  94 000e 1B78     		ldrb	r3, [r3]
  95 0010 012B     		cmp	r3, #1
  96 0012 06D0     		beq	.L4
  97              		.loc 1 22 0 is_stmt 0 discriminator 1
  98 0014 FB1D     		add	r3, r7, #7
  99 0016 1B78     		ldrb	r3, [r3]
 100 0018 002B     		cmp	r3, #0
 101 001a 02D0     		beq	.L4
  23:.\sprinkler.c ****         return -16;
 102              		.loc 1 23 0 is_stmt 1
 103 001c 1023     		mov	r3, #16
 104 001e 5B42     		neg	r3, r3
 105 0020 05E0     		b	.L5
 106              	.L4:
  24:.\sprinkler.c ****     
  25:.\sprinkler.c ****     //Set pin to water (1/0);
  26:.\sprinkler.c ****     P_VP_Write(active);
 107              		.loc 1 26 0
 108 0022 FB1D     		add	r3, r7, #7
 109 0024 1B78     		ldrb	r3, [r3]
 110 0026 181C     		mov	r0, r3
 111 0028 FFF7FEFF 		bl	P_VP_Write
  27:.\sprinkler.c ****     
  28:.\sprinkler.c ****     return 0;
 112              		.loc 1 28 0
 113 002c 0023     		mov	r3, #0
 114              	.L5:
  29:.\sprinkler.c **** }...
 115              		.loc 1 29 0
 116 002e 181C     		mov	r0, r3
 117 0030 BD46     		mov	sp, r7
 118 0032 02B0     		add	sp, sp, #8
 119              		@ sp needed for prologue
 120 0034 80BD     		pop	{r7, pc}
 121              		.cfi_endproc
 122              	.LFE35:
 123              		.size	sprinkler_setValue, .-sprinkler_setValue
 124 0036 C046     		.text
 125              	.Letext0:
 126              		.section	.debug_info,"",%progbits
 127              	.Ldebug_info0:
 128 0000 DB000000 		.4byte	0xdb
 129 0004 0200     		.2byte	0x2
 130 0006 00000000 		.4byte	.Ldebug_abbrev0
 131 000a 04       		.byte	0x4
 132 000b 01       		.uleb128 0x1
 133 000c 55000000 		.4byte	.LASF15
 134 0010 01       		.byte	0x1
 135 0011 DA000000 		.4byte	.LASF16
 136 0015 1B000000 		.4byte	.LASF17
 137 0019 00000000 		.4byte	.Ldebug_ranges0+0
 138 001d 00000000 		.4byte	0
 139 0021 00000000 		.4byte	0
 140 0025 00000000 		.4byte	.Ldebug_line0
 141 0029 02       		.uleb128 0x2
 142 002a 01       		.byte	0x1
ARM GAS  C:\Users\JAKOB-~1\AppData\Local\Temp\ccRpeWaK.s 			page 4


 143 002b 06       		.byte	0x6
 144 002c 0B010000 		.4byte	.LASF0
 145 0030 02       		.uleb128 0x2
 146 0031 01       		.byte	0x1
 147 0032 08       		.byte	0x8
 148 0033 C7000000 		.4byte	.LASF1
 149 0037 02       		.uleb128 0x2
 150 0038 02       		.byte	0x2
 151 0039 05       		.byte	0x5
 152 003a 55010000 		.4byte	.LASF2
 153 003e 02       		.uleb128 0x2
 154 003f 02       		.byte	0x2
 155 0040 07       		.byte	0x7
 156 0041 F8000000 		.4byte	.LASF3
 157 0045 02       		.uleb128 0x2
 158 0046 04       		.byte	0x4
 159 0047 05       		.byte	0x5
 160 0048 E8000000 		.4byte	.LASF4
 161 004c 02       		.uleb128 0x2
 162 004d 04       		.byte	0x4
 163 004e 07       		.byte	0x7
 164 004f 9E000000 		.4byte	.LASF5
 165 0053 02       		.uleb128 0x2
 166 0054 08       		.byte	0x8
 167 0055 05       		.byte	0x5
 168 0056 00000000 		.4byte	.LASF6
 169 005a 02       		.uleb128 0x2
 170 005b 08       		.byte	0x8
 171 005c 07       		.byte	0x7
 172 005d B0000000 		.4byte	.LASF7
 173 0061 03       		.uleb128 0x3
 174 0062 04       		.byte	0x4
 175 0063 05       		.byte	0x5
 176 0064 696E7400 		.ascii	"int\000"
 177 0068 02       		.uleb128 0x2
 178 0069 04       		.byte	0x4
 179 006a 07       		.byte	0x7
 180 006b 0E000000 		.4byte	.LASF8
 181 006f 02       		.uleb128 0x2
 182 0070 04       		.byte	0x4
 183 0071 04       		.byte	0x4
 184 0072 40010000 		.4byte	.LASF9
 185 0076 02       		.uleb128 0x2
 186 0077 08       		.byte	0x8
 187 0078 04       		.byte	0x4
 188 0079 F1000000 		.4byte	.LASF10
 189 007d 02       		.uleb128 0x2
 190 007e 01       		.byte	0x1
 191 007f 08       		.byte	0x8
 192 0080 D5000000 		.4byte	.LASF11
 193 0084 02       		.uleb128 0x2
 194 0085 04       		.byte	0x4
 195 0086 07       		.byte	0x7
 196 0087 5F010000 		.4byte	.LASF12
 197 008b 04       		.uleb128 0x4
 198 008c 01       		.byte	0x1
 199 008d 31010000 		.4byte	.LASF13
ARM GAS  C:\Users\JAKOB-~1\AppData\Local\Temp\ccRpeWaK.s 			page 5


 200 0091 01       		.byte	0x1
 201 0092 0A       		.byte	0xa
 202 0093 00000000 		.4byte	.LFB33
 203 0097 08000000 		.4byte	.LFE33
 204 009b 00000000 		.4byte	.LLST0
 205 009f 01       		.byte	0x1
 206 00a0 04       		.uleb128 0x4
 207 00a1 01       		.byte	0x1
 208 00a2 46010000 		.4byte	.LASF14
 209 00a6 01       		.byte	0x1
 210 00a7 0F       		.byte	0xf
 211 00a8 00000000 		.4byte	.LFB34
 212 00ac 08000000 		.4byte	.LFE34
 213 00b0 2C000000 		.4byte	.LLST1
 214 00b4 01       		.byte	0x1
 215 00b5 05       		.uleb128 0x5
 216 00b6 01       		.byte	0x1
 217 00b7 1E010000 		.4byte	.LASF18
 218 00bb 01       		.byte	0x1
 219 00bc 14       		.byte	0x14
 220 00bd 01       		.byte	0x1
 221 00be 61000000 		.4byte	0x61
 222 00c2 00000000 		.4byte	.LFB35
 223 00c6 36000000 		.4byte	.LFE35
 224 00ca 58000000 		.4byte	.LLST2
 225 00ce 01       		.byte	0x1
 226 00cf 06       		.uleb128 0x6
 227 00d0 17010000 		.4byte	.LASF19
 228 00d4 01       		.byte	0x1
 229 00d5 14       		.byte	0x14
 230 00d6 30000000 		.4byte	0x30
 231 00da 02       		.byte	0x2
 232 00db 91       		.byte	0x91
 233 00dc 77       		.sleb128 -9
 234 00dd 00       		.byte	0
 235 00de 00       		.byte	0
 236              		.section	.debug_abbrev,"",%progbits
 237              	.Ldebug_abbrev0:
 238 0000 01       		.uleb128 0x1
 239 0001 11       		.uleb128 0x11
 240 0002 01       		.byte	0x1
 241 0003 25       		.uleb128 0x25
 242 0004 0E       		.uleb128 0xe
 243 0005 13       		.uleb128 0x13
 244 0006 0B       		.uleb128 0xb
 245 0007 03       		.uleb128 0x3
 246 0008 0E       		.uleb128 0xe
 247 0009 1B       		.uleb128 0x1b
 248 000a 0E       		.uleb128 0xe
 249 000b 55       		.uleb128 0x55
 250 000c 06       		.uleb128 0x6
 251 000d 11       		.uleb128 0x11
 252 000e 01       		.uleb128 0x1
 253 000f 52       		.uleb128 0x52
 254 0010 01       		.uleb128 0x1
 255 0011 10       		.uleb128 0x10
 256 0012 06       		.uleb128 0x6
ARM GAS  C:\Users\JAKOB-~1\AppData\Local\Temp\ccRpeWaK.s 			page 6


 257 0013 00       		.byte	0
 258 0014 00       		.byte	0
 259 0015 02       		.uleb128 0x2
 260 0016 24       		.uleb128 0x24
 261 0017 00       		.byte	0
 262 0018 0B       		.uleb128 0xb
 263 0019 0B       		.uleb128 0xb
 264 001a 3E       		.uleb128 0x3e
 265 001b 0B       		.uleb128 0xb
 266 001c 03       		.uleb128 0x3
 267 001d 0E       		.uleb128 0xe
 268 001e 00       		.byte	0
 269 001f 00       		.byte	0
 270 0020 03       		.uleb128 0x3
 271 0021 24       		.uleb128 0x24
 272 0022 00       		.byte	0
 273 0023 0B       		.uleb128 0xb
 274 0024 0B       		.uleb128 0xb
 275 0025 3E       		.uleb128 0x3e
 276 0026 0B       		.uleb128 0xb
 277 0027 03       		.uleb128 0x3
 278 0028 08       		.uleb128 0x8
 279 0029 00       		.byte	0
 280 002a 00       		.byte	0
 281 002b 04       		.uleb128 0x4
 282 002c 2E       		.uleb128 0x2e
 283 002d 00       		.byte	0
 284 002e 3F       		.uleb128 0x3f
 285 002f 0C       		.uleb128 0xc
 286 0030 03       		.uleb128 0x3
 287 0031 0E       		.uleb128 0xe
 288 0032 3A       		.uleb128 0x3a
 289 0033 0B       		.uleb128 0xb
 290 0034 3B       		.uleb128 0x3b
 291 0035 0B       		.uleb128 0xb
 292 0036 11       		.uleb128 0x11
 293 0037 01       		.uleb128 0x1
 294 0038 12       		.uleb128 0x12
 295 0039 01       		.uleb128 0x1
 296 003a 40       		.uleb128 0x40
 297 003b 06       		.uleb128 0x6
 298 003c 9742     		.uleb128 0x2117
 299 003e 0C       		.uleb128 0xc
 300 003f 00       		.byte	0
 301 0040 00       		.byte	0
 302 0041 05       		.uleb128 0x5
 303 0042 2E       		.uleb128 0x2e
 304 0043 01       		.byte	0x1
 305 0044 3F       		.uleb128 0x3f
 306 0045 0C       		.uleb128 0xc
 307 0046 03       		.uleb128 0x3
 308 0047 0E       		.uleb128 0xe
 309 0048 3A       		.uleb128 0x3a
 310 0049 0B       		.uleb128 0xb
 311 004a 3B       		.uleb128 0x3b
 312 004b 0B       		.uleb128 0xb
 313 004c 27       		.uleb128 0x27
ARM GAS  C:\Users\JAKOB-~1\AppData\Local\Temp\ccRpeWaK.s 			page 7


 314 004d 0C       		.uleb128 0xc
 315 004e 49       		.uleb128 0x49
 316 004f 13       		.uleb128 0x13
 317 0050 11       		.uleb128 0x11
 318 0051 01       		.uleb128 0x1
 319 0052 12       		.uleb128 0x12
 320 0053 01       		.uleb128 0x1
 321 0054 40       		.uleb128 0x40
 322 0055 06       		.uleb128 0x6
 323 0056 9642     		.uleb128 0x2116
 324 0058 0C       		.uleb128 0xc
 325 0059 00       		.byte	0
 326 005a 00       		.byte	0
 327 005b 06       		.uleb128 0x6
 328 005c 05       		.uleb128 0x5
 329 005d 00       		.byte	0
 330 005e 03       		.uleb128 0x3
 331 005f 0E       		.uleb128 0xe
 332 0060 3A       		.uleb128 0x3a
 333 0061 0B       		.uleb128 0xb
 334 0062 3B       		.uleb128 0x3b
 335 0063 0B       		.uleb128 0xb
 336 0064 49       		.uleb128 0x49
 337 0065 13       		.uleb128 0x13
 338 0066 02       		.uleb128 0x2
 339 0067 0A       		.uleb128 0xa
 340 0068 00       		.byte	0
 341 0069 00       		.byte	0
 342 006a 00       		.byte	0
 343              		.section	.debug_loc,"",%progbits
 344              	.Ldebug_loc0:
 345              	.LLST0:
 346 0000 00000000 		.4byte	.LFB33
 347 0004 02000000 		.4byte	.LCFI0
 348 0008 0200     		.2byte	0x2
 349 000a 7D       		.byte	0x7d
 350 000b 00       		.sleb128 0
 351 000c 02000000 		.4byte	.LCFI0
 352 0010 04000000 		.4byte	.LCFI1
 353 0014 0200     		.2byte	0x2
 354 0016 7D       		.byte	0x7d
 355 0017 08       		.sleb128 8
 356 0018 04000000 		.4byte	.LCFI1
 357 001c 08000000 		.4byte	.LFE33
 358 0020 0200     		.2byte	0x2
 359 0022 77       		.byte	0x77
 360 0023 08       		.sleb128 8
 361 0024 00000000 		.4byte	0
 362 0028 00000000 		.4byte	0
 363              	.LLST1:
 364 002c 00000000 		.4byte	.LFB34
 365 0030 02000000 		.4byte	.LCFI2
 366 0034 0200     		.2byte	0x2
 367 0036 7D       		.byte	0x7d
 368 0037 00       		.sleb128 0
 369 0038 02000000 		.4byte	.LCFI2
 370 003c 04000000 		.4byte	.LCFI3
ARM GAS  C:\Users\JAKOB-~1\AppData\Local\Temp\ccRpeWaK.s 			page 8


 371 0040 0200     		.2byte	0x2
 372 0042 7D       		.byte	0x7d
 373 0043 08       		.sleb128 8
 374 0044 04000000 		.4byte	.LCFI3
 375 0048 08000000 		.4byte	.LFE34
 376 004c 0200     		.2byte	0x2
 377 004e 77       		.byte	0x77
 378 004f 08       		.sleb128 8
 379 0050 00000000 		.4byte	0
 380 0054 00000000 		.4byte	0
 381              	.LLST2:
 382 0058 00000000 		.4byte	.LFB35
 383 005c 02000000 		.4byte	.LCFI4
 384 0060 0200     		.2byte	0x2
 385 0062 7D       		.byte	0x7d
 386 0063 00       		.sleb128 0
 387 0064 02000000 		.4byte	.LCFI4
 388 0068 04000000 		.4byte	.LCFI5
 389 006c 0200     		.2byte	0x2
 390 006e 7D       		.byte	0x7d
 391 006f 08       		.sleb128 8
 392 0070 04000000 		.4byte	.LCFI5
 393 0074 06000000 		.4byte	.LCFI6
 394 0078 0200     		.2byte	0x2
 395 007a 7D       		.byte	0x7d
 396 007b 10       		.sleb128 16
 397 007c 06000000 		.4byte	.LCFI6
 398 0080 36000000 		.4byte	.LFE35
 399 0084 0200     		.2byte	0x2
 400 0086 77       		.byte	0x77
 401 0087 10       		.sleb128 16
 402 0088 00000000 		.4byte	0
 403 008c 00000000 		.4byte	0
 404              		.section	.debug_aranges,"",%progbits
 405 0000 2C000000 		.4byte	0x2c
 406 0004 0200     		.2byte	0x2
 407 0006 00000000 		.4byte	.Ldebug_info0
 408 000a 04       		.byte	0x4
 409 000b 00       		.byte	0
 410 000c 0000     		.2byte	0
 411 000e 0000     		.2byte	0
 412 0010 00000000 		.4byte	.LFB33
 413 0014 08000000 		.4byte	.LFE33-.LFB33
 414 0018 00000000 		.4byte	.LFB34
 415 001c 08000000 		.4byte	.LFE34-.LFB34
 416 0020 00000000 		.4byte	.LFB35
 417 0024 36000000 		.4byte	.LFE35-.LFB35
 418 0028 00000000 		.4byte	0
 419 002c 00000000 		.4byte	0
 420              		.section	.debug_ranges,"",%progbits
 421              	.Ldebug_ranges0:
 422 0000 00000000 		.4byte	.LFB33
 423 0004 08000000 		.4byte	.LFE33
 424 0008 00000000 		.4byte	.LFB34
 425 000c 08000000 		.4byte	.LFE34
 426 0010 00000000 		.4byte	.LFB35
 427 0014 36000000 		.4byte	.LFE35
ARM GAS  C:\Users\JAKOB-~1\AppData\Local\Temp\ccRpeWaK.s 			page 9


 428 0018 00000000 		.4byte	0
 429 001c 00000000 		.4byte	0
 430              		.section	.debug_line,"",%progbits
 431              	.Ldebug_line0:
 432 0000 65000000 		.section	.debug_str,"MS",%progbits,1
 432      02002400 
 432      00000201 
 432      FB0E0D00 
 432      01010101 
 433              	.LASF6:
 434 0000 6C6F6E67 		.ascii	"long long int\000"
 434      206C6F6E 
 434      6720696E 
 434      7400
 435              	.LASF8:
 436 000e 756E7369 		.ascii	"unsigned int\000"
 436      676E6564 
 436      20696E74 
 436      00
 437              	.LASF17:
 438 001b 5C5C7073 		.ascii	"\\\\psf\\Dropbox\\3.Semester\\PRJ3\\psoc_api_2\\pso"
 438      665C4472 
 438      6F70626F 
 438      785C332E 
 438      53656D65 
 439 0047 635F6170 		.ascii	"c_api_2.cydsn\000"
 439      695F322E 
 439      63796473 
 439      6E00
 440              	.LASF15:
 441 0055 474E5520 		.ascii	"GNU C 4.7.3 20130312 (release) [ARM/embedded-4_7-br"
 441      4320342E 
 441      372E3320 
 441      32303133 
 441      30333132 
 442 0088 616E6368 		.ascii	"anch revision 196615]\000"
 442      20726576 
 442      6973696F 
 442      6E203139 
 442      36363135 
 443              	.LASF5:
 444 009e 6C6F6E67 		.ascii	"long unsigned int\000"
 444      20756E73 
 444      69676E65 
 444      6420696E 
 444      7400
 445              	.LASF7:
 446 00b0 6C6F6E67 		.ascii	"long long unsigned int\000"
 446      206C6F6E 
 446      6720756E 
 446      7369676E 
 446      65642069 
 447              	.LASF1:
 448 00c7 756E7369 		.ascii	"unsigned char\000"
 448      676E6564 
 448      20636861 
 448      7200
ARM GAS  C:\Users\JAKOB-~1\AppData\Local\Temp\ccRpeWaK.s 			page 10


 449              	.LASF11:
 450 00d5 63686172 		.ascii	"char\000"
 450      00
 451              	.LASF16:
 452 00da 2E5C7370 		.ascii	".\\sprinkler.c\000"
 452      72696E6B 
 452      6C65722E 
 452      6300
 453              	.LASF4:
 454 00e8 6C6F6E67 		.ascii	"long int\000"
 454      20696E74 
 454      00
 455              	.LASF10:
 456 00f1 646F7562 		.ascii	"double\000"
 456      6C6500
 457              	.LASF3:
 458 00f8 73686F72 		.ascii	"short unsigned int\000"
 458      7420756E 
 458      7369676E 
 458      65642069 
 458      6E7400
 459              	.LASF0:
 460 010b 7369676E 		.ascii	"signed char\000"
 460      65642063 
 460      68617200 
 461              	.LASF19:
 462 0117 61637469 		.ascii	"active\000"
 462      766500
 463              	.LASF18:
 464 011e 73707269 		.ascii	"sprinkler_setValue\000"
 464      6E6B6C65 
 464      725F7365 
 464      7456616C 
 464      756500
 465              	.LASF13:
 466 0131 73707269 		.ascii	"sprinkler_init\000"
 466      6E6B6C65 
 466      725F696E 
 466      697400
 467              	.LASF9:
 468 0140 666C6F61 		.ascii	"float\000"
 468      7400
 469              	.LASF14:
 470 0146 73707269 		.ascii	"sprinkler_exit\000"
 470      6E6B6C65 
 470      725F6578 
 470      697400
 471              	.LASF2:
 472 0155 73686F72 		.ascii	"short int\000"
 472      7420696E 
 472      7400
 473              	.LASF12:
 474 015f 73697A65 		.ascii	"sizetype\000"
 474      74797065 
 474      00
 475              		.ident	"GCC: (GNU Tools for ARM Embedded Processors) 4.7.3 20130312 (release) [ARM/embedded-4_7-br
