--------------- Clean Started: 12/05/2014 12:26:03 Project: controllers, Configuration: ARM GCC 4.7.3 Debug ---------------
Deleting file ".\CortexM0\ARM_GCC_473\Debug\test_controllers.o"
Deleting file ".\CortexM0\ARM_GCC_473\Debug\loadData.o"
Deleting file ".\CortexM0\ARM_GCC_473\Debug\buffer.o"
Deleting file ".\CortexM0\ARM_GCC_473\Debug\parameters.o"
Deleting file ".\CortexM0\ARM_GCC_473\Debug\humiSensor.o"
Deleting file ".\CortexM0\ARM_GCC_473\Debug\sensorPackage.o"
Deleting file ".\CortexM0\ARM_GCC_473\Debug\sprinkler.o"
Deleting file ".\CortexM0\ARM_GCC_473\Debug\tempSensor.o"
Deleting file ".\CortexM0\ARM_GCC_473\Debug\onOff.o"
Deleting file ".\CortexM0\ARM_GCC_473\Debug\config.o"
Deleting file ".\CortexM0\ARM_GCC_473\Debug\addRemove.o"
Deleting file ".\CortexM0\ARM_GCC_473\Debug\cyfitter_cfg.o"
Deleting file ".\CortexM0\ARM_GCC_473\Debug\cymetadata.o"
Deleting file ".\CortexM0\ARM_GCC_473\Debug\Cm0Start.o"
Deleting file ".\CortexM0\ARM_GCC_473\Debug\CyBootAsmGnu.o"
Deleting file ".\CortexM0\ARM_GCC_473\Debug\CyFlash.o"
Deleting file ".\CortexM0\ARM_GCC_473\Debug\CyLib.o"
Deleting file ".\CortexM0\ARM_GCC_473\Debug\cyPm.o"
Deleting file ".\CortexM0\ARM_GCC_473\Debug\cyutils.o"
Deleting file ".\CortexM0\ARM_GCC_473\Debug\logDataTimer.o"
Deleting file ".\CortexM0\ARM_GCC_473\Debug\logDataTimer_PM.o"
Deleting file ".\CortexM0\ARM_GCC_473\Debug\waterTimer.o"
Deleting file ".\CortexM0\ARM_GCC_473\Debug\waterTimer_PM.o"
Deleting file ".\CortexM0\ARM_GCC_473\Debug\logDataInterrupt.o"
Deleting file ".\CortexM0\ARM_GCC_473\Debug\waterInterrupt.o"
Deleting file ".\CortexM0\ARM_GCC_473\Debug\ADC_in.o"
Deleting file ".\CortexM0\ARM_GCC_473\Debug\SLC.o"
Deleting file ".\CortexM0\ARM_GCC_473\Debug\water_pin.o"
Deleting file ".\CortexM0\ARM_GCC_473\Debug\ADC_SAR_Seq_0.o"
Deleting file ".\CortexM0\ARM_GCC_473\Debug\ADC_SAR_Seq_0_PM.o"
Deleting file ".\CortexM0\ARM_GCC_473\Debug\ADC_SAR_Seq_0_INT.o"
Deleting file ".\CortexM0\ARM_GCC_473\Debug\ADC_SAR_Seq_0_intClock.o"
Deleting file ".\CortexM0\ARM_GCC_473\Debug\ADC_SAR_Seq_0_IRQ.o"
Deleting file ".\CortexM0\ARM_GCC_473\Debug\controllers.hex"
Deleting file ".\CortexM0\ARM_GCC_473\Debug\controllers.elf"
Deleting file ".\CortexM0\ARM_GCC_473\Debug\controllers.map"
Deleting file ".\controllers.cycdx"
Deleting file ".\controllers.svd"
Deleting file ".\controllers.rpt"
Deleting file ".\controllers_timing.html"
Deleting file ".\CortexM0\ARM_GCC_473\Debug\.deps\C_FILE.P"
Deleting file ".\CortexM0\ARM_GCC_473\Debug\.deps\ARM_C_FILE.P"
Deleting file ".\CortexM0\ARM_GCC_473\Debug\.deps\GNU_ARM_ASM_FILE.P"
--------------- Clean Succeeded: 12/05/2014 12:26:03 ---------------
